Peer_3:basic INFO 0.6253868500765758: Connecting to Peer_2:basic
Peer_3:basic INFO 0.7995703266892278: Received message <Hello:> from Peer_2:basic
Peer_3:basic INFO 0.8009555188589597: Received message <Hello:> from Peer_7:basic
Peer_3:basic INFO 0.8009555188589597: Connecting to Peer_7:basic
Peer_3:basic INFO 0.8009555188589597: Sending message <Hello:> to Peer_7:basic
Peer_3:basic INFO 1.2598411071186777: Received message <Hello:> from Peer_2:basic
Peer_3:basic INFO 1.4421726087086784: Received message <Hello:> from Peer_8:basic
Peer_3:basic INFO 1.4421726087086784: Connecting to Peer_8:basic
Peer_3:basic INFO 1.4421726087086784: Sending message <Hello:> to Peer_8:basic
Peer_3:basic INFO 1.482182942361515: Received message <Hello:> from Peer_9:basic
Peer_3:basic INFO 1.482182942361515: Connecting to Peer_9:basic
Peer_3:basic INFO 1.482182942361515: Sending message <Hello:> to Peer_9:basic
Peer_3:basic INFO 1000: Sending message <Ping:> to Peer_2:basic
Peer_3:basic INFO 1000: Sending message <Ping:> to Peer_7:basic
Peer_3:basic INFO 1000: Sending message <Ping:> to Peer_8:basic
Peer_3:basic INFO 1000: Sending message <Ping:> to Peer_9:basic
Peer_3:basic INFO 1000.5879552742365: Received message <Ping:> from Peer_2:basic
Peer_3:basic INFO 1000.5879552742365: Sending message <Pong:> to Peer_2:basic
Peer_3:basic INFO 1000.8562306755621: Received message <Ping:> from Peer_7:basic
Peer_3:basic INFO 1000.8562306755621: Sending message <Pong:> to Peer_7:basic
Peer_3:basic INFO 1001.0803827015336: Received message <Pong:> from Peer_7:basic
Peer_3:basic INFO 1001.2487825809407: Received message <Pong:> from Peer_2:basic
Peer_3:basic INFO 1001.6333051674418: Received message <Ping:> from Peer_9:basic
Peer_3:basic INFO 1001.6333051674418: Sending message <Pong:> to Peer_9:basic
Peer_3:basic INFO 1001.6929916123086: Received message <Ping:> from Peer_8:basic
Peer_3:basic INFO 1001.6929916123086: Sending message <Pong:> to Peer_8:basic
Peer_3:basic INFO 1002.9396500090506: Received message <Pong:> from Peer_9:basic
Peer_3:basic INFO 1003.2776973836347: Received message <Pong:> from Peer_8:basic
Peer_3:basic INFO 2000: Sending message <Ping:> to Peer_2:basic
Peer_3:basic INFO 2000: Sending message <Ping:> to Peer_7:basic
Peer_3:basic INFO 2000: Sending message <Ping:> to Peer_8:basic
Peer_3:basic INFO 2000: Sending message <Ping:> to Peer_9:basic
Peer_3:basic INFO 2000.61421403316: Received message <Ping:> from Peer_7:basic
Peer_3:basic INFO 2000.61421403316: Sending message <Pong:> to Peer_7:basic
Peer_3:basic INFO 2000.6360434882736: Received message <Ping:> from Peer_2:basic
Peer_3:basic INFO 2000.6360434882736: Sending message <Pong:> to Peer_2:basic
Peer_3:basic INFO 2001.313329472561: Received message <Ping:> from Peer_9:basic
Peer_3:basic INFO 2001.313329472561: Sending message <Pong:> to Peer_9:basic
Peer_3:basic INFO 2001.4271360917533: Received message <Pong:> from Peer_7:basic
Peer_3:basic INFO 2001.7092091001578: Received message <Ping:> from Peer_8:basic
Peer_3:basic INFO 2001.7092091001578: Sending message <Pong:> to Peer_8:basic
Peer_3:basic INFO 2001.8276808374394: Received message <Pong:> from Peer_2:basic
Peer_3:basic INFO 2002.7666916430758: Received message <Pong:> from Peer_8:basic
Peer_3:basic INFO 2003.6740943516525: Received message <Pong:> from Peer_9:basic
Peer_3:basic INFO 3000: Sending message <Ping:> to Peer_2:basic
Peer_3:basic INFO 3000: Sending message <Ping:> to Peer_7:basic
Peer_3:basic INFO 3000: Sending message <Ping:> to Peer_8:basic
Peer_3:basic INFO 3000: Sending message <Ping:> to Peer_9:basic
Peer_3:basic INFO 3000.5176320421697: Received message <Ping:> from Peer_2:basic
Peer_3:basic INFO 3000.5176320421697: Sending message <Pong:> to Peer_2:basic
Peer_3:basic INFO 3000.575024348908: Received message <Ping:> from Peer_7:basic
Peer_3:basic INFO 3000.575024348908: Sending message <Pong:> to Peer_7:basic
Peer_3:basic INFO 3001.048521052604: Received message <Ping:> from Peer_8:basic
Peer_3:basic INFO 3001.048521052604: Sending message <Pong:> to Peer_8:basic
Peer_3:basic INFO 3001.0819546961307: Received message <Ping:> from Peer_9:basic
Peer_3:basic INFO 3001.0819546961307: Sending message <Pong:> to Peer_9:basic
Peer_3:basic INFO 3001.702848367621: Received message <Pong:> from Peer_2:basic
Peer_3:basic INFO 3001.9063812661357: Received message <Pong:> from Peer_7:basic
Peer_3:basic INFO 3002.819767243013: Received message <Pong:> from Peer_9:basic
Peer_3:basic INFO 3003.10940151106: Received message <Pong:> from Peer_8:basic
Peer_3:basic INFO 4000: Sending message <Ping:> to Peer_2:basic
Peer_3:basic INFO 4000: Sending message <Ping:> to Peer_7:basic
Peer_3:basic INFO 4000: Sending message <Ping:> to Peer_8:basic
Peer_3:basic INFO 4000: Sending message <Ping:> to Peer_9:basic
Peer_3:basic INFO 4000.5134834537066: Received message <Ping:> from Peer_7:basic
Peer_3:basic INFO 4000.5134834537066: Sending message <Pong:> to Peer_7:basic
Peer_3:basic INFO 4000.5443254155634: Received message <Ping:> from Peer_2:basic
Peer_3:basic INFO 4000.5443254155634: Sending message <Pong:> to Peer_2:basic
Peer_3:basic INFO 4001.108668825407: Received message <Ping:> from Peer_9:basic
Peer_3:basic INFO 4001.108668825407: Sending message <Pong:> to Peer_9:basic
Peer_3:basic INFO 4001.361058962654: Received message <Pong:> from Peer_7:basic
Peer_3:basic INFO 4001.4423127697255: Received message <Pong:> from Peer_2:basic
Peer_3:basic INFO 4001.8079057994473: Received message <Ping:> from Peer_8:basic
Peer_3:basic INFO 4001.8079057994473: Sending message <Pong:> to Peer_8:basic
Peer_3:basic INFO 4002.7266931694107: Received message <Pong:> from Peer_8:basic
Peer_3:basic INFO 4002.879871449471: Received message <Pong:> from Peer_9:basic
Peer_3:basic INFO 5000: Sending message <Ping:> to Peer_2:basic
Peer_3:basic INFO 5000: Sending message <Ping:> to Peer_7:basic
Peer_3:basic INFO 5000: Sending message <Ping:> to Peer_8:basic
Peer_3:basic INFO 5000: Sending message <Ping:> to Peer_9:basic
Peer_3:basic INFO 5000.598023279233: Received message <Ping:> from Peer_2:basic
Peer_3:basic INFO 5000.598023279233: Sending message <Pong:> to Peer_2:basic
Peer_3:basic INFO 5000.602633143359: Received message <Ping:> from Peer_7:basic
Peer_3:basic INFO 5000.602633143359: Sending message <Pong:> to Peer_7:basic
Peer_3:basic INFO 5001.304956727041: Received message <Ping:> from Peer_9:basic
Peer_3:basic INFO 5001.304956727041: Sending message <Pong:> to Peer_9:basic
Peer_3:basic INFO 5001.415024056384: Received message <Pong:> from Peer_2:basic
Peer_3:basic INFO 5001.499709539831: Received message <Pong:> from Peer_7:basic
Peer_3:basic INFO 5001.636929661893: Received message <Ping:> from Peer_8:basic
Peer_3:basic INFO 5001.636929661893: Sending message <Pong:> to Peer_8:basic
Peer_3:basic INFO 5003.125202242287: Received message <Pong:> from Peer_8:basic
Peer_3:basic INFO 5003.440498028353: Received message <Pong:> from Peer_9:basic
Peer_3:basic INFO 6000: Sending message <Ping:> to Peer_2:basic
Peer_3:basic INFO 6000: Sending message <Ping:> to Peer_7:basic
Peer_3:basic INFO 6000: Sending message <Ping:> to Peer_8:basic
Peer_3:basic INFO 6000: Sending message <Ping:> to Peer_9:basic
Peer_3:basic INFO 6000.548345388969: Received message <Ping:> from Peer_7:basic
Peer_3:basic INFO 6000.548345388969: Sending message <Pong:> to Peer_7:basic
Peer_3:basic INFO 6000.831539187892: Received message <Ping:> from Peer_2:basic
Peer_3:basic INFO 6000.831539187892: Sending message <Pong:> to Peer_2:basic
Peer_3:basic INFO 6001.278253205224: Received message <Pong:> from Peer_7:basic
Peer_3:basic INFO 6001.417671324784: Received message <Ping:> from Peer_9:basic
Peer_3:basic INFO 6001.417671324784: Sending message <Pong:> to Peer_9:basic
Peer_3:basic INFO 6001.66969015127: Received message <Ping:> from Peer_8:basic
Peer_3:basic INFO 6001.66969015127: Sending message <Pong:> to Peer_8:basic
Peer_3:basic INFO 6001.702904085403: Received message <Pong:> from Peer_2:basic
Peer_3:basic INFO 6002.800651429086: Received message <Pong:> from Peer_8:basic
Peer_3:basic INFO 6003.07992149222: Received message <Pong:> from Peer_9:basic
Peer_3:basic INFO 7000: Sending message <Ping:> to Peer_2:basic
Peer_3:basic INFO 7000: Sending message <Ping:> to Peer_7:basic
Peer_3:basic INFO 7000: Sending message <Ping:> to Peer_8:basic
Peer_3:basic INFO 7000: Sending message <Ping:> to Peer_9:basic
Peer_3:basic INFO 7000.6151393701475: Received message <Ping:> from Peer_2:basic
Peer_3:basic INFO 7000.6151393701475: Sending message <Pong:> to Peer_2:basic
Peer_3:basic INFO 7001.272099849872: Received message <Ping:> from Peer_7:basic
Peer_3:basic INFO 7001.272099849872: Sending message <Pong:> to Peer_7:basic
Peer_3:basic INFO 7001.285466220906: Received message <Pong:> from Peer_2:basic
Peer_3:basic INFO 7001.446625945534: Received message <Ping:> from Peer_9:basic
Peer_3:basic INFO 7001.446625945534: Sending message <Pong:> to Peer_9:basic
Peer_3:basic INFO 7001.562886579546: Received message <Pong:> from Peer_7:basic
Peer_3:basic INFO 7001.923843355146: Received message <Ping:> from Peer_8:basic
Peer_3:basic INFO 7001.923843355146: Sending message <Pong:> to Peer_8:basic
Peer_3:basic INFO 7002.725422488389: Received message <Pong:> from Peer_8:basic
Peer_3:basic INFO 7002.9336402285135: Received message <Pong:> from Peer_9:basic
Peer_3:basic INFO 8000: Sending message <Ping:> to Peer_2:basic
Peer_3:basic INFO 8000: Sending message <Ping:> to Peer_7:basic
Peer_3:basic INFO 8000: Sending message <Ping:> to Peer_8:basic
Peer_3:basic INFO 8000: Sending message <Ping:> to Peer_9:basic
Peer_3:basic INFO 8000.593119000249: Received message <Ping:> from Peer_7:basic
Peer_3:basic INFO 8000.593119000249: Sending message <Pong:> to Peer_7:basic
Peer_3:basic INFO 8000.88661372398: Received message <Ping:> from Peer_2:basic
Peer_3:basic INFO 8000.88661372398: Sending message <Pong:> to Peer_2:basic
Peer_3:basic INFO 8001.237309720851: Received message <Pong:> from Peer_7:basic
Peer_3:basic INFO 8001.403736544706: Received message <Ping:> from Peer_9:basic
Peer_3:basic INFO 8001.403736544706: Sending message <Pong:> to Peer_9:basic
Peer_3:basic INFO 8001.423275285625: Received message <Pong:> from Peer_2:basic
Peer_3:basic INFO 8001.579103807749: Received message <Ping:> from Peer_8:basic
Peer_3:basic INFO 8001.579103807749: Sending message <Pong:> to Peer_8:basic
Peer_3:basic INFO 8002.526393965612: Received message <Pong:> from Peer_9:basic
Peer_3:basic INFO 8002.779744817353: Received message <Pong:> from Peer_8:basic
Peer_3:basic INFO 9000: Sending message <Ping:> to Peer_2:basic
Peer_3:basic INFO 9000: Sending message <Ping:> to Peer_7:basic
Peer_3:basic INFO 9000: Sending message <Ping:> to Peer_8:basic
Peer_3:basic INFO 9000: Sending message <Ping:> to Peer_9:basic
Peer_3:basic INFO 9000.620596403433: Received message <Ping:> from Peer_2:basic
Peer_3:basic INFO 9000.620596403433: Sending message <Pong:> to Peer_2:basic
Peer_3:basic INFO 9000.735693029525: Received message <Ping:> from Peer_7:basic
Peer_3:basic INFO 9000.735693029525: Sending message <Pong:> to Peer_7:basic
Peer_3:basic INFO 9001.066226130119: Received message <Ping:> from Peer_9:basic
Peer_3:basic INFO 9001.066226130119: Sending message <Pong:> to Peer_9:basic
Peer_3:basic INFO 9001.09879503661: Received message <Pong:> from Peer_7:basic
Peer_3:basic INFO 9001.167542948702: Received message <Pong:> from Peer_2:basic
Peer_3:basic INFO 9001.494016489793: Received message <Ping:> from Peer_8:basic
Peer_3:basic INFO 9001.494016489793: Sending message <Pong:> to Peer_8:basic
Peer_3:basic INFO 9003.337056846769: Received message <Pong:> from Peer_8:basic
Peer_3:basic INFO 9003.410044326287: Received message <Pong:> from Peer_9:basic
Peer_3:basic INFO 10000: Sending message <Ping:> to Peer_2:basic
Peer_3:basic INFO 10000: Sending message <Ping:> to Peer_7:basic
Peer_3:basic INFO 10000: Sending message <Ping:> to Peer_8:basic
Peer_3:basic INFO 10000: Sending message <Ping:> to Peer_9:basic
Peer_3:basic INFO 10000.589981346558: Received message <Ping:> from Peer_2:basic
Peer_3:basic INFO 10000.589981346558: Sending message <Pong:> to Peer_2:basic
Peer_3:basic INFO 10000.830224847143: Received message <Ping:> from Peer_7:basic
Peer_3:basic INFO 10000.830224847143: Sending message <Pong:> to Peer_7:basic
Peer_3:basic INFO 10001.353278605138: Received message <Ping:> from Peer_8:basic
Peer_3:basic INFO 10001.353278605138: Sending message <Pong:> to Peer_8:basic
Peer_3:basic INFO 10001.42515298483: Received message <Pong:> from Peer_2:basic
Peer_3:basic INFO 10001.571476939682: Received message <Pong:> from Peer_7:basic
Peer_3:basic INFO 10002.039028860398: Received message <Ping:> from Peer_9:basic
Peer_3:basic INFO 10002.039028860398: Sending message <Pong:> to Peer_9:basic
Peer_3:basic INFO 10002.658476214776: Received message <Pong:> from Peer_9:basic
Peer_3:basic INFO 10002.799775225067: Received message <Pong:> from Peer_8:basic
Peer_3:basic INFO 11000: Sending message <Ping:> to Peer_2:basic
Peer_3:basic INFO 11000: Sending message <Ping:> to Peer_7:basic
Peer_3:basic INFO 11000: Sending message <Ping:> to Peer_8:basic
Peer_3:basic INFO 11000: Sending message <Ping:> to Peer_9:basic
Peer_3:basic INFO 11000.552305297282: Received message <Ping:> from Peer_2:basic
Peer_3:basic INFO 11000.552305297282: Sending message <Pong:> to Peer_2:basic
Peer_3:basic INFO 11000.970904487047: Received message <Ping:> from Peer_7:basic
Peer_3:basic INFO 11000.970904487047: Sending message <Pong:> to Peer_7:basic
Peer_3:basic INFO 11001.088514709747: Received message <Pong:> from Peer_2:basic
Peer_3:basic INFO 11001.504682240211: Received message <Ping:> from Peer_8:basic
Peer_3:basic INFO 11001.504682240211: Sending message <Pong:> to Peer_8:basic
Peer_3:basic INFO 11001.56363585306: Received message <Pong:> from Peer_7:basic
Peer_3:basic INFO 11002.154236981794: Received message <Ping:> from Peer_9:basic
Peer_3:basic INFO 11002.154236981794: Sending message <Pong:> to Peer_9:basic
Peer_3:basic INFO 11002.18473150069: Received message <Pong:> from Peer_9:basic
Peer_3:basic INFO 11003.647375133058: Received message <Pong:> from Peer_8:basic
Peer_3:basic INFO 12000: Sending message <Ping:> to Peer_2:basic
Peer_3:basic INFO 12000: Sending message <Ping:> to Peer_7:basic
Peer_3:basic INFO 12000: Sending message <Ping:> to Peer_8:basic
Peer_3:basic INFO 12000: Sending message <Ping:> to Peer_9:basic
Peer_3:basic INFO 12000.634454608322: Received message <Ping:> from Peer_7:basic
Peer_3:basic INFO 12000.634454608322: Sending message <Pong:> to Peer_7:basic
Peer_3:basic INFO 12000.782699473964: Received message <Ping:> from Peer_2:basic
Peer_3:basic INFO 12000.782699473964: Sending message <Pong:> to Peer_2:basic
Peer_3:basic INFO 12001.07481008348: Received message <Pong:> from Peer_7:basic
Peer_3:basic INFO 12001.430978099439: Received message <Ping:> from Peer_8:basic
Peer_3:basic INFO 12001.430978099439: Sending message <Pong:> to Peer_8:basic
Peer_3:basic INFO 12001.686750515819: Received message <Pong:> from Peer_2:basic
Peer_3:basic INFO 12001.977376933804: Received message <Ping:> from Peer_9:basic
Peer_3:basic INFO 12001.977376933804: Sending message <Pong:> to Peer_9:basic
Peer_3:basic INFO 12002.550561067963: Received message <Pong:> from Peer_8:basic
Peer_3:basic INFO 12002.990668210587: Received message <Pong:> from Peer_9:basic
Peer_3:basic INFO 13000: Sending message <Ping:> to Peer_2:basic
Peer_3:basic INFO 13000: Sending message <Ping:> to Peer_7:basic
Peer_3:basic INFO 13000: Sending message <Ping:> to Peer_8:basic
Peer_3:basic INFO 13000: Sending message <Ping:> to Peer_9:basic
Peer_3:basic INFO 13000.589571911669: Received message <Ping:> from Peer_7:basic
Peer_3:basic INFO 13000.589571911669: Sending message <Pong:> to Peer_7:basic
Peer_3:basic INFO 13000.79185284469: Received message <Ping:> from Peer_2:basic
Peer_3:basic INFO 13000.79185284469: Sending message <Pong:> to Peer_2:basic
Peer_3:basic INFO 13001.347975780487: Received message <Ping:> from Peer_9:basic
Peer_3:basic INFO 13001.347975780487: Sending message <Pong:> to Peer_9:basic
Peer_3:basic INFO 13001.379304907954: Received message <Pong:> from Peer_7:basic
Peer_3:basic INFO 13001.386504443019: Received message <Pong:> from Peer_2:basic
Peer_3:basic INFO 13001.437202157766: Received message <Ping:> from Peer_8:basic
Peer_3:basic INFO 13001.437202157766: Sending message <Pong:> to Peer_8:basic
Peer_3:basic INFO 13003.021124228071: Received message <Pong:> from Peer_8:basic
Peer_3:basic INFO 13003.471022978432: Received message <Pong:> from Peer_9:basic
Peer_3:basic INFO 14000: Sending message <Ping:> to Peer_2:basic
Peer_3:basic INFO 14000: Sending message <Ping:> to Peer_7:basic
Peer_3:basic INFO 14000: Sending message <Ping:> to Peer_8:basic
Peer_3:basic INFO 14000: Sending message <Ping:> to Peer_9:basic
Peer_3:basic INFO 14000.569751628964: Received message <Ping:> from Peer_2:basic
Peer_3:basic INFO 14000.569751628964: Sending message <Pong:> to Peer_2:basic
Peer_3:basic INFO 14000.57507688734: Received message <Ping:> from Peer_7:basic
Peer_3:basic INFO 14000.57507688734: Sending message <Pong:> to Peer_7:basic
Peer_3:basic INFO 14001.126259978157: Received message <Pong:> from Peer_7:basic
Peer_3:basic INFO 14001.352183661702: Received message <Pong:> from Peer_2:basic
Peer_3:basic INFO 14001.461558306852: Received message <Ping:> from Peer_8:basic
Peer_3:basic INFO 14001.461558306852: Sending message <Pong:> to Peer_8:basic
Peer_3:basic INFO 14001.812057960033: Received message <Ping:> from Peer_9:basic
Peer_3:basic INFO 14001.812057960033: Sending message <Pong:> to Peer_9:basic
Peer_3:basic INFO 14002.935842871317: Received message <Pong:> from Peer_9:basic
Peer_3:basic INFO 14003.315224761707: Received message <Pong:> from Peer_8:basic
Peer_3:basic INFO 15000: Sending message <Ping:> to Peer_2:basic
Peer_3:basic INFO 15000: Sending message <Ping:> to Peer_7:basic
Peer_3:basic INFO 15000: Sending message <Ping:> to Peer_8:basic
Peer_3:basic INFO 15000: Sending message <Ping:> to Peer_9:basic
Peer_3:basic INFO 15000.607770187104: Received message <Ping:> from Peer_7:basic
Peer_3:basic INFO 15000.607770187104: Sending message <Pong:> to Peer_7:basic
Peer_3:basic INFO 15000.74418448426: Received message <Ping:> from Peer_2:basic
Peer_3:basic INFO 15000.74418448426: Sending message <Pong:> to Peer_2:basic
Peer_3:basic INFO 15001.08210482778: Received message <Pong:> from Peer_2:basic
Peer_3:basic INFO 15001.231582322163: Received message <Pong:> from Peer_7:basic
Peer_3:basic INFO 15001.524296459005: Received message <Ping:> from Peer_9:basic
Peer_3:basic INFO 15001.524296459005: Sending message <Pong:> to Peer_9:basic
Peer_3:basic INFO 15001.72469334758: Received message <Ping:> from Peer_8:basic
Peer_3:basic INFO 15001.72469334758: Sending message <Pong:> to Peer_8:basic
Peer_3:basic INFO 15002.962045434599: Received message <Pong:> from Peer_8:basic
Peer_3:basic INFO 15003.874704358635: Received message <Pong:> from Peer_9:basic
Peer_3:basic INFO 16000: Sending message <Ping:> to Peer_2:basic
Peer_3:basic INFO 16000: Sending message <Ping:> to Peer_7:basic
Peer_3:basic INFO 16000: Sending message <Ping:> to Peer_8:basic
Peer_3:basic INFO 16000: Sending message <Ping:> to Peer_9:basic
Peer_3:basic INFO 16000.656055285535: Received message <Ping:> from Peer_7:basic
Peer_3:basic INFO 16000.656055285535: Sending message <Pong:> to Peer_7:basic
Peer_3:basic INFO 16000.784365500678: Received message <Ping:> from Peer_2:basic
Peer_3:basic INFO 16000.784365500678: Sending message <Pong:> to Peer_2:basic
Peer_3:basic INFO 16001.228694722173: Received message <Ping:> from Peer_8:basic
Peer_3:basic INFO 16001.228694722173: Sending message <Pong:> to Peer_8:basic
Peer_3:basic INFO 16001.411055829676: Received message <Pong:> from Peer_2:basic
Peer_3:basic INFO 16001.444787501545: Received message <Pong:> from Peer_7:basic
Peer_3:basic INFO 16001.70961418147: Received message <Ping:> from Peer_9:basic
Peer_3:basic INFO 16001.70961418147: Sending message <Pong:> to Peer_9:basic
Peer_3:basic INFO 16002.661763034645: Received message <Pong:> from Peer_8:basic
Peer_3:basic INFO 16003.2268097969: Received message <Pong:> from Peer_9:basic
Peer_3:basic INFO 17000: Sending message <Ping:> to Peer_2:basic
Peer_3:basic INFO 17000: Sending message <Ping:> to Peer_7:basic
Peer_3:basic INFO 17000: Sending message <Ping:> to Peer_8:basic
Peer_3:basic INFO 17000: Sending message <Ping:> to Peer_9:basic
Peer_3:basic INFO 17000.798104417838: Received message <Ping:> from Peer_7:basic
Peer_3:basic INFO 17000.798104417838: Sending message <Pong:> to Peer_7:basic
Peer_3:basic INFO 17000.82819108449: Received message <Ping:> from Peer_2:basic
Peer_3:basic INFO 17000.82819108449: Sending message <Pong:> to Peer_2:basic
Peer_3:basic INFO 17001.23973897948: Received message <Pong:> from Peer_2:basic
Peer_3:basic INFO 17001.27015949601: Received message <Ping:> from Peer_8:basic
Peer_3:basic INFO 17001.27015949601: Sending message <Pong:> to Peer_8:basic
Peer_3:basic INFO 17001.329996376087: Received message <Pong:> from Peer_7:basic
Peer_3:basic INFO 17001.768986928393: Received message <Ping:> from Peer_9:basic
Peer_3:basic INFO 17001.768986928393: Sending message <Pong:> to Peer_9:basic
Peer_3:basic INFO 17002.398679580987: Received message <Pong:> from Peer_9:basic
Peer_3:basic INFO 17002.800068814755: Received message <Pong:> from Peer_8:basic
Peer_3:basic INFO 18000: Sending message <Ping:> to Peer_2:basic
Peer_3:basic INFO 18000: Sending message <Ping:> to Peer_7:basic
Peer_3:basic INFO 18000: Sending message <Ping:> to Peer_8:basic
Peer_3:basic INFO 18000: Sending message <Ping:> to Peer_9:basic
Peer_3:basic INFO 18000.696935293512: Received message <Ping:> from Peer_7:basic
Peer_3:basic INFO 18000.696935293512: Sending message <Pong:> to Peer_7:basic
Peer_3:basic INFO 18000.782893498603: Received message <Ping:> from Peer_2:basic
Peer_3:basic INFO 18000.782893498603: Sending message <Pong:> to Peer_2:basic
Peer_3:basic INFO 18000.99629080249: Received message <Ping:> from Peer_8:basic
Peer_3:basic INFO 18000.99629080249: Sending message <Pong:> to Peer_8:basic
Peer_3:basic INFO 18001.23040075149: Received message <Ping:> from Peer_9:basic
Peer_3:basic INFO 18001.23040075149: Sending message <Pong:> to Peer_9:basic
Peer_3:basic INFO 18001.399727155786: Received message <Pong:> from Peer_7:basic
Peer_3:basic INFO 18001.464609913553: Received message <Pong:> from Peer_2:basic
Peer_3:basic INFO 18003.06655175765: Received message <Pong:> from Peer_9:basic
Peer_3:basic INFO 18003.842809883303: Received message <Pong:> from Peer_8:basic
Peer_3:basic INFO 19000: Sending message <Ping:> to Peer_2:basic
Peer_3:basic INFO 19000: Sending message <Ping:> to Peer_7:basic
Peer_3:basic INFO 19000: Sending message <Ping:> to Peer_8:basic
Peer_3:basic INFO 19000: Sending message <Ping:> to Peer_9:basic
Peer_3:basic INFO 19000.51022829876: Received message <Ping:> from Peer_2:basic
Peer_3:basic INFO 19000.51022829876: Sending message <Pong:> to Peer_2:basic
Peer_3:basic INFO 19000.89842152707: Received message <Ping:> from Peer_7:basic
Peer_3:basic INFO 19000.89842152707: Sending message <Pong:> to Peer_7:basic
Peer_3:basic INFO 19001.222281081144: Received message <Pong:> from Peer_2:basic
Peer_3:basic INFO 19001.38173847979: Received message <Ping:> from Peer_8:basic
Peer_3:basic INFO 19001.38173847979: Sending message <Pong:> to Peer_8:basic
Peer_3:basic INFO 19001.402766011735: Received message <Pong:> from Peer_7:basic
Peer_3:basic INFO 19001.536208229: Received message <Ping:> from Peer_9:basic
Peer_3:basic INFO 19001.536208229: Sending message <Pong:> to Peer_9:basic
Peer_3:basic INFO 19002.640420463656: Received message <Pong:> from Peer_8:basic
Peer_3:basic INFO 19003.30282667023: Received message <Pong:> from Peer_9:basic
