Peer_7:basic INFO 0.6354660830061667: Received message <Hello:> from Peer_5:basic
Peer_7:basic INFO 0.6354660830061667: Connecting to Peer_5:basic
Peer_7:basic INFO 0.6354660830061667: Sending message <Hello:> to Peer_5:basic
Peer_7:basic INFO 0.6444308351526771: Received message <Hello:> from Peer_6:basic
Peer_7:basic INFO 0.6444308351526771: Connecting to Peer_6:basic
Peer_7:basic INFO 0.6444308351526771: Sending message <Hello:> to Peer_6:basic
Peer_7:basic INFO 0.7266131806965075: Connecting to Peer_2:basic
Peer_7:basic INFO 0.8009555188589597: Connecting to Peer_3:basic
Peer_7:basic INFO 0.86476553256048: Received message <Hello:> from Peer_2:basic
Peer_7:basic INFO 0.8897037020225083: Received message <Hello:> from Peer_3:basic
Peer_7:basic INFO 0.9317594630288792: Connecting to Peer_2:basic
Peer_7:basic INFO 0.9347042139955486: Received message <Hello:> from Peer_2:basic
Peer_7:basic INFO 1.1862134286660126: Connecting to Peer_4:basic
Peer_7:basic INFO 1.3685402794985952: Received message <Hello:> from Peer_2:basic
Peer_7:basic INFO 1.4418347241537677: Received message <Hello:> from Peer_4:basic
Peer_7:basic INFO 1.4903179084626172: Received message <Hello:> from Peer_3:basic
Peer_7:basic INFO 1.499906384696227: Received message <Hello:> from Peer_2:basic
Peer_7:basic INFO 2.7923583946311306: Received message <Hello:> from Peer_4:basic
Peer_7:basic INFO 1000: Sending message <Ping:> to Peer_5:basic
Peer_7:basic INFO 1000: Sending message <Ping:> to Peer_6:basic
Peer_7:basic INFO 1000: Sending message <Ping:> to Peer_2:basic
Peer_7:basic INFO 1000: Sending message <Ping:> to Peer_3:basic
Peer_7:basic INFO 1000: Sending message <Ping:> to Peer_2:basic
Peer_7:basic INFO 1000: Sending message <Ping:> to Peer_4:basic
Peer_7:basic INFO 1000.5460246232257: Received message <Ping:> from Peer_3:basic
Peer_7:basic INFO 1000.5460246232257: Sending message <Pong:> to Peer_3:basic
Peer_7:basic INFO 1000.5469161143716: Received message <Ping:> from Peer_6:basic
Peer_7:basic INFO 1000.5469161143716: Sending message <Pong:> to Peer_6:basic
Peer_7:basic INFO 1000.5707001291115: Received message <Ping:> from Peer_5:basic
Peer_7:basic INFO 1000.5707001291115: Sending message <Pong:> to Peer_5:basic
Peer_7:basic INFO 1000.8246581054103: Received message <Ping:> from Peer_2:basic
Peer_7:basic INFO 1000.8246581054103: Sending message <Pong:> to Peer_2:basic
Peer_7:basic INFO 1000.8809919705564: Received message <Ping:> from Peer_2:basic
Peer_7:basic INFO 1000.8809919705564: Sending message <Pong:> to Peer_2:basic
Peer_7:basic INFO 1001.1895983061205: Received message <Pong:> from Peer_2:basic
Peer_7:basic INFO 1001.3771370748224: Received message <Pong:> from Peer_2:basic
Peer_7:basic INFO 1001.4791979942603: Received message <Pong:> from Peer_6:basic
Peer_7:basic INFO 1001.4816793302288: Received message <Pong:> from Peer_5:basic
Peer_7:basic INFO 1001.616489591686: Received message <Ping:> from Peer_4:basic
Peer_7:basic INFO 1001.616489591686: Sending message <Pong:> to Peer_4:basic
Peer_7:basic INFO 1001.6662151400367: Received message <Pong:> from Peer_3:basic
Peer_7:basic INFO 1003.1868335064872: Received message <Pong:> from Peer_4:basic
Peer_7:basic INFO 2000: Sending message <Ping:> to Peer_5:basic
Peer_7:basic INFO 2000: Sending message <Ping:> to Peer_6:basic
Peer_7:basic INFO 2000: Sending message <Ping:> to Peer_2:basic
Peer_7:basic INFO 2000: Sending message <Ping:> to Peer_3:basic
Peer_7:basic INFO 2000: Sending message <Ping:> to Peer_2:basic
Peer_7:basic INFO 2000: Sending message <Ping:> to Peer_4:basic
Peer_7:basic INFO 2000.5499777673554: Received message <Ping:> from Peer_3:basic
Peer_7:basic INFO 2000.5499777673554: Sending message <Pong:> to Peer_3:basic
Peer_7:basic INFO 2000.6809443641862: Received message <Ping:> from Peer_5:basic
Peer_7:basic INFO 2000.6809443641862: Sending message <Pong:> to Peer_5:basic
Peer_7:basic INFO 2000.7266343439644: Received message <Ping:> from Peer_2:basic
Peer_7:basic INFO 2000.7266343439644: Sending message <Pong:> to Peer_2:basic
Peer_7:basic INFO 2000.7352450078906: Received message <Ping:> from Peer_2:basic
Peer_7:basic INFO 2000.7352450078906: Sending message <Pong:> to Peer_2:basic
Peer_7:basic INFO 2000.8174325874606: Received message <Ping:> from Peer_6:basic
Peer_7:basic INFO 2000.8174325874606: Sending message <Pong:> to Peer_6:basic
Peer_7:basic INFO 2001.0608297211504: Received message <Pong:> from Peer_2:basic
Peer_7:basic INFO 2001.2650351189648: Received message <Pong:> from Peer_3:basic
Peer_7:basic INFO 2001.4596960270808: Received message <Pong:> from Peer_2:basic
Peer_7:basic INFO 2001.5550561494788: Received message <Pong:> from Peer_5:basic
Peer_7:basic INFO 2001.5906816520162: Received message <Pong:> from Peer_6:basic
Peer_7:basic INFO 2001.7122858637374: Received message <Ping:> from Peer_4:basic
Peer_7:basic INFO 2001.7122858637374: Sending message <Pong:> to Peer_4:basic
Peer_7:basic INFO 2003.1372593017372: Received message <Pong:> from Peer_4:basic
Peer_7:basic INFO 3000: Sending message <Ping:> to Peer_5:basic
Peer_7:basic INFO 3000: Sending message <Ping:> to Peer_6:basic
Peer_7:basic INFO 3000: Sending message <Ping:> to Peer_2:basic
Peer_7:basic INFO 3000: Sending message <Ping:> to Peer_3:basic
Peer_7:basic INFO 3000: Sending message <Ping:> to Peer_2:basic
Peer_7:basic INFO 3000: Sending message <Ping:> to Peer_4:basic
Peer_7:basic INFO 3000.6006088917516: Received message <Ping:> from Peer_2:basic
Peer_7:basic INFO 3000.6006088917516: Sending message <Pong:> to Peer_2:basic
Peer_7:basic INFO 3000.672727909714: Received message <Ping:> from Peer_5:basic
Peer_7:basic INFO 3000.672727909714: Sending message <Pong:> to Peer_5:basic
Peer_7:basic INFO 3000.760865406: Received message <Ping:> from Peer_6:basic
Peer_7:basic INFO 3000.760865406: Sending message <Pong:> to Peer_6:basic
Peer_7:basic INFO 3000.949722120411: Received message <Ping:> from Peer_2:basic
Peer_7:basic INFO 3000.949722120411: Sending message <Pong:> to Peer_2:basic
Peer_7:basic INFO 3001.116579102794: Received message <Ping:> from Peer_3:basic
Peer_7:basic INFO 3001.116579102794: Sending message <Pong:> to Peer_3:basic
Peer_7:basic INFO 3001.1171514061584: Received message <Pong:> from Peer_6:basic
Peer_7:basic INFO 3001.217365279047: Received message <Pong:> from Peer_3:basic
Peer_7:basic INFO 3001.4022919319864: Received message <Pong:> from Peer_2:basic
Peer_7:basic INFO 3001.510101104732: Received message <Pong:> from Peer_2:basic
Peer_7:basic INFO 3001.6492608879194: Received message <Ping:> from Peer_4:basic
Peer_7:basic INFO 3001.6492608879194: Sending message <Pong:> to Peer_4:basic
Peer_7:basic INFO 3001.89522186636: Received message <Pong:> from Peer_5:basic
Peer_7:basic INFO 3002.955535869143: Received message <Pong:> from Peer_4:basic
Peer_7:basic INFO 4000: Sending message <Ping:> to Peer_5:basic
Peer_7:basic INFO 4000: Sending message <Ping:> to Peer_6:basic
Peer_7:basic INFO 4000: Sending message <Ping:> to Peer_2:basic
Peer_7:basic INFO 4000: Sending message <Ping:> to Peer_3:basic
Peer_7:basic INFO 4000: Sending message <Ping:> to Peer_2:basic
Peer_7:basic INFO 4000: Sending message <Ping:> to Peer_4:basic
Peer_7:basic INFO 4000.577679255765: Received message <Ping:> from Peer_3:basic
Peer_7:basic INFO 4000.577679255765: Sending message <Pong:> to Peer_3:basic
Peer_7:basic INFO 4000.663233953716: Received message <Ping:> from Peer_6:basic
Peer_7:basic INFO 4000.663233953716: Sending message <Pong:> to Peer_6:basic
Peer_7:basic INFO 4000.710557652985: Received message <Ping:> from Peer_2:basic
Peer_7:basic INFO 4000.710557652985: Sending message <Pong:> to Peer_2:basic
Peer_7:basic INFO 4000.739591751: Received message <Ping:> from Peer_2:basic
Peer_7:basic INFO 4000.739591751: Sending message <Pong:> to Peer_2:basic
Peer_7:basic INFO 4000.86454369819: Received message <Ping:> from Peer_5:basic
Peer_7:basic INFO 4000.86454369819: Sending message <Pong:> to Peer_5:basic
Peer_7:basic INFO 4001.0271077813786: Received message <Pong:> from Peer_2:basic
Peer_7:basic INFO 4001.038763159964: Received message <Pong:> from Peer_5:basic
Peer_7:basic INFO 4001.0743653309523: Received message <Pong:> from Peer_2:basic
Peer_7:basic INFO 4001.163499455021: Received message <Pong:> from Peer_3:basic
Peer_7:basic INFO 4001.4241655183523: Received message <Ping:> from Peer_4:basic
Peer_7:basic INFO 4001.4241655183523: Sending message <Pong:> to Peer_4:basic
Peer_7:basic INFO 4001.5443277478957: Received message <Pong:> from Peer_6:basic
Peer_7:basic INFO 4002.4017046340373: Received message <Pong:> from Peer_4:basic
Peer_7:basic INFO 5000: Sending message <Ping:> to Peer_5:basic
Peer_7:basic INFO 5000: Sending message <Ping:> to Peer_6:basic
Peer_7:basic INFO 5000: Sending message <Ping:> to Peer_2:basic
Peer_7:basic INFO 5000: Sending message <Ping:> to Peer_3:basic
Peer_7:basic INFO 5000: Sending message <Ping:> to Peer_2:basic
Peer_7:basic INFO 5000: Sending message <Ping:> to Peer_4:basic
Peer_7:basic INFO 5000.52792292255: Received message <Ping:> from Peer_2:basic
Peer_7:basic INFO 5000.52792292255: Sending message <Pong:> to Peer_2:basic
Peer_7:basic INFO 5000.558799298828: Received message <Ping:> from Peer_3:basic
Peer_7:basic INFO 5000.558799298828: Sending message <Pong:> to Peer_3:basic
Peer_7:basic INFO 5000.561593074725: Received message <Ping:> from Peer_2:basic
Peer_7:basic INFO 5000.561593074725: Sending message <Pong:> to Peer_2:basic
Peer_7:basic INFO 5000.635068183966: Received message <Ping:> from Peer_6:basic
Peer_7:basic INFO 5000.635068183966: Sending message <Pong:> to Peer_6:basic
Peer_7:basic INFO 5000.6404521420645: Received message <Ping:> from Peer_5:basic
Peer_7:basic INFO 5000.6404521420645: Sending message <Pong:> to Peer_5:basic
Peer_7:basic INFO 5001.154774362591: Received message <Pong:> from Peer_6:basic
Peer_7:basic INFO 5001.212659660844: Received message <Pong:> from Peer_2:basic
Peer_7:basic INFO 5001.321826956681: Received message <Pong:> from Peer_2:basic
Peer_7:basic INFO 5001.6424025438555: Received message <Pong:> from Peer_3:basic
Peer_7:basic INFO 5001.713667814395: Received message <Pong:> from Peer_5:basic
Peer_7:basic INFO 5001.734357081373: Received message <Ping:> from Peer_4:basic
Peer_7:basic INFO 5001.734357081373: Sending message <Pong:> to Peer_4:basic
Peer_7:basic INFO 5002.525927536772: Received message <Pong:> from Peer_4:basic
Peer_7:basic INFO 6000: Sending message <Ping:> to Peer_5:basic
Peer_7:basic INFO 6000: Sending message <Ping:> to Peer_6:basic
Peer_7:basic INFO 6000: Sending message <Ping:> to Peer_2:basic
Peer_7:basic INFO 6000: Sending message <Ping:> to Peer_3:basic
Peer_7:basic INFO 6000: Sending message <Ping:> to Peer_2:basic
Peer_7:basic INFO 6000: Sending message <Ping:> to Peer_4:basic
Peer_7:basic INFO 6000.597639868253: Received message <Ping:> from Peer_3:basic
Peer_7:basic INFO 6000.597639868253: Sending message <Pong:> to Peer_3:basic
Peer_7:basic INFO 6000.64529273798: Received message <Ping:> from Peer_5:basic
Peer_7:basic INFO 6000.64529273798: Sending message <Pong:> to Peer_5:basic
Peer_7:basic INFO 6000.7100798198035: Received message <Ping:> from Peer_2:basic
Peer_7:basic INFO 6000.7100798198035: Sending message <Pong:> to Peer_2:basic
Peer_7:basic INFO 6000.738160948233: Received message <Ping:> from Peer_6:basic
Peer_7:basic INFO 6000.738160948233: Sending message <Pong:> to Peer_6:basic
Peer_7:basic INFO 6001.0310780838245: Received message <Ping:> from Peer_2:basic
Peer_7:basic INFO 6001.0310780838245: Sending message <Pong:> to Peer_2:basic
Peer_7:basic INFO 6001.124684070478: Received message <Pong:> from Peer_3:basic
Peer_7:basic INFO 6001.1590603850655: Received message <Ping:> from Peer_4:basic
Peer_7:basic INFO 6001.1590603850655: Sending message <Pong:> to Peer_4:basic
Peer_7:basic INFO 6001.17978347057: Received message <Pong:> from Peer_6:basic
Peer_7:basic INFO 6001.38590869997: Received message <Pong:> from Peer_2:basic
Peer_7:basic INFO 6001.486983165093: Received message <Pong:> from Peer_5:basic
Peer_7:basic INFO 6001.60647478729: Received message <Pong:> from Peer_2:basic
Peer_7:basic INFO 6002.560599035637: Received message <Pong:> from Peer_4:basic
Peer_7:basic INFO 7000: Sending message <Ping:> to Peer_5:basic
Peer_7:basic INFO 7000: Sending message <Ping:> to Peer_6:basic
Peer_7:basic INFO 7000: Sending message <Ping:> to Peer_2:basic
Peer_7:basic INFO 7000: Sending message <Ping:> to Peer_3:basic
Peer_7:basic INFO 7000: Sending message <Ping:> to Peer_2:basic
Peer_7:basic INFO 7000: Sending message <Ping:> to Peer_4:basic
Peer_7:basic INFO 7000.582393227318: Received message <Ping:> from Peer_2:basic
Peer_7:basic INFO 7000.582393227318: Sending message <Pong:> to Peer_2:basic
Peer_7:basic INFO 7000.6909780037895: Received message <Ping:> from Peer_2:basic
Peer_7:basic INFO 7000.6909780037895: Sending message <Pong:> to Peer_2:basic
Peer_7:basic INFO 7000.831260872444: Received message <Ping:> from Peer_3:basic
Peer_7:basic INFO 7000.831260872444: Sending message <Pong:> to Peer_3:basic
Peer_7:basic INFO 7000.965889297135: Received message <Ping:> from Peer_6:basic
Peer_7:basic INFO 7000.965889297135: Sending message <Pong:> to Peer_6:basic
Peer_7:basic INFO 7000.9804251987825: Received message <Ping:> from Peer_5:basic
Peer_7:basic INFO 7000.9804251987825: Sending message <Pong:> to Peer_5:basic
Peer_7:basic INFO 7001.209488139481: Received message <Pong:> from Peer_2:basic
Peer_7:basic INFO 7001.259274499127: Received message <Pong:> from Peer_5:basic
Peer_7:basic INFO 7001.475814867638: Received message <Pong:> from Peer_2:basic
Peer_7:basic INFO 7001.487275069851: Received message <Ping:> from Peer_4:basic
Peer_7:basic INFO 7001.487275069851: Sending message <Pong:> to Peer_4:basic
Peer_7:basic INFO 7001.724765962084: Received message <Pong:> from Peer_6:basic
Peer_7:basic INFO 7001.842910714445: Received message <Pong:> from Peer_3:basic
Peer_7:basic INFO 7002.314977378316: Received message <Pong:> from Peer_4:basic
Peer_7:basic INFO 8000: Sending message <Ping:> to Peer_5:basic
Peer_7:basic INFO 8000: Sending message <Ping:> to Peer_6:basic
Peer_7:basic INFO 8000: Sending message <Ping:> to Peer_2:basic
Peer_7:basic INFO 8000: Sending message <Ping:> to Peer_3:basic
Peer_7:basic INFO 8000: Sending message <Ping:> to Peer_2:basic
Peer_7:basic INFO 8000: Sending message <Ping:> to Peer_4:basic
Peer_7:basic INFO 8000.504438517181: Received message <Ping:> from Peer_3:basic
Peer_7:basic INFO 8000.504438517181: Sending message <Pong:> to Peer_3:basic
Peer_7:basic INFO 8000.570975096711: Received message <Ping:> from Peer_6:basic
Peer_7:basic INFO 8000.570975096711: Sending message <Pong:> to Peer_6:basic
Peer_7:basic INFO 8000.68544922349: Received message <Ping:> from Peer_5:basic
Peer_7:basic INFO 8000.68544922349: Sending message <Pong:> to Peer_5:basic
Peer_7:basic INFO 8000.830696058511: Received message <Ping:> from Peer_2:basic
Peer_7:basic INFO 8000.830696058511: Sending message <Pong:> to Peer_2:basic
Peer_7:basic INFO 8000.921892869889: Received message <Ping:> from Peer_2:basic
Peer_7:basic INFO 8000.921892869889: Sending message <Pong:> to Peer_2:basic
Peer_7:basic INFO 8001.213884282362: Received message <Pong:> from Peer_2:basic
Peer_7:basic INFO 8001.493036434183: Received message <Pong:> from Peer_2:basic
Peer_7:basic INFO 8001.507180976686: Received message <Pong:> from Peer_5:basic
Peer_7:basic INFO 8001.517989836765: Received message <Pong:> from Peer_3:basic
Peer_7:basic INFO 8001.654855177303: Received message <Ping:> from Peer_4:basic
Peer_7:basic INFO 8001.654855177303: Sending message <Pong:> to Peer_4:basic
Peer_7:basic INFO 8001.7139001142505: Received message <Pong:> from Peer_6:basic
Peer_7:basic INFO 8003.450301182818: Received message <Pong:> from Peer_4:basic
Peer_7:basic INFO 9000: Sending message <Ping:> to Peer_5:basic
Peer_7:basic INFO 9000: Sending message <Ping:> to Peer_6:basic
Peer_7:basic INFO 9000: Sending message <Ping:> to Peer_2:basic
Peer_7:basic INFO 9000: Sending message <Ping:> to Peer_3:basic
Peer_7:basic INFO 9000: Sending message <Ping:> to Peer_2:basic
Peer_7:basic INFO 9000: Sending message <Ping:> to Peer_4:basic
Peer_7:basic INFO 9000.511562031816: Received message <Ping:> from Peer_3:basic
Peer_7:basic INFO 9000.511562031816: Sending message <Pong:> to Peer_3:basic
Peer_7:basic INFO 9000.547154425816: Received message <Ping:> from Peer_2:basic
Peer_7:basic INFO 9000.547154425816: Sending message <Pong:> to Peer_2:basic
Peer_7:basic INFO 9000.71087197164: Received message <Ping:> from Peer_2:basic
Peer_7:basic INFO 9000.71087197164: Sending message <Pong:> to Peer_2:basic
Peer_7:basic INFO 9000.817943954538: Received message <Ping:> from Peer_6:basic
Peer_7:basic INFO 9000.817943954538: Sending message <Pong:> to Peer_6:basic
Peer_7:basic INFO 9000.957366975026: Received message <Ping:> from Peer_5:basic
Peer_7:basic INFO 9000.957366975026: Sending message <Pong:> to Peer_5:basic
Peer_7:basic INFO 9000.99512603346: Received message <Ping:> from Peer_4:basic
Peer_7:basic INFO 9000.99512603346: Sending message <Pong:> to Peer_4:basic
Peer_7:basic INFO 9001.210573964285: Received message <Pong:> from Peer_2:basic
Peer_7:basic INFO 9001.261909722418: Received message <Pong:> from Peer_3:basic
Peer_7:basic INFO 9001.401348729774: Received message <Pong:> from Peer_6:basic
Peer_7:basic INFO 9001.409150782218: Received message <Pong:> from Peer_2:basic
Peer_7:basic INFO 9001.620463769292: Received message <Pong:> from Peer_5:basic
Peer_7:basic INFO 9002.64540077225: Received message <Pong:> from Peer_4:basic
Peer_7:basic INFO 10000: Sending message <Ping:> to Peer_5:basic
Peer_7:basic INFO 10000: Sending message <Ping:> to Peer_6:basic
Peer_7:basic INFO 10000: Sending message <Ping:> to Peer_2:basic
Peer_7:basic INFO 10000: Sending message <Ping:> to Peer_3:basic
Peer_7:basic INFO 10000: Sending message <Ping:> to Peer_2:basic
Peer_7:basic INFO 10000: Sending message <Ping:> to Peer_4:basic
Peer_7:basic INFO 10000.572968806124: Received message <Ping:> from Peer_5:basic
Peer_7:basic INFO 10000.572968806124: Sending message <Pong:> to Peer_5:basic
Peer_7:basic INFO 10000.732927389241: Received message <Ping:> from Peer_2:basic
Peer_7:basic INFO 10000.732927389241: Sending message <Pong:> to Peer_2:basic
Peer_7:basic INFO 10000.810890635596: Received message <Ping:> from Peer_3:basic
Peer_7:basic INFO 10000.810890635596: Sending message <Pong:> to Peer_3:basic
Peer_7:basic INFO 10000.830831190397: Received message <Ping:> from Peer_6:basic
Peer_7:basic INFO 10000.830831190397: Sending message <Pong:> to Peer_6:basic
Peer_7:basic INFO 10000.8738445505: Received message <Ping:> from Peer_2:basic
Peer_7:basic INFO 10000.8738445505: Sending message <Pong:> to Peer_2:basic
Peer_7:basic INFO 10001.169591827487: Received message <Pong:> from Peer_2:basic
Peer_7:basic INFO 10001.252804338763: Received message <Pong:> from Peer_5:basic
Peer_7:basic INFO 10001.538524947306: Received message <Ping:> from Peer_4:basic
Peer_7:basic INFO 10001.538524947306: Sending message <Pong:> to Peer_4:basic
Peer_7:basic INFO 10001.586153602291: Received message <Pong:> from Peer_2:basic
Peer_7:basic INFO 10001.708514826414: Received message <Pong:> from Peer_6:basic
Peer_7:basic INFO 10001.745360494211: Received message <Pong:> from Peer_3:basic
Peer_7:basic INFO 10003.566250108526: Received message <Pong:> from Peer_4:basic
Peer_7:basic INFO 11000: Sending message <Ping:> to Peer_5:basic
Peer_7:basic INFO 11000: Sending message <Ping:> to Peer_6:basic
Peer_7:basic INFO 11000: Sending message <Ping:> to Peer_2:basic
Peer_7:basic INFO 11000: Sending message <Ping:> to Peer_3:basic
Peer_7:basic INFO 11000: Sending message <Ping:> to Peer_2:basic
Peer_7:basic INFO 11000: Sending message <Ping:> to Peer_4:basic
Peer_7:basic INFO 11000.586633962701: Received message <Ping:> from Peer_2:basic
Peer_7:basic INFO 11000.586633962701: Sending message <Pong:> to Peer_2:basic
Peer_7:basic INFO 11000.673414968405: Received message <Ping:> from Peer_2:basic
Peer_7:basic INFO 11000.673414968405: Sending message <Pong:> to Peer_2:basic
Peer_7:basic INFO 11000.684986500633: Received message <Ping:> from Peer_5:basic
Peer_7:basic INFO 11000.684986500633: Sending message <Pong:> to Peer_5:basic
Peer_7:basic INFO 11000.76020368836: Received message <Ping:> from Peer_3:basic
Peer_7:basic INFO 11000.76020368836: Sending message <Pong:> to Peer_3:basic
Peer_7:basic INFO 11000.940280917146: Received message <Ping:> from Peer_6:basic
Peer_7:basic INFO 11000.940280917146: Sending message <Pong:> to Peer_6:basic
Peer_7:basic INFO 11001.087951536489: Received message <Pong:> from Peer_2:basic
Peer_7:basic INFO 11001.182035656617: Received message <Pong:> from Peer_2:basic
Peer_7:basic INFO 11001.344557293629: Received message <Pong:> from Peer_6:basic
Peer_7:basic INFO 11001.39591981205: Received message <Ping:> from Peer_4:basic
Peer_7:basic INFO 11001.39591981205: Sending message <Pong:> to Peer_4:basic
Peer_7:basic INFO 11001.540368799353: Received message <Pong:> from Peer_3:basic
Peer_7:basic INFO 11001.567655294075: Received message <Pong:> from Peer_5:basic
Peer_7:basic INFO 11003.46842685653: Received message <Pong:> from Peer_4:basic
Peer_7:basic INFO 12000: Sending message <Ping:> to Peer_5:basic
Peer_7:basic INFO 12000: Sending message <Ping:> to Peer_6:basic
Peer_7:basic INFO 12000: Sending message <Ping:> to Peer_2:basic
Peer_7:basic INFO 12000: Sending message <Ping:> to Peer_3:basic
Peer_7:basic INFO 12000: Sending message <Ping:> to Peer_2:basic
Peer_7:basic INFO 12000: Sending message <Ping:> to Peer_4:basic
Peer_7:basic INFO 12000.530964183174: Received message <Ping:> from Peer_6:basic
Peer_7:basic INFO 12000.530964183174: Sending message <Pong:> to Peer_6:basic
Peer_7:basic INFO 12000.537272810088: Received message <Ping:> from Peer_5:basic
Peer_7:basic INFO 12000.537272810088: Sending message <Pong:> to Peer_5:basic
Peer_7:basic INFO 12000.56085209129: Received message <Ping:> from Peer_3:basic
Peer_7:basic INFO 12000.56085209129: Sending message <Pong:> to Peer_3:basic
Peer_7:basic INFO 12000.731154081339: Received message <Ping:> from Peer_2:basic
Peer_7:basic INFO 12000.731154081339: Sending message <Pong:> to Peer_2:basic
Peer_7:basic INFO 12000.793573303252: Received message <Ping:> from Peer_2:basic
Peer_7:basic INFO 12000.793573303252: Sending message <Pong:> to Peer_2:basic
Peer_7:basic INFO 12001.131260703416: Received message <Pong:> from Peer_5:basic
Peer_7:basic INFO 12001.226995653478: Received message <Pong:> from Peer_2:basic
Peer_7:basic INFO 12001.282479296797: Received message <Pong:> from Peer_6:basic
Peer_7:basic INFO 12001.335525519786: Received message <Pong:> from Peer_3:basic
Peer_7:basic INFO 12001.674629042061: Received message <Pong:> from Peer_2:basic
Peer_7:basic INFO 12001.750372181492: Received message <Ping:> from Peer_4:basic
Peer_7:basic INFO 12001.750372181492: Sending message <Pong:> to Peer_4:basic
Peer_7:basic INFO 12003.04869159681: Received message <Pong:> from Peer_4:basic
Peer_7:basic INFO 13000: Sending message <Ping:> to Peer_5:basic
Peer_7:basic INFO 13000: Sending message <Ping:> to Peer_6:basic
Peer_7:basic INFO 13000: Sending message <Ping:> to Peer_2:basic
Peer_7:basic INFO 13000: Sending message <Ping:> to Peer_3:basic
Peer_7:basic INFO 13000: Sending message <Ping:> to Peer_2:basic
Peer_7:basic INFO 13000: Sending message <Ping:> to Peer_4:basic
Peer_7:basic INFO 13000.508014541676: Received message <Ping:> from Peer_2:basic
Peer_7:basic INFO 13000.508014541676: Sending message <Pong:> to Peer_2:basic
Peer_7:basic INFO 13000.693919403193: Received message <Ping:> from Peer_6:basic
Peer_7:basic INFO 13000.693919403193: Sending message <Pong:> to Peer_6:basic
Peer_7:basic INFO 13000.765558730869: Received message <Ping:> from Peer_3:basic
Peer_7:basic INFO 13000.765558730869: Sending message <Pong:> to Peer_3:basic
Peer_7:basic INFO 13000.884730940721: Received message <Ping:> from Peer_2:basic
Peer_7:basic INFO 13000.884730940721: Sending message <Pong:> to Peer_2:basic
Peer_7:basic INFO 13001.013450035502: Received message <Ping:> from Peer_5:basic
Peer_7:basic INFO 13001.013450035502: Sending message <Pong:> to Peer_5:basic
Peer_7:basic INFO 13001.108990930827: Received message <Pong:> from Peer_5:basic
Peer_7:basic INFO 13001.227083714954: Received message <Pong:> from Peer_3:basic
Peer_7:basic INFO 13001.249277216215: Received message <Pong:> from Peer_6:basic
Peer_7:basic INFO 13001.356235836567: Received message <Pong:> from Peer_2:basic
Peer_7:basic INFO 13001.708261219715: Received message <Ping:> from Peer_4:basic
Peer_7:basic INFO 13001.708261219715: Sending message <Pong:> to Peer_4:basic
Peer_7:basic INFO 13001.850372221379: Received message <Pong:> from Peer_2:basic
Peer_7:basic INFO 13003.247271726905: Received message <Pong:> from Peer_4:basic
Peer_7:basic INFO 14000: Sending message <Ping:> to Peer_5:basic
Peer_7:basic INFO 14000: Sending message <Ping:> to Peer_6:basic
Peer_7:basic INFO 14000: Sending message <Ping:> to Peer_2:basic
Peer_7:basic INFO 14000: Sending message <Ping:> to Peer_3:basic
Peer_7:basic INFO 14000: Sending message <Ping:> to Peer_2:basic
Peer_7:basic INFO 14000: Sending message <Ping:> to Peer_4:basic
Peer_7:basic INFO 14000.524263830024: Received message <Ping:> from Peer_2:basic
Peer_7:basic INFO 14000.524263830024: Sending message <Pong:> to Peer_2:basic
Peer_7:basic INFO 14000.558992870334: Received message <Ping:> from Peer_3:basic
Peer_7:basic INFO 14000.558992870334: Sending message <Pong:> to Peer_3:basic
Peer_7:basic INFO 14000.605227277765: Received message <Ping:> from Peer_5:basic
Peer_7:basic INFO 14000.605227277765: Sending message <Pong:> to Peer_5:basic
Peer_7:basic INFO 14000.629403467345: Received message <Ping:> from Peer_6:basic
Peer_7:basic INFO 14000.629403467345: Sending message <Pong:> to Peer_6:basic
Peer_7:basic INFO 14000.738211126167: Received message <Ping:> from Peer_2:basic
Peer_7:basic INFO 14000.738211126167: Sending message <Pong:> to Peer_2:basic
Peer_7:basic INFO 14001.097808328299: Received message <Pong:> from Peer_3:basic
Peer_7:basic INFO 14001.13891663854: Received message <Pong:> from Peer_2:basic
Peer_7:basic INFO 14001.417603238362: Received message <Pong:> from Peer_6:basic
Peer_7:basic INFO 14001.45282800099: Received message <Pong:> from Peer_5:basic
Peer_7:basic INFO 14001.573236393433: Received message <Pong:> from Peer_2:basic
Peer_7:basic INFO 14001.67378873648: Received message <Ping:> from Peer_4:basic
Peer_7:basic INFO 14001.67378873648: Sending message <Pong:> to Peer_4:basic
Peer_7:basic INFO 14003.198940596287: Received message <Pong:> from Peer_4:basic
Peer_7:basic INFO 15000: Sending message <Ping:> to Peer_5:basic
Peer_7:basic INFO 15000: Sending message <Ping:> to Peer_6:basic
Peer_7:basic INFO 15000: Sending message <Ping:> to Peer_2:basic
Peer_7:basic INFO 15000: Sending message <Ping:> to Peer_3:basic
Peer_7:basic INFO 15000: Sending message <Ping:> to Peer_2:basic
Peer_7:basic INFO 15000: Sending message <Ping:> to Peer_4:basic
Peer_7:basic INFO 15000.524859571982: Received message <Ping:> from Peer_5:basic
Peer_7:basic INFO 15000.524859571982: Sending message <Pong:> to Peer_5:basic
Peer_7:basic INFO 15000.526589076911: Received message <Ping:> from Peer_2:basic
Peer_7:basic INFO 15000.526589076911: Sending message <Pong:> to Peer_2:basic
Peer_7:basic INFO 15000.565085505661: Received message <Ping:> from Peer_3:basic
Peer_7:basic INFO 15000.565085505661: Sending message <Pong:> to Peer_3:basic
Peer_7:basic INFO 15000.700881444773: Received message <Ping:> from Peer_6:basic
Peer_7:basic INFO 15000.700881444773: Sending message <Pong:> to Peer_6:basic
Peer_7:basic INFO 15000.876454313478: Received message <Ping:> from Peer_2:basic
Peer_7:basic INFO 15000.876454313478: Sending message <Pong:> to Peer_2:basic
Peer_7:basic INFO 15001.171908800716: Received message <Pong:> from Peer_6:basic
Peer_7:basic INFO 15001.316566242112: Received message <Pong:> from Peer_2:basic
Peer_7:basic INFO 15001.370155138677: Received message <Pong:> from Peer_3:basic
Peer_7:basic INFO 15001.440484664397: Received message <Ping:> from Peer_4:basic
Peer_7:basic INFO 15001.440484664397: Sending message <Pong:> to Peer_4:basic
Peer_7:basic INFO 15001.455622123016: Received message <Pong:> from Peer_2:basic
Peer_7:basic INFO 15001.67348821497: Received message <Pong:> from Peer_5:basic
Peer_7:basic INFO 15003.49604940564: Received message <Pong:> from Peer_4:basic
Peer_7:basic INFO 16000: Sending message <Ping:> to Peer_5:basic
Peer_7:basic INFO 16000: Sending message <Ping:> to Peer_6:basic
Peer_7:basic INFO 16000: Sending message <Ping:> to Peer_2:basic
Peer_7:basic INFO 16000: Sending message <Ping:> to Peer_3:basic
Peer_7:basic INFO 16000: Sending message <Ping:> to Peer_2:basic
Peer_7:basic INFO 16000: Sending message <Ping:> to Peer_4:basic
Peer_7:basic INFO 16000.52092017967: Received message <Ping:> from Peer_5:basic
Peer_7:basic INFO 16000.52092017967: Sending message <Pong:> to Peer_5:basic
Peer_7:basic INFO 16000.533625997921: Received message <Ping:> from Peer_2:basic
Peer_7:basic INFO 16000.533625997921: Sending message <Pong:> to Peer_2:basic
Peer_7:basic INFO 16000.553082595134: Received message <Ping:> from Peer_2:basic
Peer_7:basic INFO 16000.553082595134: Sending message <Pong:> to Peer_2:basic
Peer_7:basic INFO 16000.605867555048: Received message <Ping:> from Peer_6:basic
Peer_7:basic INFO 16000.605867555048: Sending message <Pong:> to Peer_6:basic
Peer_7:basic INFO 16000.91546812728: Received message <Ping:> from Peer_3:basic
Peer_7:basic INFO 16000.91546812728: Sending message <Pong:> to Peer_3:basic
Peer_7:basic INFO 16001.063569748118: Received message <Pong:> from Peer_2:basic
Peer_7:basic INFO 16001.102469304906: Received message <Ping:> from Peer_4:basic
Peer_7:basic INFO 16001.102469304906: Sending message <Pong:> to Peer_4:basic
Peer_7:basic INFO 16001.133731611466: Received message <Pong:> from Peer_6:basic
Peer_7:basic INFO 16001.25725860485: Received message <Pong:> from Peer_5:basic
Peer_7:basic INFO 16001.515256013474: Received message <Pong:> from Peer_3:basic
Peer_7:basic INFO 16002.032158914692: Received message <Pong:> from Peer_2:basic
Peer_7:basic INFO 16003.590770148478: Received message <Pong:> from Peer_4:basic
Peer_7:basic INFO 17000: Sending message <Ping:> to Peer_5:basic
Peer_7:basic INFO 17000: Sending message <Ping:> to Peer_6:basic
Peer_7:basic INFO 17000: Sending message <Ping:> to Peer_2:basic
Peer_7:basic INFO 17000: Sending message <Ping:> to Peer_3:basic
Peer_7:basic INFO 17000: Sending message <Ping:> to Peer_2:basic
Peer_7:basic INFO 17000: Sending message <Ping:> to Peer_4:basic
Peer_7:basic INFO 17000.574955524025: Received message <Ping:> from Peer_5:basic
Peer_7:basic INFO 17000.574955524025: Sending message <Pong:> to Peer_5:basic
Peer_7:basic INFO 17000.670247935406: Received message <Ping:> from Peer_6:basic
Peer_7:basic INFO 17000.670247935406: Sending message <Pong:> to Peer_6:basic
Peer_7:basic INFO 17000.709009818827: Received message <Ping:> from Peer_3:basic
Peer_7:basic INFO 17000.709009818827: Sending message <Pong:> to Peer_3:basic
Peer_7:basic INFO 17000.710151848994: Received message <Ping:> from Peer_2:basic
Peer_7:basic INFO 17000.710151848994: Sending message <Pong:> to Peer_2:basic
Peer_7:basic INFO 17000.79442928042: Received message <Ping:> from Peer_2:basic
Peer_7:basic INFO 17000.79442928042: Sending message <Pong:> to Peer_2:basic
Peer_7:basic INFO 17001.151057826093: Received message <Pong:> from Peer_5:basic
Peer_7:basic INFO 17001.47685008521: Received message <Pong:> from Peer_2:basic
Peer_7:basic INFO 17001.581034540493: Received message <Pong:> from Peer_3:basic
Peer_7:basic INFO 17001.66551605043: Received message <Ping:> from Peer_4:basic
Peer_7:basic INFO 17001.66551605043: Sending message <Pong:> to Peer_4:basic
Peer_7:basic INFO 17001.678321824675: Received message <Pong:> from Peer_2:basic
Peer_7:basic INFO 17001.71269299563: Received message <Pong:> from Peer_6:basic
Peer_7:basic INFO 17002.556523898835: Received message <Pong:> from Peer_4:basic
Peer_7:basic INFO 18000: Sending message <Ping:> to Peer_5:basic
Peer_7:basic INFO 18000: Sending message <Ping:> to Peer_6:basic
Peer_7:basic INFO 18000: Sending message <Ping:> to Peer_2:basic
Peer_7:basic INFO 18000: Sending message <Ping:> to Peer_3:basic
Peer_7:basic INFO 18000: Sending message <Ping:> to Peer_2:basic
Peer_7:basic INFO 18000: Sending message <Ping:> to Peer_4:basic
Peer_7:basic INFO 18000.568773127765: Received message <Ping:> from Peer_2:basic
Peer_7:basic INFO 18000.568773127765: Sending message <Pong:> to Peer_2:basic
Peer_7:basic INFO 18000.629878983418: Received message <Ping:> from Peer_2:basic
Peer_7:basic INFO 18000.629878983418: Sending message <Pong:> to Peer_2:basic
Peer_7:basic INFO 18000.766494235508: Received message <Ping:> from Peer_5:basic
Peer_7:basic INFO 18000.766494235508: Sending message <Pong:> to Peer_5:basic
Peer_7:basic INFO 18000.82483195055: Received message <Ping:> from Peer_6:basic
Peer_7:basic INFO 18000.82483195055: Sending message <Pong:> to Peer_6:basic
Peer_7:basic INFO 18000.861814952437: Received message <Ping:> from Peer_3:basic
Peer_7:basic INFO 18000.861814952437: Sending message <Pong:> to Peer_3:basic
Peer_7:basic INFO 18001.256070845247: Received message <Ping:> from Peer_4:basic
Peer_7:basic INFO 18001.256070845247: Sending message <Pong:> to Peer_4:basic
Peer_7:basic INFO 18001.358859040403: Received message <Pong:> from Peer_2:basic
Peer_7:basic INFO 18001.545708912563: Received message <Pong:> from Peer_3:basic
Peer_7:basic INFO 18001.559248312766: Received message <Pong:> from Peer_6:basic
Peer_7:basic INFO 18001.606296511603: Received message <Pong:> from Peer_2:basic
Peer_7:basic INFO 18001.934739118187: Received message <Pong:> from Peer_5:basic
Peer_7:basic INFO 18003.431490969135: Received message <Pong:> from Peer_4:basic
Peer_7:basic INFO 19000: Sending message <Ping:> to Peer_5:basic
Peer_7:basic INFO 19000: Sending message <Ping:> to Peer_6:basic
Peer_7:basic INFO 19000: Sending message <Ping:> to Peer_2:basic
Peer_7:basic INFO 19000: Sending message <Ping:> to Peer_3:basic
Peer_7:basic INFO 19000: Sending message <Ping:> to Peer_2:basic
Peer_7:basic INFO 19000: Sending message <Ping:> to Peer_4:basic
Peer_7:basic INFO 19000.539855077306: Received message <Ping:> from Peer_5:basic
Peer_7:basic INFO 19000.539855077306: Sending message <Pong:> to Peer_5:basic
Peer_7:basic INFO 19000.580769558164: Received message <Ping:> from Peer_2:basic
Peer_7:basic INFO 19000.580769558164: Sending message <Pong:> to Peer_2:basic
Peer_7:basic INFO 19000.62023748227: Received message <Ping:> from Peer_6:basic
Peer_7:basic INFO 19000.62023748227: Sending message <Pong:> to Peer_6:basic
Peer_7:basic INFO 19000.6556502013: Received message <Ping:> from Peer_3:basic
Peer_7:basic INFO 19000.6556502013: Sending message <Pong:> to Peer_3:basic
Peer_7:basic INFO 19000.850261703396: Received message <Ping:> from Peer_2:basic
Peer_7:basic INFO 19000.850261703396: Sending message <Pong:> to Peer_2:basic
Peer_7:basic INFO 19001.41019803833: Received message <Ping:> from Peer_4:basic
Peer_7:basic INFO 19001.41019803833: Sending message <Pong:> to Peer_4:basic
Peer_7:basic INFO 19001.441952229194: Received message <Pong:> from Peer_2:basic
Peer_7:basic INFO 19001.501580409997: Received message <Pong:> from Peer_6:basic
Peer_7:basic INFO 19001.602361050776: Received message <Pong:> from Peer_3:basic
Peer_7:basic INFO 19001.633221042335: Received message <Pong:> from Peer_2:basic
Peer_7:basic INFO 19001.827838769776: Received message <Pong:> from Peer_5:basic
Peer_7:basic INFO 19002.92191089152: Received message <Pong:> from Peer_4:basic
