Peer_5:basic INFO 0.6354660830061667: Connecting to Peer_7:basic
Peer_5:basic INFO 0.6683042290749022: Connecting to Peer_6:basic
Peer_5:basic INFO 0.7200886089447246: Connecting to Peer_2:basic
Peer_5:basic INFO 0.8228427996491713: Received message <Hello:> from Peer_6:basic
Peer_5:basic INFO 0.9290579655220139: Received message <Hello:> from Peer_7:basic
Peer_5:basic INFO 0.9309854010932934: Received message <Hello:> from Peer_2:basic
Peer_5:basic INFO 1.0594146858868563: Received message <Hello:> from Peer_1:basic
Peer_5:basic INFO 1.0594146858868563: Connecting to Peer_1:basic
Peer_5:basic INFO 1.0594146858868563: Sending message <Hello:> to Peer_1:basic
Peer_5:basic INFO 1.2892017336698738: Received message <Hello:> from Peer_6:basic
Peer_5:basic INFO 1.3603199066158136: Received message <Hello:> from Peer_7:basic
Peer_5:basic INFO 1.5982445226304482: Received message <Hello:> from Peer_2:basic
Peer_5:basic INFO 1000: Sending message <Ping:> to Peer_7:basic
Peer_5:basic INFO 1000: Sending message <Ping:> to Peer_6:basic
Peer_5:basic INFO 1000: Sending message <Ping:> to Peer_2:basic
Peer_5:basic INFO 1000: Sending message <Ping:> to Peer_1:basic
Peer_5:basic INFO 1000.7239870725699: Received message <Ping:> from Peer_7:basic
Peer_5:basic INFO 1000.7239870725699: Sending message <Pong:> to Peer_7:basic
Peer_5:basic INFO 1000.8008151070487: Received message <Ping:> from Peer_6:basic
Peer_5:basic INFO 1000.8008151070487: Sending message <Pong:> to Peer_6:basic
Peer_5:basic INFO 1000.8140365960382: Received message <Ping:> from Peer_2:basic
Peer_5:basic INFO 1000.8140365960382: Sending message <Pong:> to Peer_2:basic
Peer_5:basic INFO 1001.3366644123423: Received message <Pong:> from Peer_6:basic
Peer_5:basic INFO 1001.4404174005521: Received message <Pong:> from Peer_7:basic
Peer_5:basic INFO 1001.5252011005454: Received message <Ping:> from Peer_1:basic
Peer_5:basic INFO 1001.5252011005454: Sending message <Pong:> to Peer_1:basic
Peer_5:basic INFO 1001.6011510850808: Received message <Pong:> from Peer_2:basic
Peer_5:basic INFO 1003.8424627096641: Received message <Pong:> from Peer_1:basic
Peer_5:basic INFO 2000: Sending message <Ping:> to Peer_7:basic
Peer_5:basic INFO 2000: Sending message <Ping:> to Peer_6:basic
Peer_5:basic INFO 2000: Sending message <Ping:> to Peer_2:basic
Peer_5:basic INFO 2000: Sending message <Ping:> to Peer_1:basic
Peer_5:basic INFO 2000.7159899494975: Received message <Ping:> from Peer_2:basic
Peer_5:basic INFO 2000.7159899494975: Sending message <Pong:> to Peer_2:basic
Peer_5:basic INFO 2000.814934176038: Received message <Ping:> from Peer_7:basic
Peer_5:basic INFO 2000.814934176038: Sending message <Pong:> to Peer_7:basic
Peer_5:basic INFO 2001.068659257828: Received message <Ping:> from Peer_6:basic
Peer_5:basic INFO 2001.068659257828: Sending message <Pong:> to Peer_6:basic
Peer_5:basic INFO 2001.2837635242909: Received message <Pong:> from Peer_7:basic
Peer_5:basic INFO 2001.4525013254845: Received message <Pong:> from Peer_2:basic
Peer_5:basic INFO 2001.64110844601: Received message <Ping:> from Peer_1:basic
Peer_5:basic INFO 2001.64110844601: Sending message <Pong:> to Peer_1:basic
Peer_5:basic INFO 2001.6925873213165: Received message <Pong:> from Peer_6:basic
Peer_5:basic INFO 2003.4990885934656: Received message <Pong:> from Peer_1:basic
Peer_5:basic INFO 3000: Sending message <Ping:> to Peer_7:basic
Peer_5:basic INFO 3000: Sending message <Ping:> to Peer_6:basic
Peer_5:basic INFO 3000: Sending message <Ping:> to Peer_2:basic
Peer_5:basic INFO 3000: Sending message <Ping:> to Peer_1:basic
Peer_5:basic INFO 3000.5673886086865: Received message <Ping:> from Peer_6:basic
Peer_5:basic INFO 3000.5673886086865: Sending message <Pong:> to Peer_6:basic
Peer_5:basic INFO 3000.8016228478823: Received message <Ping:> from Peer_2:basic
Peer_5:basic INFO 3000.8016228478823: Sending message <Pong:> to Peer_2:basic
Peer_5:basic INFO 3001.2280647125804: Received message <Ping:> from Peer_7:basic
Peer_5:basic INFO 3001.2280647125804: Sending message <Pong:> to Peer_7:basic
Peer_5:basic INFO 3001.242580432031: Received message <Pong:> from Peer_6:basic
Peer_5:basic INFO 3001.26239444786: Received message <Pong:> from Peer_7:basic
Peer_5:basic INFO 3001.3018981522373: Received message <Pong:> from Peer_2:basic
Peer_5:basic INFO 3001.433353016793: Received message <Ping:> from Peer_1:basic
Peer_5:basic INFO 3001.433353016793: Sending message <Pong:> to Peer_1:basic
Peer_5:basic INFO 3002.78965256331: Received message <Pong:> from Peer_1:basic
Peer_5:basic INFO 4000: Sending message <Ping:> to Peer_7:basic
Peer_5:basic INFO 4000: Sending message <Ping:> to Peer_6:basic
Peer_5:basic INFO 4000: Sending message <Ping:> to Peer_2:basic
Peer_5:basic INFO 4000: Sending message <Ping:> to Peer_1:basic
Peer_5:basic INFO 4000.5095315051844: Received message <Ping:> from Peer_7:basic
Peer_5:basic INFO 4000.5095315051844: Sending message <Pong:> to Peer_7:basic
Peer_5:basic INFO 4000.6969818202183: Received message <Ping:> from Peer_6:basic
Peer_5:basic INFO 4000.6969818202183: Sending message <Pong:> to Peer_6:basic
Peer_5:basic INFO 4001.206115153329: Received message <Ping:> from Peer_2:basic
Peer_5:basic INFO 4001.206115153329: Sending message <Pong:> to Peer_2:basic
Peer_5:basic INFO 4001.283975520912: Received message <Pong:> from Peer_6:basic
Peer_5:basic INFO 4001.482755338379: Received message <Pong:> from Peer_2:basic
Peer_5:basic INFO 4001.787618793546: Received message <Ping:> from Peer_1:basic
Peer_5:basic INFO 4001.787618793546: Sending message <Pong:> to Peer_1:basic
Peer_5:basic INFO 4001.8227526770743: Received message <Pong:> from Peer_7:basic
Peer_5:basic INFO 4002.956090786837: Received message <Pong:> from Peer_1:basic
Peer_5:basic INFO 5000: Sending message <Ping:> to Peer_7:basic
Peer_5:basic INFO 5000: Sending message <Ping:> to Peer_6:basic
Peer_5:basic INFO 5000: Sending message <Ping:> to Peer_2:basic
Peer_5:basic INFO 5000: Sending message <Ping:> to Peer_1:basic
Peer_5:basic INFO 5000.70685308943: Received message <Ping:> from Peer_6:basic
Peer_5:basic INFO 5000.70685308943: Sending message <Pong:> to Peer_6:basic
Peer_5:basic INFO 5000.739740184262: Received message <Ping:> from Peer_2:basic
Peer_5:basic INFO 5000.739740184262: Sending message <Pong:> to Peer_2:basic
Peer_5:basic INFO 5000.751297944614: Received message <Ping:> from Peer_7:basic
Peer_5:basic INFO 5000.751297944614: Sending message <Pong:> to Peer_7:basic
Peer_5:basic INFO 5001.334230173136: Received message <Pong:> from Peer_6:basic
Peer_5:basic INFO 5001.399478200714: Received message <Pong:> from Peer_7:basic
Peer_5:basic INFO 5001.552159743343: Received message <Pong:> from Peer_2:basic
Peer_5:basic INFO 5001.967683980366: Received message <Ping:> from Peer_1:basic
Peer_5:basic INFO 5001.967683980366: Sending message <Pong:> to Peer_1:basic
Peer_5:basic INFO 5002.894764849323: Received message <Pong:> from Peer_1:basic
Peer_5:basic INFO 6000: Sending message <Ping:> to Peer_7:basic
Peer_5:basic INFO 6000: Sending message <Ping:> to Peer_6:basic
Peer_5:basic INFO 6000: Sending message <Ping:> to Peer_2:basic
Peer_5:basic INFO 6000: Sending message <Ping:> to Peer_1:basic
Peer_5:basic INFO 6000.556639602981: Received message <Ping:> from Peer_2:basic
Peer_5:basic INFO 6000.556639602981: Sending message <Pong:> to Peer_2:basic
Peer_5:basic INFO 6000.809855333294: Received message <Ping:> from Peer_7:basic
Peer_5:basic INFO 6000.809855333294: Sending message <Pong:> to Peer_7:basic
Peer_5:basic INFO 6000.837327028373: Received message <Ping:> from Peer_6:basic
Peer_5:basic INFO 6000.837327028373: Sending message <Pong:> to Peer_6:basic
Peer_5:basic INFO 6001.213749506145: Received message <Pong:> from Peer_7:basic
Peer_5:basic INFO 6001.389215614753: Received message <Ping:> from Peer_1:basic
Peer_5:basic INFO 6001.389215614753: Sending message <Pong:> to Peer_1:basic
Peer_5:basic INFO 6001.41020562664: Received message <Pong:> from Peer_2:basic
Peer_5:basic INFO 6001.857109813672: Received message <Pong:> from Peer_6:basic
Peer_5:basic INFO 6003.295698046902: Received message <Pong:> from Peer_1:basic
Peer_5:basic INFO 7000: Sending message <Ping:> to Peer_7:basic
Peer_5:basic INFO 7000: Sending message <Ping:> to Peer_6:basic
Peer_5:basic INFO 7000: Sending message <Ping:> to Peer_2:basic
Peer_5:basic INFO 7000: Sending message <Ping:> to Peer_1:basic
Peer_5:basic INFO 7000.537054468581: Received message <Ping:> from Peer_7:basic
Peer_5:basic INFO 7000.537054468581: Sending message <Pong:> to Peer_7:basic
Peer_5:basic INFO 7000.584491052577: Received message <Ping:> from Peer_2:basic
Peer_5:basic INFO 7000.584491052577: Sending message <Pong:> to Peer_2:basic
Peer_5:basic INFO 7000.667899796705: Received message <Ping:> from Peer_6:basic
Peer_5:basic INFO 7000.667899796705: Sending message <Pong:> to Peer_6:basic
Peer_5:basic INFO 7001.307421865844: Received message <Pong:> from Peer_6:basic
Peer_5:basic INFO 7001.574927925248: Received message <Pong:> from Peer_7:basic
Peer_5:basic INFO 7001.61625293644: Received message <Pong:> from Peer_2:basic
Peer_5:basic INFO 7001.828536721621: Received message <Ping:> from Peer_1:basic
Peer_5:basic INFO 7001.828536721621: Sending message <Pong:> to Peer_1:basic
Peer_5:basic INFO 7003.00855233733: Received message <Pong:> from Peer_1:basic
Peer_5:basic INFO 8000: Sending message <Ping:> to Peer_7:basic
Peer_5:basic INFO 8000: Sending message <Ping:> to Peer_6:basic
Peer_5:basic INFO 8000: Sending message <Ping:> to Peer_2:basic
Peer_5:basic INFO 8000: Sending message <Ping:> to Peer_1:basic
Peer_5:basic INFO 8000.697110844114: Received message <Ping:> from Peer_2:basic
Peer_5:basic INFO 8000.697110844114: Sending message <Pong:> to Peer_2:basic
Peer_5:basic INFO 8000.771404214303: Received message <Ping:> from Peer_6:basic
Peer_5:basic INFO 8000.771404214303: Sending message <Pong:> to Peer_6:basic
Peer_5:basic INFO 8000.844350247293: Received message <Ping:> from Peer_7:basic
Peer_5:basic INFO 8000.844350247293: Sending message <Pong:> to Peer_7:basic
Peer_5:basic INFO 8001.307429270354: Received message <Pong:> from Peer_6:basic
Peer_5:basic INFO 8001.443991451999: Received message <Pong:> from Peer_2:basic
Peer_5:basic INFO 8001.454084752451: Received message <Pong:> from Peer_7:basic
Peer_5:basic INFO 8001.943937253756: Received message <Ping:> from Peer_1:basic
Peer_5:basic INFO 8001.943937253756: Sending message <Pong:> to Peer_1:basic
Peer_5:basic INFO 8003.0027175984305: Received message <Pong:> from Peer_1:basic
Peer_5:basic INFO 9000: Sending message <Ping:> to Peer_7:basic
Peer_5:basic INFO 9000: Sending message <Ping:> to Peer_6:basic
Peer_5:basic INFO 9000: Sending message <Ping:> to Peer_2:basic
Peer_5:basic INFO 9000: Sending message <Ping:> to Peer_1:basic
Peer_5:basic INFO 9000.506901473662: Received message <Ping:> from Peer_2:basic
Peer_5:basic INFO 9000.506901473662: Sending message <Pong:> to Peer_2:basic
Peer_5:basic INFO 9000.685099976434: Received message <Ping:> from Peer_7:basic
Peer_5:basic INFO 9000.685099976434: Sending message <Pong:> to Peer_7:basic
Peer_5:basic INFO 9000.958534501706: Received message <Ping:> from Peer_6:basic
Peer_5:basic INFO 9000.958534501706: Sending message <Pong:> to Peer_6:basic
Peer_5:basic INFO 9001.20544437692: Received message <Pong:> from Peer_6:basic
Peer_5:basic INFO 9001.507726052418: Received message <Ping:> from Peer_1:basic
Peer_5:basic INFO 9001.507726052418: Sending message <Pong:> to Peer_1:basic
Peer_5:basic INFO 9001.52396946956: Received message <Pong:> from Peer_7:basic
Peer_5:basic INFO 9001.588192494803: Received message <Pong:> from Peer_2:basic
Peer_5:basic INFO 9002.909558479827: Received message <Pong:> from Peer_1:basic
Peer_5:basic INFO 10000: Sending message <Ping:> to Peer_7:basic
Peer_5:basic INFO 10000: Sending message <Ping:> to Peer_6:basic
Peer_5:basic INFO 10000: Sending message <Ping:> to Peer_2:basic
Peer_5:basic INFO 10000: Sending message <Ping:> to Peer_1:basic
Peer_5:basic INFO 10000.557250947799: Received message <Ping:> from Peer_2:basic
Peer_5:basic INFO 10000.557250947799: Sending message <Pong:> to Peer_2:basic
Peer_5:basic INFO 10000.571542790292: Received message <Ping:> from Peer_6:basic
Peer_5:basic INFO 10000.571542790292: Sending message <Pong:> to Peer_6:basic
Peer_5:basic INFO 10000.606634304657: Received message <Ping:> from Peer_7:basic
Peer_5:basic INFO 10000.606634304657: Sending message <Pong:> to Peer_7:basic
Peer_5:basic INFO 10001.129246066983: Received message <Pong:> from Peer_2:basic
Peer_5:basic INFO 10001.245289749737: Received message <Pong:> from Peer_6:basic
Peer_5:basic INFO 10001.29323406711: Received message <Ping:> from Peer_1:basic
Peer_5:basic INFO 10001.29323406711: Sending message <Pong:> to Peer_1:basic
Peer_5:basic INFO 10001.315571789371: Received message <Pong:> from Peer_7:basic
Peer_5:basic INFO 10003.686828652191: Received message <Pong:> from Peer_1:basic
Peer_5:basic INFO 11000: Sending message <Ping:> to Peer_7:basic
Peer_5:basic INFO 11000: Sending message <Ping:> to Peer_6:basic
Peer_5:basic INFO 11000: Sending message <Ping:> to Peer_2:basic
Peer_5:basic INFO 11000: Sending message <Ping:> to Peer_1:basic
Peer_5:basic INFO 11000.64842554452: Received message <Ping:> from Peer_6:basic
Peer_5:basic INFO 11000.64842554452: Sending message <Pong:> to Peer_6:basic
Peer_5:basic INFO 11000.779321199778: Received message <Ping:> from Peer_7:basic
Peer_5:basic INFO 11000.779321199778: Sending message <Pong:> to Peer_7:basic
Peer_5:basic INFO 11000.835284540679: Received message <Ping:> from Peer_2:basic
Peer_5:basic INFO 11000.835284540679: Sending message <Pong:> to Peer_2:basic
Peer_5:basic INFO 11001.082255546991: Received message <Pong:> from Peer_6:basic
Peer_5:basic INFO 11001.435446809484: Received message <Ping:> from Peer_1:basic
Peer_5:basic INFO 11001.435446809484: Sending message <Pong:> to Peer_1:basic
Peer_5:basic INFO 11001.462286439017: Received message <Pong:> from Peer_7:basic
Peer_5:basic INFO 11001.537873450065: Received message <Pong:> from Peer_2:basic
Peer_5:basic INFO 11003.205742829827: Received message <Pong:> from Peer_1:basic
Peer_5:basic INFO 12000: Sending message <Ping:> to Peer_7:basic
Peer_5:basic INFO 12000: Sending message <Ping:> to Peer_6:basic
Peer_5:basic INFO 12000: Sending message <Ping:> to Peer_2:basic
Peer_5:basic INFO 12000: Sending message <Ping:> to Peer_1:basic
Peer_5:basic INFO 12000.573964202367: Received message <Ping:> from Peer_7:basic
Peer_5:basic INFO 12000.573964202367: Sending message <Pong:> to Peer_7:basic
Peer_5:basic INFO 12000.584519375021: Received message <Ping:> from Peer_6:basic
Peer_5:basic INFO 12000.584519375021: Sending message <Pong:> to Peer_6:basic
Peer_5:basic INFO 12001.027466992744: Received message <Ping:> from Peer_2:basic
Peer_5:basic INFO 12001.027466992744: Sending message <Pong:> to Peer_2:basic
Peer_5:basic INFO 12001.121304581773: Received message <Pong:> from Peer_6:basic
Peer_5:basic INFO 12001.398418034185: Received message <Pong:> from Peer_7:basic
Peer_5:basic INFO 12001.972584915897: Received message <Ping:> from Peer_1:basic
Peer_5:basic INFO 12001.972584915897: Sending message <Pong:> to Peer_1:basic
Peer_5:basic INFO 12002.286598324128: Received message <Pong:> from Peer_2:basic
Peer_5:basic INFO 12002.755909209964: Received message <Pong:> from Peer_1:basic
Peer_5:basic INFO 13000: Sending message <Ping:> to Peer_7:basic
Peer_5:basic INFO 13000: Sending message <Ping:> to Peer_6:basic
Peer_5:basic INFO 13000: Sending message <Ping:> to Peer_2:basic
Peer_5:basic INFO 13000: Sending message <Ping:> to Peer_1:basic
Peer_5:basic INFO 13000.524642938286: Received message <Ping:> from Peer_2:basic
Peer_5:basic INFO 13000.524642938286: Sending message <Pong:> to Peer_2:basic
Peer_5:basic INFO 13000.554832125785: Received message <Ping:> from Peer_6:basic
Peer_5:basic INFO 13000.554832125785: Sending message <Pong:> to Peer_6:basic
Peer_5:basic INFO 13000.597792903585: Received message <Ping:> from Peer_7:basic
Peer_5:basic INFO 13000.597792903585: Sending message <Pong:> to Peer_7:basic
Peer_5:basic INFO 13001.351687818014: Received message <Pong:> from Peer_2:basic
Peer_5:basic INFO 13001.626822936227: Received message <Pong:> from Peer_6:basic
Peer_5:basic INFO 13001.654722961179: Received message <Pong:> from Peer_7:basic
Peer_5:basic INFO 13001.82615585123: Received message <Ping:> from Peer_1:basic
Peer_5:basic INFO 13001.82615585123: Sending message <Pong:> to Peer_1:basic
Peer_5:basic INFO 13002.915516457424: Received message <Pong:> from Peer_1:basic
Peer_5:basic INFO 14000: Sending message <Ping:> to Peer_7:basic
Peer_5:basic INFO 14000: Sending message <Ping:> to Peer_6:basic
Peer_5:basic INFO 14000: Sending message <Ping:> to Peer_2:basic
Peer_5:basic INFO 14000: Sending message <Ping:> to Peer_1:basic
Peer_5:basic INFO 14000.534888719416: Received message <Ping:> from Peer_7:basic
Peer_5:basic INFO 14000.534888719416: Sending message <Pong:> to Peer_7:basic
Peer_5:basic INFO 14000.553558534726: Received message <Ping:> from Peer_6:basic
Peer_5:basic INFO 14000.553558534726: Sending message <Pong:> to Peer_6:basic
Peer_5:basic INFO 14000.675418151832: Received message <Ping:> from Peer_2:basic
Peer_5:basic INFO 14000.675418151832: Sending message <Pong:> to Peer_2:basic
Peer_5:basic INFO 14001.055673024395: Received message <Pong:> from Peer_2:basic
Peer_5:basic INFO 14001.07140029544: Received message <Ping:> from Peer_1:basic
Peer_5:basic INFO 14001.07140029544: Sending message <Pong:> to Peer_1:basic
Peer_5:basic INFO 14001.310661042597: Received message <Pong:> from Peer_7:basic
Peer_5:basic INFO 14001.633032253743: Received message <Pong:> from Peer_6:basic
Peer_5:basic INFO 14002.844416416248: Received message <Pong:> from Peer_1:basic
Peer_5:basic INFO 15000: Sending message <Ping:> to Peer_7:basic
Peer_5:basic INFO 15000: Sending message <Ping:> to Peer_6:basic
Peer_5:basic INFO 15000: Sending message <Ping:> to Peer_2:basic
Peer_5:basic INFO 15000: Sending message <Ping:> to Peer_1:basic
Peer_5:basic INFO 15000.562340706125: Received message <Ping:> from Peer_2:basic
Peer_5:basic INFO 15000.562340706125: Sending message <Pong:> to Peer_2:basic
Peer_5:basic INFO 15000.617663475741: Received message <Ping:> from Peer_6:basic
Peer_5:basic INFO 15000.617663475741: Sending message <Pong:> to Peer_6:basic
Peer_5:basic INFO 15000.767050200884: Received message <Ping:> from Peer_7:basic
Peer_5:basic INFO 15000.767050200884: Sending message <Pong:> to Peer_7:basic
Peer_5:basic INFO 15001.18259416494: Received message <Pong:> from Peer_2:basic
Peer_5:basic INFO 15001.28913768122: Received message <Pong:> from Peer_7:basic
Peer_5:basic INFO 15001.533373186769: Received message <Pong:> from Peer_6:basic
Peer_5:basic INFO 15001.653680775662: Received message <Ping:> from Peer_1:basic
Peer_5:basic INFO 15001.653680775662: Sending message <Pong:> to Peer_1:basic
Peer_5:basic INFO 15002.732364432175: Received message <Pong:> from Peer_1:basic
Peer_5:basic INFO 16000: Sending message <Ping:> to Peer_7:basic
Peer_5:basic INFO 16000: Sending message <Ping:> to Peer_6:basic
Peer_5:basic INFO 16000: Sending message <Ping:> to Peer_2:basic
Peer_5:basic INFO 16000: Sending message <Ping:> to Peer_1:basic
Peer_5:basic INFO 16000.636019799931: Received message <Ping:> from Peer_7:basic
Peer_5:basic INFO 16000.636019799931: Sending message <Pong:> to Peer_7:basic
Peer_5:basic INFO 16000.648551087927: Received message <Ping:> from Peer_2:basic
Peer_5:basic INFO 16000.648551087927: Sending message <Pong:> to Peer_2:basic
Peer_5:basic INFO 16000.75353425875: Received message <Ping:> from Peer_6:basic
Peer_5:basic INFO 16000.75353425875: Sending message <Pong:> to Peer_6:basic
Peer_5:basic INFO 16001.154588414718: Received message <Pong:> from Peer_7:basic
Peer_5:basic INFO 16001.162322710767: Received message <Pong:> from Peer_2:basic
Peer_5:basic INFO 16001.453553736526: Received message <Pong:> from Peer_6:basic
Peer_5:basic INFO 16001.45810746472: Received message <Ping:> from Peer_1:basic
Peer_5:basic INFO 16001.45810746472: Sending message <Pong:> to Peer_1:basic
Peer_5:basic INFO 16003.29140193463: Received message <Pong:> from Peer_1:basic
Peer_5:basic INFO 17000: Sending message <Ping:> to Peer_7:basic
Peer_5:basic INFO 17000: Sending message <Ping:> to Peer_6:basic
Peer_5:basic INFO 17000: Sending message <Ping:> to Peer_2:basic
Peer_5:basic INFO 17000: Sending message <Ping:> to Peer_1:basic
Peer_5:basic INFO 17000.6376217389: Received message <Ping:> from Peer_7:basic
Peer_5:basic INFO 17000.6376217389: Sending message <Pong:> to Peer_7:basic
Peer_5:basic INFO 17000.756040523986: Received message <Ping:> from Peer_2:basic
Peer_5:basic INFO 17000.756040523986: Sending message <Pong:> to Peer_2:basic
Peer_5:basic INFO 17000.84055160818: Received message <Ping:> from Peer_6:basic
Peer_5:basic INFO 17000.84055160818: Sending message <Pong:> to Peer_6:basic
Peer_5:basic INFO 17001.15840034482: Received message <Pong:> from Peer_7:basic
Peer_5:basic INFO 17001.48473363867: Received message <Ping:> from Peer_1:basic
Peer_5:basic INFO 17001.48473363867: Sending message <Pong:> to Peer_1:basic
Peer_5:basic INFO 17001.544558967926: Received message <Pong:> from Peer_6:basic
Peer_5:basic INFO 17001.636940518216: Received message <Pong:> from Peer_2:basic
Peer_5:basic INFO 17003.191367703625: Received message <Pong:> from Peer_1:basic
Peer_5:basic INFO 18000: Sending message <Ping:> to Peer_7:basic
Peer_5:basic INFO 18000: Sending message <Ping:> to Peer_6:basic
Peer_5:basic INFO 18000: Sending message <Ping:> to Peer_2:basic
Peer_5:basic INFO 18000: Sending message <Ping:> to Peer_1:basic
Peer_5:basic INFO 18000.779447493933: Received message <Ping:> from Peer_6:basic
Peer_5:basic INFO 18000.779447493933: Sending message <Pong:> to Peer_6:basic
Peer_5:basic INFO 18000.803404821483: Received message <Ping:> from Peer_7:basic
Peer_5:basic INFO 18000.803404821483: Sending message <Pong:> to Peer_7:basic
Peer_5:basic INFO 18000.993922287613: Received message <Ping:> from Peer_2:basic
Peer_5:basic INFO 18000.993922287613: Sending message <Pong:> to Peer_2:basic
Peer_5:basic INFO 18001.39093195916: Received message <Pong:> from Peer_7:basic
Peer_5:basic INFO 18001.433748243853: Received message <Ping:> from Peer_1:basic
Peer_5:basic INFO 18001.433748243853: Sending message <Pong:> to Peer_1:basic
Peer_5:basic INFO 18001.60676540673: Received message <Pong:> from Peer_2:basic
Peer_5:basic INFO 18001.654611248392: Received message <Pong:> from Peer_6:basic
Peer_5:basic INFO 18003.651375889167: Received message <Pong:> from Peer_1:basic
Peer_5:basic INFO 19000: Sending message <Ping:> to Peer_7:basic
Peer_5:basic INFO 19000: Sending message <Ping:> to Peer_6:basic
Peer_5:basic INFO 19000: Sending message <Ping:> to Peer_2:basic
Peer_5:basic INFO 19000: Sending message <Ping:> to Peer_1:basic
Peer_5:basic INFO 19000.64810367478: Received message <Ping:> from Peer_2:basic
Peer_5:basic INFO 19000.64810367478: Sending message <Pong:> to Peer_2:basic
Peer_5:basic INFO 19000.680897811246: Received message <Ping:> from Peer_7:basic
Peer_5:basic INFO 19000.680897811246: Sending message <Pong:> to Peer_7:basic
Peer_5:basic INFO 19000.814306454755: Received message <Ping:> from Peer_6:basic
Peer_5:basic INFO 19000.814306454755: Sending message <Pong:> to Peer_6:basic
Peer_5:basic INFO 19001.209931400022: Received message <Pong:> from Peer_7:basic
Peer_5:basic INFO 19001.35929497567: Received message <Pong:> from Peer_2:basic
Peer_5:basic INFO 19001.36803625907: Received message <Ping:> from Peer_1:basic
Peer_5:basic INFO 19001.36803625907: Sending message <Pong:> to Peer_1:basic
Peer_5:basic INFO 19001.403696430603: Received message <Pong:> from Peer_6:basic
Peer_5:basic INFO 19002.80221922285: Received message <Pong:> from Peer_1:basic
