Peer_8:basic INFO 0.8372526191223835: Received message <Hello:> from Peer_9:basic
Peer_8:basic INFO 0.8372526191223835: Connecting to Peer_9:basic
Peer_8:basic INFO 0.8372526191223835: Sending message <Hello:> to Peer_9:basic
Peer_8:basic INFO 0.8481237933419403: Received message <Hello:> from Peer_2:basic
Peer_8:basic INFO 0.8481237933419403: Connecting to Peer_2:basic
Peer_8:basic INFO 0.8481237933419403: Sending message <Hello:> to Peer_2:basic
Peer_8:basic INFO 0.9021617550523461: Received message <Hello:> from Peer_1:basic
Peer_8:basic INFO 0.9021617550523461: Connecting to Peer_1:basic
Peer_8:basic INFO 0.9021617550523461: Sending message <Hello:> to Peer_1:basic
Peer_8:basic INFO 0.9805074376186212: Connecting to Peer_2:basic
Peer_8:basic INFO 1.3771038709152081: Received message <Hello:> from Peer_6:basic
Peer_8:basic INFO 1.3771038709152081: Connecting to Peer_6:basic
Peer_8:basic INFO 1.3771038709152081: Sending message <Hello:> to Peer_6:basic
Peer_8:basic INFO 1.4421726087086784: Connecting to Peer_3:basic
Peer_8:basic INFO 1.5049131865236465: Received message <Hello:> from Peer_2:basic
Peer_8:basic INFO 1.655614168600731: Received message <Hello:> from Peer_3:basic
Peer_8:basic INFO 2.1069301645238054: Received message <Hello:> from Peer_2:basic
Peer_8:basic INFO 2.8705133730914323: Received message <Hello:> from Peer_3:basic
Peer_8:basic INFO 1000: Sending message <Ping:> to Peer_9:basic
Peer_8:basic INFO 1000: Sending message <Ping:> to Peer_2:basic
Peer_8:basic INFO 1000: Sending message <Ping:> to Peer_1:basic
Peer_8:basic INFO 1000: Sending message <Ping:> to Peer_2:basic
Peer_8:basic INFO 1000: Sending message <Ping:> to Peer_6:basic
Peer_8:basic INFO 1000: Sending message <Ping:> to Peer_3:basic
Peer_8:basic INFO 1000.8241803741226: Received message <Ping:> from Peer_1:basic
Peer_8:basic INFO 1000.8241803741226: Sending message <Pong:> to Peer_1:basic
Peer_8:basic INFO 1001.1087839965103: Received message <Ping:> from Peer_2:basic
Peer_8:basic INFO 1001.1087839965103: Sending message <Pong:> to Peer_2:basic
Peer_8:basic INFO 1001.1473914246596: Received message <Ping:> from Peer_9:basic
Peer_8:basic INFO 1001.1473914246596: Sending message <Pong:> to Peer_9:basic
Peer_8:basic INFO 1001.5578572150538: Received message <Ping:> from Peer_3:basic
Peer_8:basic INFO 1001.5578572150538: Sending message <Pong:> to Peer_3:basic
Peer_8:basic INFO 1001.5885855159748: Received message <Ping:> from Peer_6:basic
Peer_8:basic INFO 1001.5885855159748: Sending message <Pong:> to Peer_6:basic
Peer_8:basic INFO 1001.5919769739417: Received message <Pong:> from Peer_9:basic
Peer_8:basic INFO 1001.8662380256984: Received message <Ping:> from Peer_2:basic
Peer_8:basic INFO 1001.8662380256984: Sending message <Pong:> to Peer_2:basic
Peer_8:basic INFO 1001.8761901187665: Received message <Pong:> from Peer_1:basic
Peer_8:basic INFO 1002.633504834813: Received message <Pong:> from Peer_3:basic
Peer_8:basic INFO 1002.8013218379797: Received message <Pong:> from Peer_6:basic
Peer_8:basic INFO 1003.4169261762124: Received message <Pong:> from Peer_2:basic
Peer_8:basic INFO 1003.4745399660019: Received message <Pong:> from Peer_2:basic
Peer_8:basic INFO 2000: Sending message <Ping:> to Peer_9:basic
Peer_8:basic INFO 2000: Sending message <Ping:> to Peer_2:basic
Peer_8:basic INFO 2000: Sending message <Ping:> to Peer_1:basic
Peer_8:basic INFO 2000: Sending message <Ping:> to Peer_2:basic
Peer_8:basic INFO 2000: Sending message <Ping:> to Peer_6:basic
Peer_8:basic INFO 2000: Sending message <Ping:> to Peer_3:basic
Peer_8:basic INFO 2000.7994831997553: Received message <Ping:> from Peer_1:basic
Peer_8:basic INFO 2000.7994831997553: Sending message <Pong:> to Peer_1:basic
Peer_8:basic INFO 2001.0167371397542: Received message <Ping:> from Peer_9:basic
Peer_8:basic INFO 2001.0167371397542: Sending message <Pong:> to Peer_9:basic
Peer_8:basic INFO 2001.1100694099778: Received message <Ping:> from Peer_2:basic
Peer_8:basic INFO 2001.1100694099778: Sending message <Pong:> to Peer_2:basic
Peer_8:basic INFO 2001.3342240154836: Received message <Ping:> from Peer_3:basic
Peer_8:basic INFO 2001.3342240154836: Sending message <Pong:> to Peer_3:basic
Peer_8:basic INFO 2001.4710479080347: Received message <Ping:> from Peer_6:basic
Peer_8:basic INFO 2001.4710479080347: Sending message <Pong:> to Peer_6:basic
Peer_8:basic INFO 2001.835720544342: Received message <Pong:> from Peer_1:basic
Peer_8:basic INFO 2001.9277853075025: Received message <Pong:> from Peer_9:basic
Peer_8:basic INFO 2001.9427388895638: Received message <Ping:> from Peer_2:basic
Peer_8:basic INFO 2001.9427388895638: Sending message <Pong:> to Peer_2:basic
Peer_8:basic INFO 2002.6099696517033: Received message <Pong:> from Peer_2:basic
Peer_8:basic INFO 2002.687586868289: Received message <Pong:> from Peer_6:basic
Peer_8:basic INFO 2002.732022519356: Received message <Pong:> from Peer_2:basic
Peer_8:basic INFO 2003.1470287280495: Received message <Pong:> from Peer_3:basic
Peer_8:basic INFO 3000: Sending message <Ping:> to Peer_9:basic
Peer_8:basic INFO 3000: Sending message <Ping:> to Peer_2:basic
Peer_8:basic INFO 3000: Sending message <Ping:> to Peer_1:basic
Peer_8:basic INFO 3000: Sending message <Ping:> to Peer_2:basic
Peer_8:basic INFO 3000: Sending message <Ping:> to Peer_6:basic
Peer_8:basic INFO 3000: Sending message <Ping:> to Peer_3:basic
Peer_8:basic INFO 3000.822063130081: Received message <Ping:> from Peer_9:basic
Peer_8:basic INFO 3000.822063130081: Sending message <Pong:> to Peer_9:basic
Peer_8:basic INFO 3000.9926346878824: Received message <Ping:> from Peer_1:basic
Peer_8:basic INFO 3000.9926346878824: Sending message <Pong:> to Peer_1:basic
Peer_8:basic INFO 3001.2096644843523: Received message <Ping:> from Peer_3:basic
Peer_8:basic INFO 3001.2096644843523: Sending message <Pong:> to Peer_3:basic
Peer_8:basic INFO 3001.2666449682065: Received message <Ping:> from Peer_2:basic
Peer_8:basic INFO 3001.2666449682065: Sending message <Pong:> to Peer_2:basic
Peer_8:basic INFO 3001.3322081377532: Received message <Ping:> from Peer_2:basic
Peer_8:basic INFO 3001.3322081377532: Sending message <Pong:> to Peer_2:basic
Peer_8:basic INFO 3001.5569919069953: Received message <Ping:> from Peer_6:basic
Peer_8:basic INFO 3001.5569919069953: Sending message <Pong:> to Peer_6:basic
Peer_8:basic INFO 3001.812186385304: Received message <Pong:> from Peer_9:basic
Peer_8:basic INFO 3002.122223947176: Received message <Pong:> from Peer_1:basic
Peer_8:basic INFO 3002.288044890724: Received message <Pong:> from Peer_3:basic
Peer_8:basic INFO 3002.4822710263998: Received message <Pong:> from Peer_2:basic
Peer_8:basic INFO 3002.548432692465: Received message <Pong:> from Peer_6:basic
Peer_8:basic INFO 3003.334919837259: Received message <Pong:> from Peer_2:basic
Peer_8:basic INFO 4000: Sending message <Ping:> to Peer_9:basic
Peer_8:basic INFO 4000: Sending message <Ping:> to Peer_2:basic
Peer_8:basic INFO 4000: Sending message <Ping:> to Peer_1:basic
Peer_8:basic INFO 4000: Sending message <Ping:> to Peer_2:basic
Peer_8:basic INFO 4000: Sending message <Ping:> to Peer_6:basic
Peer_8:basic INFO 4000: Sending message <Ping:> to Peer_3:basic
Peer_8:basic INFO 4000.896109021928: Received message <Ping:> from Peer_1:basic
Peer_8:basic INFO 4000.896109021928: Sending message <Pong:> to Peer_1:basic
Peer_8:basic INFO 4000.9472805983087: Received message <Ping:> from Peer_9:basic
Peer_8:basic INFO 4000.9472805983087: Sending message <Pong:> to Peer_9:basic
Peer_8:basic INFO 4001.0419330123877: Received message <Ping:> from Peer_6:basic
Peer_8:basic INFO 4001.0419330123877: Sending message <Pong:> to Peer_6:basic
Peer_8:basic INFO 4001.5383710499173: Received message <Ping:> from Peer_3:basic
Peer_8:basic INFO 4001.5383710499173: Sending message <Pong:> to Peer_3:basic
Peer_8:basic INFO 4001.557639594146: Received message <Ping:> from Peer_2:basic
Peer_8:basic INFO 4001.557639594146: Sending message <Pong:> to Peer_2:basic
Peer_8:basic INFO 4001.6049724361737: Received message <Ping:> from Peer_2:basic
Peer_8:basic INFO 4001.6049724361737: Sending message <Pong:> to Peer_2:basic
Peer_8:basic INFO 4001.7758893824357: Received message <Pong:> from Peer_1:basic
Peer_8:basic INFO 4001.8630440684215: Received message <Pong:> from Peer_9:basic
Peer_8:basic INFO 4002.8628580641184: Received message <Pong:> from Peer_6:basic
Peer_8:basic INFO 4003.017050574697: Received message <Pong:> from Peer_2:basic
Peer_8:basic INFO 4003.2262805854193: Received message <Pong:> from Peer_3:basic
Peer_8:basic INFO 4003.2821230304658: Received message <Pong:> from Peer_2:basic
Peer_8:basic INFO 5000: Sending message <Ping:> to Peer_9:basic
Peer_8:basic INFO 5000: Sending message <Ping:> to Peer_2:basic
Peer_8:basic INFO 5000: Sending message <Ping:> to Peer_1:basic
Peer_8:basic INFO 5000: Sending message <Ping:> to Peer_2:basic
Peer_8:basic INFO 5000: Sending message <Ping:> to Peer_6:basic
Peer_8:basic INFO 5000: Sending message <Ping:> to Peer_3:basic
Peer_8:basic INFO 5000.710938254329: Received message <Ping:> from Peer_9:basic
Peer_8:basic INFO 5000.710938254329: Sending message <Pong:> to Peer_9:basic
Peer_8:basic INFO 5001.271834588559: Received message <Ping:> from Peer_1:basic
Peer_8:basic INFO 5001.271834588559: Sending message <Pong:> to Peer_1:basic
Peer_8:basic INFO 5001.343359737578: Received message <Ping:> from Peer_6:basic
Peer_8:basic INFO 5001.343359737578: Sending message <Pong:> to Peer_6:basic
Peer_8:basic INFO 5001.42956185225: Received message <Ping:> from Peer_2:basic
Peer_8:basic INFO 5001.42956185225: Sending message <Pong:> to Peer_2:basic
Peer_8:basic INFO 5001.47806648987: Received message <Ping:> from Peer_2:basic
Peer_8:basic INFO 5001.47806648987: Sending message <Pong:> to Peer_2:basic
Peer_8:basic INFO 5001.587909059465: Received message <Pong:> from Peer_9:basic
Peer_8:basic INFO 5001.617235805304: Received message <Ping:> from Peer_3:basic
Peer_8:basic INFO 5001.617235805304: Sending message <Pong:> to Peer_3:basic
Peer_8:basic INFO 5002.138738132459: Received message <Pong:> from Peer_1:basic
Peer_8:basic INFO 5002.719696147076: Received message <Pong:> from Peer_2:basic
Peer_8:basic INFO 5003.1605716763315: Received message <Pong:> from Peer_2:basic
Peer_8:basic INFO 5003.301553909488: Received message <Pong:> from Peer_6:basic
Peer_8:basic INFO 5003.810915256872: Received message <Pong:> from Peer_3:basic
Peer_8:basic INFO 6000: Sending message <Ping:> to Peer_9:basic
Peer_8:basic INFO 6000: Sending message <Ping:> to Peer_2:basic
Peer_8:basic INFO 6000: Sending message <Ping:> to Peer_1:basic
Peer_8:basic INFO 6000: Sending message <Ping:> to Peer_2:basic
Peer_8:basic INFO 6000: Sending message <Ping:> to Peer_6:basic
Peer_8:basic INFO 6000: Sending message <Ping:> to Peer_3:basic
Peer_8:basic INFO 6000.7491104197325: Received message <Ping:> from Peer_9:basic
Peer_8:basic INFO 6000.7491104197325: Sending message <Pong:> to Peer_9:basic
Peer_8:basic INFO 6000.868404303883: Received message <Ping:> from Peer_1:basic
Peer_8:basic INFO 6000.868404303883: Sending message <Pong:> to Peer_1:basic
Peer_8:basic INFO 6001.138622434698: Received message <Ping:> from Peer_2:basic
Peer_8:basic INFO 6001.138622434698: Sending message <Pong:> to Peer_2:basic
Peer_8:basic INFO 6001.2084773357665: Received message <Ping:> from Peer_3:basic
Peer_8:basic INFO 6001.2084773357665: Sending message <Pong:> to Peer_3:basic
Peer_8:basic INFO 6001.4036351339055: Received message <Ping:> from Peer_2:basic
Peer_8:basic INFO 6001.4036351339055: Sending message <Pong:> to Peer_2:basic
Peer_8:basic INFO 6001.503697630665: Received message <Pong:> from Peer_9:basic
Peer_8:basic INFO 6001.678481754049: Received message <Pong:> from Peer_6:basic
Peer_8:basic INFO 6002.103515755244: Received message <Ping:> from Peer_6:basic
Peer_8:basic INFO 6002.103515755244: Sending message <Pong:> to Peer_6:basic
Peer_8:basic INFO 6002.314398458335: Received message <Pong:> from Peer_1:basic
Peer_8:basic INFO 6002.528196089552: Received message <Pong:> from Peer_2:basic
Peer_8:basic INFO 6003.153696511948: Received message <Pong:> from Peer_3:basic
Peer_8:basic INFO 6003.360720627913: Received message <Pong:> from Peer_2:basic
Peer_8:basic INFO 7000: Sending message <Ping:> to Peer_9:basic
Peer_8:basic INFO 7000: Sending message <Ping:> to Peer_2:basic
Peer_8:basic INFO 7000: Sending message <Ping:> to Peer_1:basic
Peer_8:basic INFO 7000: Sending message <Ping:> to Peer_2:basic
Peer_8:basic INFO 7000: Sending message <Ping:> to Peer_6:basic
Peer_8:basic INFO 7000: Sending message <Ping:> to Peer_3:basic
Peer_8:basic INFO 7000.745366102864: Received message <Ping:> from Peer_1:basic
Peer_8:basic INFO 7000.745366102864: Sending message <Pong:> to Peer_1:basic
Peer_8:basic INFO 7000.792227915492: Received message <Ping:> from Peer_9:basic
Peer_8:basic INFO 7000.792227915492: Sending message <Pong:> to Peer_9:basic
Peer_8:basic INFO 7001.150197950681: Received message <Ping:> from Peer_2:basic
Peer_8:basic INFO 7001.150197950681: Sending message <Pong:> to Peer_2:basic
Peer_8:basic INFO 7001.410563537622: Received message <Ping:> from Peer_6:basic
Peer_8:basic INFO 7001.410563537622: Sending message <Pong:> to Peer_6:basic
Peer_8:basic INFO 7001.418539723344: Received message <Ping:> from Peer_2:basic
Peer_8:basic INFO 7001.418539723344: Sending message <Pong:> to Peer_2:basic
Peer_8:basic INFO 7001.622045946648: Received message <Pong:> from Peer_9:basic
Peer_8:basic INFO 7001.791287234621: Received message <Ping:> from Peer_3:basic
Peer_8:basic INFO 7001.791287234621: Sending message <Pong:> to Peer_3:basic
Peer_8:basic INFO 7002.147610664538: Received message <Pong:> from Peer_1:basic
Peer_8:basic INFO 7003.363528868212: Received message <Pong:> from Peer_6:basic
Peer_8:basic INFO 7003.469574165526: Received message <Pong:> from Peer_3:basic
Peer_8:basic INFO 7003.7416017375635: Received message <Pong:> from Peer_2:basic
Peer_8:basic INFO 7004.026000213876: Received message <Pong:> from Peer_2:basic
Peer_8:basic INFO 8000: Sending message <Ping:> to Peer_9:basic
Peer_8:basic INFO 8000: Sending message <Ping:> to Peer_2:basic
Peer_8:basic INFO 8000: Sending message <Ping:> to Peer_1:basic
Peer_8:basic INFO 8000: Sending message <Ping:> to Peer_2:basic
Peer_8:basic INFO 8000: Sending message <Ping:> to Peer_6:basic
Peer_8:basic INFO 8000: Sending message <Ping:> to Peer_3:basic
Peer_8:basic INFO 8000.830439500016: Received message <Ping:> from Peer_9:basic
Peer_8:basic INFO 8000.830439500016: Sending message <Pong:> to Peer_9:basic
Peer_8:basic INFO 8000.958383934553: Received message <Ping:> from Peer_1:basic
Peer_8:basic INFO 8000.958383934553: Sending message <Pong:> to Peer_1:basic
Peer_8:basic INFO 8000.99647986915: Received message <Ping:> from Peer_3:basic
Peer_8:basic INFO 8000.99647986915: Sending message <Pong:> to Peer_3:basic
Peer_8:basic INFO 8001.3511759502635: Received message <Ping:> from Peer_2:basic
Peer_8:basic INFO 8001.3511759502635: Sending message <Pong:> to Peer_2:basic
Peer_8:basic INFO 8001.5543886799915: Received message <Ping:> from Peer_6:basic
Peer_8:basic INFO 8001.5543886799915: Sending message <Pong:> to Peer_6:basic
Peer_8:basic INFO 8001.642634405358: Received message <Ping:> from Peer_2:basic
Peer_8:basic INFO 8001.642634405358: Sending message <Pong:> to Peer_2:basic
Peer_8:basic INFO 8001.779301699497: Received message <Pong:> from Peer_1:basic
Peer_8:basic INFO 8001.857768274677: Received message <Pong:> from Peer_9:basic
Peer_8:basic INFO 8002.853968517876: Received message <Pong:> from Peer_3:basic
Peer_8:basic INFO 8003.068948224023: Received message <Pong:> from Peer_2:basic
Peer_8:basic INFO 8003.465535050384: Received message <Pong:> from Peer_6:basic
Peer_8:basic INFO 8003.490713581534: Received message <Pong:> from Peer_2:basic
Peer_8:basic INFO 9000: Sending message <Ping:> to Peer_9:basic
Peer_8:basic INFO 9000: Sending message <Ping:> to Peer_2:basic
Peer_8:basic INFO 9000: Sending message <Ping:> to Peer_1:basic
Peer_8:basic INFO 9000: Sending message <Ping:> to Peer_2:basic
Peer_8:basic INFO 9000: Sending message <Ping:> to Peer_6:basic
Peer_8:basic INFO 9000: Sending message <Ping:> to Peer_3:basic
Peer_8:basic INFO 9000.684096009038: Received message <Ping:> from Peer_1:basic
Peer_8:basic INFO 9000.684096009038: Sending message <Pong:> to Peer_1:basic
Peer_8:basic INFO 9001.13832959043: Received message <Ping:> from Peer_9:basic
Peer_8:basic INFO 9001.13832959043: Sending message <Pong:> to Peer_9:basic
Peer_8:basic INFO 9001.662460560505: Received message <Ping:> from Peer_2:basic
Peer_8:basic INFO 9001.662460560505: Sending message <Pong:> to Peer_2:basic
Peer_8:basic INFO 9001.757289623101: Received message <Ping:> from Peer_6:basic
Peer_8:basic INFO 9001.757289623101: Sending message <Pong:> to Peer_6:basic
Peer_8:basic INFO 9001.794641965702: Received message <Pong:> from Peer_1:basic
Peer_8:basic INFO 9001.935735885125: Received message <Ping:> from Peer_2:basic
Peer_8:basic INFO 9001.935735885125: Sending message <Pong:> to Peer_2:basic
Peer_8:basic INFO 9002.030199450874: Received message <Ping:> from Peer_3:basic
Peer_8:basic INFO 9002.030199450874: Sending message <Pong:> to Peer_3:basic
Peer_8:basic INFO 9002.121456044004: Received message <Pong:> from Peer_9:basic
Peer_8:basic INFO 9002.318977919796: Received message <Pong:> from Peer_2:basic
Peer_8:basic INFO 9002.807248382187: Received message <Pong:> from Peer_3:basic
Peer_8:basic INFO 9003.278292092808: Received message <Pong:> from Peer_2:basic
Peer_8:basic INFO 9003.414697468446: Received message <Pong:> from Peer_6:basic
Peer_8:basic INFO 10000: Sending message <Ping:> to Peer_9:basic
Peer_8:basic INFO 10000: Sending message <Ping:> to Peer_2:basic
Peer_8:basic INFO 10000: Sending message <Ping:> to Peer_1:basic
Peer_8:basic INFO 10000: Sending message <Ping:> to Peer_2:basic
Peer_8:basic INFO 10000: Sending message <Ping:> to Peer_6:basic
Peer_8:basic INFO 10000: Sending message <Ping:> to Peer_3:basic
Peer_8:basic INFO 10000.871331965564: Received message <Ping:> from Peer_1:basic
Peer_8:basic INFO 10000.871331965564: Sending message <Pong:> to Peer_1:basic
Peer_8:basic INFO 10000.87272634849: Received message <Ping:> from Peer_9:basic
Peer_8:basic INFO 10000.87272634849: Sending message <Pong:> to Peer_9:basic
Peer_8:basic INFO 10001.056288141835: Received message <Ping:> from Peer_6:basic
Peer_8:basic INFO 10001.056288141835: Sending message <Pong:> to Peer_6:basic
Peer_8:basic INFO 10001.339778074693: Received message <Ping:> from Peer_2:basic
Peer_8:basic INFO 10001.339778074693: Sending message <Pong:> to Peer_2:basic
Peer_8:basic INFO 10001.445082382212: Received message <Ping:> from Peer_3:basic
Peer_8:basic INFO 10001.445082382212: Sending message <Pong:> to Peer_3:basic
Peer_8:basic INFO 10001.46372639599: Received message <Ping:> from Peer_2:basic
Peer_8:basic INFO 10001.46372639599: Sending message <Pong:> to Peer_2:basic
Peer_8:basic INFO 10001.656626180908: Received message <Pong:> from Peer_1:basic
Peer_8:basic INFO 10002.129923910961: Received message <Pong:> from Peer_9:basic
Peer_8:basic INFO 10002.29725003528: Received message <Pong:> from Peer_6:basic
Peer_8:basic INFO 10002.646367844629: Received message <Pong:> from Peer_2:basic
Peer_8:basic INFO 10002.788483921728: Received message <Pong:> from Peer_2:basic
Peer_8:basic INFO 10002.85647574171: Received message <Pong:> from Peer_3:basic
Peer_8:basic INFO 11000: Sending message <Ping:> to Peer_9:basic
Peer_8:basic INFO 11000: Sending message <Ping:> to Peer_2:basic
Peer_8:basic INFO 11000: Sending message <Ping:> to Peer_1:basic
Peer_8:basic INFO 11000: Sending message <Ping:> to Peer_2:basic
Peer_8:basic INFO 11000: Sending message <Ping:> to Peer_6:basic
Peer_8:basic INFO 11000: Sending message <Ping:> to Peer_3:basic
Peer_8:basic INFO 11000.935358321038: Received message <Ping:> from Peer_9:basic
Peer_8:basic INFO 11000.935358321038: Sending message <Pong:> to Peer_9:basic
Peer_8:basic INFO 11000.943922594573: Received message <Ping:> from Peer_1:basic
Peer_8:basic INFO 11000.943922594573: Sending message <Pong:> to Peer_1:basic
Peer_8:basic INFO 11001.140947256814: Received message <Ping:> from Peer_2:basic
Peer_8:basic INFO 11001.140947256814: Sending message <Pong:> to Peer_2:basic
Peer_8:basic INFO 11001.323324041186: Received message <Ping:> from Peer_6:basic
Peer_8:basic INFO 11001.323324041186: Sending message <Pong:> to Peer_6:basic
Peer_8:basic INFO 11001.631617211335: Received message <Ping:> from Peer_3:basic
Peer_8:basic INFO 11001.631617211335: Sending message <Pong:> to Peer_3:basic
Peer_8:basic INFO 11001.77673718096: Received message <Pong:> from Peer_1:basic
Peer_8:basic INFO 11001.851579446598: Received message <Ping:> from Peer_2:basic
Peer_8:basic INFO 11001.851579446598: Sending message <Pong:> to Peer_2:basic
Peer_8:basic INFO 11002.280103798512: Received message <Pong:> from Peer_9:basic
Peer_8:basic INFO 11002.55503362022: Received message <Pong:> from Peer_2:basic
Peer_8:basic INFO 11003.043586064518: Received message <Pong:> from Peer_3:basic
Peer_8:basic INFO 11003.236683144489: Received message <Pong:> from Peer_2:basic
Peer_8:basic INFO 11003.285439944942: Received message <Pong:> from Peer_6:basic
Peer_8:basic INFO 12000: Sending message <Ping:> to Peer_9:basic
Peer_8:basic INFO 12000: Sending message <Ping:> to Peer_2:basic
Peer_8:basic INFO 12000: Sending message <Ping:> to Peer_1:basic
Peer_8:basic INFO 12000: Sending message <Ping:> to Peer_2:basic
Peer_8:basic INFO 12000: Sending message <Ping:> to Peer_6:basic
Peer_8:basic INFO 12000: Sending message <Ping:> to Peer_3:basic
Peer_8:basic INFO 12000.699875331466: Received message <Ping:> from Peer_1:basic
Peer_8:basic INFO 12000.699875331466: Sending message <Pong:> to Peer_1:basic
Peer_8:basic INFO 12000.73543964973: Received message <Ping:> from Peer_9:basic
Peer_8:basic INFO 12000.73543964973: Sending message <Pong:> to Peer_9:basic
Peer_8:basic INFO 12001.152719126843: Received message <Ping:> from Peer_3:basic
Peer_8:basic INFO 12001.152719126843: Sending message <Pong:> to Peer_3:basic
Peer_8:basic INFO 12001.520718714652: Received message <Ping:> from Peer_2:basic
Peer_8:basic INFO 12001.520718714652: Sending message <Pong:> to Peer_2:basic
Peer_8:basic INFO 12001.593349876879: Received message <Ping:> from Peer_6:basic
Peer_8:basic INFO 12001.593349876879: Sending message <Pong:> to Peer_6:basic
Peer_8:basic INFO 12001.708068925102: Received message <Pong:> from Peer_9:basic
Peer_8:basic INFO 12001.873172917356: Received message <Ping:> from Peer_2:basic
Peer_8:basic INFO 12001.873172917356: Sending message <Pong:> to Peer_2:basic
Peer_8:basic INFO 12001.910609630986: Received message <Pong:> from Peer_1:basic
Peer_8:basic INFO 12002.779739309099: Received message <Pong:> from Peer_3:basic
Peer_8:basic INFO 12003.030457521594: Received message <Pong:> from Peer_2:basic
Peer_8:basic INFO 12003.294756068535: Received message <Pong:> from Peer_6:basic
Peer_8:basic INFO 12003.704567008439: Received message <Pong:> from Peer_2:basic
Peer_8:basic INFO 13000: Sending message <Ping:> to Peer_9:basic
Peer_8:basic INFO 13000: Sending message <Ping:> to Peer_2:basic
Peer_8:basic INFO 13000: Sending message <Ping:> to Peer_1:basic
Peer_8:basic INFO 13000: Sending message <Ping:> to Peer_2:basic
Peer_8:basic INFO 13000: Sending message <Ping:> to Peer_6:basic
Peer_8:basic INFO 13000: Sending message <Ping:> to Peer_3:basic
Peer_8:basic INFO 13000.82034695225: Received message <Ping:> from Peer_9:basic
Peer_8:basic INFO 13000.82034695225: Sending message <Pong:> to Peer_9:basic
Peer_8:basic INFO 13001.025604893503: Received message <Ping:> from Peer_1:basic
Peer_8:basic INFO 13001.025604893503: Sending message <Pong:> to Peer_1:basic
Peer_8:basic INFO 13001.149733903962: Received message <Ping:> from Peer_2:basic
Peer_8:basic INFO 13001.149733903962: Sending message <Pong:> to Peer_2:basic
Peer_8:basic INFO 13001.354722342468: Received message <Ping:> from Peer_3:basic
Peer_8:basic INFO 13001.354722342468: Sending message <Pong:> to Peer_3:basic
Peer_8:basic INFO 13001.579649549627: Received message <Pong:> from Peer_1:basic
Peer_8:basic INFO 13002.05561404235: Received message <Ping:> from Peer_2:basic
Peer_8:basic INFO 13002.05561404235: Sending message <Pong:> to Peer_2:basic
Peer_8:basic INFO 13002.075640475548: Received message <Ping:> from Peer_6:basic
Peer_8:basic INFO 13002.075640475548: Sending message <Pong:> to Peer_6:basic
Peer_8:basic INFO 13002.404884535761: Received message <Pong:> from Peer_9:basic
Peer_8:basic INFO 13002.72203283834: Received message <Pong:> from Peer_2:basic
Peer_8:basic INFO 13002.76092044715: Received message <Pong:> from Peer_6:basic
Peer_8:basic INFO 13002.86273808557: Received message <Pong:> from Peer_3:basic
Peer_8:basic INFO 13002.904005907076: Received message <Pong:> from Peer_2:basic
Peer_8:basic INFO 14000: Sending message <Ping:> to Peer_9:basic
Peer_8:basic INFO 14000: Sending message <Ping:> to Peer_2:basic
Peer_8:basic INFO 14000: Sending message <Ping:> to Peer_1:basic
Peer_8:basic INFO 14000: Sending message <Ping:> to Peer_2:basic
Peer_8:basic INFO 14000: Sending message <Ping:> to Peer_6:basic
Peer_8:basic INFO 14000: Sending message <Ping:> to Peer_3:basic
Peer_8:basic INFO 14000.834146742323: Received message <Ping:> from Peer_1:basic
Peer_8:basic INFO 14000.834146742323: Sending message <Pong:> to Peer_1:basic
Peer_8:basic INFO 14001.17944352892: Received message <Ping:> from Peer_2:basic
Peer_8:basic INFO 14001.17944352892: Sending message <Pong:> to Peer_2:basic
Peer_8:basic INFO 14001.387552320588: Received message <Ping:> from Peer_9:basic
Peer_8:basic INFO 14001.387552320588: Sending message <Pong:> to Peer_9:basic
Peer_8:basic INFO 14001.567970343795: Received message <Ping:> from Peer_6:basic
Peer_8:basic INFO 14001.567970343795: Sending message <Pong:> to Peer_6:basic
Peer_8:basic INFO 14001.639560150237: Received message <Ping:> from Peer_2:basic
Peer_8:basic INFO 14001.639560150237: Sending message <Pong:> to Peer_2:basic
Peer_8:basic INFO 14001.718579270228: Received message <Pong:> from Peer_9:basic
Peer_8:basic INFO 14001.760890535816: Received message <Ping:> from Peer_3:basic
Peer_8:basic INFO 14001.760890535816: Sending message <Pong:> to Peer_3:basic
Peer_8:basic INFO 14002.038032381684: Received message <Pong:> from Peer_1:basic
Peer_8:basic INFO 14002.845791961732: Received message <Pong:> from Peer_2:basic
Peer_8:basic INFO 14003.089869323068: Received message <Pong:> from Peer_3:basic
Peer_8:basic INFO 14003.15287067077: Received message <Pong:> from Peer_2:basic
Peer_8:basic INFO 14003.491600427607: Received message <Pong:> from Peer_6:basic
Peer_8:basic INFO 15000: Sending message <Ping:> to Peer_9:basic
Peer_8:basic INFO 15000: Sending message <Ping:> to Peer_2:basic
Peer_8:basic INFO 15000: Sending message <Ping:> to Peer_1:basic
Peer_8:basic INFO 15000: Sending message <Ping:> to Peer_2:basic
Peer_8:basic INFO 15000: Sending message <Ping:> to Peer_6:basic
Peer_8:basic INFO 15000: Sending message <Ping:> to Peer_3:basic
Peer_8:basic INFO 15000.961301718651: Received message <Ping:> from Peer_9:basic
Peer_8:basic INFO 15000.961301718651: Sending message <Pong:> to Peer_9:basic
Peer_8:basic INFO 15000.962704159487: Received message <Ping:> from Peer_1:basic
Peer_8:basic INFO 15000.962704159487: Sending message <Pong:> to Peer_1:basic
Peer_8:basic INFO 15000.968475752466: Received message <Ping:> from Peer_2:basic
Peer_8:basic INFO 15000.968475752466: Sending message <Pong:> to Peer_2:basic
Peer_8:basic INFO 15001.443802410668: Received message <Ping:> from Peer_3:basic
Peer_8:basic INFO 15001.443802410668: Sending message <Pong:> to Peer_3:basic
Peer_8:basic INFO 15001.457565043678: Received message <Pong:> from Peer_1:basic
Peer_8:basic INFO 15001.630297639858: Received message <Ping:> from Peer_2:basic
Peer_8:basic INFO 15001.630297639858: Sending message <Pong:> to Peer_2:basic
Peer_8:basic INFO 15001.81913699411: Received message <Ping:> from Peer_6:basic
Peer_8:basic INFO 15001.81913699411: Sending message <Pong:> to Peer_6:basic
Peer_8:basic INFO 15001.85999423705: Received message <Pong:> from Peer_9:basic
Peer_8:basic INFO 15002.698537444256: Received message <Pong:> from Peer_2:basic
Peer_8:basic INFO 15002.863565149742: Received message <Pong:> from Peer_2:basic
Peer_8:basic INFO 15002.914674869866: Received message <Pong:> from Peer_6:basic
Peer_8:basic INFO 15003.008727628014: Received message <Pong:> from Peer_3:basic
Peer_8:basic INFO 16000: Sending message <Ping:> to Peer_9:basic
Peer_8:basic INFO 16000: Sending message <Ping:> to Peer_2:basic
Peer_8:basic INFO 16000: Sending message <Ping:> to Peer_1:basic
Peer_8:basic INFO 16000: Sending message <Ping:> to Peer_2:basic
Peer_8:basic INFO 16000: Sending message <Ping:> to Peer_6:basic
Peer_8:basic INFO 16000: Sending message <Ping:> to Peer_3:basic
Peer_8:basic INFO 16000.86851302874: Received message <Ping:> from Peer_1:basic
Peer_8:basic INFO 16000.86851302874: Sending message <Pong:> to Peer_1:basic
Peer_8:basic INFO 16000.874831004152: Received message <Ping:> from Peer_9:basic
Peer_8:basic INFO 16000.874831004152: Sending message <Pong:> to Peer_9:basic
Peer_8:basic INFO 16001.249367343062: Received message <Ping:> from Peer_6:basic
Peer_8:basic INFO 16001.249367343062: Sending message <Pong:> to Peer_6:basic
Peer_8:basic INFO 16001.505248747326: Received message <Ping:> from Peer_3:basic
Peer_8:basic INFO 16001.505248747326: Sending message <Pong:> to Peer_3:basic
Peer_8:basic INFO 16001.550394808342: Received message <Pong:> from Peer_1:basic
Peer_8:basic INFO 16001.557562348555: Received message <Ping:> from Peer_2:basic
Peer_8:basic INFO 16001.557562348555: Sending message <Pong:> to Peer_2:basic
Peer_8:basic INFO 16001.646228862015: Received message <Ping:> from Peer_2:basic
Peer_8:basic INFO 16001.646228862015: Sending message <Pong:> to Peer_2:basic
Peer_8:basic INFO 16001.988503491004: Received message <Pong:> from Peer_9:basic
Peer_8:basic INFO 16002.481160616684: Received message <Pong:> from Peer_2:basic
Peer_8:basic INFO 16002.794292055913: Received message <Pong:> from Peer_3:basic
Peer_8:basic INFO 16003.299915232177: Received message <Pong:> from Peer_6:basic
Peer_8:basic INFO 16003.580132206398: Received message <Pong:> from Peer_2:basic
Peer_8:basic INFO 17000: Sending message <Ping:> to Peer_9:basic
Peer_8:basic INFO 17000: Sending message <Ping:> to Peer_2:basic
Peer_8:basic INFO 17000: Sending message <Ping:> to Peer_1:basic
Peer_8:basic INFO 17000: Sending message <Ping:> to Peer_2:basic
Peer_8:basic INFO 17000: Sending message <Ping:> to Peer_6:basic
Peer_8:basic INFO 17000: Sending message <Ping:> to Peer_3:basic
Peer_8:basic INFO 17000.803105089086: Received message <Ping:> from Peer_1:basic
Peer_8:basic INFO 17000.803105089086: Sending message <Pong:> to Peer_1:basic
Peer_8:basic INFO 17000.980272587432: Received message <Ping:> from Peer_9:basic
Peer_8:basic INFO 17000.980272587432: Sending message <Pong:> to Peer_9:basic
Peer_8:basic INFO 17001.195850876436: Received message <Ping:> from Peer_3:basic
Peer_8:basic INFO 17001.195850876436: Sending message <Pong:> to Peer_3:basic
Peer_8:basic INFO 17001.427238895718: Received message <Ping:> from Peer_2:basic
Peer_8:basic INFO 17001.427238895718: Sending message <Pong:> to Peer_2:basic
Peer_8:basic INFO 17001.739677213143: Received message <Ping:> from Peer_6:basic
Peer_8:basic INFO 17001.739677213143: Sending message <Pong:> to Peer_6:basic
Peer_8:basic INFO 17001.893474773922: Received message <Pong:> from Peer_1:basic
Peer_8:basic INFO 17001.910516961238: Received message <Pong:> from Peer_9:basic
Peer_8:basic INFO 17002.014762222236: Received message <Ping:> from Peer_2:basic
Peer_8:basic INFO 17002.014762222236: Sending message <Pong:> to Peer_2:basic
Peer_8:basic INFO 17002.311611903602: Received message <Pong:> from Peer_3:basic
Peer_8:basic INFO 17002.428287780633: Received message <Pong:> from Peer_6:basic
Peer_8:basic INFO 17002.889635056068: Received message <Pong:> from Peer_2:basic
Peer_8:basic INFO 17003.13335962496: Received message <Pong:> from Peer_2:basic
Peer_8:basic INFO 18000: Sending message <Ping:> to Peer_9:basic
Peer_8:basic INFO 18000: Sending message <Ping:> to Peer_2:basic
Peer_8:basic INFO 18000: Sending message <Ping:> to Peer_1:basic
Peer_8:basic INFO 18000: Sending message <Ping:> to Peer_2:basic
Peer_8:basic INFO 18000: Sending message <Ping:> to Peer_6:basic
Peer_8:basic INFO 18000: Sending message <Ping:> to Peer_3:basic
Peer_8:basic INFO 18000.809333760255: Received message <Ping:> from Peer_1:basic
Peer_8:basic INFO 18000.809333760255: Sending message <Pong:> to Peer_1:basic
Peer_8:basic INFO 18001.149987346926: Received message <Ping:> from Peer_9:basic
Peer_8:basic INFO 18001.149987346926: Sending message <Pong:> to Peer_9:basic
Peer_8:basic INFO 18001.23886314099: Received message <Ping:> from Peer_2:basic
Peer_8:basic INFO 18001.23886314099: Sending message <Pong:> to Peer_2:basic
Peer_8:basic INFO 18001.265384617407: Received message <Ping:> from Peer_2:basic
Peer_8:basic INFO 18001.265384617407: Sending message <Pong:> to Peer_2:basic
Peer_8:basic INFO 18001.391711480486: Received message <Pong:> from Peer_9:basic
Peer_8:basic INFO 18001.619090525306: Received message <Ping:> from Peer_6:basic
Peer_8:basic INFO 18001.619090525306: Sending message <Pong:> to Peer_6:basic
Peer_8:basic INFO 18001.869630676865: Received message <Ping:> from Peer_3:basic
Peer_8:basic INFO 18001.869630676865: Sending message <Pong:> to Peer_3:basic
Peer_8:basic INFO 18001.891191712424: Received message <Pong:> from Peer_1:basic
Peer_8:basic INFO 18002.385120748153: Received message <Pong:> from Peer_3:basic
Peer_8:basic INFO 18002.60261519477: Received message <Pong:> from Peer_6:basic
Peer_8:basic INFO 18002.654228834188: Received message <Pong:> from Peer_2:basic
Peer_8:basic INFO 18003.479542221696: Received message <Pong:> from Peer_2:basic
Peer_8:basic INFO 19000: Sending message <Ping:> to Peer_9:basic
Peer_8:basic INFO 19000: Sending message <Ping:> to Peer_2:basic
Peer_8:basic INFO 19000: Sending message <Ping:> to Peer_1:basic
Peer_8:basic INFO 19000: Sending message <Ping:> to Peer_2:basic
Peer_8:basic INFO 19000: Sending message <Ping:> to Peer_6:basic
Peer_8:basic INFO 19000: Sending message <Ping:> to Peer_3:basic
Peer_8:basic INFO 19000.74026235282: Received message <Ping:> from Peer_9:basic
Peer_8:basic INFO 19000.74026235282: Sending message <Pong:> to Peer_9:basic
Peer_8:basic INFO 19001.1981522971: Received message <Ping:> from Peer_2:basic
Peer_8:basic INFO 19001.1981522971: Sending message <Pong:> to Peer_2:basic
Peer_8:basic INFO 19001.34604425931: Received message <Ping:> from Peer_1:basic
Peer_8:basic INFO 19001.34604425931: Sending message <Pong:> to Peer_1:basic
Peer_8:basic INFO 19001.42243792712: Received message <Ping:> from Peer_3:basic
Peer_8:basic INFO 19001.42243792712: Sending message <Pong:> to Peer_3:basic
Peer_8:basic INFO 19001.447256595835: Received message <Pong:> from Peer_9:basic
Peer_8:basic INFO 19001.524291490237: Received message <Ping:> from Peer_6:basic
Peer_8:basic INFO 19001.524291490237: Sending message <Pong:> to Peer_6:basic
Peer_8:basic INFO 19001.671041998095: Received message <Pong:> from Peer_1:basic
Peer_8:basic INFO 19001.9758844657: Received message <Ping:> from Peer_2:basic
Peer_8:basic INFO 19001.9758844657: Sending message <Pong:> to Peer_2:basic
Peer_8:basic INFO 19002.364393210228: Received message <Pong:> from Peer_2:basic
Peer_8:basic INFO 19003.020092925344: Received message <Pong:> from Peer_6:basic
Peer_8:basic INFO 19003.06272549123: Received message <Pong:> from Peer_2:basic
Peer_8:basic INFO 19003.203366887457: Received message <Pong:> from Peer_3:basic
