Peer_1:basic INFO 0.6352584382745611: Received message <Hello:> from Peer_9:basic
Peer_1:basic INFO 0.6352584382745611: Connecting to Peer_9:basic
Peer_1:basic INFO 0.6352584382745611: Sending message <Hello:> to Peer_9:basic
Peer_1:basic INFO 0.9021617550523461: Connecting to Peer_8:basic
Peer_1:basic INFO 1.0594146858868563: Connecting to Peer_5:basic
Peer_1:basic INFO 1.09969008538557: Received message <Hello:> from Peer_8:basic
Peer_1:basic INFO 1.4816046092968806: Received message <Hello:> from Peer_5:basic
Peer_1:basic INFO 1.5656905294380565: Connecting to Peer_6:basic
Peer_1:basic INFO 1.843574182993595: Received message <Hello:> from Peer_6:basic
Peer_1:basic INFO 2.0103029516362256: Received message <Hello:> from Peer_8:basic
Peer_1:basic INFO 2.6245964634708927: Received message <Hello:> from Peer_5:basic
Peer_1:basic INFO 2.9527218406590516: Received message <Hello:> from Peer_6:basic
Peer_1:basic INFO 1000: Sending message <Ping:> to Peer_9:basic
Peer_1:basic INFO 1000: Sending message <Ping:> to Peer_8:basic
Peer_1:basic INFO 1000: Sending message <Ping:> to Peer_5:basic
Peer_1:basic INFO 1000: Sending message <Ping:> to Peer_6:basic
Peer_1:basic INFO 1000.7789197109931: Received message <Ping:> from Peer_9:basic
Peer_1:basic INFO 1000.7789197109931: Sending message <Pong:> to Peer_9:basic
Peer_1:basic INFO 1001.0245545380092: Received message <Ping:> from Peer_8:basic
Peer_1:basic INFO 1001.0245545380092: Sending message <Pong:> to Peer_8:basic
Peer_1:basic INFO 1001.8884032982853: Received message <Pong:> from Peer_8:basic
Peer_1:basic INFO 1001.894098930105: Received message <Pong:> from Peer_9:basic
Peer_1:basic INFO 1001.9213013051352: Received message <Ping:> from Peer_5:basic
Peer_1:basic INFO 1001.9213013051352: Sending message <Pong:> to Peer_5:basic
Peer_1:basic INFO 1001.9937617719991: Received message <Ping:> from Peer_6:basic
Peer_1:basic INFO 1001.9937617719991: Sending message <Pong:> to Peer_6:basic
Peer_1:basic INFO 1003.0232191773263: Received message <Pong:> from Peer_5:basic
Peer_1:basic INFO 1003.2688785289484: Received message <Pong:> from Peer_6:basic
Peer_1:basic INFO 2000: Sending message <Ping:> to Peer_9:basic
Peer_1:basic INFO 2000: Sending message <Ping:> to Peer_8:basic
Peer_1:basic INFO 2000: Sending message <Ping:> to Peer_5:basic
Peer_1:basic INFO 2000: Sending message <Ping:> to Peer_6:basic
Peer_1:basic INFO 2000.8827768334945: Received message <Ping:> from Peer_9:basic
Peer_1:basic INFO 2000.8827768334945: Sending message <Pong:> to Peer_9:basic
Peer_1:basic INFO 2001.0029463574122: Received message <Ping:> from Peer_8:basic
Peer_1:basic INFO 2001.0029463574122: Sending message <Pong:> to Peer_8:basic
Peer_1:basic INFO 2001.559885338849: Received message <Ping:> from Peer_6:basic
Peer_1:basic INFO 2001.559885338849: Sending message <Pong:> to Peer_6:basic
Peer_1:basic INFO 2001.8757631187507: Received message <Ping:> from Peer_5:basic
Peer_1:basic INFO 2001.8757631187507: Sending message <Pong:> to Peer_5:basic
Peer_1:basic INFO 2001.902854390499: Received message <Pong:> from Peer_8:basic
Peer_1:basic INFO 2001.995084819798: Received message <Pong:> from Peer_9:basic
Peer_1:basic INFO 2002.6739978733415: Received message <Pong:> from Peer_5:basic
Peer_1:basic INFO 2002.8555587025105: Received message <Pong:> from Peer_6:basic
Peer_1:basic INFO 3000: Sending message <Ping:> to Peer_9:basic
Peer_1:basic INFO 3000: Sending message <Ping:> to Peer_8:basic
Peer_1:basic INFO 3000: Sending message <Ping:> to Peer_5:basic
Peer_1:basic INFO 3000: Sending message <Ping:> to Peer_6:basic
Peer_1:basic INFO 3000.6836456844603: Received message <Ping:> from Peer_9:basic
Peer_1:basic INFO 3000.6836456844603: Sending message <Pong:> to Peer_9:basic
Peer_1:basic INFO 3000.821826622673: Received message <Ping:> from Peer_6:basic
Peer_1:basic INFO 3000.821826622673: Sending message <Pong:> to Peer_6:basic
Peer_1:basic INFO 3000.907531354203: Received message <Ping:> from Peer_8:basic
Peer_1:basic INFO 3000.907531354203: Sending message <Pong:> to Peer_8:basic
Peer_1:basic INFO 3001.7009118862375: Received message <Ping:> from Peer_5:basic
Peer_1:basic INFO 3001.7009118862375: Sending message <Pong:> to Peer_5:basic
Peer_1:basic INFO 3001.7809376520704: Received message <Pong:> from Peer_9:basic
Peer_1:basic INFO 3001.9058635396304: Received message <Pong:> from Peer_8:basic
Peer_1:basic INFO 3003.2115482453614: Received message <Pong:> from Peer_6:basic
Peer_1:basic INFO 3003.34465487709: Received message <Pong:> from Peer_5:basic
Peer_1:basic INFO 4000: Sending message <Ping:> to Peer_9:basic
Peer_1:basic INFO 4000: Sending message <Ping:> to Peer_8:basic
Peer_1:basic INFO 4000: Sending message <Ping:> to Peer_5:basic
Peer_1:basic INFO 4000: Sending message <Ping:> to Peer_6:basic
Peer_1:basic INFO 4000.8452153883677: Received message <Ping:> from Peer_8:basic
Peer_1:basic INFO 4000.8452153883677: Sending message <Pong:> to Peer_8:basic
Peer_1:basic INFO 4001.0076599659214: Received message <Ping:> from Peer_6:basic
Peer_1:basic INFO 4001.0076599659214: Sending message <Pong:> to Peer_6:basic
Peer_1:basic INFO 4001.162989172065: Received message <Ping:> from Peer_5:basic
Peer_1:basic INFO 4001.162989172065: Sending message <Pong:> to Peer_5:basic
Peer_1:basic INFO 4001.2252596528697: Received message <Ping:> from Peer_9:basic
Peer_1:basic INFO 4001.2252596528697: Sending message <Pong:> to Peer_9:basic
Peer_1:basic INFO 4001.722151785073: Received message <Pong:> from Peer_9:basic
Peer_1:basic INFO 4002.0298545234427: Received message <Pong:> from Peer_8:basic
Peer_1:basic INFO 4002.8036812102514: Received message <Pong:> from Peer_5:basic
Peer_1:basic INFO 4003.278884419085: Received message <Pong:> from Peer_6:basic
Peer_1:basic INFO 5000: Sending message <Ping:> to Peer_9:basic
Peer_1:basic INFO 5000: Sending message <Ping:> to Peer_8:basic
Peer_1:basic INFO 5000: Sending message <Ping:> to Peer_5:basic
Peer_1:basic INFO 5000: Sending message <Ping:> to Peer_6:basic
Peer_1:basic INFO 5000.876790101842: Received message <Ping:> from Peer_9:basic
Peer_1:basic INFO 5000.876790101842: Sending message <Pong:> to Peer_9:basic
Peer_1:basic INFO 5000.877234940085: Received message <Ping:> from Peer_8:basic
Peer_1:basic INFO 5000.877234940085: Sending message <Pong:> to Peer_8:basic
Peer_1:basic INFO 5001.328575329419: Received message <Ping:> from Peer_5:basic
Peer_1:basic INFO 5001.328575329419: Sending message <Pong:> to Peer_5:basic
Peer_1:basic INFO 5001.411127457685: Received message <Ping:> from Peer_6:basic
Peer_1:basic INFO 5001.411127457685: Sending message <Pong:> to Peer_6:basic
Peer_1:basic INFO 5001.6520146426965: Received message <Pong:> from Peer_9:basic
Peer_1:basic INFO 5002.450563842246: Received message <Pong:> from Peer_8:basic
Peer_1:basic INFO 5002.967912800703: Received message <Pong:> from Peer_6:basic
Peer_1:basic INFO 5003.735884056132: Received message <Pong:> from Peer_5:basic
Peer_1:basic INFO 6000: Sending message <Ping:> to Peer_9:basic
Peer_1:basic INFO 6000: Sending message <Ping:> to Peer_8:basic
Peer_1:basic INFO 6000: Sending message <Ping:> to Peer_5:basic
Peer_1:basic INFO 6000: Sending message <Ping:> to Peer_6:basic
Peer_1:basic INFO 6000.943100886596: Received message <Ping:> from Peer_9:basic
Peer_1:basic INFO 6000.943100886596: Sending message <Pong:> to Peer_9:basic
Peer_1:basic INFO 6000.9895721049215: Received message <Ping:> from Peer_6:basic
Peer_1:basic INFO 6000.9895721049215: Sending message <Pong:> to Peer_6:basic
Peer_1:basic INFO 6001.565390899816: Received message <Ping:> from Peer_8:basic
Peer_1:basic INFO 6001.565390899816: Sending message <Pong:> to Peer_8:basic
Peer_1:basic INFO 6001.860522095539: Received message <Ping:> from Peer_5:basic
Peer_1:basic INFO 6001.860522095539: Sending message <Pong:> to Peer_5:basic
Peer_1:basic INFO 6002.085190516186: Received message <Pong:> from Peer_9:basic
Peer_1:basic INFO 6002.094532366882: Received message <Pong:> from Peer_8:basic
Peer_1:basic INFO 6002.380818446025: Received message <Pong:> from Peer_5:basic
Peer_1:basic INFO 6003.424886157249: Received message <Pong:> from Peer_6:basic
Peer_1:basic INFO 7000: Sending message <Ping:> to Peer_9:basic
Peer_1:basic INFO 7000: Sending message <Ping:> to Peer_8:basic
Peer_1:basic INFO 7000: Sending message <Ping:> to Peer_5:basic
Peer_1:basic INFO 7000: Sending message <Ping:> to Peer_6:basic
Peer_1:basic INFO 7000.900927882155: Received message <Ping:> from Peer_9:basic
Peer_1:basic INFO 7000.900927882155: Sending message <Pong:> to Peer_9:basic
Peer_1:basic INFO 7000.992502109457: Received message <Ping:> from Peer_8:basic
Peer_1:basic INFO 7000.992502109457: Sending message <Pong:> to Peer_8:basic
Peer_1:basic INFO 7001.599189260628: Received message <Pong:> from Peer_8:basic
Peer_1:basic INFO 7001.775803371946: Received message <Ping:> from Peer_5:basic
Peer_1:basic INFO 7001.775803371946: Sending message <Pong:> to Peer_5:basic
Peer_1:basic INFO 7001.810647688944: Received message <Ping:> from Peer_6:basic
Peer_1:basic INFO 7001.810647688944: Sending message <Pong:> to Peer_6:basic
Peer_1:basic INFO 7002.166824967351: Received message <Pong:> from Peer_9:basic
Peer_1:basic INFO 7003.576998306416: Received message <Pong:> from Peer_6:basic
Peer_1:basic INFO 7003.662364929089: Received message <Pong:> from Peer_5:basic
Peer_1:basic INFO 8000: Sending message <Ping:> to Peer_9:basic
Peer_1:basic INFO 8000: Sending message <Ping:> to Peer_8:basic
Peer_1:basic INFO 8000: Sending message <Ping:> to Peer_5:basic
Peer_1:basic INFO 8000: Sending message <Ping:> to Peer_6:basic
Peer_1:basic INFO 8000.829720549403: Received message <Ping:> from Peer_9:basic
Peer_1:basic INFO 8000.829720549403: Sending message <Pong:> to Peer_9:basic
Peer_1:basic INFO 8000.857561964437: Received message <Ping:> from Peer_8:basic
Peer_1:basic INFO 8000.857561964437: Sending message <Pong:> to Peer_8:basic
Peer_1:basic INFO 8001.278294557908: Received message <Ping:> from Peer_5:basic
Peer_1:basic INFO 8001.278294557908: Sending message <Pong:> to Peer_5:basic
Peer_1:basic INFO 8001.719796724965: Received message <Pong:> from Peer_8:basic
Peer_1:basic INFO 8001.83461598969: Received message <Ping:> from Peer_6:basic
Peer_1:basic INFO 8001.83461598969: Sending message <Pong:> to Peer_6:basic
Peer_1:basic INFO 8001.914984514501: Received message <Pong:> from Peer_9:basic
Peer_1:basic INFO 8002.571450300484: Received message <Pong:> from Peer_6:basic
Peer_1:basic INFO 8003.61492700997: Received message <Pong:> from Peer_5:basic
Peer_1:basic INFO 9000: Sending message <Ping:> to Peer_9:basic
Peer_1:basic INFO 9000: Sending message <Ping:> to Peer_8:basic
Peer_1:basic INFO 9000: Sending message <Ping:> to Peer_5:basic
Peer_1:basic INFO 9000: Sending message <Ping:> to Peer_6:basic
Peer_1:basic INFO 9000.822383304598: Received message <Ping:> from Peer_9:basic
Peer_1:basic INFO 9000.822383304598: Sending message <Pong:> to Peer_9:basic
Peer_1:basic INFO 9001.019530733036: Received message <Ping:> from Peer_8:basic
Peer_1:basic INFO 9001.019530733036: Sending message <Pong:> to Peer_8:basic
Peer_1:basic INFO 9001.55072455886: Received message <Ping:> from Peer_6:basic
Peer_1:basic INFO 9001.55072455886: Sending message <Pong:> to Peer_6:basic
Peer_1:basic INFO 9001.633763066144: Received message <Pong:> from Peer_8:basic
Peer_1:basic INFO 9001.644046012934: Received message <Ping:> from Peer_5:basic
Peer_1:basic INFO 9001.644046012934: Sending message <Pong:> to Peer_5:basic
Peer_1:basic INFO 9001.951835390304: Received message <Pong:> from Peer_9:basic
Peer_1:basic INFO 9002.89627544073: Received message <Pong:> from Peer_5:basic
Peer_1:basic INFO 9002.94712986284: Received message <Pong:> from Peer_6:basic
Peer_1:basic INFO 10000: Sending message <Ping:> to Peer_9:basic
Peer_1:basic INFO 10000: Sending message <Ping:> to Peer_8:basic
Peer_1:basic INFO 10000: Sending message <Ping:> to Peer_5:basic
Peer_1:basic INFO 10000: Sending message <Ping:> to Peer_6:basic
Peer_1:basic INFO 10000.772817774296: Received message <Ping:> from Peer_8:basic
Peer_1:basic INFO 10000.772817774296: Sending message <Pong:> to Peer_8:basic
Peer_1:basic INFO 10000.92076707263: Received message <Ping:> from Peer_9:basic
Peer_1:basic INFO 10000.92076707263: Sending message <Pong:> to Peer_9:basic
Peer_1:basic INFO 10001.563199550417: Received message <Pong:> from Peer_9:basic
Peer_1:basic INFO 10001.640441983403: Received message <Ping:> from Peer_6:basic
Peer_1:basic INFO 10001.640441983403: Sending message <Pong:> to Peer_6:basic
Peer_1:basic INFO 10001.65953073048: Received message <Pong:> from Peer_8:basic
Peer_1:basic INFO 10001.746373990994: Received message <Ping:> from Peer_5:basic
Peer_1:basic INFO 10001.746373990994: Sending message <Pong:> to Peer_5:basic
Peer_1:basic INFO 10002.362941307065: Received message <Pong:> from Peer_5:basic
Peer_1:basic INFO 10003.123317579604: Received message <Pong:> from Peer_6:basic
Peer_1:basic INFO 11000: Sending message <Ping:> to Peer_9:basic
Peer_1:basic INFO 11000: Sending message <Ping:> to Peer_8:basic
Peer_1:basic INFO 11000: Sending message <Ping:> to Peer_5:basic
Peer_1:basic INFO 11000: Sending message <Ping:> to Peer_6:basic
Peer_1:basic INFO 11000.939030845426: Received message <Ping:> from Peer_8:basic
Peer_1:basic INFO 11000.939030845426: Sending message <Pong:> to Peer_8:basic
Peer_1:basic INFO 11001.044516052494: Received message <Ping:> from Peer_9:basic
Peer_1:basic INFO 11001.044516052494: Sending message <Pong:> to Peer_9:basic
Peer_1:basic INFO 11001.45415419892: Received message <Ping:> from Peer_5:basic
Peer_1:basic INFO 11001.45415419892: Sending message <Pong:> to Peer_5:basic
Peer_1:basic INFO 11001.87029553186: Received message <Ping:> from Peer_6:basic
Peer_1:basic INFO 11001.87029553186: Sending message <Pong:> to Peer_6:basic
Peer_1:basic INFO 11002.09279451474: Received message <Pong:> from Peer_8:basic
Peer_1:basic INFO 11002.276060953396: Received message <Pong:> from Peer_9:basic
Peer_1:basic INFO 11002.670202030646: Received message <Pong:> from Peer_6:basic
Peer_1:basic INFO 11003.217229779473: Received message <Pong:> from Peer_5:basic
Peer_1:basic INFO 12000: Sending message <Ping:> to Peer_9:basic
Peer_1:basic INFO 12000: Sending message <Ping:> to Peer_8:basic
Peer_1:basic INFO 12000: Sending message <Ping:> to Peer_5:basic
Peer_1:basic INFO 12000: Sending message <Ping:> to Peer_6:basic
Peer_1:basic INFO 12000.651664786055: Received message <Ping:> from Peer_9:basic
Peer_1:basic INFO 12000.651664786055: Sending message <Pong:> to Peer_9:basic
Peer_1:basic INFO 12001.05476624884: Received message <Ping:> from Peer_8:basic
Peer_1:basic INFO 12001.05476624884: Sending message <Pong:> to Peer_8:basic
Peer_1:basic INFO 12001.329662117212: Received message <Ping:> from Peer_5:basic
Peer_1:basic INFO 12001.329662117212: Sending message <Pong:> to Peer_5:basic
Peer_1:basic INFO 12001.437359725003: Received message <Ping:> from Peer_6:basic
Peer_1:basic INFO 12001.437359725003: Sending message <Pong:> to Peer_6:basic
Peer_1:basic INFO 12001.593596465085: Received message <Pong:> from Peer_9:basic
Peer_1:basic INFO 12001.961464753871: Received message <Pong:> from Peer_8:basic
Peer_1:basic INFO 12002.833157451769: Received message <Pong:> from Peer_6:basic
Peer_1:basic INFO 12003.42382967028: Received message <Pong:> from Peer_5:basic
Peer_1:basic INFO 13000: Sending message <Ping:> to Peer_9:basic
Peer_1:basic INFO 13000: Sending message <Ping:> to Peer_8:basic
Peer_1:basic INFO 13000: Sending message <Ping:> to Peer_5:basic
Peer_1:basic INFO 13000: Sending message <Ping:> to Peer_6:basic
Peer_1:basic INFO 13000.826245121345: Received message <Ping:> from Peer_8:basic
Peer_1:basic INFO 13000.826245121345: Sending message <Pong:> to Peer_8:basic
Peer_1:basic INFO 13000.935438346762: Received message <Ping:> from Peer_6:basic
Peer_1:basic INFO 13000.935438346762: Sending message <Pong:> to Peer_6:basic
Peer_1:basic INFO 13000.93730354671: Received message <Ping:> from Peer_9:basic
Peer_1:basic INFO 13000.93730354671: Sending message <Pong:> to Peer_9:basic
Peer_1:basic INFO 13001.506319839857: Received message <Ping:> from Peer_5:basic
Peer_1:basic INFO 13001.506319839857: Sending message <Pong:> to Peer_5:basic
Peer_1:basic INFO 13001.697621467049: Received message <Pong:> from Peer_8:basic
Peer_1:basic INFO 13001.942792479467: Received message <Pong:> from Peer_9:basic
Peer_1:basic INFO 13002.987807891981: Received message <Pong:> from Peer_6:basic
Peer_1:basic INFO 13003.555816455342: Received message <Pong:> from Peer_5:basic
Peer_1:basic INFO 14000: Sending message <Ping:> to Peer_9:basic
Peer_1:basic INFO 14000: Sending message <Ping:> to Peer_8:basic
Peer_1:basic INFO 14000: Sending message <Ping:> to Peer_5:basic
Peer_1:basic INFO 14000: Sending message <Ping:> to Peer_6:basic
Peer_1:basic INFO 14000.842666517661: Received message <Ping:> from Peer_9:basic
Peer_1:basic INFO 14000.842666517661: Sending message <Pong:> to Peer_9:basic
Peer_1:basic INFO 14001.091993678718: Received message <Ping:> from Peer_8:basic
Peer_1:basic INFO 14001.091993678718: Sending message <Pong:> to Peer_8:basic
Peer_1:basic INFO 14001.2456488152: Received message <Ping:> from Peer_5:basic
Peer_1:basic INFO 14001.2456488152: Sending message <Pong:> to Peer_5:basic
Peer_1:basic INFO 14001.319413732113: Received message <Ping:> from Peer_6:basic
Peer_1:basic INFO 14001.319413732113: Sending message <Pong:> to Peer_6:basic
Peer_1:basic INFO 14001.465773815597: Received message <Pong:> from Peer_9:basic
Peer_1:basic INFO 14001.67188410424: Received message <Pong:> from Peer_8:basic
Peer_1:basic INFO 14002.674936530422: Received message <Pong:> from Peer_6:basic
Peer_1:basic INFO 14002.803004124788: Received message <Pong:> from Peer_5:basic
Peer_1:basic INFO 15000: Sending message <Ping:> to Peer_9:basic
Peer_1:basic INFO 15000: Sending message <Ping:> to Peer_8:basic
Peer_1:basic INFO 15000: Sending message <Ping:> to Peer_5:basic
Peer_1:basic INFO 15000: Sending message <Ping:> to Peer_6:basic
Peer_1:basic INFO 15000.736870055076: Received message <Ping:> from Peer_9:basic
Peer_1:basic INFO 15000.736870055076: Sending message <Pong:> to Peer_9:basic
Peer_1:basic INFO 15000.744150477802: Received message <Ping:> from Peer_8:basic
Peer_1:basic INFO 15000.744150477802: Sending message <Pong:> to Peer_8:basic
Peer_1:basic INFO 15001.383338448753: Received message <Ping:> from Peer_6:basic
Peer_1:basic INFO 15001.383338448753: Sending message <Pong:> to Peer_6:basic
Peer_1:basic INFO 15001.403657116301: Received message <Ping:> from Peer_5:basic
Peer_1:basic INFO 15001.403657116301: Sending message <Pong:> to Peer_5:basic
Peer_1:basic INFO 15001.864408228888: Received message <Pong:> from Peer_8:basic
Peer_1:basic INFO 15001.93924696975: Received message <Pong:> from Peer_9:basic
Peer_1:basic INFO 15002.333556473199: Received message <Pong:> from Peer_6:basic
Peer_1:basic INFO 15002.778793775193: Received message <Pong:> from Peer_5:basic
Peer_1:basic INFO 16000: Sending message <Ping:> to Peer_9:basic
Peer_1:basic INFO 16000: Sending message <Ping:> to Peer_8:basic
Peer_1:basic INFO 16000: Sending message <Ping:> to Peer_5:basic
Peer_1:basic INFO 16000: Sending message <Ping:> to Peer_6:basic
Peer_1:basic INFO 16000.678030853436: Received message <Ping:> from Peer_9:basic
Peer_1:basic INFO 16000.678030853436: Sending message <Pong:> to Peer_9:basic
Peer_1:basic INFO 16000.936790616155: Received message <Ping:> from Peer_8:basic
Peer_1:basic INFO 16000.936790616155: Sending message <Pong:> to Peer_8:basic
Peer_1:basic INFO 16001.59000570237: Received message <Ping:> from Peer_5:basic
Peer_1:basic INFO 16001.59000570237: Sending message <Pong:> to Peer_5:basic
Peer_1:basic INFO 16001.8647161717: Received message <Ping:> from Peer_6:basic
Peer_1:basic INFO 16001.8647161717: Sending message <Pong:> to Peer_6:basic
Peer_1:basic INFO 16001.902828586344: Received message <Pong:> from Peer_9:basic
Peer_1:basic INFO 16001.939968047773: Received message <Pong:> from Peer_8:basic
Peer_1:basic INFO 16002.88365564853: Received message <Pong:> from Peer_6:basic
Peer_1:basic INFO 16003.474409614875: Received message <Pong:> from Peer_5:basic
Peer_1:basic INFO 17000: Sending message <Ping:> to Peer_9:basic
Peer_1:basic INFO 17000: Sending message <Ping:> to Peer_8:basic
Peer_1:basic INFO 17000: Sending message <Ping:> to Peer_5:basic
Peer_1:basic INFO 17000: Sending message <Ping:> to Peer_6:basic
Peer_1:basic INFO 17000.901716203833: Received message <Ping:> from Peer_9:basic
Peer_1:basic INFO 17000.901716203833: Sending message <Pong:> to Peer_9:basic
Peer_1:basic INFO 17000.953737625026: Received message <Ping:> from Peer_8:basic
Peer_1:basic INFO 17000.953737625026: Sending message <Pong:> to Peer_8:basic
Peer_1:basic INFO 17001.08643601801: Received message <Ping:> from Peer_5:basic
Peer_1:basic INFO 17001.08643601801: Sending message <Pong:> to Peer_5:basic
Peer_1:basic INFO 17001.73947279089: Received message <Pong:> from Peer_8:basic
Peer_1:basic INFO 17001.78305501116: Received message <Ping:> from Peer_6:basic
Peer_1:basic INFO 17001.78305501116: Sending message <Pong:> to Peer_6:basic
Peer_1:basic INFO 17002.196751682397: Received message <Pong:> from Peer_9:basic
Peer_1:basic INFO 17003.05751631493: Received message <Pong:> from Peer_5:basic
Peer_1:basic INFO 17003.558502321484: Received message <Pong:> from Peer_6:basic
Peer_1:basic INFO 18000: Sending message <Ping:> to Peer_9:basic
Peer_1:basic INFO 18000: Sending message <Ping:> to Peer_8:basic
Peer_1:basic INFO 18000: Sending message <Ping:> to Peer_5:basic
Peer_1:basic INFO 18000: Sending message <Ping:> to Peer_6:basic
Peer_1:basic INFO 18000.94538959288: Received message <Ping:> from Peer_8:basic
Peer_1:basic INFO 18000.94538959288: Sending message <Pong:> to Peer_8:basic
Peer_1:basic INFO 18001.181539614496: Received message <Ping:> from Peer_9:basic
Peer_1:basic INFO 18001.181539614496: Sending message <Pong:> to Peer_9:basic
Peer_1:basic INFO 18001.55762200012: Received message <Ping:> from Peer_6:basic
Peer_1:basic INFO 18001.55762200012: Sending message <Pong:> to Peer_6:basic
Peer_1:basic INFO 18001.69609590389: Received message <Pong:> from Peer_8:basic
Peer_1:basic INFO 18001.891336791017: Received message <Pong:> from Peer_9:basic
Peer_1:basic INFO 18002.035347032142: Received message <Ping:> from Peer_5:basic
Peer_1:basic INFO 18002.035347032142: Sending message <Pong:> to Peer_5:basic
Peer_1:basic INFO 18002.815139951945: Received message <Pong:> from Peer_5:basic
Peer_1:basic INFO 18002.92758277576: Received message <Pong:> from Peer_6:basic
Peer_1:basic INFO 19000: Sending message <Ping:> to Peer_9:basic
Peer_1:basic INFO 19000: Sending message <Ping:> to Peer_8:basic
Peer_1:basic INFO 19000: Sending message <Ping:> to Peer_5:basic
Peer_1:basic INFO 19000: Sending message <Ping:> to Peer_6:basic
Peer_1:basic INFO 19000.647560541947: Received message <Ping:> from Peer_9:basic
Peer_1:basic INFO 19000.647560541947: Sending message <Pong:> to Peer_9:basic
Peer_1:basic INFO 19000.85097762164: Received message <Ping:> from Peer_8:basic
Peer_1:basic INFO 19000.85097762164: Sending message <Pong:> to Peer_8:basic
Peer_1:basic INFO 19001.268672055237: Received message <Ping:> from Peer_6:basic
Peer_1:basic INFO 19001.268672055237: Sending message <Pong:> to Peer_6:basic
Peer_1:basic INFO 19001.33001833795: Received message <Ping:> from Peer_5:basic
Peer_1:basic INFO 19001.33001833795: Sending message <Pong:> to Peer_5:basic
Peer_1:basic INFO 19001.783876940463: Received message <Pong:> from Peer_9:basic
Peer_1:basic INFO 19001.957487583823: Received message <Pong:> from Peer_8:basic
Peer_1:basic INFO 19002.714667807075: Received message <Pong:> from Peer_6:basic
Peer_1:basic INFO 19003.0009220529: Received message <Pong:> from Peer_5:basic
