Peer_4:basic INFO 0.8077626036643587: Connecting to Peer_9:basic
Peer_4:basic INFO 1.1862134286660126: Received message <Hello:> from Peer_7:basic
Peer_4:basic INFO 1.1862134286660126: Connecting to Peer_7:basic
Peer_4:basic INFO 1.1862134286660126: Sending message <Hello:> to Peer_7:basic
Peer_4:basic INFO 1.3100215457306084: Received message <Hello:> from Peer_9:basic
Peer_4:basic INFO 1.6634996160077455: Received message <Hello:> from Peer_9:basic
Peer_4:basic INFO 1000: Sending message <Ping:> to Peer_9:basic
Peer_4:basic INFO 1000: Sending message <Ping:> to Peer_7:basic
Peer_4:basic INFO 1000.7755989757048: Received message <Ping:> from Peer_9:basic
Peer_4:basic INFO 1000.7755989757048: Sending message <Pong:> to Peer_9:basic
Peer_4:basic INFO 1001.6573342546528: Received message <Ping:> from Peer_7:basic
Peer_4:basic INFO 1001.6573342546528: Sending message <Pong:> to Peer_7:basic
Peer_4:basic INFO 1001.8392892158377: Received message <Pong:> from Peer_9:basic
Peer_4:basic INFO 1003.6351039491074: Received message <Pong:> from Peer_7:basic
Peer_4:basic INFO 2000: Sending message <Ping:> to Peer_9:basic
Peer_4:basic INFO 2000: Sending message <Ping:> to Peer_7:basic
Peer_4:basic INFO 2000.9231047180863: Received message <Ping:> from Peer_9:basic
Peer_4:basic INFO 2000.9231047180863: Sending message <Pong:> to Peer_9:basic
Peer_4:basic INFO 2001.6920799680925: Received message <Pong:> from Peer_9:basic
Peer_4:basic INFO 2001.7404680177526: Received message <Ping:> from Peer_7:basic
Peer_4:basic INFO 2001.7404680177526: Sending message <Pong:> to Peer_7:basic
Peer_4:basic INFO 2002.7005157203466: Received message <Pong:> from Peer_7:basic
Peer_4:basic INFO 3000: Sending message <Ping:> to Peer_9:basic
Peer_4:basic INFO 3000: Sending message <Ping:> to Peer_7:basic
Peer_4:basic INFO 3000.9839953173355: Received message <Ping:> from Peer_9:basic
Peer_4:basic INFO 3000.9839953173355: Sending message <Pong:> to Peer_9:basic
Peer_4:basic INFO 3001.499828476072: Received message <Pong:> from Peer_9:basic
Peer_4:basic INFO 3001.558938166241: Received message <Ping:> from Peer_7:basic
Peer_4:basic INFO 3001.558938166241: Sending message <Pong:> to Peer_7:basic
Peer_4:basic INFO 3002.951621171241: Received message <Pong:> from Peer_7:basic
Peer_4:basic INFO 4000: Sending message <Ping:> to Peer_9:basic
Peer_4:basic INFO 4000: Sending message <Ping:> to Peer_7:basic
Peer_4:basic INFO 4000.9542631926893: Received message <Ping:> from Peer_7:basic
Peer_4:basic INFO 4000.9542631926893: Sending message <Pong:> to Peer_7:basic
Peer_4:basic INFO 4001.4683400163417: Received message <Ping:> from Peer_9:basic
Peer_4:basic INFO 4001.4683400163417: Sending message <Pong:> to Peer_9:basic
Peer_4:basic INFO 4001.632810770144: Received message <Pong:> from Peer_9:basic
Peer_4:basic INFO 4002.7458209853003: Received message <Pong:> from Peer_7:basic
Peer_4:basic INFO 5000: Sending message <Ping:> to Peer_9:basic
Peer_4:basic INFO 5000: Sending message <Ping:> to Peer_7:basic
Peer_4:basic INFO 5000.712125186936: Received message <Ping:> from Peer_9:basic
Peer_4:basic INFO 5000.712125186936: Sending message <Pong:> to Peer_9:basic
Peer_4:basic INFO 5001.369665838274: Received message <Ping:> from Peer_7:basic
Peer_4:basic INFO 5001.369665838274: Sending message <Pong:> to Peer_7:basic
Peer_4:basic INFO 5001.402107749566: Received message <Pong:> from Peer_9:basic
Peer_4:basic INFO 5003.0787270916335: Received message <Pong:> from Peer_7:basic
Peer_4:basic INFO 6000: Sending message <Ping:> to Peer_9:basic
Peer_4:basic INFO 6000: Sending message <Ping:> to Peer_7:basic
Peer_4:basic INFO 6000.7113108818985: Received message <Ping:> from Peer_9:basic
Peer_4:basic INFO 6000.7113108818985: Sending message <Pong:> to Peer_9:basic
Peer_4:basic INFO 6001.200143742921: Received message <Ping:> from Peer_7:basic
Peer_4:basic INFO 6001.200143742921: Sending message <Pong:> to Peer_7:basic
Peer_4:basic INFO 6001.435252064023: Received message <Pong:> from Peer_9:basic
Peer_4:basic INFO 6002.767212708594: Received message <Pong:> from Peer_7:basic
Peer_4:basic INFO 7000: Sending message <Ping:> to Peer_9:basic
Peer_4:basic INFO 7000: Sending message <Ping:> to Peer_7:basic
Peer_4:basic INFO 7001.246411240016: Received message <Ping:> from Peer_9:basic
Peer_4:basic INFO 7001.246411240016: Sending message <Pong:> to Peer_9:basic
Peer_4:basic INFO 7001.3161515455695: Received message <Ping:> from Peer_7:basic
Peer_4:basic INFO 7001.3161515455695: Sending message <Pong:> to Peer_7:basic
Peer_4:basic INFO 7001.755784727766: Received message <Pong:> from Peer_9:basic
Peer_4:basic INFO 7002.810692811631: Received message <Pong:> from Peer_7:basic
Peer_4:basic INFO 8000: Sending message <Ping:> to Peer_9:basic
Peer_4:basic INFO 8000: Sending message <Ping:> to Peer_7:basic
Peer_4:basic INFO 8000.934275584773: Received message <Ping:> from Peer_9:basic
Peer_4:basic INFO 8000.934275584773: Sending message <Pong:> to Peer_9:basic
Peer_4:basic INFO 8001.788672331882: Received message <Ping:> from Peer_7:basic
Peer_4:basic INFO 8001.788672331882: Sending message <Pong:> to Peer_7:basic
Peer_4:basic INFO 8001.942998481398: Received message <Pong:> from Peer_9:basic
Peer_4:basic INFO 8002.991186357071: Received message <Pong:> from Peer_7:basic
Peer_4:basic INFO 9000: Sending message <Ping:> to Peer_9:basic
Peer_4:basic INFO 9000: Sending message <Ping:> to Peer_7:basic
Peer_4:basic INFO 9000.922288758735: Received message <Ping:> from Peer_7:basic
Peer_4:basic INFO 9000.922288758735: Sending message <Pong:> to Peer_7:basic
Peer_4:basic INFO 9001.113285976093: Received message <Ping:> from Peer_9:basic
Peer_4:basic INFO 9001.113285976093: Sending message <Pong:> to Peer_9:basic
Peer_4:basic INFO 9001.929195353423: Received message <Pong:> from Peer_9:basic
Peer_4:basic INFO 9002.080481399882: Received message <Pong:> from Peer_7:basic
Peer_4:basic INFO 10000: Sending message <Ping:> to Peer_9:basic
Peer_4:basic INFO 10000: Sending message <Ping:> to Peer_7:basic
Peer_4:basic INFO 10000.952106652976: Received message <Ping:> from Peer_9:basic
Peer_4:basic INFO 10000.952106652976: Sending message <Pong:> to Peer_9:basic
Peer_4:basic INFO 10001.585499820087: Received message <Pong:> from Peer_9:basic
Peer_4:basic INFO 10001.677139251602: Received message <Ping:> from Peer_7:basic
Peer_4:basic INFO 10001.677139251602: Sending message <Pong:> to Peer_7:basic
Peer_4:basic INFO 10002.594197474338: Received message <Pong:> from Peer_7:basic
Peer_4:basic INFO 11000: Sending message <Ping:> to Peer_9:basic
Peer_4:basic INFO 11000: Sending message <Ping:> to Peer_7:basic
Peer_4:basic INFO 11001.06146424121: Received message <Ping:> from Peer_9:basic
Peer_4:basic INFO 11001.06146424121: Sending message <Pong:> to Peer_9:basic
Peer_4:basic INFO 11001.769303300827: Received message <Pong:> from Peer_9:basic
Peer_4:basic INFO 11001.96486072079: Received message <Ping:> from Peer_7:basic
Peer_4:basic INFO 11001.96486072079: Sending message <Pong:> to Peer_7:basic
Peer_4:basic INFO 11002.763913877478: Received message <Pong:> from Peer_7:basic
Peer_4:basic INFO 12000: Sending message <Ping:> to Peer_9:basic
Peer_4:basic INFO 12000: Sending message <Ping:> to Peer_7:basic
Peer_4:basic INFO 12000.961930706968: Received message <Ping:> from Peer_9:basic
Peer_4:basic INFO 12000.961930706968: Sending message <Pong:> to Peer_9:basic
Peer_4:basic INFO 12001.411435312559: Received message <Ping:> from Peer_7:basic
Peer_4:basic INFO 12001.411435312559: Sending message <Pong:> to Peer_7:basic
Peer_4:basic INFO 12001.763566579435: Received message <Pong:> from Peer_9:basic
Peer_4:basic INFO 12003.235010457931: Received message <Pong:> from Peer_7:basic
Peer_4:basic INFO 13000: Sending message <Ping:> to Peer_9:basic
Peer_4:basic INFO 13000: Sending message <Ping:> to Peer_7:basic
Peer_4:basic INFO 13000.872347581482: Received message <Ping:> from Peer_9:basic
Peer_4:basic INFO 13000.872347581482: Sending message <Pong:> to Peer_9:basic
Peer_4:basic INFO 13001.43308282102: Received message <Pong:> from Peer_9:basic
Peer_4:basic INFO 13002.013694758747: Received message <Ping:> from Peer_7:basic
Peer_4:basic INFO 13002.013694758747: Sending message <Pong:> to Peer_7:basic
Peer_4:basic INFO 13003.510009606929: Received message <Pong:> from Peer_7:basic
Peer_4:basic INFO 14000: Sending message <Ping:> to Peer_9:basic
Peer_4:basic INFO 14000: Sending message <Ping:> to Peer_7:basic
Peer_4:basic INFO 14001.090791184819: Received message <Ping:> from Peer_9:basic
Peer_4:basic INFO 14001.090791184819: Sending message <Pong:> to Peer_9:basic
Peer_4:basic INFO 14001.681670622385: Received message <Pong:> from Peer_9:basic
Peer_4:basic INFO 14001.875781101075: Received message <Ping:> from Peer_7:basic
Peer_4:basic INFO 14001.875781101075: Sending message <Pong:> to Peer_7:basic
Peer_4:basic INFO 14002.804715793327: Received message <Pong:> from Peer_7:basic
Peer_4:basic INFO 15000: Sending message <Ping:> to Peer_9:basic
Peer_4:basic INFO 15000: Sending message <Ping:> to Peer_7:basic
Peer_4:basic INFO 15000.95425062415: Received message <Ping:> from Peer_9:basic
Peer_4:basic INFO 15000.95425062415: Sending message <Pong:> to Peer_9:basic
Peer_4:basic INFO 15001.741439022642: Received message <Pong:> from Peer_9:basic
Peer_4:basic INFO 15001.907461944002: Received message <Ping:> from Peer_7:basic
Peer_4:basic INFO 15001.907461944002: Sending message <Pong:> to Peer_7:basic
Peer_4:basic INFO 15002.563777212388: Received message <Pong:> from Peer_7:basic
Peer_4:basic INFO 16000: Sending message <Ping:> to Peer_9:basic
Peer_4:basic INFO 16000: Sending message <Ping:> to Peer_7:basic
Peer_4:basic INFO 16001.011791581483: Received message <Ping:> from Peer_9:basic
Peer_4:basic INFO 16001.011791581483: Sending message <Pong:> to Peer_9:basic
Peer_4:basic INFO 16001.771204011866: Received message <Pong:> from Peer_9:basic
Peer_4:basic INFO 16002.036441413715: Received message <Ping:> from Peer_7:basic
Peer_4:basic INFO 16002.036441413715: Sending message <Pong:> to Peer_7:basic
Peer_4:basic INFO 16002.377118267192: Received message <Pong:> from Peer_7:basic
Peer_4:basic INFO 17000: Sending message <Ping:> to Peer_9:basic
Peer_4:basic INFO 17000: Sending message <Ping:> to Peer_7:basic
Peer_4:basic INFO 17000.79292753593: Received message <Ping:> from Peer_9:basic
Peer_4:basic INFO 17000.79292753593: Sending message <Pong:> to Peer_9:basic
Peer_4:basic INFO 17001.10932443862: Received message <Ping:> from Peer_7:basic
Peer_4:basic INFO 17001.10932443862: Sending message <Pong:> to Peer_7:basic
Peer_4:basic INFO 17001.998372926257: Received message <Pong:> from Peer_9:basic
Peer_4:basic INFO 17003.711633917417: Received message <Pong:> from Peer_7:basic
Peer_4:basic INFO 18000: Sending message <Ping:> to Peer_9:basic
Peer_4:basic INFO 18000: Sending message <Ping:> to Peer_7:basic
Peer_4:basic INFO 18000.764550207005: Received message <Ping:> from Peer_9:basic
Peer_4:basic INFO 18000.764550207005: Sending message <Pong:> to Peer_9:basic
Peer_4:basic INFO 18001.665317089522: Received message <Pong:> from Peer_9:basic
Peer_4:basic INFO 18001.80271375201: Received message <Ping:> from Peer_7:basic
Peer_4:basic INFO 18001.80271375201: Sending message <Pong:> to Peer_7:basic
Peer_4:basic INFO 18002.725588112608: Received message <Pong:> from Peer_7:basic
Peer_4:basic INFO 19000: Sending message <Ping:> to Peer_9:basic
Peer_4:basic INFO 19000: Sending message <Ping:> to Peer_7:basic
Peer_4:basic INFO 19000.889872194126: Received message <Ping:> from Peer_9:basic
Peer_4:basic INFO 19000.889872194126: Sending message <Pong:> to Peer_9:basic
Peer_4:basic INFO 19001.714715645707: Received message <Ping:> from Peer_7:basic
Peer_4:basic INFO 19001.714715645707: Sending message <Pong:> to Peer_7:basic
Peer_4:basic INFO 19001.72714186691: Received message <Pong:> from Peer_9:basic
Peer_4:basic INFO 19002.628619594492: Received message <Pong:> from Peer_7:basic
