Peer_9:basic INFO 0.6352584382745611: Connecting to Peer_1:basic
Peer_9:basic INFO 0.8077626036643587: Received message <Hello:> from Peer_4:basic
Peer_9:basic INFO 0.8077626036643587: Connecting to Peer_4:basic
Peer_9:basic INFO 0.8077626036643587: Sending message <Hello:> to Peer_4:basic
Peer_9:basic INFO 0.8372526191223835: Connecting to Peer_8:basic
Peer_9:basic INFO 0.8458505062818575: Received message <Hello:> from Peer_8:basic
Peer_9:basic INFO 0.908321593987806: Received message <Hello:> from Peer_1:basic
Peer_9:basic INFO 1.3228264061633086: Connecting to Peer_2:basic
Peer_9:basic INFO 1.466035571132076: Received message <Hello:> from Peer_1:basic
Peer_9:basic INFO 1.4666976614231158: Received message <Hello:> from Peer_2:basic
Peer_9:basic INFO 1.482182942361515: Connecting to Peer_3:basic
Peer_9:basic INFO 1.483969443618933: Received message <Hello:> from Peer_3:basic
Peer_9:basic INFO 1.5241501649091513: Received message <Hello:> from Peer_6:basic
Peer_9:basic INFO 1.5241501649091513: Connecting to Peer_6:basic
Peer_9:basic INFO 1.5241501649091513: Sending message <Hello:> to Peer_6:basic
Peer_9:basic INFO 1.6148843135781306: Received message <Hello:> from Peer_8:basic
Peer_9:basic INFO 1.8442047525012093: Connecting to Peer_2:basic
Peer_9:basic INFO 2.0054216847439967: Received message <Hello:> from Peer_2:basic
Peer_9:basic INFO 3.088340909078258: Received message <Hello:> from Peer_2:basic
Peer_9:basic INFO 3.184082542960542: Received message <Hello:> from Peer_3:basic
Peer_9:basic INFO 3.4248691545095586: Received message <Hello:> from Peer_2:basic
Peer_9:basic INFO 1000: Sending message <Ping:> to Peer_1:basic
Peer_9:basic INFO 1000: Sending message <Ping:> to Peer_4:basic
Peer_9:basic INFO 1000: Sending message <Ping:> to Peer_8:basic
Peer_9:basic INFO 1000: Sending message <Ping:> to Peer_2:basic
Peer_9:basic INFO 1000: Sending message <Ping:> to Peer_3:basic
Peer_9:basic INFO 1000: Sending message <Ping:> to Peer_6:basic
Peer_9:basic INFO 1000: Sending message <Ping:> to Peer_2:basic
Peer_9:basic INFO 1000.6456072012176: Received message <Ping:> from Peer_8:basic
Peer_9:basic INFO 1000.6456072012176: Sending message <Pong:> to Peer_8:basic
Peer_9:basic INFO 1000.9818677381895: Received message <Ping:> from Peer_4:basic
Peer_9:basic INFO 1000.9818677381895: Sending message <Pong:> to Peer_4:basic
Peer_9:basic INFO 1001.0247143075887: Received message <Ping:> from Peer_1:basic
Peer_9:basic INFO 1001.0247143075887: Sending message <Pong:> to Peer_1:basic
Peer_9:basic INFO 1001.354247340381: Received message <Pong:> from Peer_4:basic
Peer_9:basic INFO 1001.4436295315419: Received message <Ping:> from Peer_6:basic
Peer_9:basic INFO 1001.4436295315419: Sending message <Pong:> to Peer_6:basic
Peer_9:basic INFO 1001.6714433486894: Received message <Ping:> from Peer_2:basic
Peer_9:basic INFO 1001.6714433486894: Sending message <Pong:> to Peer_2:basic
Peer_9:basic INFO 1001.7189416354315: Received message <Pong:> from Peer_1:basic
Peer_9:basic INFO 1001.7324893448211: Received message <Ping:> from Peer_3:basic
Peer_9:basic INFO 1001.7324893448211: Sending message <Pong:> to Peer_3:basic
Peer_9:basic INFO 1002.0010512529908: Received message <Ping:> from Peer_2:basic
Peer_9:basic INFO 1002.0010512529908: Sending message <Pong:> to Peer_2:basic
Peer_9:basic INFO 1002.3232220902267: Received message <Pong:> from Peer_8:basic
Peer_9:basic INFO 1002.7309898683575: Received message <Pong:> from Peer_3:basic
Peer_9:basic INFO 1002.9507895134333: Received message <Pong:> from Peer_2:basic
Peer_9:basic INFO 1003.2498466518169: Received message <Pong:> from Peer_2:basic
Peer_9:basic INFO 1003.3828374643457: Received message <Pong:> from Peer_6:basic
Peer_9:basic INFO 2000: Sending message <Ping:> to Peer_1:basic
Peer_9:basic INFO 2000: Sending message <Ping:> to Peer_4:basic
Peer_9:basic INFO 2000: Sending message <Ping:> to Peer_8:basic
Peer_9:basic INFO 2000: Sending message <Ping:> to Peer_2:basic
Peer_9:basic INFO 2000: Sending message <Ping:> to Peer_3:basic
Peer_9:basic INFO 2000: Sending message <Ping:> to Peer_6:basic
Peer_9:basic INFO 2000: Sending message <Ping:> to Peer_2:basic
Peer_9:basic INFO 2000.7389749097842: Received message <Ping:> from Peer_4:basic
Peer_9:basic INFO 2000.7389749097842: Sending message <Pong:> to Peer_4:basic
Peer_9:basic INFO 2000.9528570455852: Received message <Ping:> from Peer_1:basic
Peer_9:basic INFO 2000.9528570455852: Sending message <Pong:> to Peer_1:basic
Peer_9:basic INFO 2001.127837121529: Received message <Ping:> from Peer_8:basic
Peer_9:basic INFO 2001.127837121529: Sending message <Pong:> to Peer_8:basic
Peer_9:basic INFO 2001.2993885830574: Received message <Ping:> from Peer_6:basic
Peer_9:basic INFO 2001.2993885830574: Sending message <Pong:> to Peer_6:basic
Peer_9:basic INFO 2001.5084247838163: Received message <Pong:> from Peer_1:basic
Peer_9:basic INFO 2001.5192874648362: Received message <Ping:> from Peer_2:basic
Peer_9:basic INFO 2001.5192874648362: Sending message <Pong:> to Peer_2:basic
Peer_9:basic INFO 2001.8671262059133: Received message <Ping:> from Peer_3:basic
Peer_9:basic INFO 2001.8671262059133: Sending message <Pong:> to Peer_3:basic
Peer_9:basic INFO 2001.881071288239: Received message <Ping:> from Peer_2:basic
Peer_9:basic INFO 2001.881071288239: Sending message <Pong:> to Peer_2:basic
Peer_9:basic INFO 2001.9041846538646: Received message <Pong:> from Peer_8:basic
Peer_9:basic INFO 2002.1152908639092: Received message <Pong:> from Peer_4:basic
Peer_9:basic INFO 2002.6886395267272: Received message <Pong:> from Peer_2:basic
Peer_9:basic INFO 2003.234409875566: Received message <Pong:> from Peer_3:basic
Peer_9:basic INFO 2003.3105622086755: Received message <Pong:> from Peer_2:basic
Peer_9:basic INFO 2003.5086124921263: Received message <Pong:> from Peer_6:basic
Peer_9:basic INFO 3000: Sending message <Ping:> to Peer_1:basic
Peer_9:basic INFO 3000: Sending message <Ping:> to Peer_4:basic
Peer_9:basic INFO 3000: Sending message <Ping:> to Peer_8:basic
Peer_9:basic INFO 3000: Sending message <Ping:> to Peer_2:basic
Peer_9:basic INFO 3000: Sending message <Ping:> to Peer_3:basic
Peer_9:basic INFO 3000: Sending message <Ping:> to Peer_6:basic
Peer_9:basic INFO 3000: Sending message <Ping:> to Peer_2:basic
Peer_9:basic INFO 3000.6594057496936: Received message <Ping:> from Peer_4:basic
Peer_9:basic INFO 3000.6594057496936: Sending message <Pong:> to Peer_4:basic
Peer_9:basic INFO 3000.8977521951183: Received message <Ping:> from Peer_1:basic
Peer_9:basic INFO 3000.8977521951183: Sending message <Pong:> to Peer_1:basic
Peer_9:basic INFO 3000.993410208594: Received message <Ping:> from Peer_8:basic
Peer_9:basic INFO 3000.993410208594: Sending message <Pong:> to Peer_8:basic
Peer_9:basic INFO 3001.1205475305196: Received message <Ping:> from Peer_6:basic
Peer_9:basic INFO 3001.1205475305196: Sending message <Pong:> to Peer_6:basic
Peer_9:basic INFO 3001.469912434703: Received message <Pong:> from Peer_1:basic
Peer_9:basic INFO 3001.5267759405774: Received message <Ping:> from Peer_3:basic
Peer_9:basic INFO 3001.5267759405774: Sending message <Pong:> to Peer_3:basic
Peer_9:basic INFO 3001.528361288378: Received message <Ping:> from Peer_2:basic
Peer_9:basic INFO 3001.528361288378: Sending message <Pong:> to Peer_2:basic
Peer_9:basic INFO 3001.847753247057: Received message <Pong:> from Peer_8:basic
Peer_9:basic INFO 3002.0417024020408: Received message <Pong:> from Peer_4:basic
Peer_9:basic INFO 3002.2174831739408: Received message <Ping:> from Peer_2:basic
Peer_9:basic INFO 3002.2174831739408: Sending message <Pong:> to Peer_2:basic
Peer_9:basic INFO 3002.8799372844296: Received message <Pong:> from Peer_3:basic
Peer_9:basic INFO 3003.2417276393744: Received message <Pong:> from Peer_2:basic
Peer_9:basic INFO 3003.4048216663055: Received message <Pong:> from Peer_6:basic
Peer_9:basic INFO 3003.7984832847674: Received message <Pong:> from Peer_2:basic
Peer_9:basic INFO 4000: Sending message <Ping:> to Peer_1:basic
Peer_9:basic INFO 4000: Sending message <Ping:> to Peer_4:basic
Peer_9:basic INFO 4000: Sending message <Ping:> to Peer_8:basic
Peer_9:basic INFO 4000: Sending message <Ping:> to Peer_2:basic
Peer_9:basic INFO 4000: Sending message <Ping:> to Peer_3:basic
Peer_9:basic INFO 4000: Sending message <Ping:> to Peer_6:basic
Peer_9:basic INFO 4000: Sending message <Ping:> to Peer_2:basic
Peer_9:basic INFO 4000.791825214611: Received message <Ping:> from Peer_4:basic
Peer_9:basic INFO 4000.791825214611: Sending message <Pong:> to Peer_4:basic
Peer_9:basic INFO 4000.8656124994473: Received message <Ping:> from Peer_1:basic
Peer_9:basic INFO 4000.8656124994473: Sending message <Pong:> to Peer_1:basic
Peer_9:basic INFO 4000.9219910653323: Received message <Ping:> from Peer_8:basic
Peer_9:basic INFO 4000.9219910653323: Sending message <Pong:> to Peer_8:basic
Peer_9:basic INFO 4001.032114018907: Received message <Ping:> from Peer_3:basic
Peer_9:basic INFO 4001.032114018907: Sending message <Pong:> to Peer_3:basic
Peer_9:basic INFO 4001.172366035707: Received message <Ping:> from Peer_2:basic
Peer_9:basic INFO 4001.172366035707: Sending message <Pong:> to Peer_2:basic
Peer_9:basic INFO 4001.3807456338304: Received message <Ping:> from Peer_2:basic
Peer_9:basic INFO 4001.3807456338304: Sending message <Pong:> to Peer_2:basic
Peer_9:basic INFO 4001.6002063411615: Received message <Ping:> from Peer_6:basic
Peer_9:basic INFO 4001.6002063411615: Sending message <Pong:> to Peer_6:basic
Peer_9:basic INFO 4001.9163289082853: Received message <Pong:> from Peer_8:basic
Peer_9:basic INFO 4001.9990673227185: Received message <Pong:> from Peer_1:basic
Peer_9:basic INFO 4002.3887969544508: Received message <Pong:> from Peer_3:basic
Peer_9:basic INFO 4002.4586508463594: Received message <Pong:> from Peer_4:basic
Peer_9:basic INFO 4002.9552367878823: Received message <Pong:> from Peer_2:basic
Peer_9:basic INFO 4003.061244231696: Received message <Pong:> from Peer_2:basic
Peer_9:basic INFO 4003.1890074505704: Received message <Pong:> from Peer_6:basic
Peer_9:basic INFO 5000: Sending message <Ping:> to Peer_1:basic
Peer_9:basic INFO 5000: Sending message <Ping:> to Peer_4:basic
Peer_9:basic INFO 5000: Sending message <Ping:> to Peer_8:basic
Peer_9:basic INFO 5000: Sending message <Ping:> to Peer_2:basic
Peer_9:basic INFO 5000: Sending message <Ping:> to Peer_3:basic
Peer_9:basic INFO 5000: Sending message <Ping:> to Peer_6:basic
Peer_9:basic INFO 5000: Sending message <Ping:> to Peer_2:basic
Peer_9:basic INFO 5000.664929187392: Received message <Ping:> from Peer_4:basic
Peer_9:basic INFO 5000.664929187392: Sending message <Pong:> to Peer_4:basic
Peer_9:basic INFO 5000.7641978496285: Received message <Ping:> from Peer_8:basic
Peer_9:basic INFO 5000.7641978496285: Sending message <Pong:> to Peer_8:basic
Peer_9:basic INFO 5000.841559165532: Received message <Ping:> from Peer_1:basic
Peer_9:basic INFO 5000.841559165532: Sending message <Pong:> to Peer_1:basic
Peer_9:basic INFO 5001.2335205893105: Received message <Ping:> from Peer_2:basic
Peer_9:basic INFO 5001.2335205893105: Sending message <Pong:> to Peer_2:basic
Peer_9:basic INFO 5001.399765599628: Received message <Ping:> from Peer_2:basic
Peer_9:basic INFO 5001.399765599628: Sending message <Pong:> to Peer_2:basic
Peer_9:basic INFO 5001.418280951251: Received message <Pong:> from Peer_8:basic
Peer_9:basic INFO 5001.505867397186: Received message <Pong:> from Peer_4:basic
Peer_9:basic INFO 5001.576235392114: Received message <Ping:> from Peer_3:basic
Peer_9:basic INFO 5001.576235392114: Sending message <Pong:> to Peer_3:basic
Peer_9:basic INFO 5001.582005733537: Received message <Ping:> from Peer_6:basic
Peer_9:basic INFO 5001.582005733537: Sending message <Pong:> to Peer_6:basic
Peer_9:basic INFO 5001.747115383241: Received message <Pong:> from Peer_1:basic
Peer_9:basic INFO 5002.412711956637: Received message <Pong:> from Peer_3:basic
Peer_9:basic INFO 5002.79113242045: Received message <Pong:> from Peer_6:basic
Peer_9:basic INFO 5002.922511403571: Received message <Pong:> from Peer_2:basic
Peer_9:basic INFO 5003.2615664268305: Received message <Pong:> from Peer_2:basic
Peer_9:basic INFO 6000: Sending message <Ping:> to Peer_1:basic
Peer_9:basic INFO 6000: Sending message <Ping:> to Peer_4:basic
Peer_9:basic INFO 6000: Sending message <Ping:> to Peer_8:basic
Peer_9:basic INFO 6000: Sending message <Ping:> to Peer_2:basic
Peer_9:basic INFO 6000: Sending message <Ping:> to Peer_3:basic
Peer_9:basic INFO 6000: Sending message <Ping:> to Peer_6:basic
Peer_9:basic INFO 6000: Sending message <Ping:> to Peer_2:basic
Peer_9:basic INFO 6000.664872144193: Received message <Ping:> from Peer_4:basic
Peer_9:basic INFO 6000.664872144193: Sending message <Pong:> to Peer_4:basic
Peer_9:basic INFO 6000.722413766467: Received message <Ping:> from Peer_8:basic
Peer_9:basic INFO 6000.722413766467: Sending message <Pong:> to Peer_8:basic
Peer_9:basic INFO 6001.030832310345: Received message <Ping:> from Peer_1:basic
Peer_9:basic INFO 6001.030832310345: Sending message <Pong:> to Peer_1:basic
Peer_9:basic INFO 6001.096917963417: Received message <Ping:> from Peer_6:basic
Peer_9:basic INFO 6001.096917963417: Sending message <Pong:> to Peer_6:basic
Peer_9:basic INFO 6001.284836425325: Received message <Ping:> from Peer_3:basic
Peer_9:basic INFO 6001.284836425325: Sending message <Pong:> to Peer_3:basic
Peer_9:basic INFO 6001.330216528668: Received message <Ping:> from Peer_2:basic
Peer_9:basic INFO 6001.330216528668: Sending message <Pong:> to Peer_2:basic
Peer_9:basic INFO 6001.355364905429: Received message <Pong:> from Peer_4:basic
Peer_9:basic INFO 6001.589269116037: Received message <Pong:> from Peer_1:basic
Peer_9:basic INFO 6001.747326986357: Received message <Ping:> from Peer_2:basic
Peer_9:basic INFO 6001.747326986357: Sending message <Pong:> to Peer_2:basic
Peer_9:basic INFO 6002.243551850744: Received message <Pong:> from Peer_8:basic
Peer_9:basic INFO 6002.497649581732: Received message <Pong:> from Peer_3:basic
Peer_9:basic INFO 6002.788892728103: Received message <Pong:> from Peer_2:basic
Peer_9:basic INFO 6002.794351060956: Received message <Pong:> from Peer_2:basic
Peer_9:basic INFO 6002.932006222792: Received message <Pong:> from Peer_6:basic
Peer_9:basic INFO 7000: Sending message <Ping:> to Peer_1:basic
Peer_9:basic INFO 7000: Sending message <Ping:> to Peer_4:basic
Peer_9:basic INFO 7000: Sending message <Ping:> to Peer_8:basic
Peer_9:basic INFO 7000: Sending message <Ping:> to Peer_2:basic
Peer_9:basic INFO 7000: Sending message <Ping:> to Peer_3:basic
Peer_9:basic INFO 7000: Sending message <Ping:> to Peer_6:basic
Peer_9:basic INFO 7000: Sending message <Ping:> to Peer_2:basic
Peer_9:basic INFO 7000.6098933738385: Received message <Ping:> from Peer_4:basic
Peer_9:basic INFO 7000.6098933738385: Sending message <Pong:> to Peer_4:basic
Peer_9:basic INFO 7000.9528913537715: Received message <Ping:> from Peer_8:basic
Peer_9:basic INFO 7000.9528913537715: Sending message <Pong:> to Peer_8:basic
Peer_9:basic INFO 7000.970113541329: Received message <Ping:> from Peer_1:basic
Peer_9:basic INFO 7000.970113541329: Sending message <Pong:> to Peer_1:basic
Peer_9:basic INFO 7001.539803132915: Received message <Ping:> from Peer_3:basic
Peer_9:basic INFO 7001.539803132915: Sending message <Pong:> to Peer_3:basic
Peer_9:basic INFO 7001.595342347317: Received message <Ping:> from Peer_2:basic
Peer_9:basic INFO 7001.595342347317: Sending message <Pong:> to Peer_2:basic
Peer_9:basic INFO 7001.746826729983: Received message <Pong:> from Peer_1:basic
Peer_9:basic INFO 7001.851061355232: Received message <Pong:> from Peer_8:basic
Peer_9:basic INFO 7001.981843355426: Received message <Ping:> from Peer_6:basic
Peer_9:basic INFO 7001.981843355426: Sending message <Pong:> to Peer_6:basic
Peer_9:basic INFO 7002.075010698122: Received message <Ping:> from Peer_2:basic
Peer_9:basic INFO 7002.075010698122: Sending message <Pong:> to Peer_2:basic
Peer_9:basic INFO 7002.174320059992: Received message <Pong:> from Peer_4:basic
Peer_9:basic INFO 7002.58191250058: Received message <Pong:> from Peer_6:basic
Peer_9:basic INFO 7002.7709981894: Received message <Pong:> from Peer_3:basic
Peer_9:basic INFO 7003.067250038993: Received message <Pong:> from Peer_2:basic
Peer_9:basic INFO 7003.146962139396: Received message <Pong:> from Peer_2:basic
Peer_9:basic INFO 8000: Sending message <Ping:> to Peer_1:basic
Peer_9:basic INFO 8000: Sending message <Ping:> to Peer_4:basic
Peer_9:basic INFO 8000: Sending message <Ping:> to Peer_8:basic
Peer_9:basic INFO 8000: Sending message <Ping:> to Peer_2:basic
Peer_9:basic INFO 8000: Sending message <Ping:> to Peer_3:basic
Peer_9:basic INFO 8000: Sending message <Ping:> to Peer_6:basic
Peer_9:basic INFO 8000: Sending message <Ping:> to Peer_2:basic
Peer_9:basic INFO 8001.0287022354405: Received message <Ping:> from Peer_8:basic
Peer_9:basic INFO 8001.0287022354405: Sending message <Pong:> to Peer_8:basic
Peer_9:basic INFO 8001.117429602527: Received message <Ping:> from Peer_1:basic
Peer_9:basic INFO 8001.117429602527: Sending message <Pong:> to Peer_1:basic
Peer_9:basic INFO 8001.136239756307: Received message <Ping:> from Peer_4:basic
Peer_9:basic INFO 8001.136239756307: Sending message <Pong:> to Peer_4:basic
Peer_9:basic INFO 8001.183412820446: Received message <Ping:> from Peer_6:basic
Peer_9:basic INFO 8001.183412820446: Sending message <Pong:> to Peer_6:basic
Peer_9:basic INFO 8001.222787545571: Received message <Ping:> from Peer_2:basic
Peer_9:basic INFO 8001.222787545571: Sending message <Pong:> to Peer_2:basic
Peer_9:basic INFO 8001.2927464136465: Received message <Ping:> from Peer_3:basic
Peer_9:basic INFO 8001.2927464136465: Sending message <Pong:> to Peer_3:basic
Peer_9:basic INFO 8001.538485312978: Received message <Pong:> from Peer_1:basic
Peer_9:basic INFO 8001.635944900866: Received message <Pong:> from Peer_8:basic
Peer_9:basic INFO 8001.828607830818: Received message <Ping:> from Peer_2:basic
Peer_9:basic INFO 8001.828607830818: Sending message <Pong:> to Peer_2:basic
Peer_9:basic INFO 8002.21850331906: Received message <Pong:> from Peer_4:basic
Peer_9:basic INFO 8002.511062790828: Received message <Pong:> from Peer_6:basic
Peer_9:basic INFO 8002.555396684215: Received message <Pong:> from Peer_3:basic
Peer_9:basic INFO 8002.82445254629: Received message <Pong:> from Peer_2:basic
Peer_9:basic INFO 8002.969437904182: Received message <Pong:> from Peer_2:basic
Peer_9:basic INFO 9000: Sending message <Ping:> to Peer_1:basic
Peer_9:basic INFO 9000: Sending message <Ping:> to Peer_4:basic
Peer_9:basic INFO 9000: Sending message <Ping:> to Peer_8:basic
Peer_9:basic INFO 9000: Sending message <Ping:> to Peer_2:basic
Peer_9:basic INFO 9000: Sending message <Ping:> to Peer_3:basic
Peer_9:basic INFO 9000: Sending message <Ping:> to Peer_6:basic
Peer_9:basic INFO 9000: Sending message <Ping:> to Peer_2:basic
Peer_9:basic INFO 9000.855686915884: Received message <Ping:> from Peer_1:basic
Peer_9:basic INFO 9000.855686915884: Sending message <Pong:> to Peer_1:basic
Peer_9:basic INFO 9000.997135772841: Received message <Ping:> from Peer_4:basic
Peer_9:basic INFO 9000.997135772841: Sending message <Pong:> to Peer_4:basic
Peer_9:basic INFO 9001.015110218268: Received message <Ping:> from Peer_2:basic
Peer_9:basic INFO 9001.015110218268: Sending message <Pong:> to Peer_2:basic
Peer_9:basic INFO 9001.036543245444: Received message <Ping:> from Peer_8:basic
Peer_9:basic INFO 9001.036543245444: Sending message <Pong:> to Peer_8:basic
Peer_9:basic INFO 9001.51667945925: Received message <Ping:> from Peer_6:basic
Peer_9:basic INFO 9001.51667945925: Sending message <Pong:> to Peer_6:basic
Peer_9:basic INFO 9001.685462227451: Received message <Ping:> from Peer_2:basic
Peer_9:basic INFO 9001.685462227451: Sending message <Pong:> to Peer_2:basic
Peer_9:basic INFO 9001.880308519545: Received message <Pong:> from Peer_4:basic
Peer_9:basic INFO 9001.890042540106: Received message <Pong:> from Peer_1:basic
Peer_9:basic INFO 9001.94758095195: Received message <Ping:> from Peer_3:basic
Peer_9:basic INFO 9001.94758095195: Sending message <Pong:> to Peer_3:basic
Peer_9:basic INFO 9002.074132889911: Received message <Pong:> from Peer_2:basic
Peer_9:basic INFO 9002.296049865012: Received message <Pong:> from Peer_8:basic
Peer_9:basic INFO 9002.70666899725: Received message <Pong:> from Peer_3:basic
Peer_9:basic INFO 9003.193549181868: Received message <Pong:> from Peer_2:basic
Peer_9:basic INFO 9003.265828278605: Received message <Pong:> from Peer_6:basic
Peer_9:basic INFO 10000: Sending message <Ping:> to Peer_1:basic
Peer_9:basic INFO 10000: Sending message <Ping:> to Peer_4:basic
Peer_9:basic INFO 10000: Sending message <Ping:> to Peer_8:basic
Peer_9:basic INFO 10000: Sending message <Ping:> to Peer_2:basic
Peer_9:basic INFO 10000: Sending message <Ping:> to Peer_3:basic
Peer_9:basic INFO 10000: Sending message <Ping:> to Peer_6:basic
Peer_9:basic INFO 10000: Sending message <Ping:> to Peer_2:basic
Peer_9:basic INFO 10000.669421044997: Received message <Ping:> from Peer_1:basic
Peer_9:basic INFO 10000.669421044997: Sending message <Pong:> to Peer_1:basic
Peer_9:basic INFO 10000.954973831234: Received message <Ping:> from Peer_4:basic
Peer_9:basic INFO 10000.954973831234: Sending message <Pong:> to Peer_4:basic
Peer_9:basic INFO 10001.232152882103: Received message <Ping:> from Peer_8:basic
Peer_9:basic INFO 10001.232152882103: Sending message <Pong:> to Peer_8:basic
Peer_9:basic INFO 10001.329597322941: Received message <Ping:> from Peer_2:basic
Peer_9:basic INFO 10001.329597322941: Sending message <Pong:> to Peer_2:basic
Peer_9:basic INFO 10001.492033734823: Received message <Ping:> from Peer_3:basic
Peer_9:basic INFO 10001.492033734823: Sending message <Pong:> to Peer_3:basic
Peer_9:basic INFO 10001.52077009855: Received message <Ping:> from Peer_2:basic
Peer_9:basic INFO 10001.52077009855: Sending message <Pong:> to Peer_2:basic
Peer_9:basic INFO 10001.72584708246: Received message <Pong:> from Peer_4:basic
Peer_9:basic INFO 10001.735167511197: Received message <Ping:> from Peer_6:basic
Peer_9:basic INFO 10001.735167511197: Sending message <Pong:> to Peer_6:basic
Peer_9:basic INFO 10001.934121859284: Received message <Pong:> from Peer_1:basic
Peer_9:basic INFO 10002.031927453598: Received message <Pong:> from Peer_8:basic
Peer_9:basic INFO 10002.716965953377: Received message <Pong:> from Peer_6:basic
Peer_9:basic INFO 10003.13080618532: Received message <Pong:> from Peer_2:basic
Peer_9:basic INFO 10003.47844096678: Received message <Pong:> from Peer_2:basic
Peer_9:basic INFO 10003.797732889494: Received message <Pong:> from Peer_3:basic
Peer_9:basic INFO 11000: Sending message <Ping:> to Peer_1:basic
Peer_9:basic INFO 11000: Sending message <Ping:> to Peer_4:basic
Peer_9:basic INFO 11000: Sending message <Ping:> to Peer_8:basic
Peer_9:basic INFO 11000: Sending message <Ping:> to Peer_2:basic
Peer_9:basic INFO 11000: Sending message <Ping:> to Peer_3:basic
Peer_9:basic INFO 11000: Sending message <Ping:> to Peer_6:basic
Peer_9:basic INFO 11000: Sending message <Ping:> to Peer_2:basic
Peer_9:basic INFO 11000.81159589071: Received message <Ping:> from Peer_4:basic
Peer_9:basic INFO 11000.81159589071: Sending message <Pong:> to Peer_4:basic
Peer_9:basic INFO 11001.087515583917: Received message <Ping:> from Peer_3:basic
Peer_9:basic INFO 11001.087515583917: Sending message <Pong:> to Peer_3:basic
Peer_9:basic INFO 11001.127335699039: Received message <Ping:> from Peer_1:basic
Peer_9:basic INFO 11001.127335699039: Sending message <Pong:> to Peer_1:basic
Peer_9:basic INFO 11001.209405689502: Received message <Ping:> from Peer_8:basic
Peer_9:basic INFO 11001.209405689502: Sending message <Pong:> to Peer_8:basic
Peer_9:basic INFO 11001.642376260723: Received message <Ping:> from Peer_2:basic
Peer_9:basic INFO 11001.642376260723: Sending message <Pong:> to Peer_2:basic
Peer_9:basic INFO 11001.77781415614: Received message <Ping:> from Peer_6:basic
Peer_9:basic INFO 11001.77781415614: Sending message <Pong:> to Peer_6:basic
Peer_9:basic INFO 11001.813351938936: Received message <Pong:> from Peer_1:basic
Peer_9:basic INFO 11001.851736933655: Received message <Pong:> from Peer_4:basic
Peer_9:basic INFO 11001.857746296946: Received message <Ping:> from Peer_2:basic
Peer_9:basic INFO 11001.857746296946: Sending message <Pong:> to Peer_2:basic
Peer_9:basic INFO 11002.187021764836: Received message <Pong:> from Peer_8:basic
Peer_9:basic INFO 11002.600934227385: Received message <Pong:> from Peer_2:basic
Peer_9:basic INFO 11002.899485424408: Received message <Pong:> from Peer_2:basic
Peer_9:basic INFO 11003.186204970287: Received message <Pong:> from Peer_6:basic
Peer_9:basic INFO 11004.01433803803: Received message <Pong:> from Peer_3:basic
Peer_9:basic INFO 12000: Sending message <Ping:> to Peer_1:basic
Peer_9:basic INFO 12000: Sending message <Ping:> to Peer_4:basic
Peer_9:basic INFO 12000: Sending message <Ping:> to Peer_8:basic
Peer_9:basic INFO 12000: Sending message <Ping:> to Peer_2:basic
Peer_9:basic INFO 12000: Sending message <Ping:> to Peer_3:basic
Peer_9:basic INFO 12000: Sending message <Ping:> to Peer_6:basic
Peer_9:basic INFO 12000: Sending message <Ping:> to Peer_2:basic
Peer_9:basic INFO 12000.823941629946: Received message <Ping:> from Peer_4:basic
Peer_9:basic INFO 12000.823941629946: Sending message <Pong:> to Peer_4:basic
Peer_9:basic INFO 12000.854688544432: Received message <Ping:> from Peer_1:basic
Peer_9:basic INFO 12000.854688544432: Sending message <Pong:> to Peer_1:basic
Peer_9:basic INFO 12001.069593832159: Received message <Ping:> from Peer_8:basic
Peer_9:basic INFO 12001.069593832159: Sending message <Pong:> to Peer_8:basic
Peer_9:basic INFO 12001.096077762364: Received message <Ping:> from Peer_2:basic
Peer_9:basic INFO 12001.096077762364: Sending message <Pong:> to Peer_2:basic
Peer_9:basic INFO 12001.359722118368: Received message <Pong:> from Peer_1:basic
Peer_9:basic INFO 12001.496476367169: Received message <Ping:> from Peer_3:basic
Peer_9:basic INFO 12001.496476367169: Sending message <Pong:> to Peer_3:basic
Peer_9:basic INFO 12001.644652449517: Received message <Ping:> from Peer_6:basic
Peer_9:basic INFO 12001.644652449517: Sending message <Pong:> to Peer_6:basic
Peer_9:basic INFO 12001.761227708364: Received message <Pong:> from Peer_8:basic
Peer_9:basic INFO 12001.941899828767: Received message <Ping:> from Peer_2:basic
Peer_9:basic INFO 12001.941899828767: Sending message <Pong:> to Peer_2:basic
Peer_9:basic INFO 12001.977281483074: Received message <Pong:> from Peer_4:basic
Peer_9:basic INFO 12002.31389034634: Received message <Pong:> from Peer_6:basic
Peer_9:basic INFO 12003.013786911466: Received message <Pong:> from Peer_2:basic
Peer_9:basic INFO 12003.165703085997: Received message <Pong:> from Peer_3:basic
Peer_9:basic INFO 12003.582894403353: Received message <Pong:> from Peer_2:basic
Peer_9:basic INFO 13000: Sending message <Ping:> to Peer_1:basic
Peer_9:basic INFO 13000: Sending message <Ping:> to Peer_4:basic
Peer_9:basic INFO 13000: Sending message <Ping:> to Peer_8:basic
Peer_9:basic INFO 13000: Sending message <Ping:> to Peer_2:basic
Peer_9:basic INFO 13000: Sending message <Ping:> to Peer_3:basic
Peer_9:basic INFO 13000: Sending message <Ping:> to Peer_6:basic
Peer_9:basic INFO 13000: Sending message <Ping:> to Peer_2:basic
Peer_9:basic INFO 13000.638429570034: Received message <Ping:> from Peer_4:basic
Peer_9:basic INFO 13000.638429570034: Sending message <Pong:> to Peer_4:basic
Peer_9:basic INFO 13000.894783539325: Received message <Ping:> from Peer_1:basic
Peer_9:basic INFO 13000.894783539325: Sending message <Pong:> to Peer_1:basic
Peer_9:basic INFO 13001.214655556463: Received message <Ping:> from Peer_8:basic
Peer_9:basic INFO 13001.214655556463: Sending message <Pong:> to Peer_8:basic
Peer_9:basic INFO 13001.258733957595: Received message <Ping:> from Peer_6:basic
Peer_9:basic INFO 13001.258733957595: Sending message <Pong:> to Peer_6:basic
Peer_9:basic INFO 13001.430999190097: Received message <Pong:> from Peer_8:basic
Peer_9:basic INFO 13001.642193036138: Received message <Ping:> from Peer_2:basic
Peer_9:basic INFO 13001.642193036138: Sending message <Pong:> to Peer_2:basic
Peer_9:basic INFO 13001.76696100677: Received message <Ping:> from Peer_3:basic
Peer_9:basic INFO 13001.76696100677: Sending message <Pong:> to Peer_3:basic
Peer_9:basic INFO 13001.7754730115: Received message <Pong:> from Peer_1:basic
Peer_9:basic INFO 13001.821267454594: Received message <Pong:> from Peer_4:basic
Peer_9:basic INFO 13001.848084358558: Received message <Ping:> from Peer_2:basic
Peer_9:basic INFO 13001.848084358558: Sending message <Pong:> to Peer_2:basic
Peer_9:basic INFO 13003.110659960861: Received message <Pong:> from Peer_2:basic
Peer_9:basic INFO 13003.271005880937: Received message <Pong:> from Peer_3:basic
Peer_9:basic INFO 13003.32470314543: Received message <Pong:> from Peer_6:basic
Peer_9:basic INFO 13003.410763256956: Received message <Pong:> from Peer_2:basic
Peer_9:basic INFO 14000: Sending message <Ping:> to Peer_1:basic
Peer_9:basic INFO 14000: Sending message <Ping:> to Peer_4:basic
Peer_9:basic INFO 14000: Sending message <Ping:> to Peer_8:basic
Peer_9:basic INFO 14000: Sending message <Ping:> to Peer_2:basic
Peer_9:basic INFO 14000: Sending message <Ping:> to Peer_3:basic
Peer_9:basic INFO 14000: Sending message <Ping:> to Peer_6:basic
Peer_9:basic INFO 14000: Sending message <Ping:> to Peer_2:basic
Peer_9:basic INFO 14000.750860380793: Received message <Ping:> from Peer_1:basic
Peer_9:basic INFO 14000.750860380793: Sending message <Pong:> to Peer_1:basic
Peer_9:basic INFO 14000.773436405678: Received message <Ping:> from Peer_8:basic
Peer_9:basic INFO 14000.773436405678: Sending message <Pong:> to Peer_8:basic
Peer_9:basic INFO 14000.877157585779: Received message <Ping:> from Peer_4:basic
Peer_9:basic INFO 14000.877157585779: Sending message <Pong:> to Peer_4:basic
Peer_9:basic INFO 14001.022971459808: Received message <Ping:> from Peer_3:basic
Peer_9:basic INFO 14001.022971459808: Sending message <Pong:> to Peer_3:basic
Peer_9:basic INFO 14001.411303186154: Received message <Ping:> from Peer_2:basic
Peer_9:basic INFO 14001.411303186154: Sending message <Pong:> to Peer_2:basic
Peer_9:basic INFO 14001.8587296612: Received message <Ping:> from Peer_6:basic
Peer_9:basic INFO 14001.8587296612: Sending message <Pong:> to Peer_6:basic
Peer_9:basic INFO 14001.896266545424: Received message <Pong:> from Peer_1:basic
Peer_9:basic INFO 14001.995442347154: Received message <Ping:> from Peer_2:basic
Peer_9:basic INFO 14001.995442347154: Sending message <Pong:> to Peer_2:basic
Peer_9:basic INFO 14002.330696395871: Received message <Pong:> from Peer_4:basic
Peer_9:basic INFO 14002.473512728959: Received message <Pong:> from Peer_8:basic
Peer_9:basic INFO 14002.621456755567: Received message <Pong:> from Peer_2:basic
Peer_9:basic INFO 14002.695623814945: Received message <Pong:> from Peer_2:basic
Peer_9:basic INFO 14002.905517909363: Received message <Pong:> from Peer_6:basic
Peer_9:basic INFO 14003.244615837404: Received message <Pong:> from Peer_3:basic
Peer_9:basic INFO 15000: Sending message <Ping:> to Peer_1:basic
Peer_9:basic INFO 15000: Sending message <Ping:> to Peer_4:basic
Peer_9:basic INFO 15000: Sending message <Ping:> to Peer_8:basic
Peer_9:basic INFO 15000: Sending message <Ping:> to Peer_2:basic
Peer_9:basic INFO 15000: Sending message <Ping:> to Peer_3:basic
Peer_9:basic INFO 15000: Sending message <Ping:> to Peer_6:basic
Peer_9:basic INFO 15000: Sending message <Ping:> to Peer_2:basic
Peer_9:basic INFO 15000.708770268457: Received message <Ping:> from Peer_8:basic
Peer_9:basic INFO 15000.708770268457: Sending message <Pong:> to Peer_8:basic
Peer_9:basic INFO 15000.878242615197: Received message <Ping:> from Peer_6:basic
Peer_9:basic INFO 15000.878242615197: Sending message <Pong:> to Peer_6:basic
Peer_9:basic INFO 15000.971258691568: Received message <Ping:> from Peer_4:basic
Peer_9:basic INFO 15000.971258691568: Sending message <Pong:> to Peer_4:basic
Peer_9:basic INFO 15001.037244266381: Received message <Ping:> from Peer_1:basic
Peer_9:basic INFO 15001.037244266381: Sending message <Pong:> to Peer_1:basic
Peer_9:basic INFO 15001.179008468573: Received message <Ping:> from Peer_2:basic
Peer_9:basic INFO 15001.179008468573: Sending message <Pong:> to Peer_2:basic
Peer_9:basic INFO 15001.33191820656: Received message <Ping:> from Peer_2:basic
Peer_9:basic INFO 15001.33191820656: Sending message <Pong:> to Peer_2:basic
Peer_9:basic INFO 15001.574262286736: Received message <Pong:> from Peer_1:basic
Peer_9:basic INFO 15001.704435669328: Received message <Pong:> from Peer_4:basic
Peer_9:basic INFO 15001.719288420873: Received message <Pong:> from Peer_8:basic
Peer_9:basic INFO 15001.973410355979: Received message <Ping:> from Peer_3:basic
Peer_9:basic INFO 15001.973410355979: Sending message <Pong:> to Peer_3:basic
Peer_9:basic INFO 15002.688782754383: Received message <Pong:> from Peer_6:basic
Peer_9:basic INFO 15002.827838065734: Received message <Pong:> from Peer_3:basic
Peer_9:basic INFO 15002.974039206187: Received message <Pong:> from Peer_2:basic
Peer_9:basic INFO 15003.045183459797: Received message <Pong:> from Peer_2:basic
Peer_9:basic INFO 16000: Sending message <Ping:> to Peer_1:basic
Peer_9:basic INFO 16000: Sending message <Ping:> to Peer_4:basic
Peer_9:basic INFO 16000: Sending message <Ping:> to Peer_8:basic
Peer_9:basic INFO 16000: Sending message <Ping:> to Peer_2:basic
Peer_9:basic INFO 16000: Sending message <Ping:> to Peer_3:basic
Peer_9:basic INFO 16000: Sending message <Ping:> to Peer_6:basic
Peer_9:basic INFO 16000: Sending message <Ping:> to Peer_2:basic
Peer_9:basic INFO 16000.840962423486: Received message <Ping:> from Peer_1:basic
Peer_9:basic INFO 16000.840962423486: Sending message <Pong:> to Peer_1:basic
Peer_9:basic INFO 16001.17928300881: Received message <Ping:> from Peer_4:basic
Peer_9:basic INFO 16001.17928300881: Sending message <Pong:> to Peer_4:basic
Peer_9:basic INFO 16001.257858113757: Received message <Ping:> from Peer_2:basic
Peer_9:basic INFO 16001.257858113757: Sending message <Pong:> to Peer_2:basic
Peer_9:basic INFO 16001.330101974898: Received message <Ping:> from Peer_2:basic
Peer_9:basic INFO 16001.330101974898: Sending message <Pong:> to Peer_2:basic
Peer_9:basic INFO 16001.35374595438: Received message <Ping:> from Peer_8:basic
Peer_9:basic INFO 16001.35374595438: Sending message <Pong:> to Peer_8:basic
Peer_9:basic INFO 16001.51837923838: Received message <Ping:> from Peer_3:basic
Peer_9:basic INFO 16001.51837923838: Sending message <Pong:> to Peer_3:basic
Peer_9:basic INFO 16001.735658193818: Received message <Pong:> from Peer_8:basic
Peer_9:basic INFO 16001.774438074424: Received message <Pong:> from Peer_1:basic
Peer_9:basic INFO 16001.844041394796: Received message <Pong:> from Peer_4:basic
Peer_9:basic INFO 16001.8679722963: Received message <Ping:> from Peer_6:basic
Peer_9:basic INFO 16001.8679722963: Sending message <Pong:> to Peer_6:basic
Peer_9:basic INFO 16002.568473340067: Received message <Pong:> from Peer_6:basic
Peer_9:basic INFO 16002.721175422283: Received message <Pong:> from Peer_2:basic
Peer_9:basic INFO 16002.830536831218: Received message <Pong:> from Peer_3:basic
Peer_9:basic INFO 16003.214977308764: Received message <Pong:> from Peer_2:basic
Peer_9:basic INFO 17000: Sending message <Ping:> to Peer_1:basic
Peer_9:basic INFO 17000: Sending message <Ping:> to Peer_4:basic
Peer_9:basic INFO 17000: Sending message <Ping:> to Peer_8:basic
Peer_9:basic INFO 17000: Sending message <Ping:> to Peer_2:basic
Peer_9:basic INFO 17000: Sending message <Ping:> to Peer_3:basic
Peer_9:basic INFO 17000: Sending message <Ping:> to Peer_6:basic
Peer_9:basic INFO 17000: Sending message <Ping:> to Peer_2:basic
Peer_9:basic INFO 17000.789524145763: Received message <Ping:> from Peer_8:basic
Peer_9:basic INFO 17000.789524145763: Sending message <Pong:> to Peer_8:basic
Peer_9:basic INFO 17000.923136685946: Received message <Ping:> from Peer_4:basic
Peer_9:basic INFO 17000.923136685946: Sending message <Pong:> to Peer_4:basic
Peer_9:basic INFO 17001.15957232679: Received message <Ping:> from Peer_1:basic
Peer_9:basic INFO 17001.15957232679: Sending message <Pong:> to Peer_1:basic
Peer_9:basic INFO 17001.383470324534: Received message <Ping:> from Peer_3:basic
Peer_9:basic INFO 17001.383470324534: Sending message <Pong:> to Peer_3:basic
Peer_9:basic INFO 17001.60066210612: Received message <Ping:> from Peer_2:basic
Peer_9:basic INFO 17001.60066210612: Sending message <Pong:> to Peer_2:basic
Peer_9:basic INFO 17001.80131158505: Received message <Ping:> from Peer_6:basic
Peer_9:basic INFO 17001.80131158505: Sending message <Pong:> to Peer_6:basic
Peer_9:basic INFO 17001.815844540033: Received message <Pong:> from Peer_4:basic
Peer_9:basic INFO 17001.83005641122: Received message <Pong:> from Peer_8:basic
Peer_9:basic INFO 17001.843018853444: Received message <Ping:> from Peer_2:basic
Peer_9:basic INFO 17001.843018853444: Sending message <Pong:> to Peer_2:basic
Peer_9:basic INFO 17002.085039324273: Received message <Pong:> from Peer_1:basic
Peer_9:basic INFO 17002.367309939786: Received message <Pong:> from Peer_2:basic
Peer_9:basic INFO 17002.781796280935: Received message <Pong:> from Peer_3:basic
Peer_9:basic INFO 17002.78243856512: Received message <Pong:> from Peer_2:basic
Peer_9:basic INFO 17003.169880707686: Received message <Pong:> from Peer_6:basic
Peer_9:basic INFO 18000: Sending message <Ping:> to Peer_1:basic
Peer_9:basic INFO 18000: Sending message <Ping:> to Peer_4:basic
Peer_9:basic INFO 18000: Sending message <Ping:> to Peer_8:basic
Peer_9:basic INFO 18000: Sending message <Ping:> to Peer_2:basic
Peer_9:basic INFO 18000: Sending message <Ping:> to Peer_3:basic
Peer_9:basic INFO 18000: Sending message <Ping:> to Peer_6:basic
Peer_9:basic INFO 18000: Sending message <Ping:> to Peer_2:basic
Peer_9:basic INFO 18000.703847623296: Received message <Ping:> from Peer_4:basic
Peer_9:basic INFO 18000.703847623296: Sending message <Pong:> to Peer_4:basic
Peer_9:basic INFO 18000.73244574825: Received message <Ping:> from Peer_8:basic
Peer_9:basic INFO 18000.73244574825: Sending message <Pong:> to Peer_8:basic
Peer_9:basic INFO 18000.930442890232: Received message <Ping:> from Peer_1:basic
Peer_9:basic INFO 18000.930442890232: Sending message <Pong:> to Peer_1:basic
Peer_9:basic INFO 18001.41125034381: Received message <Ping:> from Peer_3:basic
Peer_9:basic INFO 18001.41125034381: Sending message <Pong:> to Peer_3:basic
Peer_9:basic INFO 18001.44257022262: Received message <Ping:> from Peer_2:basic
Peer_9:basic INFO 18001.44257022262: Sending message <Pong:> to Peer_2:basic
Peer_9:basic INFO 18001.4866429538: Received message <Ping:> from Peer_6:basic
Peer_9:basic INFO 18001.4866429538: Sending message <Pong:> to Peer_6:basic
Peer_9:basic INFO 18001.79627268139: Received message <Ping:> from Peer_2:basic
Peer_9:basic INFO 18001.79627268139: Sending message <Pong:> to Peer_2:basic
Peer_9:basic INFO 18001.86785866912: Received message <Pong:> from Peer_4:basic
Peer_9:basic INFO 18001.95415753693: Received message <Pong:> from Peer_1:basic
Peer_9:basic INFO 18002.061044305377: Received message <Pong:> from Peer_8:basic
Peer_9:basic INFO 18002.323779360304: Received message <Pong:> from Peer_6:basic
Peer_9:basic INFO 18002.431083038457: Received message <Pong:> from Peer_3:basic
Peer_9:basic INFO 18002.793123873762: Received message <Pong:> from Peer_2:basic
Peer_9:basic INFO 18003.25899869042: Received message <Pong:> from Peer_2:basic
Peer_9:basic INFO 19000: Sending message <Ping:> to Peer_1:basic
Peer_9:basic INFO 19000: Sending message <Ping:> to Peer_4:basic
Peer_9:basic INFO 19000: Sending message <Ping:> to Peer_8:basic
Peer_9:basic INFO 19000: Sending message <Ping:> to Peer_2:basic
Peer_9:basic INFO 19000: Sending message <Ping:> to Peer_3:basic
Peer_9:basic INFO 19000: Sending message <Ping:> to Peer_6:basic
Peer_9:basic INFO 19000: Sending message <Ping:> to Peer_2:basic
Peer_9:basic INFO 19000.668745434003: Received message <Ping:> from Peer_8:basic
Peer_9:basic INFO 19000.668745434003: Sending message <Pong:> to Peer_8:basic
Peer_9:basic INFO 19000.73443566126: Received message <Ping:> from Peer_4:basic
Peer_9:basic INFO 19000.73443566126: Sending message <Pong:> to Peer_4:basic
Peer_9:basic INFO 19000.749005671154: Received message <Ping:> from Peer_1:basic
Peer_9:basic INFO 19000.749005671154: Sending message <Pong:> to Peer_1:basic
Peer_9:basic INFO 19001.349948601644: Received message <Ping:> from Peer_2:basic
Peer_9:basic INFO 19001.349948601644: Sending message <Pong:> to Peer_2:basic
Peer_9:basic INFO 19001.49335446949: Received message <Pong:> from Peer_1:basic
Peer_9:basic INFO 19001.555114721796: Received message <Pong:> from Peer_8:basic
Peer_9:basic INFO 19001.620663744307: Received message <Ping:> from Peer_6:basic
Peer_9:basic INFO 19001.620663744307: Sending message <Pong:> to Peer_6:basic
Peer_9:basic INFO 19001.726998547663: Received message <Ping:> from Peer_2:basic
Peer_9:basic INFO 19001.726998547663: Sending message <Pong:> to Peer_2:basic
Peer_9:basic INFO 19001.936005239484: Received message <Ping:> from Peer_3:basic
Peer_9:basic INFO 19001.936005239484: Sending message <Pong:> to Peer_3:basic
Peer_9:basic INFO 19002.084159204238: Received message <Pong:> from Peer_4:basic
Peer_9:basic INFO 19002.412933993946: Received message <Pong:> from Peer_3:basic
Peer_9:basic INFO 19002.92782420806: Received message <Pong:> from Peer_2:basic
Peer_9:basic INFO 19003.05958179404: Received message <Pong:> from Peer_6:basic
Peer_9:basic INFO 19003.374187031568: Received message <Pong:> from Peer_2:basic
