Peer_6:basic INFO 0.5093087595715987: Received message <Hello:> from Peer_2:basic
Peer_6:basic INFO 0.5093087595715987: Connecting to Peer_2:basic
Peer_6:basic INFO 0.5093087595715987: Sending message <Hello:> to Peer_2:basic
Peer_6:basic INFO 0.6444308351526771: Connecting to Peer_7:basic
Peer_6:basic INFO 0.6683042290749022: Received message <Hello:> from Peer_5:basic
Peer_6:basic INFO 0.6683042290749022: Connecting to Peer_5:basic
Peer_6:basic INFO 0.6683042290749022: Sending message <Hello:> to Peer_5:basic
Peer_6:basic INFO 0.7606636927921373: Received message <Hello:> from Peer_7:basic
Peer_6:basic INFO 1.3771038709152081: Connecting to Peer_8:basic
Peer_6:basic INFO 1.5129278293770578: Received message <Hello:> from Peer_8:basic
Peer_6:basic INFO 1.5241501649091513: Connecting to Peer_9:basic
Peer_6:basic INFO 1.5656905294380565: Received message <Hello:> from Peer_1:basic
Peer_6:basic INFO 1.5656905294380565: Connecting to Peer_1:basic
Peer_6:basic INFO 1.5656905294380565: Sending message <Hello:> to Peer_1:basic
Peer_6:basic INFO 1.626904759670154: Received message <Hello:> from Peer_7:basic
Peer_6:basic INFO 2.047326007835266: Received message <Hello:> from Peer_9:basic
Peer_6:basic INFO 2.461242596543586: Received message <Hello:> from Peer_8:basic
Peer_6:basic INFO 3.384519921039568: Received message <Hello:> from Peer_9:basic
Peer_6:basic INFO 1000: Sending message <Ping:> to Peer_2:basic
Peer_6:basic INFO 1000: Sending message <Ping:> to Peer_7:basic
Peer_6:basic INFO 1000: Sending message <Ping:> to Peer_5:basic
Peer_6:basic INFO 1000: Sending message <Ping:> to Peer_8:basic
Peer_6:basic INFO 1000: Sending message <Ping:> to Peer_9:basic
Peer_6:basic INFO 1000: Sending message <Ping:> to Peer_1:basic
Peer_6:basic INFO 1000.6274712388745: Received message <Ping:> from Peer_5:basic
Peer_6:basic INFO 1000.6274712388745: Sending message <Pong:> to Peer_5:basic
Peer_6:basic INFO 1000.8054169365001: Received message <Ping:> from Peer_7:basic
Peer_6:basic INFO 1000.8054169365001: Sending message <Pong:> to Peer_7:basic
Peer_6:basic INFO 1000.806647322203: Received message <Ping:> from Peer_2:basic
Peer_6:basic INFO 1000.806647322203: Sending message <Pong:> to Peer_2:basic
Peer_6:basic INFO 1001.1473983299452: Received message <Ping:> from Peer_8:basic
Peer_6:basic INFO 1001.1473983299452: Sending message <Pong:> to Peer_8:basic
Peer_6:basic INFO 1001.3353632690112: Received message <Ping:> from Peer_1:basic
Peer_6:basic INFO 1001.3353632690112: Sending message <Pong:> to Peer_1:basic
Peer_6:basic INFO 1001.4134112114866: Received message <Pong:> from Peer_2:basic
Peer_6:basic INFO 1001.4638029354102: Received message <Pong:> from Peer_7:basic
Peer_6:basic INFO 1001.5705114966934: Received message <Pong:> from Peer_5:basic
Peer_6:basic INFO 1002.0810411393707: Received message <Ping:> from Peer_9:basic
Peer_6:basic INFO 1002.0810411393707: Sending message <Pong:> to Peer_9:basic
Peer_6:basic INFO 1002.7924325593551: Received message <Pong:> from Peer_8:basic
Peer_6:basic INFO 1003.1285572343887: Received message <Pong:> from Peer_9:basic
Peer_6:basic INFO 1003.380468148097: Received message <Pong:> from Peer_1:basic
Peer_6:basic INFO 2000: Sending message <Ping:> to Peer_2:basic
Peer_6:basic INFO 2000: Sending message <Ping:> to Peer_7:basic
Peer_6:basic INFO 2000: Sending message <Ping:> to Peer_5:basic
Peer_6:basic INFO 2000: Sending message <Ping:> to Peer_8:basic
Peer_6:basic INFO 2000: Sending message <Ping:> to Peer_9:basic
Peer_6:basic INFO 2000: Sending message <Ping:> to Peer_1:basic
Peer_6:basic INFO 2000.6393223339553: Received message <Ping:> from Peer_2:basic
Peer_6:basic INFO 2000.6393223339553: Sending message <Pong:> to Peer_2:basic
Peer_6:basic INFO 2000.6745560799725: Received message <Ping:> from Peer_5:basic
Peer_6:basic INFO 2000.6745560799725: Sending message <Pong:> to Peer_5:basic
Peer_6:basic INFO 2000.7198837469243: Received message <Ping:> from Peer_7:basic
Peer_6:basic INFO 2000.7198837469243: Sending message <Pong:> to Peer_7:basic
Peer_6:basic INFO 2001.1467539914338: Received message <Ping:> from Peer_1:basic
Peer_6:basic INFO 2001.1467539914338: Sending message <Pong:> to Peer_1:basic
Peer_6:basic INFO 2001.1924051326373: Received message <Ping:> from Peer_8:basic
Peer_6:basic INFO 2001.1924051326373: Sending message <Pong:> to Peer_8:basic
Peer_6:basic INFO 2001.4330871990364: Received message <Pong:> from Peer_2:basic
Peer_6:basic INFO 2001.5551217756733: Received message <Pong:> from Peer_7:basic
Peer_6:basic INFO 2001.611697454341: Received message <Pong:> from Peer_5:basic
Peer_6:basic INFO 2001.8106589029148: Received message <Ping:> from Peer_9:basic
Peer_6:basic INFO 2001.8106589029148: Sending message <Pong:> to Peer_9:basic
Peer_6:basic INFO 2002.3270971728632: Received message <Pong:> from Peer_9:basic
Peer_6:basic INFO 2002.8816739533888: Received message <Pong:> from Peer_1:basic
Peer_6:basic INFO 2003.0238456313602: Received message <Pong:> from Peer_8:basic
Peer_6:basic INFO 3000: Sending message <Ping:> to Peer_2:basic
Peer_6:basic INFO 3000: Sending message <Ping:> to Peer_7:basic
Peer_6:basic INFO 3000: Sending message <Ping:> to Peer_5:basic
Peer_6:basic INFO 3000: Sending message <Ping:> to Peer_8:basic
Peer_6:basic INFO 3000: Sending message <Ping:> to Peer_9:basic
Peer_6:basic INFO 3000: Sending message <Ping:> to Peer_1:basic
Peer_6:basic INFO 3000.531056522197: Received message <Ping:> from Peer_7:basic
Peer_6:basic INFO 3000.531056522197: Sending message <Pong:> to Peer_7:basic
Peer_6:basic INFO 3000.6485904762335: Received message <Ping:> from Peer_5:basic
Peer_6:basic INFO 3000.6485904762335: Sending message <Pong:> to Peer_5:basic
Peer_6:basic INFO 3000.847675339711: Received message <Ping:> from Peer_2:basic
Peer_6:basic INFO 3000.847675339711: Sending message <Pong:> to Peer_2:basic
Peer_6:basic INFO 3000.916917895025: Received message <Ping:> from Peer_8:basic
Peer_6:basic INFO 3000.916917895025: Sending message <Pong:> to Peer_8:basic
Peer_6:basic INFO 3001.4211272116636: Received message <Pong:> from Peer_2:basic
Peer_6:basic INFO 3001.4460419657707: Received message <Pong:> from Peer_5:basic
Peer_6:basic INFO 3001.472174470189: Received message <Pong:> from Peer_7:basic
Peer_6:basic INFO 3001.777705174261: Received message <Ping:> from Peer_9:basic
Peer_6:basic INFO 3001.777705174261: Sending message <Pong:> to Peer_9:basic
Peer_6:basic INFO 3001.778187683936: Received message <Ping:> from Peer_1:basic
Peer_6:basic INFO 3001.778187683936: Sending message <Pong:> to Peer_1:basic
Peer_6:basic INFO 3001.813853359543: Received message <Pong:> from Peer_1:basic
Peer_6:basic INFO 3002.6993316237304: Received message <Pong:> from Peer_9:basic
Peer_6:basic INFO 3003.440469529112: Received message <Pong:> from Peer_8:basic
Peer_6:basic INFO 4000: Sending message <Ping:> to Peer_2:basic
Peer_6:basic INFO 4000: Sending message <Ping:> to Peer_7:basic
Peer_6:basic INFO 4000: Sending message <Ping:> to Peer_5:basic
Peer_6:basic INFO 4000: Sending message <Ping:> to Peer_8:basic
Peer_6:basic INFO 4000: Sending message <Ping:> to Peer_9:basic
Peer_6:basic INFO 4000: Sending message <Ping:> to Peer_1:basic
Peer_6:basic INFO 4000.6960985916658: Received message <Ping:> from Peer_2:basic
Peer_6:basic INFO 4000.6960985916658: Sending message <Pong:> to Peer_2:basic
Peer_6:basic INFO 4000.6979819795524: Received message <Ping:> from Peer_5:basic
Peer_6:basic INFO 4000.6979819795524: Sending message <Pong:> to Peer_5:basic
Peer_6:basic INFO 4000.95835286498: Received message <Ping:> from Peer_7:basic
Peer_6:basic INFO 4000.95835286498: Sending message <Pong:> to Peer_7:basic
Peer_6:basic INFO 4001.279926333719: Received message <Pong:> from Peer_5:basic
Peer_6:basic INFO 4001.320697571078: Received message <Ping:> from Peer_9:basic
Peer_6:basic INFO 4001.320697571078: Sending message <Pong:> to Peer_9:basic
Peer_6:basic INFO 4001.3420380340976: Received message <Ping:> from Peer_8:basic
Peer_6:basic INFO 4001.3420380340976: Sending message <Pong:> to Peer_8:basic
Peer_6:basic INFO 4001.445487911637: Received message <Pong:> from Peer_2:basic
Peer_6:basic INFO 4001.5530468497655: Received message <Pong:> from Peer_7:basic
Peer_6:basic INFO 4002.0421680936256: Received message <Ping:> from Peer_1:basic
Peer_6:basic INFO 4002.0421680936256: Sending message <Pong:> to Peer_1:basic
Peer_6:basic INFO 4002.391066220986: Received message <Pong:> from Peer_1:basic
Peer_6:basic INFO 4002.604934346207: Received message <Pong:> from Peer_8:basic
Peer_6:basic INFO 4003.0884915480783: Received message <Pong:> from Peer_9:basic
Peer_6:basic INFO 5000: Sending message <Ping:> to Peer_2:basic
Peer_6:basic INFO 5000: Sending message <Ping:> to Peer_7:basic
Peer_6:basic INFO 5000: Sending message <Ping:> to Peer_5:basic
Peer_6:basic INFO 5000: Sending message <Ping:> to Peer_8:basic
Peer_6:basic INFO 5000: Sending message <Ping:> to Peer_9:basic
Peer_6:basic INFO 5000: Sending message <Ping:> to Peer_1:basic
Peer_6:basic INFO 5000.63601588104: Received message <Ping:> from Peer_7:basic
Peer_6:basic INFO 5000.63601588104: Sending message <Pong:> to Peer_7:basic
Peer_6:basic INFO 5000.666218094083: Received message <Ping:> from Peer_5:basic
Peer_6:basic INFO 5000.666218094083: Sending message <Pong:> to Peer_5:basic
Peer_6:basic INFO 5000.735880302367: Received message <Ping:> from Peer_2:basic
Peer_6:basic INFO 5000.735880302367: Sending message <Pong:> to Peer_2:basic
Peer_6:basic INFO 5001.199203004107: Received message <Ping:> from Peer_9:basic
Peer_6:basic INFO 5001.199203004107: Sending message <Pong:> to Peer_9:basic
Peer_6:basic INFO 5001.356903972895: Received message <Pong:> from Peer_7:basic
Peer_6:basic INFO 5001.409554987274: Received message <Ping:> from Peer_1:basic
Peer_6:basic INFO 5001.409554987274: Sending message <Pong:> to Peer_1:basic
Peer_6:basic INFO 5001.59242691835: Received message <Pong:> from Peer_2:basic
Peer_6:basic INFO 5001.634312224799: Received message <Ping:> from Peer_8:basic
Peer_6:basic INFO 5001.634312224799: Sending message <Pong:> to Peer_8:basic
Peer_6:basic INFO 5001.6482385242425: Received message <Pong:> from Peer_5:basic
Peer_6:basic INFO 5002.8466990854: Received message <Pong:> from Peer_8:basic
Peer_6:basic INFO 5003.111713608582: Received message <Pong:> from Peer_9:basic
Peer_6:basic INFO 5003.2033389546805: Received message <Pong:> from Peer_1:basic
Peer_6:basic INFO 6000: Sending message <Ping:> to Peer_2:basic
Peer_6:basic INFO 6000: Sending message <Ping:> to Peer_7:basic
Peer_6:basic INFO 6000: Sending message <Ping:> to Peer_5:basic
Peer_6:basic INFO 6000: Sending message <Ping:> to Peer_8:basic
Peer_6:basic INFO 6000: Sending message <Ping:> to Peer_9:basic
Peer_6:basic INFO 6000: Sending message <Ping:> to Peer_1:basic
Peer_6:basic INFO 6000.553451183972: Received message <Ping:> from Peer_7:basic
Peer_6:basic INFO 6000.553451183972: Sending message <Pong:> to Peer_7:basic
Peer_6:basic INFO 6000.562957206689: Received message <Ping:> from Peer_2:basic
Peer_6:basic INFO 6000.562957206689: Sending message <Pong:> to Peer_2:basic
Peer_6:basic INFO 6000.914875966316: Received message <Ping:> from Peer_8:basic
Peer_6:basic INFO 6000.914875966316: Sending message <Pong:> to Peer_8:basic
Peer_6:basic INFO 6000.952486634057: Received message <Ping:> from Peer_5:basic
Peer_6:basic INFO 6000.952486634057: Sending message <Pong:> to Peer_5:basic
Peer_6:basic INFO 6001.250644198214: Received message <Ping:> from Peer_9:basic
Peer_6:basic INFO 6001.250644198214: Sending message <Pong:> to Peer_9:basic
Peer_6:basic INFO 6001.291705345302: Received message <Pong:> from Peer_7:basic
Peer_6:basic INFO 6001.366328870946: Received message <Pong:> from Peer_2:basic
Peer_6:basic INFO 6001.46114877226: Received message <Pong:> from Peer_5:basic
Peer_6:basic INFO 6001.717239380412: Received message <Ping:> from Peer_1:basic
Peer_6:basic INFO 6001.717239380412: Sending message <Pong:> to Peer_1:basic
Peer_6:basic INFO 6002.197254284853: Received message <Pong:> from Peer_1:basic
Peer_6:basic INFO 6002.667985796116: Received message <Pong:> from Peer_9:basic
Peer_6:basic INFO 6003.480091478366: Received message <Pong:> from Peer_8:basic
Peer_6:basic INFO 7000: Sending message <Ping:> to Peer_2:basic
Peer_6:basic INFO 7000: Sending message <Ping:> to Peer_7:basic
Peer_6:basic INFO 7000: Sending message <Ping:> to Peer_5:basic
Peer_6:basic INFO 7000: Sending message <Ping:> to Peer_8:basic
Peer_6:basic INFO 7000: Sending message <Ping:> to Peer_9:basic
Peer_6:basic INFO 7000: Sending message <Ping:> to Peer_1:basic
Peer_6:basic INFO 7000.672484746421: Received message <Ping:> from Peer_5:basic
Peer_6:basic INFO 7000.672484746421: Sending message <Pong:> to Peer_5:basic
Peer_6:basic INFO 7000.929573134685: Received message <Ping:> from Peer_2:basic
Peer_6:basic INFO 7000.929573134685: Sending message <Pong:> to Peer_2:basic
Peer_6:basic INFO 7000.999167429115: Received message <Ping:> from Peer_7:basic
Peer_6:basic INFO 7000.999167429115: Sending message <Pong:> to Peer_7:basic
Peer_6:basic INFO 7001.119959551616: Received message <Pong:> from Peer_2:basic
Peer_6:basic INFO 7001.253330646898: Received message <Pong:> from Peer_5:basic
Peer_6:basic INFO 7001.458402492255: Received message <Ping:> from Peer_8:basic
Peer_6:basic INFO 7001.458402492255: Sending message <Pong:> to Peer_8:basic
Peer_6:basic INFO 7001.540877102357: Received message <Ping:> from Peer_9:basic
Peer_6:basic INFO 7001.540877102357: Sending message <Pong:> to Peer_9:basic
Peer_6:basic INFO 7001.683067784115: Received message <Pong:> from Peer_7:basic
Peer_6:basic INFO 7001.930078557071: Received message <Ping:> from Peer_1:basic
Peer_6:basic INFO 7001.930078557071: Sending message <Pong:> to Peer_1:basic
Peer_6:basic INFO 7003.306471319922: Received message <Pong:> from Peer_8:basic
Peer_6:basic INFO 7003.645115161189: Received message <Pong:> from Peer_9:basic
Peer_6:basic INFO 7003.687741975787: Received message <Pong:> from Peer_1:basic
Peer_6:basic INFO 8000: Sending message <Ping:> to Peer_2:basic
Peer_6:basic INFO 8000: Sending message <Ping:> to Peer_7:basic
Peer_6:basic INFO 8000: Sending message <Ping:> to Peer_5:basic
Peer_6:basic INFO 8000: Sending message <Ping:> to Peer_8:basic
Peer_6:basic INFO 8000: Sending message <Ping:> to Peer_9:basic
Peer_6:basic INFO 8000: Sending message <Ping:> to Peer_1:basic
Peer_6:basic INFO 8000.594751870543: Received message <Ping:> from Peer_5:basic
Peer_6:basic INFO 8000.594751870543: Sending message <Pong:> to Peer_5:basic
Peer_6:basic INFO 8000.601795705217: Received message <Ping:> from Peer_7:basic
Peer_6:basic INFO 8000.601795705217: Sending message <Pong:> to Peer_7:basic
Peer_6:basic INFO 8000.713406205412: Received message <Ping:> from Peer_2:basic
Peer_6:basic INFO 8000.713406205412: Sending message <Pong:> to Peer_2:basic
Peer_6:basic INFO 8001.283575268458: Received message <Pong:> from Peer_7:basic
Peer_6:basic INFO 8001.328107954695: Received message <Pong:> from Peer_5:basic
Peer_6:basic INFO 8001.374496758427: Received message <Ping:> from Peer_8:basic
Peer_6:basic INFO 8001.374496758427: Sending message <Pong:> to Peer_8:basic
Peer_6:basic INFO 8001.405155546714: Received message <Ping:> from Peer_1:basic
Peer_6:basic INFO 8001.405155546714: Sending message <Pong:> to Peer_1:basic
Peer_6:basic INFO 8001.733089350208: Received message <Ping:> from Peer_9:basic
Peer_6:basic INFO 8001.733089350208: Sending message <Pong:> to Peer_9:basic
Peer_6:basic INFO 8001.871941238353: Received message <Pong:> from Peer_2:basic
Peer_6:basic INFO 8002.615427357826: Received message <Pong:> from Peer_9:basic
Peer_6:basic INFO 8002.623291830073: Received message <Pong:> from Peer_8:basic
Peer_6:basic INFO 8003.295056945117: Received message <Pong:> from Peer_1:basic
Peer_6:basic INFO 9000: Sending message <Ping:> to Peer_2:basic
Peer_6:basic INFO 9000: Sending message <Ping:> to Peer_7:basic
Peer_6:basic INFO 9000: Sending message <Ping:> to Peer_5:basic
Peer_6:basic INFO 9000: Sending message <Ping:> to Peer_8:basic
Peer_6:basic INFO 9000: Sending message <Ping:> to Peer_9:basic
Peer_6:basic INFO 9000: Sending message <Ping:> to Peer_1:basic
Peer_6:basic INFO 9000.537904338942: Received message <Ping:> from Peer_7:basic
Peer_6:basic INFO 9000.537904338942: Sending message <Pong:> to Peer_7:basic
Peer_6:basic INFO 9000.626135830962: Received message <Ping:> from Peer_5:basic
Peer_6:basic INFO 9000.626135830962: Sending message <Pong:> to Peer_5:basic
Peer_6:basic INFO 9000.674017264662: Received message <Ping:> from Peer_2:basic
Peer_6:basic INFO 9000.674017264662: Sending message <Pong:> to Peer_2:basic
Peer_6:basic INFO 9001.43069143767: Received message <Ping:> from Peer_1:basic
Peer_6:basic INFO 9001.43069143767: Sending message <Pong:> to Peer_1:basic
Peer_6:basic INFO 9001.466273038588: Received message <Pong:> from Peer_5:basic
Peer_6:basic INFO 9001.634265071514: Received message <Pong:> from Peer_7:basic
Peer_6:basic INFO 9001.65396389618: Received message <Ping:> from Peer_9:basic
Peer_6:basic INFO 9001.65396389618: Sending message <Pong:> to Peer_9:basic
Peer_6:basic INFO 9001.708335221952: Received message <Pong:> from Peer_2:basic
Peer_6:basic INFO 9001.721865340969: Received message <Ping:> from Peer_8:basic
Peer_6:basic INFO 9001.721865340969: Sending message <Pong:> to Peer_8:basic
Peer_6:basic INFO 9002.856118165531: Received message <Pong:> from Peer_1:basic
Peer_6:basic INFO 9003.195576910148: Received message <Pong:> from Peer_9:basic
Peer_6:basic INFO 9003.592393670948: Received message <Pong:> from Peer_8:basic
Peer_6:basic INFO 10000: Sending message <Ping:> to Peer_2:basic
Peer_6:basic INFO 10000: Sending message <Ping:> to Peer_7:basic
Peer_6:basic INFO 10000: Sending message <Ping:> to Peer_5:basic
Peer_6:basic INFO 10000: Sending message <Ping:> to Peer_8:basic
Peer_6:basic INFO 10000: Sending message <Ping:> to Peer_9:basic
Peer_6:basic INFO 10000: Sending message <Ping:> to Peer_1:basic
Peer_6:basic INFO 10000.69691767835: Received message <Ping:> from Peer_2:basic
Peer_6:basic INFO 10000.69691767835: Sending message <Pong:> to Peer_2:basic
Peer_6:basic INFO 10000.701711351681: Received message <Ping:> from Peer_5:basic
Peer_6:basic INFO 10000.701711351681: Sending message <Pong:> to Peer_5:basic
Peer_6:basic INFO 10000.923996902948: Received message <Ping:> from Peer_7:basic
Peer_6:basic INFO 10000.923996902948: Sending message <Pong:> to Peer_7:basic
Peer_6:basic INFO 10001.17807921624: Received message <Ping:> from Peer_8:basic
Peer_6:basic INFO 10001.17807921624: Sending message <Pong:> to Peer_8:basic
Peer_6:basic INFO 10001.240801605825: Received message <Pong:> from Peer_5:basic
Peer_6:basic INFO 10001.392994242524: Received message <Pong:> from Peer_7:basic
Peer_6:basic INFO 10001.428261413534: Received message <Pong:> from Peer_2:basic
Peer_6:basic INFO 10001.618160974956: Received message <Ping:> from Peer_9:basic
Peer_6:basic INFO 10001.618160974956: Sending message <Pong:> to Peer_9:basic
Peer_6:basic INFO 10001.624409284668: Received message <Ping:> from Peer_1:basic
Peer_6:basic INFO 10001.624409284668: Sending message <Pong:> to Peer_1:basic
Peer_6:basic INFO 10002.543363760014: Received message <Pong:> from Peer_8:basic
Peer_6:basic INFO 10002.890087588321: Received message <Pong:> from Peer_9:basic
Peer_6:basic INFO 10003.51581273988: Received message <Pong:> from Peer_1:basic
Peer_6:basic INFO 11000: Sending message <Ping:> to Peer_2:basic
Peer_6:basic INFO 11000: Sending message <Ping:> to Peer_7:basic
Peer_6:basic INFO 11000: Sending message <Ping:> to Peer_5:basic
Peer_6:basic INFO 11000: Sending message <Ping:> to Peer_8:basic
Peer_6:basic INFO 11000: Sending message <Ping:> to Peer_9:basic
Peer_6:basic INFO 11000: Sending message <Ping:> to Peer_1:basic
Peer_6:basic INFO 11000.5523501426: Received message <Ping:> from Peer_5:basic
Peer_6:basic INFO 11000.5523501426: Sending message <Pong:> to Peer_5:basic
Peer_6:basic INFO 11000.584667403336: Received message <Ping:> from Peer_2:basic
Peer_6:basic INFO 11000.584667403336: Sending message <Pong:> to Peer_2:basic
Peer_6:basic INFO 11000.64519144804: Received message <Ping:> from Peer_7:basic
Peer_6:basic INFO 11000.64519144804: Sending message <Pong:> to Peer_7:basic
Peer_6:basic INFO 11001.41719881459: Received message <Pong:> from Peer_5:basic
Peer_6:basic INFO 11001.488492302047: Received message <Pong:> from Peer_2:basic
Peer_6:basic INFO 11001.491422691459: Received message <Pong:> from Peer_7:basic
Peer_6:basic INFO 11001.590433300007: Received message <Ping:> from Peer_1:basic
Peer_6:basic INFO 11001.590433300007: Sending message <Pong:> to Peer_1:basic
Peer_6:basic INFO 11001.7498840977: Received message <Ping:> from Peer_8:basic
Peer_6:basic INFO 11001.7498840977: Sending message <Pong:> to Peer_8:basic
Peer_6:basic INFO 11001.888360013181: Received message <Ping:> from Peer_9:basic
Peer_6:basic INFO 11001.888360013181: Sending message <Pong:> to Peer_9:basic
Peer_6:basic INFO 11002.37366293664: Received message <Pong:> from Peer_8:basic
Peer_6:basic INFO 11002.955890595176: Received message <Pong:> from Peer_9:basic
Peer_6:basic INFO 11003.011307415396: Received message <Pong:> from Peer_1:basic
Peer_6:basic INFO 12000: Sending message <Ping:> to Peer_2:basic
Peer_6:basic INFO 12000: Sending message <Ping:> to Peer_7:basic
Peer_6:basic INFO 12000: Sending message <Ping:> to Peer_5:basic
Peer_6:basic INFO 12000: Sending message <Ping:> to Peer_8:basic
Peer_6:basic INFO 12000: Sending message <Ping:> to Peer_9:basic
Peer_6:basic INFO 12000: Sending message <Ping:> to Peer_1:basic
Peer_6:basic INFO 12000.582964242369: Received message <Ping:> from Peer_7:basic
Peer_6:basic INFO 12000.582964242369: Sending message <Pong:> to Peer_7:basic
Peer_6:basic INFO 12000.589050350913: Received message <Ping:> from Peer_5:basic
Peer_6:basic INFO 12000.589050350913: Sending message <Pong:> to Peer_5:basic
Peer_6:basic INFO 12000.642636488772: Received message <Ping:> from Peer_2:basic
Peer_6:basic INFO 12000.642636488772: Sending message <Pong:> to Peer_2:basic
Peer_6:basic INFO 12001.051896609366: Received message <Ping:> from Peer_9:basic
Peer_6:basic INFO 12001.051896609366: Sending message <Pong:> to Peer_9:basic
Peer_6:basic INFO 12001.064211683622: Received message <Pong:> from Peer_7:basic
Peer_6:basic INFO 12001.223596978058: Received message <Pong:> from Peer_5:basic
Peer_6:basic INFO 12001.274674229366: Received message <Pong:> from Peer_2:basic
Peer_6:basic INFO 12001.396475059162: Received message <Ping:> from Peer_1:basic
Peer_6:basic INFO 12001.396475059162: Sending message <Pong:> to Peer_1:basic
Peer_6:basic INFO 12001.71101576338: Received message <Ping:> from Peer_8:basic
Peer_6:basic INFO 12001.71101576338: Sending message <Pong:> to Peer_8:basic
Peer_6:basic INFO 12002.755689819303: Received message <Pong:> from Peer_1:basic
Peer_6:basic INFO 12003.094869908704: Received message <Pong:> from Peer_8:basic
Peer_6:basic INFO 12003.434057404873: Received message <Pong:> from Peer_9:basic
Peer_6:basic INFO 13000: Sending message <Ping:> to Peer_2:basic
Peer_6:basic INFO 13000: Sending message <Ping:> to Peer_7:basic
Peer_6:basic INFO 13000: Sending message <Ping:> to Peer_5:basic
Peer_6:basic INFO 13000: Sending message <Ping:> to Peer_8:basic
Peer_6:basic INFO 13000: Sending message <Ping:> to Peer_9:basic
Peer_6:basic INFO 13000: Sending message <Ping:> to Peer_1:basic
Peer_6:basic INFO 13000.50204368814: Received message <Ping:> from Peer_2:basic
Peer_6:basic INFO 13000.50204368814: Sending message <Pong:> to Peer_2:basic
Peer_6:basic INFO 13000.622205832122: Received message <Ping:> from Peer_7:basic
Peer_6:basic INFO 13000.622205832122: Sending message <Pong:> to Peer_7:basic
Peer_6:basic INFO 13000.667236022451: Received message <Ping:> from Peer_5:basic
Peer_6:basic INFO 13000.667236022451: Sending message <Pong:> to Peer_5:basic
Peer_6:basic INFO 13001.058563209928: Received message <Ping:> from Peer_8:basic
Peer_6:basic INFO 13001.058563209928: Sending message <Pong:> to Peer_8:basic
Peer_6:basic INFO 13001.079426103206: Received message <Pong:> from Peer_5:basic
Peer_6:basic INFO 13001.34827784492: Received message <Pong:> from Peer_2:basic
Peer_6:basic INFO 13001.357660196545: Received message <Pong:> from Peer_7:basic
Peer_6:basic INFO 13001.699717490344: Received message <Ping:> from Peer_9:basic
Peer_6:basic INFO 13001.699717490344: Sending message <Pong:> to Peer_9:basic
Peer_6:basic INFO 13001.713667654221: Received message <Ping:> from Peer_1:basic
Peer_6:basic INFO 13001.713667654221: Sending message <Pong:> to Peer_1:basic
Peer_6:basic INFO 13002.281152220796: Received message <Pong:> from Peer_1:basic
Peer_6:basic INFO 13003.146273514412: Received message <Pong:> from Peer_9:basic
Peer_6:basic INFO 13003.549037963963: Received message <Pong:> from Peer_8:basic
Peer_6:basic INFO 14000: Sending message <Ping:> to Peer_2:basic
Peer_6:basic INFO 14000: Sending message <Ping:> to Peer_7:basic
Peer_6:basic INFO 14000: Sending message <Ping:> to Peer_5:basic
Peer_6:basic INFO 14000: Sending message <Ping:> to Peer_8:basic
Peer_6:basic INFO 14000: Sending message <Ping:> to Peer_9:basic
Peer_6:basic INFO 14000: Sending message <Ping:> to Peer_1:basic
Peer_6:basic INFO 14000.773829641823: Received message <Ping:> from Peer_7:basic
Peer_6:basic INFO 14000.773829641823: Sending message <Pong:> to Peer_7:basic
Peer_6:basic INFO 14000.84010728174: Received message <Ping:> from Peer_2:basic
Peer_6:basic INFO 14000.84010728174: Sending message <Pong:> to Peer_2:basic
Peer_6:basic INFO 14000.947858467802: Received message <Ping:> from Peer_5:basic
Peer_6:basic INFO 14000.947858467802: Sending message <Pong:> to Peer_5:basic
Peer_6:basic INFO 14001.267953187416: Received message <Ping:> from Peer_1:basic
Peer_6:basic INFO 14001.267953187416: Sending message <Pong:> to Peer_1:basic
Peer_6:basic INFO 14001.32144847359: Received message <Pong:> from Peer_7:basic
Peer_6:basic INFO 14001.340990368144: Received message <Ping:> from Peer_9:basic
Peer_6:basic INFO 14001.340990368144: Sending message <Pong:> to Peer_9:basic
Peer_6:basic INFO 14001.413670047617: Received message <Pong:> from Peer_2:basic
Peer_6:basic INFO 14001.414668364894: Received message <Pong:> from Peer_5:basic
Peer_6:basic INFO 14001.448468822584: Received message <Ping:> from Peer_8:basic
Peer_6:basic INFO 14001.448468822584: Sending message <Pong:> to Peer_8:basic
Peer_6:basic INFO 14002.491770636632: Received message <Pong:> from Peer_1:basic
Peer_6:basic INFO 14002.585934213486: Received message <Pong:> from Peer_8:basic
Peer_6:basic INFO 14002.894714523509: Received message <Pong:> from Peer_9:basic
Peer_6:basic INFO 15000: Sending message <Ping:> to Peer_2:basic
Peer_6:basic INFO 15000: Sending message <Ping:> to Peer_7:basic
Peer_6:basic INFO 15000: Sending message <Ping:> to Peer_5:basic
Peer_6:basic INFO 15000: Sending message <Ping:> to Peer_8:basic
Peer_6:basic INFO 15000: Sending message <Ping:> to Peer_9:basic
Peer_6:basic INFO 15000: Sending message <Ping:> to Peer_1:basic
Peer_6:basic INFO 15000.657072702787: Received message <Ping:> from Peer_7:basic
Peer_6:basic INFO 15000.657072702787: Sending message <Pong:> to Peer_7:basic
Peer_6:basic INFO 15000.702378426839: Received message <Ping:> from Peer_2:basic
Peer_6:basic INFO 15000.702378426839: Sending message <Pong:> to Peer_2:basic
Peer_6:basic INFO 15000.744217165286: Received message <Ping:> from Peer_5:basic
Peer_6:basic INFO 15000.744217165286: Sending message <Pong:> to Peer_5:basic
Peer_6:basic INFO 15000.984398273975: Received message <Ping:> from Peer_1:basic
Peer_6:basic INFO 15000.984398273975: Sending message <Pong:> to Peer_1:basic
Peer_6:basic INFO 15001.166113333567: Received message <Ping:> from Peer_9:basic
Peer_6:basic INFO 15001.166113333567: Sending message <Pong:> to Peer_9:basic
Peer_6:basic INFO 15001.239444515944: Received message <Pong:> from Peer_7:basic
Peer_6:basic INFO 15001.32221881315: Received message <Pong:> from Peer_5:basic
Peer_6:basic INFO 15001.451277583586: Received message <Ping:> from Peer_8:basic
Peer_6:basic INFO 15001.451277583586: Sending message <Pong:> to Peer_8:basic
Peer_6:basic INFO 15001.754815655795: Received message <Pong:> from Peer_2:basic
Peer_6:basic INFO 15002.446517191163: Received message <Pong:> from Peer_9:basic
Peer_6:basic INFO 15002.84342394004: Received message <Pong:> from Peer_1:basic
Peer_6:basic INFO 15003.706472908296: Received message <Pong:> from Peer_8:basic
Peer_6:basic INFO 16000: Sending message <Ping:> to Peer_2:basic
Peer_6:basic INFO 16000: Sending message <Ping:> to Peer_7:basic
Peer_6:basic INFO 16000: Sending message <Ping:> to Peer_5:basic
Peer_6:basic INFO 16000: Sending message <Ping:> to Peer_8:basic
Peer_6:basic INFO 16000: Sending message <Ping:> to Peer_9:basic
Peer_6:basic INFO 16000: Sending message <Ping:> to Peer_1:basic
Peer_6:basic INFO 16000.518682484771: Received message <Ping:> from Peer_7:basic
Peer_6:basic INFO 16000.518682484771: Sending message <Pong:> to Peer_7:basic
Peer_6:basic INFO 16000.64639231002: Received message <Ping:> from Peer_2:basic
Peer_6:basic INFO 16000.64639231002: Sending message <Pong:> to Peer_2:basic
Peer_6:basic INFO 16000.676584202336: Received message <Ping:> from Peer_5:basic
Peer_6:basic INFO 16000.676584202336: Sending message <Pong:> to Peer_5:basic
Peer_6:basic INFO 16001.019370348116: Received message <Pong:> from Peer_2:basic
Peer_6:basic INFO 16001.167633096047: Received message <Pong:> from Peer_7:basic
Peer_6:basic INFO 16001.368247971695: Received message <Ping:> from Peer_1:basic
Peer_6:basic INFO 16001.368247971695: Sending message <Pong:> to Peer_1:basic
Peer_6:basic INFO 16001.380867158294: Received message <Pong:> from Peer_5:basic
Peer_6:basic INFO 16001.70890418517: Received message <Ping:> from Peer_9:basic
Peer_6:basic INFO 16001.70890418517: Sending message <Pong:> to Peer_9:basic
Peer_6:basic INFO 16001.743106756174: Received message <Ping:> from Peer_8:basic
Peer_6:basic INFO 16001.743106756174: Sending message <Pong:> to Peer_8:basic
Peer_6:basic INFO 16002.614366083599: Received message <Pong:> from Peer_8:basic
Peer_6:basic INFO 16003.40353384291: Received message <Pong:> from Peer_1:basic
Peer_6:basic INFO 16003.9143932853: Received message <Pong:> from Peer_9:basic
Peer_6:basic INFO 17000: Sending message <Ping:> to Peer_2:basic
Peer_6:basic INFO 17000: Sending message <Ping:> to Peer_7:basic
Peer_6:basic INFO 17000: Sending message <Ping:> to Peer_5:basic
Peer_6:basic INFO 17000: Sending message <Ping:> to Peer_8:basic
Peer_6:basic INFO 17000: Sending message <Ping:> to Peer_9:basic
Peer_6:basic INFO 17000: Sending message <Ping:> to Peer_1:basic
Peer_6:basic INFO 17000.655812462133: Received message <Ping:> from Peer_5:basic
Peer_6:basic INFO 17000.655812462133: Sending message <Pong:> to Peer_5:basic
Peer_6:basic INFO 17000.712744237946: Received message <Ping:> from Peer_2:basic
Peer_6:basic INFO 17000.712744237946: Sending message <Pong:> to Peer_2:basic
Peer_6:basic INFO 17000.84195662431: Received message <Ping:> from Peer_8:basic
Peer_6:basic INFO 17000.84195662431: Sending message <Pong:> to Peer_8:basic
Peer_6:basic INFO 17001.05995298453: Received message <Ping:> from Peer_7:basic
Peer_6:basic INFO 17001.05995298453: Sending message <Pong:> to Peer_7:basic
Peer_6:basic INFO 17001.234824633473: Received message <Pong:> from Peer_7:basic
Peer_6:basic INFO 17001.377575958366: Received message <Ping:> from Peer_9:basic
Peer_6:basic INFO 17001.377575958366: Sending message <Pong:> to Peer_9:basic
Peer_6:basic INFO 17001.39179204862: Received message <Pong:> from Peer_5:basic
Peer_6:basic INFO 17001.4571599122: Received message <Pong:> from Peer_2:basic
Peer_6:basic INFO 17001.751519618887: Received message <Ping:> from Peer_1:basic
Peer_6:basic INFO 17001.751519618887: Sending message <Pong:> to Peer_1:basic
Peer_6:basic INFO 17002.969301709833: Received message <Pong:> from Peer_8:basic
Peer_6:basic INFO 17003.126559830373: Received message <Pong:> from Peer_1:basic
Peer_6:basic INFO 17003.155087405325: Received message <Pong:> from Peer_9:basic
Peer_6:basic INFO 18000: Sending message <Ping:> to Peer_2:basic
Peer_6:basic INFO 18000: Sending message <Ping:> to Peer_7:basic
Peer_6:basic INFO 18000: Sending message <Ping:> to Peer_5:basic
Peer_6:basic INFO 18000: Sending message <Ping:> to Peer_8:basic
Peer_6:basic INFO 18000: Sending message <Ping:> to Peer_9:basic
Peer_6:basic INFO 18000: Sending message <Ping:> to Peer_1:basic
Peer_6:basic INFO 18000.581276290737: Received message <Ping:> from Peer_5:basic
Peer_6:basic INFO 18000.581276290737: Sending message <Pong:> to Peer_5:basic
Peer_6:basic INFO 18000.65141658622: Received message <Ping:> from Peer_2:basic
Peer_6:basic INFO 18000.65141658622: Sending message <Pong:> to Peer_2:basic
Peer_6:basic INFO 18000.94013864505: Received message <Ping:> from Peer_7:basic
Peer_6:basic INFO 18000.94013864505: Sending message <Pong:> to Peer_7:basic
Peer_6:basic INFO 18001.366177575695: Received message <Pong:> from Peer_5:basic
Peer_6:basic INFO 18001.53728343836: Received message <Ping:> from Peer_9:basic
Peer_6:basic INFO 18001.53728343836: Sending message <Pong:> to Peer_9:basic
Peer_6:basic INFO 18001.544630836397: Received message <Pong:> from Peer_2:basic
Peer_6:basic INFO 18001.554343921154: Received message <Ping:> from Peer_8:basic
Peer_6:basic INFO 18001.554343921154: Sending message <Pong:> to Peer_8:basic
Peer_6:basic INFO 18001.725202969417: Received message <Pong:> from Peer_7:basic
Peer_6:basic INFO 18001.748251257337: Received message <Ping:> from Peer_1:basic
Peer_6:basic INFO 18001.748251257337: Sending message <Pong:> to Peer_1:basic
Peer_6:basic INFO 18003.082479324465: Received message <Pong:> from Peer_8:basic
Peer_6:basic INFO 18003.225909627534: Received message <Pong:> from Peer_1:basic
Peer_6:basic INFO 18003.47332610627: Received message <Pong:> from Peer_9:basic
Peer_6:basic INFO 19000: Sending message <Ping:> to Peer_2:basic
Peer_6:basic INFO 19000: Sending message <Ping:> to Peer_7:basic
Peer_6:basic INFO 19000: Sending message <Ping:> to Peer_5:basic
Peer_6:basic INFO 19000: Sending message <Ping:> to Peer_8:basic
Peer_6:basic INFO 19000: Sending message <Ping:> to Peer_9:basic
Peer_6:basic INFO 19000: Sending message <Ping:> to Peer_1:basic
Peer_6:basic INFO 19000.63346707012: Received message <Ping:> from Peer_2:basic
Peer_6:basic INFO 19000.63346707012: Sending message <Pong:> to Peer_2:basic
Peer_6:basic INFO 19000.660706348: Received message <Ping:> from Peer_7:basic
Peer_6:basic INFO 19000.660706348: Sending message <Pong:> to Peer_7:basic
Peer_6:basic INFO 19000.72049184119: Received message <Ping:> from Peer_5:basic
Peer_6:basic INFO 19000.72049184119: Sending message <Pong:> to Peer_5:basic
Peer_6:basic INFO 19000.937481373: Received message <Ping:> from Peer_1:basic
Peer_6:basic INFO 19000.937481373: Sending message <Pong:> to Peer_1:basic
Peer_6:basic INFO 19001.35557915341: Received message <Pong:> from Peer_2:basic
Peer_6:basic INFO 19001.40615291753: Received message <Pong:> from Peer_7:basic
Peer_6:basic INFO 19001.485139230776: Received message <Pong:> from Peer_5:basic
Peer_6:basic INFO 19001.658728449114: Received message <Ping:> from Peer_8:basic
Peer_6:basic INFO 19001.658728449114: Sending message <Pong:> to Peer_8:basic
Peer_6:basic INFO 19001.699723493053: Received message <Ping:> from Peer_9:basic
Peer_6:basic INFO 19001.699723493053: Sending message <Pong:> to Peer_9:basic
Peer_6:basic INFO 19002.97635296978: Received message <Pong:> from Peer_9:basic
Peer_6:basic INFO 19003.109997478514: Received message <Pong:> from Peer_1:basic
Peer_6:basic INFO 19003.57036929892: Received message <Pong:> from Peer_8:basic
