Peer_4:basic WARNING 0: Not enough peers, fetching more (0, 4)
Peer_4:basic INFO 3.8146968238167513: Connecting to Peer_11:bootstrap
Peer_4:basic INFO 9.710756453687198: Received message <RequestPeers:> from Peer_11:bootstrap
Peer_4:basic INFO 9.710756453687198: Sending message <PeerList> to Peer_11:bootstrap
Peer_4:basic INFO 10.798031880100243: Received message <Hello:> from Peer_11:bootstrap
Peer_4:basic WARNING 500: Not enough peers, fetching more (1, 4)
Peer_4:basic INFO 500: Sending message <RequestPeers:> to Peer_11:bootstrap
Peer_4:basic INFO 505.8335082130411: Received message <RequestPeers:> from Peer_11:bootstrap
Peer_4:basic INFO 505.8335082130411: Sending message <PeerList> to Peer_11:bootstrap
Peer_4:basic INFO 511.07625908794586: Received message <PeerList> from Peer_11:bootstrap
Peer_4:basic WARNING 1000: Not enough peers, fetching more (1, 4)
Peer_4:basic INFO 1000: Sending message <RequestPeers:> to Peer_11:bootstrap
Peer_4:basic INFO 1005.2216392757202: Received message <Hello:> from Peer_5:basic
Peer_4:basic INFO 1005.2216392757202: Connecting to Peer_5:basic
Peer_4:basic INFO 1005.2216392757202: Sending message <Hello:> to Peer_5:basic
Peer_4:basic INFO 1005.2216392757202: Sending message <RequestPeers:> to Peer_5:basic
Peer_4:basic INFO 1006.0469991658535: Connecting to Peer_8:basic
Peer_4:basic INFO 1007.7347156601063: Received message <RequestPeers:> from Peer_11:bootstrap
Peer_4:basic INFO 1007.7347156601063: Sending message <PeerList> to Peer_11:bootstrap
Peer_4:basic INFO 1010.2156153249438: Received message <RequestPeers:> from Peer_8:basic
Peer_4:basic INFO 1010.2156153249438: Sending message <PeerList> to Peer_8:basic
Peer_4:basic INFO 1012.9748798376306: Received message <Hello:> from Peer_8:basic
Peer_4:basic INFO 1015.0859767092562: Received message <PeerList> from Peer_11:bootstrap
Peer_4:basic INFO 1017.6550322451618: Received message <PeerList> from Peer_5:basic
Peer_4:basic WARNING 1500: Not enough peers, fetching more (3, 4)
Peer_4:basic INFO 1500.6799769349022: Connecting to Peer_10:basic
Peer_4:basic INFO 1500.9966162401965: Received message <Hello:> from Peer_9:basic
Peer_4:basic INFO 1500.9966162401965: Connecting to Peer_9:basic
Peer_4:basic INFO 1500.9966162401965: Sending message <Hello:> to Peer_9:basic
Peer_4:basic INFO 1500.9966162401965: Sending message <RequestPeers:> to Peer_9:basic
Peer_4:basic INFO 1501.344698487108: Received message <Hello:> from Peer_10:basic
Peer_4:basic INFO 1501.6418846387264: Received message <RequestPeers:> from Peer_10:basic
Peer_4:basic INFO 1501.6418846387264: Sending message <PeerList> to Peer_10:basic
Peer_4:basic INFO 1503.0905103199564: Received message <PeerList> from Peer_9:basic
Peer_4:basic INFO 1504.9961946096246: Received message <RequestPeers:> from Peer_8:basic
Peer_4:basic INFO 1504.9961946096246: Sending message <PeerList> to Peer_8:basic
Peer_4:basic INFO 1505.1985485732384: Received message <Hello:> from Peer_6:basic
Peer_4:basic INFO 1505.1985485732384: Connecting to Peer_6:basic
Peer_4:basic INFO 1505.1985485732384: Sending message <Hello:> to Peer_6:basic
Peer_4:basic INFO 1505.1985485732384: Sending message <RequestPeers:> to Peer_6:basic
Peer_4:basic INFO 1518.6054468244924: Received message <PeerList> from Peer_6:basic
Peer_4:basic INFO 2000: Sending message <Ping:> to Peer_11:bootstrap
Peer_4:basic INFO 2000: Sending message <Ping:> to Peer_5:basic
Peer_4:basic INFO 2001.071631270784: Received message <RequestPeers:> from Peer_9:basic
Peer_4:basic INFO 2001.071631270784: Sending message <PeerList> to Peer_9:basic
Peer_4:basic INFO 2007.0022659680892: Received message <Ping:> from Peer_5:basic
Peer_4:basic INFO 2007.0022659680892: Sending message <Pong:> to Peer_5:basic
Peer_4:basic INFO 2007.140345048415: Received message <Ping:> from Peer_11:bootstrap
Peer_4:basic INFO 2007.140345048415: Sending message <Pong:> to Peer_11:bootstrap
Peer_4:basic INFO 2012.3367164836498: Received message <Pong:> from Peer_11:bootstrap
Peer_4:basic INFO 2012.8322500054503: Received message <Pong:> from Peer_5:basic
Peer_4:basic INFO 2500: Sending message <Ping:> to Peer_8:basic
Peer_4:basic INFO 2500: Sending message <Ping:> to Peer_10:basic
Peer_4:basic INFO 2500: Sending message <Ping:> to Peer_6:basic
Peer_4:basic INFO 2500.7579848771343: Received message <Ping:> from Peer_10:basic
Peer_4:basic INFO 2500.7579848771343: Sending message <Pong:> to Peer_10:basic
Peer_4:basic INFO 2503.5309270613807: Received message <Pong:> from Peer_10:basic
Peer_4:basic INFO 2505.06331116193: Received message <Ping:> from Peer_8:basic
Peer_4:basic INFO 2505.06331116193: Sending message <Pong:> to Peer_8:basic
Peer_4:basic INFO 2505.9513036078524: Received message <RequestPeers:> from Peer_11:bootstrap
Peer_4:basic INFO 2505.9513036078524: Sending message <PeerList> to Peer_11:bootstrap
Peer_4:basic INFO 2506.282329455773: Received message <Ping:> from Peer_6:basic
Peer_4:basic INFO 2506.282329455773: Sending message <Pong:> to Peer_6:basic
Peer_4:basic INFO 2512.890047514014: Received message <Pong:> from Peer_6:basic
Peer_4:basic INFO 2513.6555538695416: Received message <Pong:> from Peer_8:basic
Peer_4:basic INFO 3000: Sending message <Ping:> to Peer_5:basic
Peer_4:basic INFO 3000: Sending message <Ping:> to Peer_9:basic
Peer_4:basic INFO 3001.1621409427653: Received message <Ping:> from Peer_9:basic
Peer_4:basic INFO 3001.1621409427653: Sending message <Pong:> to Peer_9:basic
Peer_4:basic INFO 3001.516879778467: Received message <Pong:> from Peer_9:basic
Peer_4:basic INFO 3006.4948099512517: Received message <Ping:> from Peer_5:basic
Peer_4:basic INFO 3006.4948099512517: Sending message <Pong:> to Peer_5:basic
Peer_4:basic INFO 3013.898236190239: Received message <Pong:> from Peer_5:basic
Peer_4:basic INFO 3500: Sending message <Ping:> to Peer_11:bootstrap
Peer_4:basic INFO 3500: Sending message <Ping:> to Peer_8:basic
Peer_4:basic INFO 3500: Sending message <Ping:> to Peer_10:basic
Peer_4:basic INFO 3500: Sending message <Ping:> to Peer_6:basic
Peer_4:basic INFO 3501.1425693644032: Received message <Ping:> from Peer_10:basic
Peer_4:basic INFO 3501.1425693644032: Sending message <Pong:> to Peer_10:basic
Peer_4:basic INFO 3501.870774550256: Received message <Pong:> from Peer_10:basic
Peer_4:basic INFO 3504.7865518539747: Received message <Ping:> from Peer_8:basic
Peer_4:basic INFO 3504.7865518539747: Sending message <Pong:> to Peer_8:basic
Peer_4:basic INFO 3505.247317621212: Received message <Ping:> from Peer_6:basic
Peer_4:basic INFO 3505.247317621212: Sending message <Pong:> to Peer_6:basic
Peer_4:basic INFO 3505.902301433422: Received message <Ping:> from Peer_11:bootstrap
Peer_4:basic INFO 3505.902301433422: Sending message <Pong:> to Peer_11:bootstrap
Peer_4:basic INFO 3510.158773579184: Received message <Pong:> from Peer_6:basic
Peer_4:basic INFO 3510.3568123402524: Received message <Pong:> from Peer_11:bootstrap
Peer_4:basic INFO 3511.9684777299944: Received message <Pong:> from Peer_8:basic
Peer_4:basic INFO 4000: Sending message <Ping:> to Peer_5:basic
Peer_4:basic INFO 4000: Sending message <Ping:> to Peer_9:basic
Peer_4:basic INFO 4000.9643074479895: Received message <Ping:> from Peer_9:basic
Peer_4:basic INFO 4000.9643074479895: Sending message <Pong:> to Peer_9:basic
Peer_4:basic INFO 4002.9960397176287: Received message <Pong:> from Peer_9:basic
Peer_4:basic INFO 4006.6277028122295: Received message <Ping:> from Peer_5:basic
Peer_4:basic INFO 4006.6277028122295: Sending message <Pong:> to Peer_5:basic
Peer_4:basic INFO 4011.1736216141003: Received message <Pong:> from Peer_5:basic
Peer_4:basic INFO 4500: Sending message <Ping:> to Peer_11:bootstrap
Peer_4:basic INFO 4500: Sending message <Ping:> to Peer_8:basic
Peer_4:basic INFO 4500: Sending message <Ping:> to Peer_10:basic
Peer_4:basic INFO 4500: Sending message <Ping:> to Peer_6:basic
Peer_4:basic INFO 4500.7645071724755: Received message <Ping:> from Peer_10:basic
Peer_4:basic INFO 4500.7645071724755: Sending message <Pong:> to Peer_10:basic
Peer_4:basic INFO 4502.226313240783: Received message <Pong:> from Peer_10:basic
Peer_4:basic INFO 4504.945357629928: Received message <Ping:> from Peer_6:basic
Peer_4:basic INFO 4504.945357629928: Sending message <Pong:> to Peer_6:basic
Peer_4:basic INFO 4504.959386013609: Received message <Ping:> from Peer_8:basic
Peer_4:basic INFO 4504.959386013609: Sending message <Pong:> to Peer_8:basic
Peer_4:basic INFO 4505.6532507790635: Received message <Ping:> from Peer_11:bootstrap
Peer_4:basic INFO 4505.6532507790635: Sending message <Pong:> to Peer_11:bootstrap
Peer_4:basic INFO 4511.544556899014: Received message <Pong:> from Peer_6:basic
Peer_4:basic INFO 4512.185637758996: Received message <Pong:> from Peer_11:bootstrap
Peer_4:basic INFO 4512.304410795702: Received message <Pong:> from Peer_8:basic
