Peer_2:basic WARNING 0: Not enough peers, fetching more (0, 4)
Peer_2:basic INFO 6.250764814363796: Connecting to Peer_11:bootstrap
Peer_2:basic INFO 11.383426931216832: Received message <Hello:> from Peer_11:bootstrap
Peer_2:basic INFO 11.850956172900538: Received message <RequestPeers:> from Peer_11:bootstrap
Peer_2:basic INFO 11.850956172900538: Sending message <PeerList> to Peer_11:bootstrap
Peer_2:basic WARNING 500: Not enough peers, fetching more (1, 4)
Peer_2:basic INFO 500: Sending message <RequestPeers:> to Peer_11:bootstrap
Peer_2:basic INFO 514.0095572043035: Received message <PeerList> from Peer_11:bootstrap
Peer_2:basic WARNING 1000: Not enough peers, fetching more (1, 4)
Peer_2:basic INFO 1000: Sending message <RequestPeers:> to Peer_11:bootstrap
Peer_2:basic INFO 1002.1104178927627: Received message <Hello:> from Peer_7:basic
Peer_2:basic INFO 1002.1104178927627: Connecting to Peer_7:basic
Peer_2:basic INFO 1002.1104178927627: Sending message <Hello:> to Peer_7:basic
Peer_2:basic INFO 1002.1104178927627: Sending message <RequestPeers:> to Peer_7:basic
Peer_2:basic INFO 1004.5284365121906: Received message <PeerList> from Peer_7:basic
Peer_2:basic INFO 1012.5787114530879: Received message <PeerList> from Peer_11:bootstrap
Peer_2:basic WARNING 1500: Not enough peers, fetching more (2, 4)
Peer_2:basic INFO 1500: Sending message <RequestPeers:> to Peer_7:basic
Peer_2:basic INFO 1500: Sending message <RequestPeers:> to Peer_11:bootstrap
Peer_2:basic INFO 1500.5656699452281: Received message <Hello:> from Peer_10:basic
Peer_2:basic INFO 1500.5656699452281: Connecting to Peer_10:basic
Peer_2:basic INFO 1500.5656699452281: Sending message <Hello:> to Peer_10:basic
Peer_2:basic INFO 1500.5656699452281: Sending message <RequestPeers:> to Peer_10:basic
Peer_2:basic INFO 1500.9474683971143: Received message <RequestPeers:> from Peer_7:basic
Peer_2:basic INFO 1500.9474683971143: Sending message <PeerList> to Peer_7:basic
Peer_2:basic INFO 1501.1531934645436: Received message <PeerList> from Peer_7:basic
Peer_2:basic INFO 1501.8999844530172: Received message <PeerList> from Peer_10:basic
Peer_2:basic INFO 1502.6633804012354: Connecting to Peer_1:basic
Peer_2:basic INFO 1503.2805678203972: Received message <RequestPeers:> from Peer_1:basic
Peer_2:basic INFO 1503.2805678203972: Sending message <PeerList> to Peer_1:basic
Peer_2:basic INFO 1503.298603721282: Received message <Hello:> from Peer_1:basic
Peer_2:basic INFO 1505.960225818075: Received message <Hello:> from Peer_3:basic
Peer_2:basic INFO 1505.960225818075: Connecting to Peer_3:basic
Peer_2:basic INFO 1505.960225818075: Sending message <Hello:> to Peer_3:basic
Peer_2:basic INFO 1505.960225818075: Sending message <RequestPeers:> to Peer_3:basic
Peer_2:basic INFO 1506.2911981189316: Received message <RequestPeers:> from Peer_11:bootstrap
Peer_2:basic INFO 1506.2911981189316: Sending message <PeerList> to Peer_11:bootstrap
Peer_2:basic INFO 1512.2628308082699: Received message <PeerList> from Peer_11:bootstrap
Peer_2:basic INFO 1518.5989536323066: Received message <PeerList> from Peer_3:basic
Peer_2:basic INFO 2006.3941342038363: Received message <Hello:> from Peer_8:basic
Peer_2:basic INFO 2006.3941342038363: Connecting to Peer_8:basic
Peer_2:basic INFO 2006.3941342038363: Sending message <Hello:> to Peer_8:basic
Peer_2:basic INFO 2006.3941342038363: Sending message <RequestPeers:> to Peer_8:basic
Peer_2:basic INFO 2019.6316745802449: Received message <PeerList> from Peer_8:basic
Peer_2:basic INFO 2500: Sending message <Ping:> to Peer_11:bootstrap
Peer_2:basic INFO 2500: Sending message <Ping:> to Peer_7:basic
Peer_2:basic INFO 2500: Sending message <Ping:> to Peer_10:basic
Peer_2:basic INFO 2500: Sending message <Ping:> to Peer_1:basic
Peer_2:basic INFO 2500: Sending message <Ping:> to Peer_3:basic
Peer_2:basic INFO 2500.5249529426624: Received message <Ping:> from Peer_10:basic
Peer_2:basic INFO 2500.5249529426624: Sending message <Pong:> to Peer_10:basic
Peer_2:basic INFO 2501.387145645965: Received message <Ping:> from Peer_1:basic
Peer_2:basic INFO 2501.387145645965: Sending message <Pong:> to Peer_1:basic
Peer_2:basic INFO 2501.4926199732536: Received message <Pong:> from Peer_1:basic
Peer_2:basic INFO 2501.4949462310706: Received message <Pong:> from Peer_7:basic
Peer_2:basic INFO 2501.5441232780813: Received message <Ping:> from Peer_7:basic
Peer_2:basic INFO 2501.5441232780813: Sending message <Pong:> to Peer_7:basic
Peer_2:basic INFO 2502.130011137839: Received message <Pong:> from Peer_10:basic
Peer_2:basic INFO 2506.361710692435: Received message <Ping:> from Peer_11:bootstrap
Peer_2:basic INFO 2506.361710692435: Sending message <Pong:> to Peer_11:bootstrap
Peer_2:basic INFO 2508.003445039458: Received message <Ping:> from Peer_3:basic
Peer_2:basic INFO 2508.003445039458: Sending message <Pong:> to Peer_3:basic
Peer_2:basic INFO 2510.9737681213082: Received message <Pong:> from Peer_3:basic
Peer_2:basic INFO 2512.390737851195: Received message <Pong:> from Peer_11:bootstrap
Peer_2:basic INFO 3000: Sending message <Ping:> to Peer_8:basic
Peer_2:basic INFO 3005.6947035500625: Received message <RequestPeers:> from Peer_11:bootstrap
Peer_2:basic INFO 3005.6947035500625: Sending message <PeerList> to Peer_11:bootstrap
Peer_2:basic INFO 3006.3734417592163: Received message <Ping:> from Peer_8:basic
Peer_2:basic INFO 3006.3734417592163: Sending message <Pong:> to Peer_8:basic
Peer_2:basic INFO 3012.9544689462036: Received message <Pong:> from Peer_8:basic
Peer_2:basic INFO 3500: Sending message <Ping:> to Peer_7:basic
Peer_2:basic INFO 3500: Sending message <Ping:> to Peer_10:basic
Peer_2:basic INFO 3500: Sending message <Ping:> to Peer_1:basic
Peer_2:basic INFO 3500: Sending message <Ping:> to Peer_3:basic
Peer_2:basic INFO 3500.5453604671006: Received message <Ping:> from Peer_7:basic
Peer_2:basic INFO 3500.5453604671006: Sending message <Pong:> to Peer_7:basic
Peer_2:basic INFO 3500.644910232766: Received message <Ping:> from Peer_1:basic
Peer_2:basic INFO 3500.644910232766: Sending message <Pong:> to Peer_1:basic
Peer_2:basic INFO 3500.734583454254: Received message <Ping:> from Peer_10:basic
Peer_2:basic INFO 3500.734583454254: Sending message <Pong:> to Peer_10:basic
Peer_2:basic INFO 3501.1576714095895: Received message <Pong:> from Peer_7:basic
Peer_2:basic INFO 3501.5340128318535: Received message <Pong:> from Peer_10:basic
Peer_2:basic INFO 3502.416982234008: Received message <Pong:> from Peer_1:basic
Peer_2:basic INFO 3503.273793067127: Received message <Ping:> from Peer_3:basic
Peer_2:basic INFO 3503.273793067127: Sending message <Pong:> to Peer_3:basic
Peer_2:basic INFO 3512.396296038944: Received message <Pong:> from Peer_3:basic
Peer_2:basic INFO 4000: Sending message <Ping:> to Peer_11:bootstrap
Peer_2:basic INFO 4000: Sending message <Ping:> to Peer_8:basic
Peer_2:basic INFO 4005.210292029102: Received message <Ping:> from Peer_8:basic
Peer_2:basic INFO 4005.210292029102: Sending message <Pong:> to Peer_8:basic
Peer_2:basic INFO 4005.7009677362257: Received message <RequestPeers:> from Peer_11:bootstrap
Peer_2:basic INFO 4005.7009677362257: Sending message <PeerList> to Peer_11:bootstrap
Peer_2:basic INFO 4006.9641880422887: Received message <Ping:> from Peer_11:bootstrap
Peer_2:basic INFO 4006.9641880422887: Sending message <Pong:> to Peer_11:bootstrap
Peer_2:basic INFO 4009.0217983863163: Received message <Pong:> from Peer_8:basic
Peer_2:basic INFO 4013.336888294003: Received message <Pong:> from Peer_11:bootstrap
Peer_2:basic INFO 4500: Sending message <Ping:> to Peer_7:basic
Peer_2:basic INFO 4500: Sending message <Ping:> to Peer_10:basic
Peer_2:basic INFO 4500: Sending message <Ping:> to Peer_1:basic
Peer_2:basic INFO 4500: Sending message <Ping:> to Peer_3:basic
Peer_2:basic INFO 4500.602271407292: Received message <Ping:> from Peer_1:basic
Peer_2:basic INFO 4500.602271407292: Sending message <Pong:> to Peer_1:basic
Peer_2:basic INFO 4500.814183917281: Received message <Ping:> from Peer_7:basic
Peer_2:basic INFO 4500.814183917281: Sending message <Pong:> to Peer_7:basic
Peer_2:basic INFO 4501.257132732397: Received message <Ping:> from Peer_10:basic
Peer_2:basic INFO 4501.257132732397: Sending message <Pong:> to Peer_10:basic
Peer_2:basic INFO 4501.415577784162: Received message <Pong:> from Peer_1:basic
Peer_2:basic INFO 4501.473328410651: Received message <Pong:> from Peer_7:basic
Peer_2:basic INFO 4503.720129613615: Received message <Pong:> from Peer_10:basic
Peer_2:basic INFO 4505.384055263393: Received message <RequestPeers:> from Peer_11:bootstrap
Peer_2:basic INFO 4505.384055263393: Sending message <PeerList> to Peer_11:bootstrap
Peer_2:basic INFO 4506.116788301487: Received message <Ping:> from Peer_3:basic
Peer_2:basic INFO 4506.116788301487: Sending message <Pong:> to Peer_3:basic
Peer_2:basic INFO 4513.502680456235: Received message <Pong:> from Peer_3:basic
