Peer_8:basic WARNING 0: Not enough peers, fetching more (0, 4)
Peer_8:basic INFO 0.2898406041518897: Connecting to Peer_11:bootstrap
Peer_8:basic INFO 1.1939113172039995: Received message <RequestPeers:> from Peer_11:bootstrap
Peer_8:basic INFO 1.1939113172039995: Sending message <PeerList> to Peer_11:bootstrap
Peer_8:basic INFO 1.592801816110869: Received message <Hello:> from Peer_11:bootstrap
Peer_8:basic WARNING 500: Not enough peers, fetching more (1, 4)
Peer_8:basic INFO 500: Sending message <RequestPeers:> to Peer_11:bootstrap
Peer_8:basic INFO 501.10827677187643: Received message <RequestPeers:> from Peer_11:bootstrap
Peer_8:basic INFO 501.10827677187643: Sending message <PeerList> to Peer_11:bootstrap
Peer_8:basic INFO 502.16459155459967: Received message <PeerList> from Peer_11:bootstrap
Peer_8:basic WARNING 1000: Not enough peers, fetching more (1, 4)
Peer_8:basic INFO 1000: Sending message <RequestPeers:> to Peer_11:bootstrap
Peer_8:basic INFO 1000.6779223264516: Connecting to Peer_5:basic
Peer_8:basic INFO 1000.9526437533287: Received message <RequestPeers:> from Peer_11:bootstrap
Peer_8:basic INFO 1000.9526437533287: Sending message <PeerList> to Peer_11:bootstrap
Peer_8:basic INFO 1001.6299148869842: Received message <RequestPeers:> from Peer_5:basic
Peer_8:basic INFO 1001.6299148869842: Sending message <PeerList> to Peer_5:basic
Peer_8:basic INFO 1001.9699394169389: Received message <Hello:> from Peer_5:basic
Peer_8:basic INFO 1002.1409372983013: Received message <PeerList> from Peer_11:bootstrap
Peer_8:basic INFO 1006.0469991658535: Received message <Hello:> from Peer_4:basic
Peer_8:basic INFO 1006.0469991658535: Connecting to Peer_4:basic
Peer_8:basic INFO 1006.0469991658535: Sending message <Hello:> to Peer_4:basic
Peer_8:basic INFO 1006.0469991658535: Sending message <RequestPeers:> to Peer_4:basic
Peer_8:basic INFO 1016.433571154981: Received message <PeerList> from Peer_4:basic
Peer_8:basic WARNING 1500: Not enough peers, fetching more (3, 4)
Peer_8:basic INFO 1500: Sending message <RequestPeers:> to Peer_5:basic
Peer_8:basic INFO 1500: Sending message <RequestPeers:> to Peer_4:basic
Peer_8:basic INFO 1500: Sending message <RequestPeers:> to Peer_11:bootstrap
Peer_8:basic INFO 1500.956973472619: Received message <RequestPeers:> from Peer_11:bootstrap
Peer_8:basic INFO 1500.956973472619: Sending message <PeerList> to Peer_11:bootstrap
Peer_8:basic INFO 1501.9988856311409: Received message <PeerList> from Peer_5:basic
Peer_8:basic INFO 1502.0657863746492: Received message <PeerList> from Peer_11:bootstrap
Peer_8:basic INFO 1510.3610883967083: Received message <PeerList> from Peer_4:basic
Peer_8:basic WARNING 2000: Not enough peers, fetching more (3, 4)
Peer_8:basic INFO 2006.3941342038363: Connecting to Peer_2:basic
Peer_8:basic INFO 2006.411296340241: Received message <Hello:> from Peer_7:basic
Peer_8:basic INFO 2006.411296340241: Connecting to Peer_7:basic
Peer_8:basic INFO 2006.411296340241: Sending message <Hello:> to Peer_7:basic
Peer_8:basic INFO 2006.411296340241: Sending message <RequestPeers:> to Peer_7:basic
Peer_8:basic INFO 2009.9452317762039: Received message <Hello:> from Peer_2:basic
Peer_8:basic INFO 2012.6218005817639: Received message <RequestPeers:> from Peer_2:basic
Peer_8:basic INFO 2012.6218005817639: Sending message <PeerList> to Peer_2:basic
Peer_8:basic INFO 2017.0241931775738: Received message <PeerList> from Peer_7:basic
Peer_8:basic INFO 2500: Sending message <Ping:> to Peer_11:bootstrap
Peer_8:basic INFO 2500: Sending message <Ping:> to Peer_5:basic
Peer_8:basic INFO 2500: Sending message <Ping:> to Peer_4:basic
Peer_8:basic INFO 2500.8507443072062: Received message <Ping:> from Peer_11:bootstrap
Peer_8:basic INFO 2500.8507443072062: Sending message <Pong:> to Peer_11:bootstrap
Peer_8:basic INFO 2501.5925833705605: Received message <Ping:> from Peer_5:basic
Peer_8:basic INFO 2501.5925833705605: Sending message <Pong:> to Peer_5:basic
Peer_8:basic INFO 2501.622169482218: Received message <Pong:> from Peer_5:basic
Peer_8:basic INFO 2501.962012347025: Received message <Pong:> from Peer_11:bootstrap
Peer_8:basic INFO 2507.0284629891053: Received message <Ping:> from Peer_4:basic
Peer_8:basic INFO 2507.0284629891053: Sending message <Pong:> to Peer_4:basic
Peer_8:basic INFO 2510.639783768804: Received message <Pong:> from Peer_4:basic
Peer_8:basic INFO 3000: Sending message <Ping:> to Peer_2:basic
Peer_8:basic INFO 3000: Sending message <Ping:> to Peer_7:basic
Peer_8:basic INFO 3001.1987075051275: Received message <RequestPeers:> from Peer_11:bootstrap
Peer_8:basic INFO 3001.1987075051275: Sending message <PeerList> to Peer_11:bootstrap
Peer_8:basic INFO 3005.4427613587254: Received message <Ping:> from Peer_7:basic
Peer_8:basic INFO 3005.4427613587254: Sending message <Pong:> to Peer_7:basic
Peer_8:basic INFO 3006.1894211328354: Received message <Ping:> from Peer_2:basic
Peer_8:basic INFO 3006.1894211328354: Sending message <Pong:> to Peer_2:basic
Peer_8:basic INFO 3012.1055389040885: Received message <Pong:> from Peer_2:basic
Peer_8:basic INFO 3014.964986513471: Received message <Pong:> from Peer_7:basic
Peer_8:basic INFO 3500: Sending message <Ping:> to Peer_5:basic
Peer_8:basic INFO 3500: Sending message <Ping:> to Peer_4:basic
Peer_8:basic INFO 3500.9269522886325: Received message <Ping:> from Peer_5:basic
Peer_8:basic INFO 3500.9269522886325: Sending message <Pong:> to Peer_5:basic
Peer_8:basic INFO 3502.7239447069855: Received message <Pong:> from Peer_5:basic
Peer_8:basic INFO 3504.920742938426: Received message <Ping:> from Peer_4:basic
Peer_8:basic INFO 3504.920742938426: Sending message <Pong:> to Peer_4:basic
Peer_8:basic INFO 3508.8344604773274: Received message <Pong:> from Peer_4:basic
Peer_8:basic INFO 4000: Sending message <Ping:> to Peer_11:bootstrap
Peer_8:basic INFO 4000: Sending message <Ping:> to Peer_2:basic
Peer_8:basic INFO 4000: Sending message <Ping:> to Peer_7:basic
Peer_8:basic INFO 4000.8228473363915: Received message <Ping:> from Peer_11:bootstrap
Peer_8:basic INFO 4000.8228473363915: Sending message <Pong:> to Peer_11:bootstrap
Peer_8:basic INFO 4002.3909739813594: Received message <Pong:> from Peer_11:bootstrap
Peer_8:basic INFO 4004.2377122412386: Received message <Ping:> from Peer_2:basic
Peer_8:basic INFO 4004.2377122412386: Sending message <Pong:> to Peer_2:basic
Peer_8:basic INFO 4006.7301921351664: Received message <Ping:> from Peer_7:basic
Peer_8:basic INFO 4006.7301921351664: Sending message <Pong:> to Peer_7:basic
Peer_8:basic INFO 4009.218605916951: Received message <Pong:> from Peer_2:basic
Peer_8:basic INFO 4010.448141650122: Received message <Pong:> from Peer_7:basic
Peer_8:basic INFO 4500: Sending message <Ping:> to Peer_5:basic
Peer_8:basic INFO 4500: Sending message <Ping:> to Peer_4:basic
Peer_8:basic INFO 4500.807104940296: Received message <RequestPeers:> from Peer_11:bootstrap
Peer_8:basic INFO 4500.807104940296: Sending message <PeerList> to Peer_11:bootstrap
Peer_8:basic INFO 4501.369310507638: Received message <Ping:> from Peer_5:basic
Peer_8:basic INFO 4501.369310507638: Sending message <Pong:> to Peer_5:basic
Peer_8:basic INFO 4501.549664849259: Received message <Pong:> from Peer_5:basic
Peer_8:basic INFO 4507.083084368376: Received message <Ping:> from Peer_4:basic
Peer_8:basic INFO 4507.083084368376: Sending message <Pong:> to Peer_4:basic
Peer_8:basic INFO 4511.656784971092: Received message <Pong:> from Peer_4:basic
