Peer_11:bootstrap WARNING 0: Not enough peers, fetching more (0, 15)
Peer_11:bootstrap INFO 0.2898406041518897: Received message <Hello:> from Peer_8:basic
Peer_11:bootstrap INFO 0.2898406041518897: Connecting to Peer_8:basic
Peer_11:bootstrap INFO 0.2898406041518897: Sending message <Hello:> to Peer_8:basic
Peer_11:bootstrap INFO 0.2898406041518897: Sending message <RequestPeers:> to Peer_8:basic
Peer_11:bootstrap INFO 0.751860118753511: Received message <Hello:> from Peer_3:basic
Peer_11:bootstrap INFO 0.751860118753511: Connecting to Peer_3:basic
Peer_11:bootstrap INFO 0.751860118753511: Sending message <Hello:> to Peer_3:basic
Peer_11:bootstrap INFO 0.751860118753511: Sending message <RequestPeers:> to Peer_3:basic
Peer_11:bootstrap INFO 1.0501349108224027: Received message <Hello:> from Peer_6:basic
Peer_11:bootstrap INFO 1.0501349108224027: Connecting to Peer_6:basic
Peer_11:bootstrap INFO 1.0501349108224027: Sending message <Hello:> to Peer_6:basic
Peer_11:bootstrap INFO 1.0501349108224027: Sending message <RequestPeers:> to Peer_6:basic
Peer_11:bootstrap INFO 1.2632263632326086: Received message <Hello:> from Peer_5:basic
Peer_11:bootstrap INFO 1.2632263632326086: Connecting to Peer_5:basic
Peer_11:bootstrap INFO 1.2632263632326086: Sending message <Hello:> to Peer_5:basic
Peer_11:bootstrap INFO 1.2632263632326086: Sending message <RequestPeers:> to Peer_5:basic
Peer_11:bootstrap INFO 2.446856545922304: Received message <PeerList> from Peer_8:basic
Peer_11:bootstrap INFO 2.7227146400531828: Received message <PeerList> from Peer_3:basic
Peer_11:bootstrap INFO 3.4901864185871214: Received message <PeerList> from Peer_6:basic
Peer_11:bootstrap INFO 3.675116821241886: Received message <PeerList> from Peer_5:basic
Peer_11:bootstrap INFO 3.8146968238167513: Received message <Hello:> from Peer_4:basic
Peer_11:bootstrap INFO 3.8146968238167513: Connecting to Peer_4:basic
Peer_11:bootstrap INFO 3.8146968238167513: Sending message <Hello:> to Peer_4:basic
Peer_11:bootstrap INFO 3.8146968238167513: Sending message <RequestPeers:> to Peer_4:basic
Peer_11:bootstrap INFO 5.332050435530491: Received message <Hello:> from Peer_9:basic
Peer_11:bootstrap INFO 5.332050435530491: Connecting to Peer_9:basic
Peer_11:bootstrap INFO 5.332050435530491: Sending message <Hello:> to Peer_9:basic
Peer_11:bootstrap INFO 5.332050435530491: Sending message <RequestPeers:> to Peer_9:basic
Peer_11:bootstrap INFO 5.505119055504711: Received message <Hello:> from Peer_7:basic
Peer_11:bootstrap INFO 5.505119055504711: Connecting to Peer_7:basic
Peer_11:bootstrap INFO 5.505119055504711: Sending message <Hello:> to Peer_7:basic
Peer_11:bootstrap INFO 5.505119055504711: Sending message <RequestPeers:> to Peer_7:basic
Peer_11:bootstrap INFO 6.175130086970932: Received message <Hello:> from Peer_10:basic
Peer_11:bootstrap INFO 6.175130086970932: Connecting to Peer_10:basic
Peer_11:bootstrap INFO 6.175130086970932: Sending message <Hello:> to Peer_10:basic
Peer_11:bootstrap INFO 6.175130086970932: Sending message <RequestPeers:> to Peer_10:basic
Peer_11:bootstrap INFO 6.250764814363796: Received message <Hello:> from Peer_2:basic
Peer_11:bootstrap INFO 6.250764814363796: Connecting to Peer_2:basic
Peer_11:bootstrap INFO 6.250764814363796: Sending message <Hello:> to Peer_2:basic
Peer_11:bootstrap INFO 6.250764814363796: Sending message <RequestPeers:> to Peer_2:basic
Peer_11:bootstrap INFO 6.819085980827766: Received message <Hello:> from Peer_1:basic
Peer_11:bootstrap INFO 6.819085980827766: Connecting to Peer_1:basic
Peer_11:bootstrap INFO 6.819085980827766: Sending message <Hello:> to Peer_1:basic
Peer_11:bootstrap INFO 6.819085980827766: Sending message <RequestPeers:> to Peer_1:basic
Peer_11:bootstrap INFO 16.111071849626533: Received message <PeerList> from Peer_4:basic
Peer_11:bootstrap INFO 16.444532637283114: Received message <PeerList> from Peer_7:basic
Peer_11:bootstrap INFO 17.356779143892446: Received message <PeerList> from Peer_10:basic
Peer_11:bootstrap INFO 18.304995756454534: Received message <PeerList> from Peer_9:basic
Peer_11:bootstrap INFO 18.447885273148103: Received message <PeerList> from Peer_2:basic
Peer_11:bootstrap INFO 21.053369411199693: Received message <PeerList> from Peer_1:basic
Peer_11:bootstrap WARNING 500: Not enough peers, fetching more (10, 15)
Peer_11:bootstrap INFO 500: Sending message <RequestPeers:> to Peer_8:basic
Peer_11:bootstrap INFO 500: Sending message <RequestPeers:> to Peer_10:basic
Peer_11:bootstrap INFO 500: Sending message <RequestPeers:> to Peer_9:basic
Peer_11:bootstrap INFO 500: Sending message <RequestPeers:> to Peer_3:basic
Peer_11:bootstrap INFO 500: Sending message <RequestPeers:> to Peer_4:basic
Peer_11:bootstrap INFO 500.91334368802336: Received message <RequestPeers:> from Peer_3:basic
Peer_11:bootstrap INFO 500.91334368802336: Sending message <PeerList> to Peer_3:basic
Peer_11:bootstrap INFO 501.045342680823: Received message <RequestPeers:> from Peer_5:basic
Peer_11:bootstrap INFO 501.045342680823: Sending message <PeerList> to Peer_5:basic
Peer_11:bootstrap INFO 501.14427820149183: Received message <RequestPeers:> from Peer_6:basic
Peer_11:bootstrap INFO 501.14427820149183: Sending message <PeerList> to Peer_6:basic
Peer_11:bootstrap INFO 501.1928611986382: Received message <RequestPeers:> from Peer_8:basic
Peer_11:bootstrap INFO 501.1928611986382: Sending message <PeerList> to Peer_8:basic
Peer_11:bootstrap INFO 501.58990648074354: Received message <PeerList> from Peer_3:basic
Peer_11:bootstrap INFO 502.28834113341884: Received message <PeerList> from Peer_8:basic
Peer_11:bootstrap INFO 505.39314982615224: Received message <RequestPeers:> from Peer_10:basic
Peer_11:bootstrap INFO 505.39314982615224: Sending message <PeerList> to Peer_10:basic
Peer_11:bootstrap INFO 505.6022472323283: Received message <RequestPeers:> from Peer_9:basic
Peer_11:bootstrap INFO 505.6022472323283: Sending message <PeerList> to Peer_9:basic
Peer_11:bootstrap INFO 505.64666233708294: Received message <RequestPeers:> from Peer_4:basic
Peer_11:bootstrap INFO 505.64666233708294: Sending message <PeerList> to Peer_4:basic
Peer_11:bootstrap INFO 506.05133472230546: Received message <RequestPeers:> from Peer_1:basic
Peer_11:bootstrap INFO 506.05133472230546: Sending message <PeerList> to Peer_1:basic
Peer_11:bootstrap INFO 507.08689354933244: Received message <RequestPeers:> from Peer_7:basic
Peer_11:bootstrap INFO 507.08689354933244: Sending message <PeerList> to Peer_7:basic
Peer_11:bootstrap INFO 507.3003591974124: Received message <RequestPeers:> from Peer_2:basic
Peer_11:bootstrap INFO 507.3003591974124: Sending message <PeerList> to Peer_2:basic
Peer_11:bootstrap INFO 510.29186112677206: Received message <PeerList> from Peer_10:basic
Peer_11:bootstrap INFO 512.3252316168977: Received message <PeerList> from Peer_4:basic
Peer_11:bootstrap INFO 514.000720714613: Received message <PeerList> from Peer_9:basic
Peer_11:bootstrap WARNING 1000: Not enough peers, fetching more (10, 15)
Peer_11:bootstrap INFO 1000: Sending message <RequestPeers:> to Peer_8:basic
Peer_11:bootstrap INFO 1000: Sending message <RequestPeers:> to Peer_7:basic
Peer_11:bootstrap INFO 1000: Sending message <RequestPeers:> to Peer_3:basic
Peer_11:bootstrap INFO 1000: Sending message <RequestPeers:> to Peer_6:basic
Peer_11:bootstrap INFO 1000: Sending message <RequestPeers:> to Peer_4:basic
Peer_11:bootstrap INFO 1001.0738050781964: Received message <RequestPeers:> from Peer_6:basic
Peer_11:bootstrap INFO 1001.0738050781964: Sending message <PeerList> to Peer_6:basic
Peer_11:bootstrap INFO 1001.11648610879: Received message <RequestPeers:> from Peer_5:basic
Peer_11:bootstrap INFO 1001.11648610879: Sending message <PeerList> to Peer_5:basic
Peer_11:bootstrap INFO 1001.1390887798534: Received message <RequestPeers:> from Peer_3:basic
Peer_11:bootstrap INFO 1001.1390887798534: Sending message <PeerList> to Peer_3:basic
Peer_11:bootstrap INFO 1001.3228512757355: Received message <RequestPeers:> from Peer_8:basic
Peer_11:bootstrap INFO 1001.3228512757355: Sending message <PeerList> to Peer_8:basic
Peer_11:bootstrap INFO 1001.4099276261054: Received message <PeerList> from Peer_8:basic
Peer_11:bootstrap INFO 1002.3459735634399: Received message <PeerList> from Peer_6:basic
Peer_11:bootstrap INFO 1002.496755941132: Received message <PeerList> from Peer_3:basic
Peer_11:bootstrap INFO 1004.7039701982969: Received message <RequestPeers:> from Peer_1:basic
Peer_11:bootstrap INFO 1004.7039701982969: Sending message <PeerList> to Peer_1:basic
Peer_11:bootstrap INFO 1005.4485751439146: Received message <RequestPeers:> from Peer_2:basic
Peer_11:bootstrap INFO 1005.4485751439146: Sending message <PeerList> to Peer_2:basic
Peer_11:bootstrap INFO 1006.3996947770421: Received message <RequestPeers:> from Peer_9:basic
Peer_11:bootstrap INFO 1006.3996947770421: Sending message <PeerList> to Peer_9:basic
Peer_11:bootstrap INFO 1006.7321139757512: Received message <RequestPeers:> from Peer_10:basic
Peer_11:bootstrap INFO 1006.7321139757512: Sending message <PeerList> to Peer_10:basic
Peer_11:bootstrap INFO 1008.2555426967843: Received message <RequestPeers:> from Peer_7:basic
Peer_11:bootstrap INFO 1008.2555426967843: Sending message <PeerList> to Peer_7:basic
Peer_11:bootstrap INFO 1008.6427637475374: Received message <RequestPeers:> from Peer_4:basic
Peer_11:bootstrap INFO 1008.6427637475374: Sending message <PeerList> to Peer_4:basic
Peer_11:bootstrap INFO 1011.778048722829: Received message <PeerList> from Peer_7:basic
Peer_11:bootstrap INFO 1013.4248932474576: Received message <PeerList> from Peer_4:basic
Peer_11:bootstrap WARNING 1500: Not enough peers, fetching more (10, 15)
Peer_11:bootstrap INFO 1500: Sending message <RequestPeers:> to Peer_2:basic
Peer_11:bootstrap INFO 1500: Sending message <RequestPeers:> to Peer_8:basic
Peer_11:bootstrap INFO 1500: Sending message <RequestPeers:> to Peer_10:basic
Peer_11:bootstrap INFO 1500: Sending message <RequestPeers:> to Peer_6:basic
Peer_11:bootstrap INFO 1500: Sending message <RequestPeers:> to Peer_3:basic
Peer_11:bootstrap INFO 1500.8699094680148: Received message <RequestPeers:> from Peer_8:basic
Peer_11:bootstrap INFO 1500.8699094680148: Sending message <PeerList> to Peer_8:basic
Peer_11:bootstrap INFO 1501.3716328006665: Received message <RequestPeers:> from Peer_3:basic
Peer_11:bootstrap INFO 1501.3716328006665: Sending message <PeerList> to Peer_3:basic
Peer_11:bootstrap INFO 1501.3736687403266: Received message <PeerList> from Peer_8:basic
Peer_11:bootstrap INFO 1501.4158135344524: Received message <PeerList> from Peer_6:basic
Peer_11:bootstrap INFO 1502.1096449851786: Received message <PeerList> from Peer_3:basic
Peer_11:bootstrap INFO 1505.0049905189014: Received message <RequestPeers:> from Peer_1:basic
Peer_11:bootstrap INFO 1505.0049905189014: Sending message <PeerList> to Peer_1:basic
Peer_11:bootstrap INFO 1505.7087370956772: Received message <RequestPeers:> from Peer_7:basic
Peer_11:bootstrap INFO 1505.7087370956772: Sending message <PeerList> to Peer_7:basic
Peer_11:bootstrap INFO 1505.8825333576096: Received message <RequestPeers:> from Peer_2:basic
Peer_11:bootstrap INFO 1505.8825333576096: Sending message <PeerList> to Peer_2:basic
Peer_11:bootstrap INFO 1506.3349603517306: Received message <RequestPeers:> from Peer_10:basic
Peer_11:bootstrap INFO 1506.3349603517306: Sending message <PeerList> to Peer_10:basic
Peer_11:bootstrap INFO 1506.5400209645688: Received message <RequestPeers:> from Peer_9:basic
Peer_11:bootstrap INFO 1506.5400209645688: Sending message <PeerList> to Peer_9:basic
Peer_11:bootstrap INFO 1511.5686814220944: Received message <PeerList> from Peer_10:basic
Peer_11:bootstrap INFO 1512.078633810708: Received message <PeerList> from Peer_2:basic
Peer_11:bootstrap WARNING 2000: Not enough peers, fetching more (10, 15)
Peer_11:bootstrap INFO 2000: Sending message <RequestPeers:> to Peer_7:basic
Peer_11:bootstrap INFO 2000: Sending message <RequestPeers:> to Peer_5:basic
Peer_11:bootstrap INFO 2000: Sending message <RequestPeers:> to Peer_1:basic
Peer_11:bootstrap INFO 2000: Sending message <RequestPeers:> to Peer_10:basic
Peer_11:bootstrap INFO 2000: Sending message <RequestPeers:> to Peer_6:basic
Peer_11:bootstrap INFO 2000: Sending message <Ping:> to Peer_5:basic
Peer_11:bootstrap INFO 2000: Sending message <Ping:> to Peer_4:basic
Peer_11:bootstrap INFO 2001.3695424181255: Received message <Ping:> from Peer_5:basic
Peer_11:bootstrap INFO 2001.3695424181255: Sending message <Pong:> to Peer_5:basic
Peer_11:bootstrap INFO 2001.6634185026198: Received message <PeerList> from Peer_6:basic
Peer_11:bootstrap INFO 2002.001074998291: Received message <Pong:> from Peer_5:basic
Peer_11:bootstrap INFO 2002.1405519644595: Received message <PeerList> from Peer_5:basic
Peer_11:bootstrap INFO 2006.1960123787717: Received message <Ping:> from Peer_4:basic
Peer_11:bootstrap INFO 2006.1960123787717: Sending message <Pong:> to Peer_4:basic
Peer_11:bootstrap INFO 2007.0528930388587: Received message <RequestPeers:> from Peer_9:basic
Peer_11:bootstrap INFO 2007.0528930388587: Sending message <PeerList> to Peer_9:basic
Peer_11:bootstrap INFO 2011.062336346939: Received message <PeerList> from Peer_7:basic
Peer_11:bootstrap INFO 2011.6602423989186: Received message <Pong:> from Peer_4:basic
Peer_11:bootstrap INFO 2013.7054428353244: Received message <PeerList> from Peer_10:basic
Peer_11:bootstrap INFO 2014.0114242123013: Received message <PeerList> from Peer_1:basic
Peer_11:bootstrap WARNING 2500: Not enough peers, fetching more (10, 15)
Peer_11:bootstrap INFO 2500: Sending message <RequestPeers:> to Peer_9:basic
Peer_11:bootstrap INFO 2500: Sending message <RequestPeers:> to Peer_1:basic
Peer_11:bootstrap INFO 2500: Sending message <RequestPeers:> to Peer_3:basic
Peer_11:bootstrap INFO 2500: Sending message <RequestPeers:> to Peer_10:basic
Peer_11:bootstrap INFO 2500: Sending message <RequestPeers:> to Peer_4:basic
Peer_11:bootstrap INFO 2500: Sending message <Ping:> to Peer_8:basic
Peer_11:bootstrap INFO 2500: Sending message <Ping:> to Peer_3:basic
Peer_11:bootstrap INFO 2500: Sending message <Ping:> to Peer_2:basic
Peer_11:bootstrap INFO 2500.945615224137: Received message <Ping:> from Peer_8:basic
Peer_11:bootstrap INFO 2500.945615224137: Sending message <Pong:> to Peer_8:basic
Peer_11:bootstrap INFO 2501.0260043611725: Received message <Ping:> from Peer_3:basic
Peer_11:bootstrap INFO 2501.0260043611725: Sending message <Pong:> to Peer_3:basic
Peer_11:bootstrap INFO 2501.5108216779045: Received message <Pong:> from Peer_8:basic
Peer_11:bootstrap INFO 2501.6072274258277: Received message <Pong:> from Peer_3:basic
Peer_11:bootstrap INFO 2502.35214814581: Received message <PeerList> from Peer_3:basic
Peer_11:bootstrap INFO 2504.7768961320817: Received message <Ping:> from Peer_2:basic
Peer_11:bootstrap INFO 2504.7768961320817: Sending message <Pong:> to Peer_2:basic
Peer_11:bootstrap INFO 2510.065720284923: Received message <PeerList> from Peer_1:basic
Peer_11:bootstrap INFO 2510.144630058999: Received message <PeerList> from Peer_10:basic
Peer_11:bootstrap INFO 2512.0690953779936: Received message <PeerList> from Peer_4:basic
Peer_11:bootstrap INFO 2512.404430170323: Received message <PeerList> from Peer_9:basic
Peer_11:bootstrap INFO 2513.298630268979: Received message <Pong:> from Peer_2:basic
Peer_11:bootstrap WARNING 3000: Not enough peers, fetching more (10, 15)
Peer_11:bootstrap INFO 3000: Sending message <RequestPeers:> to Peer_8:basic
Peer_11:bootstrap INFO 3000: Sending message <RequestPeers:> to Peer_10:basic
Peer_11:bootstrap INFO 3000: Sending message <RequestPeers:> to Peer_6:basic
Peer_11:bootstrap INFO 3000: Sending message <RequestPeers:> to Peer_2:basic
Peer_11:bootstrap INFO 3000: Sending message <RequestPeers:> to Peer_3:basic
Peer_11:bootstrap INFO 3000: Sending message <Ping:> to Peer_6:basic
Peer_11:bootstrap INFO 3000: Sending message <Ping:> to Peer_5:basic
Peer_11:bootstrap INFO 3000: Sending message <Ping:> to Peer_7:basic
Peer_11:bootstrap INFO 3000.817351145011: Received message <Ping:> from Peer_6:basic
Peer_11:bootstrap INFO 3000.817351145011: Sending message <Pong:> to Peer_6:basic
Peer_11:bootstrap INFO 3001.355579085296: Received message <Ping:> from Peer_5:basic
Peer_11:bootstrap INFO 3001.355579085296: Sending message <Pong:> to Peer_5:basic
Peer_11:bootstrap INFO 3001.748255706747: Received message <PeerList> from Peer_3:basic
Peer_11:bootstrap INFO 3001.7814669725553: Received message <Pong:> from Peer_6:basic
Peer_11:bootstrap INFO 3001.9277666392654: Received message <PeerList> from Peer_6:basic
Peer_11:bootstrap INFO 3002.0171952335586: Received message <PeerList> from Peer_8:basic
Peer_11:bootstrap INFO 3002.097820150376: Received message <Pong:> from Peer_5:basic
Peer_11:bootstrap INFO 3005.466456491414: Received message <Ping:> from Peer_7:basic
Peer_11:bootstrap INFO 3005.466456491414: Sending message <Pong:> to Peer_7:basic
Peer_11:bootstrap INFO 3011.87228534931: Received message <Pong:> from Peer_7:basic
Peer_11:bootstrap INFO 3011.9952971207936: Received message <PeerList> from Peer_2:basic
Peer_11:bootstrap INFO 3012.660044939724: Received message <PeerList> from Peer_10:basic
Peer_11:bootstrap WARNING 3500: Not enough peers, fetching more (10, 15)
Peer_11:bootstrap INFO 3500: Sending message <RequestPeers:> to Peer_3:basic
Peer_11:bootstrap INFO 3500: Sending message <RequestPeers:> to Peer_5:basic
Peer_11:bootstrap INFO 3500: Sending message <RequestPeers:> to Peer_7:basic
Peer_11:bootstrap INFO 3500: Sending message <RequestPeers:> to Peer_10:basic
Peer_11:bootstrap INFO 3500: Sending message <RequestPeers:> to Peer_1:basic
Peer_11:bootstrap INFO 3500: Sending message <Ping:> to Peer_4:basic
Peer_11:bootstrap INFO 3500: Sending message <Ping:> to Peer_9:basic
Peer_11:bootstrap INFO 3500: Sending message <Ping:> to Peer_1:basic
Peer_11:bootstrap INFO 3501.6999057603707: Received message <PeerList> from Peer_5:basic
Peer_11:bootstrap INFO 3502.0644455628: Received message <PeerList> from Peer_3:basic
Peer_11:bootstrap INFO 3504.778549698093: Received message <Ping:> from Peer_4:basic
Peer_11:bootstrap INFO 3504.778549698093: Sending message <Pong:> to Peer_4:basic
Peer_11:bootstrap INFO 3504.8952856077867: Received message <Ping:> from Peer_1:basic
Peer_11:bootstrap INFO 3504.8952856077867: Sending message <Pong:> to Peer_1:basic
Peer_11:bootstrap INFO 3506.8163342797775: Received message <Ping:> from Peer_9:basic
Peer_11:bootstrap INFO 3506.8163342797775: Sending message <Pong:> to Peer_9:basic
Peer_11:bootstrap INFO 3511.3000455075876: Received message <Pong:> from Peer_1:basic
Peer_11:bootstrap INFO 3511.8653857124523: Received message <Pong:> from Peer_4:basic
Peer_11:bootstrap INFO 3512.094955886703: Received message <Pong:> from Peer_9:basic
Peer_11:bootstrap INFO 3512.6511670133214: Received message <PeerList> from Peer_10:basic
Peer_11:bootstrap INFO 3512.940690860806: Received message <PeerList> from Peer_1:basic
Peer_11:bootstrap INFO 3516.3736035253214: Received message <PeerList> from Peer_7:basic
Peer_11:bootstrap WARNING 4000: Not enough peers, fetching more (10, 15)
Peer_11:bootstrap INFO 4000: Sending message <RequestPeers:> to Peer_2:basic
Peer_11:bootstrap INFO 4000: Sending message <RequestPeers:> to Peer_5:basic
Peer_11:bootstrap INFO 4000: Sending message <RequestPeers:> to Peer_7:basic
Peer_11:bootstrap INFO 4000: Sending message <RequestPeers:> to Peer_1:basic
Peer_11:bootstrap INFO 4000: Sending message <RequestPeers:> to Peer_3:basic
Peer_11:bootstrap INFO 4000: Sending message <Ping:> to Peer_8:basic
Peer_11:bootstrap INFO 4000: Sending message <Ping:> to Peer_6:basic
Peer_11:bootstrap INFO 4000: Sending message <Ping:> to Peer_2:basic
Peer_11:bootstrap INFO 4001.1049020385185: Received message <Ping:> from Peer_8:basic
Peer_11:bootstrap INFO 4001.1049020385185: Sending message <Pong:> to Peer_8:basic
Peer_11:bootstrap INFO 4001.5723209005864: Received message <Ping:> from Peer_6:basic
Peer_11:bootstrap INFO 4001.5723209005864: Sending message <Pong:> to Peer_6:basic
Peer_11:bootstrap INFO 4001.9610284891096: Received message <PeerList> from Peer_3:basic
Peer_11:bootstrap INFO 4001.984445261224: Received message <Pong:> from Peer_6:basic
Peer_11:bootstrap INFO 4002.0679741207023: Received message <Pong:> from Peer_8:basic
Peer_11:bootstrap INFO 4002.2002401794057: Received message <PeerList> from Peer_5:basic
Peer_11:bootstrap INFO 4006.1570564786357: Received message <Ping:> from Peer_2:basic
Peer_11:bootstrap INFO 4006.1570564786357: Sending message <Pong:> to Peer_2:basic
Peer_11:bootstrap INFO 4011.632054933293: Received message <PeerList> from Peer_2:basic
Peer_11:bootstrap INFO 4012.9999372478846: Received message <PeerList> from Peer_1:basic
Peer_11:bootstrap INFO 4013.0344182706176: Received message <PeerList> from Peer_7:basic
Peer_11:bootstrap INFO 4013.766039753228: Received message <Pong:> from Peer_2:basic
Peer_11:bootstrap WARNING 4500: Not enough peers, fetching more (10, 15)
Peer_11:bootstrap INFO 4500: Sending message <RequestPeers:> to Peer_3:basic
Peer_11:bootstrap INFO 4500: Sending message <RequestPeers:> to Peer_10:basic
Peer_11:bootstrap INFO 4500: Sending message <RequestPeers:> to Peer_8:basic
Peer_11:bootstrap INFO 4500: Sending message <RequestPeers:> to Peer_2:basic
Peer_11:bootstrap INFO 4500: Sending message <RequestPeers:> to Peer_9:basic
Peer_11:bootstrap INFO 4500: Sending message <Ping:> to Peer_4:basic
Peer_11:bootstrap INFO 4500: Sending message <Ping:> to Peer_9:basic
Peer_11:bootstrap INFO 4500: Sending message <Ping:> to Peer_10:basic
Peer_11:bootstrap INFO 4502.138531775346: Received message <PeerList> from Peer_8:basic
Peer_11:bootstrap INFO 4502.32864453013: Received message <PeerList> from Peer_3:basic
Peer_11:bootstrap INFO 4506.012153548068: Received message <Ping:> from Peer_10:basic
Peer_11:bootstrap INFO 4506.012153548068: Sending message <Pong:> to Peer_10:basic
Peer_11:bootstrap INFO 4506.32606318673: Received message <Ping:> from Peer_4:basic
Peer_11:bootstrap INFO 4506.32606318673: Sending message <Pong:> to Peer_4:basic
Peer_11:bootstrap INFO 4506.389443237105: Received message <Ping:> from Peer_9:basic
Peer_11:bootstrap INFO 4506.389443237105: Sending message <Pong:> to Peer_9:basic
Peer_11:bootstrap INFO 4510.398445883657: Received message <Pong:> from Peer_10:basic
Peer_11:bootstrap INFO 4510.9575071296895: Received message <PeerList> from Peer_2:basic
Peer_11:bootstrap INFO 4511.944438165913: Received message <Pong:> from Peer_9:basic
Peer_11:bootstrap INFO 4512.559607685026: Received message <Pong:> from Peer_4:basic
Peer_11:bootstrap INFO 4513.797468810276: Received message <PeerList> from Peer_10:basic
Peer_11:bootstrap INFO 4514.301970042326: Received message <PeerList> from Peer_9:basic
