Peer_6:basic WARNING 0: Not enough peers, fetching more (0, 4)
Peer_6:basic INFO 1.0501349108224027: Connecting to Peer_11:bootstrap
Peer_6:basic INFO 2.0145308570426805: Received message <Hello:> from Peer_11:bootstrap
Peer_6:basic INFO 2.442351388618356: Received message <RequestPeers:> from Peer_11:bootstrap
Peer_6:basic INFO 2.442351388618356: Sending message <PeerList> to Peer_11:bootstrap
Peer_6:basic WARNING 500: Not enough peers, fetching more (1, 4)
Peer_6:basic INFO 500: Sending message <RequestPeers:> to Peer_11:bootstrap
Peer_6:basic INFO 502.2440035410974: Received message <PeerList> from Peer_11:bootstrap
Peer_6:basic WARNING 1000: Not enough peers, fetching more (1, 4)
Peer_6:basic INFO 1000: Sending message <RequestPeers:> to Peer_11:bootstrap
Peer_6:basic INFO 1000.7054738908729: Connecting to Peer_5:basic
Peer_6:basic INFO 1001.3108389118386: Received message <RequestPeers:> from Peer_11:bootstrap
Peer_6:basic INFO 1001.3108389118386: Sending message <PeerList> to Peer_11:bootstrap
Peer_6:basic INFO 1001.636932182882: Received message <PeerList> from Peer_11:bootstrap
Peer_6:basic INFO 1001.6764009488625: Received message <RequestPeers:> from Peer_5:basic
Peer_6:basic INFO 1001.6764009488625: Sending message <PeerList> to Peer_5:basic
Peer_6:basic INFO 1002.5085415833817: Received message <Hello:> from Peer_5:basic
Peer_6:basic INFO 1006.2643469323978: Received message <Hello:> from Peer_9:basic
Peer_6:basic INFO 1006.2643469323978: Connecting to Peer_9:basic
Peer_6:basic INFO 1006.2643469323978: Sending message <Hello:> to Peer_9:basic
Peer_6:basic INFO 1006.2643469323978: Sending message <RequestPeers:> to Peer_9:basic
Peer_6:basic INFO 1017.8848151190236: Received message <PeerList> from Peer_9:basic
Peer_6:basic WARNING 1500: Not enough peers, fetching more (3, 4)
Peer_6:basic INFO 1500.8986213347778: Received message <RequestPeers:> from Peer_11:bootstrap
Peer_6:basic INFO 1500.8986213347778: Sending message <PeerList> to Peer_11:bootstrap
Peer_6:basic INFO 1505.1985485732384: Connecting to Peer_4:basic
Peer_6:basic INFO 1506.2538138708126: Received message <RequestPeers:> from Peer_9:basic
Peer_6:basic INFO 1506.2538138708126: Sending message <PeerList> to Peer_9:basic
Peer_6:basic INFO 1507.0598666907838: Received message <Hello:> from Peer_7:basic
Peer_6:basic INFO 1507.0598666907838: Connecting to Peer_7:basic
Peer_6:basic INFO 1507.0598666907838: Sending message <Hello:> to Peer_7:basic
Peer_6:basic INFO 1507.0598666907838: Sending message <RequestPeers:> to Peer_7:basic
Peer_6:basic INFO 1509.7479496735618: Received message <Hello:> from Peer_4:basic
Peer_6:basic INFO 1512.6789600307948: Received message <RequestPeers:> from Peer_4:basic
Peer_6:basic INFO 1512.6789600307948: Sending message <PeerList> to Peer_4:basic
Peer_6:basic INFO 1519.6581747377752: Received message <PeerList> from Peer_7:basic
Peer_6:basic INFO 2000: Sending message <Ping:> to Peer_5:basic
Peer_6:basic INFO 2000.3821468684246: Received message <Ping:> from Peer_5:basic
Peer_6:basic INFO 2000.3821468684246: Sending message <Pong:> to Peer_5:basic
Peer_6:basic INFO 2000.9493584387528: Received message <RequestPeers:> from Peer_11:bootstrap
Peer_6:basic INFO 2000.9493584387528: Sending message <PeerList> to Peer_11:bootstrap
Peer_6:basic INFO 2001.1334133246787: Received message <Hello:> from Peer_3:basic
Peer_6:basic INFO 2001.1334133246787: Connecting to Peer_3:basic
Peer_6:basic INFO 2001.1334133246787: Sending message <Hello:> to Peer_3:basic
Peer_6:basic INFO 2001.1334133246787: Sending message <RequestPeers:> to Peer_3:basic
Peer_6:basic INFO 2001.4840847795867: Received message <Pong:> from Peer_5:basic
Peer_6:basic INFO 2003.0747291676191: Received message <PeerList> from Peer_3:basic
Peer_6:basic INFO 2006.403351401651: Received message <RequestPeers:> from Peer_9:basic
Peer_6:basic INFO 2006.403351401651: Sending message <PeerList> to Peer_9:basic
Peer_6:basic INFO 2500: Sending message <Ping:> to Peer_4:basic
Peer_6:basic INFO 2500: Sending message <Ping:> to Peer_7:basic
Peer_6:basic INFO 2505.135313506722: Received message <Ping:> from Peer_7:basic
Peer_6:basic INFO 2505.135313506722: Sending message <Pong:> to Peer_7:basic
Peer_6:basic INFO 2506.364594830932: Received message <Ping:> from Peer_4:basic
Peer_6:basic INFO 2506.364594830932: Sending message <Pong:> to Peer_4:basic
Peer_6:basic INFO 2511.635449672836: Received message <Pong:> from Peer_7:basic
Peer_6:basic INFO 2512.1152155189016: Received message <Pong:> from Peer_4:basic
Peer_6:basic INFO 3000: Sending message <Ping:> to Peer_11:bootstrap
Peer_6:basic INFO 3000: Sending message <Ping:> to Peer_5:basic
Peer_6:basic INFO 3000: Sending message <Ping:> to Peer_9:basic
Peer_6:basic INFO 3000: Sending message <Ping:> to Peer_3:basic
Peer_6:basic INFO 3000.6811131070426: Received message <Ping:> from Peer_11:bootstrap
Peer_6:basic INFO 3000.6811131070426: Sending message <Pong:> to Peer_11:bootstrap
Peer_6:basic INFO 3000.8613108070153: Received message <Ping:> from Peer_3:basic
Peer_6:basic INFO 3000.8613108070153: Sending message <Pong:> to Peer_3:basic
Peer_6:basic INFO 3000.8937206923424: Received message <Ping:> from Peer_5:basic
Peer_6:basic INFO 3000.8937206923424: Sending message <Pong:> to Peer_5:basic
Peer_6:basic INFO 3001.132886457477: Received message <RequestPeers:> from Peer_11:bootstrap
Peer_6:basic INFO 3001.132886457477: Sending message <PeerList> to Peer_11:bootstrap
Peer_6:basic INFO 3001.628158945016: Received message <Pong:> from Peer_5:basic
Peer_6:basic INFO 3001.800090300873: Received message <Pong:> from Peer_3:basic
Peer_6:basic INFO 3001.9108501136466: Received message <Pong:> from Peer_11:bootstrap
Peer_6:basic INFO 3006.2597140932107: Received message <Ping:> from Peer_9:basic
Peer_6:basic INFO 3006.2597140932107: Sending message <Pong:> to Peer_9:basic
Peer_6:basic INFO 3013.7634010456627: Received message <Pong:> from Peer_9:basic
Peer_6:basic INFO 3500: Sending message <Ping:> to Peer_4:basic
Peer_6:basic INFO 3500: Sending message <Ping:> to Peer_7:basic
Peer_6:basic INFO 3504.39004935321: Received message <Ping:> from Peer_4:basic
Peer_6:basic INFO 3504.39004935321: Sending message <Pong:> to Peer_4:basic
Peer_6:basic INFO 3505.955516860685: Received message <Ping:> from Peer_7:basic
Peer_6:basic INFO 3505.955516860685: Sending message <Pong:> to Peer_7:basic
Peer_6:basic INFO 3511.095111622761: Received message <Pong:> from Peer_4:basic
Peer_6:basic INFO 3514.93100422705: Received message <Pong:> from Peer_7:basic
Peer_6:basic INFO 4000: Sending message <Ping:> to Peer_11:bootstrap
Peer_6:basic INFO 4000: Sending message <Ping:> to Peer_5:basic
Peer_6:basic INFO 4000: Sending message <Ping:> to Peer_9:basic
Peer_6:basic INFO 4000: Sending message <Ping:> to Peer_3:basic
Peer_6:basic INFO 4000.8929885834264: Received message <Ping:> from Peer_11:bootstrap
Peer_6:basic INFO 4000.8929885834264: Sending message <Pong:> to Peer_11:bootstrap
Peer_6:basic INFO 4000.975437246362: Received message <Ping:> from Peer_5:basic
Peer_6:basic INFO 4000.975437246362: Sending message <Pong:> to Peer_5:basic
Peer_6:basic INFO 4001.143756441569: Received message <Ping:> from Peer_3:basic
Peer_6:basic INFO 4001.143756441569: Sending message <Pong:> to Peer_3:basic
Peer_6:basic INFO 4001.7446823357072: Received message <Pong:> from Peer_3:basic
Peer_6:basic INFO 4001.885214379756: Received message <Pong:> from Peer_5:basic
Peer_6:basic INFO 4002.892989282806: Received message <Pong:> from Peer_11:bootstrap
Peer_6:basic INFO 4006.103417024843: Received message <Ping:> from Peer_9:basic
Peer_6:basic INFO 4006.103417024843: Sending message <Pong:> to Peer_9:basic
Peer_6:basic INFO 4012.7653848391337: Received message <Pong:> from Peer_9:basic
Peer_6:basic INFO 4500: Sending message <Ping:> to Peer_4:basic
Peer_6:basic INFO 4500: Sending message <Ping:> to Peer_7:basic
Peer_6:basic INFO 4505.680821985142: Received message <Ping:> from Peer_4:basic
Peer_6:basic INFO 4505.680821985142: Sending message <Pong:> to Peer_4:basic
Peer_6:basic INFO 4506.733281322334: Received message <Ping:> from Peer_7:basic
Peer_6:basic INFO 4506.733281322334: Sending message <Pong:> to Peer_7:basic
Peer_6:basic INFO 4510.741000418378: Received message <Pong:> from Peer_7:basic
Peer_6:basic INFO 4511.984680087874: Received message <Pong:> from Peer_4:basic
