Peer_7:basic WARNING 0: Not enough peers, fetching more (0, 4)
Peer_7:basic INFO 5.505119055504711: Connecting to Peer_11:bootstrap
Peer_7:basic INFO 11.088772320590165: Received message <Hello:> from Peer_11:bootstrap
Peer_7:basic INFO 11.493581015895423: Received message <RequestPeers:> from Peer_11:bootstrap
Peer_7:basic INFO 11.493581015895423: Sending message <PeerList> to Peer_11:bootstrap
Peer_7:basic WARNING 500: Not enough peers, fetching more (1, 4)
Peer_7:basic INFO 500: Sending message <RequestPeers:> to Peer_11:bootstrap
Peer_7:basic INFO 513.6359384276922: Received message <PeerList> from Peer_11:bootstrap
Peer_7:basic WARNING 1000: Not enough peers, fetching more (1, 4)
Peer_7:basic INFO 1000: Sending message <RequestPeers:> to Peer_11:bootstrap
Peer_7:basic INFO 1002.1104178927627: Connecting to Peer_2:basic
Peer_7:basic INFO 1002.6330983739856: Received message <Hello:> from Peer_2:basic
Peer_7:basic INFO 1003.6726444009533: Received message <RequestPeers:> from Peer_2:basic
Peer_7:basic INFO 1003.6726444009533: Sending message <PeerList> to Peer_2:basic
Peer_7:basic INFO 1005.6046530445391: Received message <RequestPeers:> from Peer_11:bootstrap
Peer_7:basic INFO 1005.6046530445391: Sending message <PeerList> to Peer_11:bootstrap
Peer_7:basic INFO 1015.3182109878284: Received message <PeerList> from Peer_11:bootstrap
Peer_7:basic WARNING 1500: Not enough peers, fetching more (2, 4)
Peer_7:basic INFO 1500: Sending message <RequestPeers:> to Peer_11:bootstrap
Peer_7:basic INFO 1500: Sending message <RequestPeers:> to Peer_2:basic
Peer_7:basic INFO 1500.521453768176: Received message <RequestPeers:> from Peer_2:basic
Peer_7:basic INFO 1500.521453768176: Sending message <PeerList> to Peer_2:basic
Peer_7:basic INFO 1502.2502697298899: Received message <PeerList> from Peer_2:basic
Peer_7:basic INFO 1507.0598666907838: Connecting to Peer_6:basic
Peer_7:basic INFO 1512.4710338674593: Received message <PeerList> from Peer_11:bootstrap
Peer_7:basic INFO 1513.468113061934: Received message <Hello:> from Peer_6:basic
Peer_7:basic INFO 1514.1148897414364: Received message <RequestPeers:> from Peer_6:basic
Peer_7:basic INFO 1514.1148897414364: Sending message <PeerList> to Peer_6:basic
Peer_7:basic WARNING 2000: Not enough peers, fetching more (3, 4)
Peer_7:basic INFO 2000.6166762633752: Received message <Hello:> from Peer_1:basic
Peer_7:basic INFO 2000.6166762633752: Connecting to Peer_1:basic
Peer_7:basic INFO 2000.6166762633752: Sending message <Hello:> to Peer_1:basic
Peer_7:basic INFO 2000.6166762633752: Sending message <RequestPeers:> to Peer_1:basic
Peer_7:basic INFO 2001.7743249866298: Received message <PeerList> from Peer_1:basic
Peer_7:basic INFO 2006.411296340241: Connecting to Peer_8:basic
Peer_7:basic INFO 2006.8882451101272: Received message <RequestPeers:> from Peer_11:bootstrap
Peer_7:basic INFO 2006.8882451101272: Sending message <PeerList> to Peer_11:bootstrap
Peer_7:basic INFO 2010.1713427545626: Received message <Hello:> from Peer_8:basic
Peer_7:basic INFO 2011.9767579296254: Received message <RequestPeers:> from Peer_8:basic
Peer_7:basic INFO 2011.9767579296254: Sending message <PeerList> to Peer_8:basic
Peer_7:basic INFO 2500: Sending message <Ping:> to Peer_2:basic
Peer_7:basic INFO 2500: Sending message <Ping:> to Peer_6:basic
Peer_7:basic INFO 2500.5583034494266: Received message <Ping:> from Peer_2:basic
Peer_7:basic INFO 2500.5583034494266: Sending message <Pong:> to Peer_2:basic
Peer_7:basic INFO 2502.2066614998935: Received message <Pong:> from Peer_2:basic
Peer_7:basic INFO 2506.332455935376: Received message <Ping:> from Peer_6:basic
Peer_7:basic INFO 2506.332455935376: Sending message <Pong:> to Peer_6:basic
Peer_7:basic INFO 2513.127012561315: Received message <Pong:> from Peer_6:basic
Peer_7:basic INFO 3000: Sending message <Ping:> to Peer_11:bootstrap
Peer_7:basic INFO 3000: Sending message <Ping:> to Peer_1:basic
Peer_7:basic INFO 3000: Sending message <Ping:> to Peer_8:basic
Peer_7:basic INFO 3001.0732221298113: Received message <Ping:> from Peer_1:basic
Peer_7:basic INFO 3001.0732221298113: Sending message <Pong:> to Peer_1:basic
Peer_7:basic INFO 3001.3689573234606: Received message <Pong:> from Peer_1:basic
Peer_7:basic INFO 3006.2345235495977: Received message <Ping:> from Peer_11:bootstrap
Peer_7:basic INFO 3006.2345235495977: Sending message <Pong:> to Peer_11:bootstrap
Peer_7:basic INFO 3008.5081171577053: Received message <Ping:> from Peer_8:basic
Peer_7:basic INFO 3008.5081171577053: Sending message <Pong:> to Peer_8:basic
Peer_7:basic INFO 3011.1536693824214: Received message <Pong:> from Peer_11:bootstrap
Peer_7:basic INFO 3012.122081734154: Received message <Pong:> from Peer_8:basic
Peer_7:basic INFO 3500: Sending message <Ping:> to Peer_2:basic
Peer_7:basic INFO 3500: Sending message <Ping:> to Peer_6:basic
Peer_7:basic INFO 3500.62751324919: Received message <Ping:> from Peer_2:basic
Peer_7:basic INFO 3500.62751324919: Sending message <Pong:> to Peer_2:basic
Peer_7:basic INFO 3501.208428381049: Received message <Pong:> from Peer_2:basic
Peer_7:basic INFO 3507.161402464907: Received message <Ping:> from Peer_6:basic
Peer_7:basic INFO 3507.161402464907: Sending message <Pong:> to Peer_6:basic
Peer_7:basic INFO 3507.75692681808: Received message <RequestPeers:> from Peer_11:bootstrap
Peer_7:basic INFO 3507.75692681808: Sending message <PeerList> to Peer_11:bootstrap
Peer_7:basic INFO 3510.8708466628163: Received message <Pong:> from Peer_6:basic
Peer_7:basic INFO 4000: Sending message <Ping:> to Peer_1:basic
Peer_7:basic INFO 4000: Sending message <Ping:> to Peer_8:basic
Peer_7:basic INFO 4000.768445378004: Received message <Ping:> from Peer_1:basic
Peer_7:basic INFO 4000.768445378004: Sending message <Pong:> to Peer_1:basic
Peer_7:basic INFO 4002.025104019924: Received message <Pong:> from Peer_1:basic
Peer_7:basic INFO 4005.5911207133313: Received message <Ping:> from Peer_8:basic
Peer_7:basic INFO 4005.5911207133313: Sending message <Pong:> to Peer_8:basic
Peer_7:basic INFO 4005.9459711004606: Received message <RequestPeers:> from Peer_11:bootstrap
Peer_7:basic INFO 4005.9459711004606: Sending message <PeerList> to Peer_11:bootstrap
Peer_7:basic INFO 4013.1712343475865: Received message <Pong:> from Peer_8:basic
Peer_7:basic INFO 4500: Sending message <Ping:> to Peer_2:basic
Peer_7:basic INFO 4500: Sending message <Ping:> to Peer_6:basic
Peer_7:basic INFO 4500.518985208108: Received message <Ping:> from Peer_2:basic
Peer_7:basic INFO 4500.518985208108: Sending message <Pong:> to Peer_2:basic
Peer_7:basic INFO 4501.411909995163: Received message <Pong:> from Peer_2:basic
Peer_7:basic INFO 4505.313586349667: Received message <Ping:> from Peer_6:basic
Peer_7:basic INFO 4505.313586349667: Sending message <Pong:> to Peer_6:basic
Peer_7:basic INFO 4510.521062858318: Received message <Pong:> from Peer_6:basic
