Peer_5:basic WARNING 0: Not enough peers, fetching more (0, 4)
Peer_5:basic INFO 1.2632263632326086: Connecting to Peer_11:bootstrap
Peer_5:basic INFO 2.1548518395461294: Received message <RequestPeers:> from Peer_11:bootstrap
Peer_5:basic INFO 2.1548518395461294: Sending message <PeerList> to Peer_11:bootstrap
Peer_5:basic INFO 2.8141861774353614: Received message <Hello:> from Peer_11:bootstrap
Peer_5:basic WARNING 500: Not enough peers, fetching more (1, 4)
Peer_5:basic INFO 500: Sending message <RequestPeers:> to Peer_11:bootstrap
Peer_5:basic INFO 502.30348425962507: Received message <PeerList> from Peer_11:bootstrap
Peer_5:basic WARNING 1000: Not enough peers, fetching more (1, 4)
Peer_5:basic INFO 1000: Sending message <RequestPeers:> to Peer_11:bootstrap
Peer_5:basic INFO 1000.6779223264516: Received message <Hello:> from Peer_8:basic
Peer_5:basic INFO 1000.6779223264516: Connecting to Peer_8:basic
Peer_5:basic INFO 1000.6779223264516: Sending message <Hello:> to Peer_8:basic
Peer_5:basic INFO 1000.6779223264516: Sending message <RequestPeers:> to Peer_8:basic
Peer_5:basic INFO 1000.7054738908729: Received message <Hello:> from Peer_6:basic
Peer_5:basic INFO 1000.7054738908729: Connecting to Peer_6:basic
Peer_5:basic INFO 1000.7054738908729: Sending message <Hello:> to Peer_6:basic
Peer_5:basic INFO 1000.7054738908729: Sending message <RequestPeers:> to Peer_6:basic
Peer_5:basic INFO 1001.4283735989463: Received message <PeerList> from Peer_11:bootstrap
Peer_5:basic INFO 1002.4665249572944: Received message <PeerList> from Peer_8:basic
Peer_5:basic INFO 1002.6174571598235: Received message <PeerList> from Peer_6:basic
Peer_5:basic INFO 1004.4254617276388: Received message <Hello:> from Peer_10:basic
Peer_5:basic INFO 1004.4254617276388: Connecting to Peer_10:basic
Peer_5:basic INFO 1004.4254617276388: Sending message <Hello:> to Peer_10:basic
Peer_5:basic INFO 1004.4254617276388: Sending message <RequestPeers:> to Peer_10:basic
Peer_5:basic INFO 1005.2216392757202: Connecting to Peer_4:basic
Peer_5:basic INFO 1011.0879009175601: Received message <RequestPeers:> from Peer_4:basic
Peer_5:basic INFO 1011.0879009175601: Sending message <PeerList> to Peer_4:basic
Peer_5:basic INFO 1011.4958343363112: Received message <Hello:> from Peer_4:basic
Peer_5:basic INFO 1014.4227394149326: Received message <PeerList> from Peer_10:basic
Peer_5:basic INFO 1501.104372827756: Received message <RequestPeers:> from Peer_8:basic
Peer_5:basic INFO 1501.104372827756: Sending message <PeerList> to Peer_8:basic
Peer_5:basic INFO 1505.7188249026005: Received message <RequestPeers:> from Peer_10:basic
Peer_5:basic INFO 1505.7188249026005: Sending message <PeerList> to Peer_10:basic
Peer_5:basic INFO 2000: Sending message <Ping:> to Peer_11:bootstrap
Peer_5:basic INFO 2000: Sending message <Ping:> to Peer_6:basic
Peer_5:basic INFO 2000: Sending message <Ping:> to Peer_4:basic
Peer_5:basic INFO 2000.4946435306704: Received message <Ping:> from Peer_6:basic
Peer_5:basic INFO 2000.4946435306704: Sending message <Pong:> to Peer_6:basic
Peer_5:basic INFO 2001.0105465430677: Received message <Ping:> from Peer_11:bootstrap
Peer_5:basic INFO 2001.0105465430677: Sending message <Pong:> to Peer_11:bootstrap
Peer_5:basic INFO 2001.1567893901913: Received message <RequestPeers:> from Peer_11:bootstrap
Peer_5:basic INFO 2001.1567893901913: Sending message <PeerList> to Peer_11:bootstrap
Peer_5:basic INFO 2001.4380967246595: Received message <Pong:> from Peer_6:basic
Peer_5:basic INFO 2002.386847318902: Received message <Pong:> from Peer_11:bootstrap
Peer_5:basic INFO 2006.8972524600567: Received message <Ping:> from Peer_4:basic
Peer_5:basic INFO 2006.8972524600567: Sending message <Pong:> to Peer_4:basic
Peer_5:basic INFO 2012.726033555263: Received message <Pong:> from Peer_4:basic
Peer_5:basic INFO 2500: Sending message <Ping:> to Peer_8:basic
Peer_5:basic INFO 2500: Sending message <Ping:> to Peer_10:basic
Peer_5:basic INFO 2501.083624413688: Received message <Ping:> from Peer_8:basic
Peer_5:basic INFO 2501.083624413688: Sending message <Pong:> to Peer_8:basic
Peer_5:basic INFO 2502.330371359037: Received message <Pong:> from Peer_8:basic
Peer_5:basic INFO 2506.198389928947: Received message <Hello:> from Peer_9:basic
Peer_5:basic INFO 2506.198389928947: Connecting to Peer_9:basic
Peer_5:basic INFO 2506.198389928947: Sending message <Hello:> to Peer_9:basic
Peer_5:basic INFO 2506.198389928947: Sending message <RequestPeers:> to Peer_9:basic
Peer_5:basic INFO 2507.1548541668353: Received message <Ping:> from Peer_10:basic
Peer_5:basic INFO 2507.1548541668353: Sending message <Pong:> to Peer_10:basic
Peer_5:basic INFO 2514.2386783540196: Received message <Pong:> from Peer_10:basic
Peer_5:basic INFO 2520.6398082844303: Received message <PeerList> from Peer_9:basic
Peer_5:basic INFO 3000: Sending message <Ping:> to Peer_11:bootstrap
Peer_5:basic INFO 3000: Sending message <Ping:> to Peer_6:basic
Peer_5:basic INFO 3000: Sending message <Ping:> to Peer_4:basic
Peer_5:basic INFO 3000.847934773339: Received message <Ping:> from Peer_6:basic
Peer_5:basic INFO 3000.847934773339: Sending message <Pong:> to Peer_6:basic
Peer_5:basic INFO 3001.4585427279735: Received message <Ping:> from Peer_11:bootstrap
Peer_5:basic INFO 3001.4585427279735: Sending message <Pong:> to Peer_11:bootstrap
Peer_5:basic INFO 3001.8327094020046: Received message <Pong:> from Peer_6:basic
Peer_5:basic INFO 3002.4121587435698: Received message <Pong:> from Peer_11:bootstrap
Peer_5:basic INFO 3006.7608306672005: Received message <Ping:> from Peer_4:basic
Peer_5:basic INFO 3006.7608306672005: Sending message <Pong:> to Peer_4:basic
Peer_5:basic INFO 3011.68355196339: Received message <Pong:> from Peer_4:basic
Peer_5:basic INFO 3500: Sending message <Ping:> to Peer_8:basic
Peer_5:basic INFO 3500: Sending message <Ping:> to Peer_10:basic
Peer_5:basic INFO 3500: Sending message <Ping:> to Peer_9:basic
Peer_5:basic INFO 3500.890356615727: Received message <RequestPeers:> from Peer_11:bootstrap
Peer_5:basic INFO 3500.890356615727: Sending message <PeerList> to Peer_11:bootstrap
Peer_5:basic INFO 3501.635246006215: Received message <Ping:> from Peer_8:basic
Peer_5:basic INFO 3501.635246006215: Sending message <Pong:> to Peer_8:basic
Peer_5:basic INFO 3502.4817780338462: Received message <Pong:> from Peer_8:basic
Peer_5:basic INFO 3504.538761233489: Received message <Ping:> from Peer_10:basic
Peer_5:basic INFO 3504.538761233489: Sending message <Pong:> to Peer_10:basic
Peer_5:basic INFO 3505.2894138197707: Received message <Ping:> from Peer_9:basic
Peer_5:basic INFO 3505.2894138197707: Sending message <Pong:> to Peer_9:basic
Peer_5:basic INFO 3512.7363867691033: Received message <Pong:> from Peer_10:basic
Peer_5:basic INFO 3515.5479909728324: Received message <Pong:> from Peer_9:basic
Peer_5:basic INFO 4000: Sending message <Ping:> to Peer_6:basic
Peer_5:basic INFO 4000: Sending message <Ping:> to Peer_4:basic
Peer_5:basic INFO 4000.8043837640244: Received message <RequestPeers:> from Peer_11:bootstrap
Peer_5:basic INFO 4000.8043837640244: Sending message <PeerList> to Peer_11:bootstrap
Peer_5:basic INFO 4001.1457580455453: Received message <Ping:> from Peer_6:basic
Peer_5:basic INFO 4001.1457580455453: Sending message <Pong:> to Peer_6:basic
Peer_5:basic INFO 4002.528338444195: Received message <Pong:> from Peer_6:basic
Peer_5:basic INFO 4005.9369884190737: Received message <Ping:> from Peer_4:basic
Peer_5:basic INFO 4005.9369884190737: Sending message <Pong:> to Peer_4:basic
Peer_5:basic INFO 4012.310131743871: Received message <Pong:> from Peer_4:basic
Peer_5:basic INFO 4500: Sending message <Ping:> to Peer_8:basic
Peer_5:basic INFO 4500: Sending message <Ping:> to Peer_10:basic
Peer_5:basic INFO 4500: Sending message <Ping:> to Peer_9:basic
Peer_5:basic INFO 4500.904820263247: Received message <Ping:> from Peer_8:basic
Peer_5:basic INFO 4500.904820263247: Sending message <Pong:> to Peer_8:basic
Peer_5:basic INFO 4502.675214550861: Received message <Pong:> from Peer_8:basic
Peer_5:basic INFO 4505.37600984815: Received message <Ping:> from Peer_10:basic
Peer_5:basic INFO 4505.37600984815: Sending message <Pong:> to Peer_10:basic
Peer_5:basic INFO 4505.593831559888: Received message <Ping:> from Peer_9:basic
Peer_5:basic INFO 4505.593831559888: Sending message <Pong:> to Peer_9:basic
Peer_5:basic INFO 4512.881646281781: Received message <Pong:> from Peer_10:basic
Peer_5:basic INFO 4513.183358227831: Received message <Pong:> from Peer_9:basic
