Peer_10:basic WARNING 0: Not enough peers, fetching more (0, 4)
Peer_10:basic INFO 6.175130086970932: Connecting to Peer_11:bootstrap
Peer_10:basic INFO 11.822632370490359: Received message <Hello:> from Peer_11:bootstrap
Peer_10:basic INFO 11.855081490272932: Received message <RequestPeers:> from Peer_11:bootstrap
Peer_10:basic INFO 11.855081490272932: Sending message <PeerList> to Peer_11:bootstrap
Peer_10:basic WARNING 500: Not enough peers, fetching more (1, 4)
Peer_10:basic INFO 500: Sending message <RequestPeers:> to Peer_11:bootstrap
Peer_10:basic INFO 506.35553734485967: Received message <RequestPeers:> from Peer_11:bootstrap
Peer_10:basic INFO 506.35553734485967: Sending message <PeerList> to Peer_11:bootstrap
Peer_10:basic INFO 511.75919995894805: Received message <PeerList> from Peer_11:bootstrap
Peer_10:basic WARNING 1000: Not enough peers, fetching more (1, 4)
Peer_10:basic INFO 1000: Sending message <RequestPeers:> to Peer_11:bootstrap
Peer_10:basic INFO 1004.4254617276388: Connecting to Peer_5:basic
Peer_10:basic INFO 1009.9153768650617: Received message <RequestPeers:> from Peer_5:basic
Peer_10:basic INFO 1009.9153768650617: Sending message <PeerList> to Peer_5:basic
Peer_10:basic INFO 1010.4589973583167: Received message <Hello:> from Peer_5:basic
Peer_10:basic INFO 1012.0712432836195: Received message <PeerList> from Peer_11:bootstrap
Peer_10:basic WARNING 1500: Not enough peers, fetching more (2, 4)
Peer_10:basic INFO 1500: Sending message <RequestPeers:> to Peer_11:bootstrap
Peer_10:basic INFO 1500: Sending message <RequestPeers:> to Peer_5:basic
Peer_10:basic INFO 1500.5656699452281: Connecting to Peer_2:basic
Peer_10:basic INFO 1500.6799769349022: Received message <Hello:> from Peer_4:basic
Peer_10:basic INFO 1500.6799769349022: Connecting to Peer_4:basic
Peer_10:basic INFO 1500.6799769349022: Sending message <Hello:> to Peer_4:basic
Peer_10:basic INFO 1500.6799769349022: Sending message <RequestPeers:> to Peer_4:basic
Peer_10:basic INFO 1501.1488610869592: Received message <RequestPeers:> from Peer_2:basic
Peer_10:basic INFO 1501.1488610869592: Sending message <PeerList> to Peer_2:basic
Peer_10:basic INFO 1501.6008201728105: Received message <Hello:> from Peer_2:basic
Peer_10:basic INFO 1502.3626314530977: Received message <PeerList> from Peer_4:basic
Peer_10:basic INFO 1505.3396455321856: Received message <RequestPeers:> from Peer_11:bootstrap
Peer_10:basic INFO 1505.3396455321856: Sending message <PeerList> to Peer_11:bootstrap
Peer_10:basic INFO 1511.3207918617936: Received message <PeerList> from Peer_5:basic
Peer_10:basic INFO 1512.3831515430372: Received message <PeerList> from Peer_11:bootstrap
Peer_10:basic INFO 2005.7683255202364: Received message <RequestPeers:> from Peer_11:bootstrap
Peer_10:basic INFO 2005.7683255202364: Sending message <PeerList> to Peer_11:bootstrap
Peer_10:basic INFO 2500: Sending message <Ping:> to Peer_5:basic
Peer_10:basic INFO 2500: Sending message <Ping:> to Peer_2:basic
Peer_10:basic INFO 2500: Sending message <Ping:> to Peer_4:basic
Peer_10:basic INFO 2500.560347999588: Received message <Ping:> from Peer_4:basic
Peer_10:basic INFO 2500.560347999588: Sending message <Pong:> to Peer_4:basic
Peer_10:basic INFO 2501.5998794297952: Received message <Ping:> from Peer_2:basic
Peer_10:basic INFO 2501.5998794297952: Sending message <Pong:> to Peer_2:basic
Peer_10:basic INFO 2501.613290486157: Received message <Pong:> from Peer_2:basic
Peer_10:basic INFO 2501.8111995400077: Received message <Pong:> from Peer_4:basic
Peer_10:basic INFO 2506.70842858443: Received message <RequestPeers:> from Peer_11:bootstrap
Peer_10:basic INFO 2506.70842858443: Sending message <PeerList> to Peer_11:bootstrap
Peer_10:basic INFO 2506.812908497516: Received message <Ping:> from Peer_5:basic
Peer_10:basic INFO 2506.812908497516: Sending message <Pong:> to Peer_5:basic
Peer_10:basic INFO 2513.5654371587357: Received message <Pong:> from Peer_5:basic
Peer_10:basic INFO 3005.890661891043: Received message <RequestPeers:> from Peer_11:bootstrap
Peer_10:basic INFO 3005.890661891043: Sending message <PeerList> to Peer_11:bootstrap
Peer_10:basic INFO 3500: Sending message <Ping:> to Peer_5:basic
Peer_10:basic INFO 3500: Sending message <Ping:> to Peer_2:basic
Peer_10:basic INFO 3500: Sending message <Ping:> to Peer_4:basic
Peer_10:basic INFO 3500.5697372747704: Received message <Ping:> from Peer_2:basic
Peer_10:basic INFO 3500.5697372747704: Sending message <Pong:> to Peer_2:basic
Peer_10:basic INFO 3500.8792286497523: Received message <Ping:> from Peer_4:basic
Peer_10:basic INFO 3500.8792286497523: Sending message <Pong:> to Peer_4:basic
Peer_10:basic INFO 3501.586135201234: Received message <Pong:> from Peer_2:basic
Peer_10:basic INFO 3503.8280423203714: Received message <Pong:> from Peer_4:basic
Peer_10:basic INFO 3505.7818363546826: Received message <Ping:> from Peer_5:basic
Peer_10:basic INFO 3505.7818363546826: Sending message <Pong:> to Peer_5:basic
Peer_10:basic INFO 3506.312728871576: Received message <RequestPeers:> from Peer_11:bootstrap
Peer_10:basic INFO 3506.312728871576: Sending message <PeerList> to Peer_11:bootstrap
Peer_10:basic INFO 3509.506608855819: Received message <Pong:> from Peer_5:basic
Peer_10:basic INFO 4500: Sending message <Ping:> to Peer_11:bootstrap
Peer_10:basic INFO 4500: Sending message <Ping:> to Peer_5:basic
Peer_10:basic INFO 4500: Sending message <Ping:> to Peer_2:basic
Peer_10:basic INFO 4500: Sending message <Ping:> to Peer_4:basic
Peer_10:basic INFO 4501.484728192467: Received message <Ping:> from Peer_4:basic
Peer_10:basic INFO 4501.484728192467: Sending message <Pong:> to Peer_4:basic
Peer_10:basic INFO 4502.335682424601: Received message <Pong:> from Peer_4:basic
Peer_10:basic INFO 4502.461729684299: Received message <Pong:> from Peer_2:basic
Peer_10:basic INFO 4502.57349660833: Received message <Ping:> from Peer_2:basic
Peer_10:basic INFO 4502.57349660833: Sending message <Pong:> to Peer_2:basic
Peer_10:basic INFO 4505.112617007843: Received message <Ping:> from Peer_11:bootstrap
Peer_10:basic INFO 4505.112617007843: Sending message <Pong:> to Peer_11:bootstrap
Peer_10:basic INFO 4507.26052178559: Received message <Ping:> from Peer_5:basic
Peer_10:basic INFO 4507.26052178559: Sending message <Pong:> to Peer_5:basic
Peer_10:basic INFO 4507.299259801553: Received message <RequestPeers:> from Peer_11:bootstrap
Peer_10:basic INFO 4507.299259801553: Sending message <PeerList> to Peer_11:bootstrap
Peer_10:basic INFO 4511.241489496128: Received message <Pong:> from Peer_5:basic
Peer_10:basic INFO 4511.381569314218: Received message <Pong:> from Peer_11:bootstrap
