Peer_1:basic INFO 0.25330377940920207: Connecting to Peer_6:basic
Peer_1:basic INFO 0.5172315217635092: Received message <Hello:> from Peer_8:basic
Peer_1:basic INFO 0.5172315217635092: Connecting to Peer_8:basic
Peer_1:basic INFO 0.5172315217635092: Sending message <Hello:> to Peer_8:basic
Peer_1:basic INFO 0.5823933685560234: Received message <Hello:> from Peer_6:basic
Peer_1:basic INFO 0.8145709260465728: Received message <Hello:> from Peer_2:basic
Peer_1:basic INFO 0.8145709260465728: Connecting to Peer_2:basic
Peer_1:basic INFO 0.8145709260465728: Sending message <Hello:> to Peer_2:basic
Peer_1:basic INFO 0.8328548541842417: Received message <Hello:> from Peer_5:basic
Peer_1:basic INFO 0.8328548541842417: Connecting to Peer_5:basic
Peer_1:basic INFO 0.8328548541842417: Sending message <Hello:> to Peer_5:basic
Peer_1:basic INFO 1.5196875652218207: Received message <Hello:> from Peer_6:basic
Peer_1:basic INFO 4.863095066206026: Connecting to Peer_3:basic
Peer_1:basic INFO 5.856587573073148: Received message <Hello:> from Peer_3:basic
Peer_1:basic INFO 10.212872533706223: Received message <Hello:> from Peer_3:basic
Peer_1:basic INFO 1000: Sending message <Ping:> to Peer_6:basic
Peer_1:basic INFO 1000: Sending message <Ping:> to Peer_8:basic
Peer_1:basic INFO 1000: Sending message <Ping:> to Peer_2:basic
Peer_1:basic INFO 1000: Sending message <Ping:> to Peer_5:basic
Peer_1:basic INFO 1000: Sending message <Ping:> to Peer_3:basic
Peer_1:basic INFO 1000.6754629818578: Received message <Ping:> from Peer_5:basic
Peer_1:basic INFO 1000.6754629818578: Sending message <Pong:> to Peer_5:basic
Peer_1:basic INFO 1000.7455678579087: Received message <Ping:> from Peer_8:basic
Peer_1:basic INFO 1000.7455678579087: Sending message <Pong:> to Peer_8:basic
Peer_1:basic INFO 1000.9056336932143: Received message <Ping:> from Peer_2:basic
Peer_1:basic INFO 1000.9056336932143: Sending message <Pong:> to Peer_2:basic
Peer_1:basic INFO 1000.9466067403373: Received message <Ping:> from Peer_6:basic
Peer_1:basic INFO 1000.9466067403373: Sending message <Pong:> to Peer_6:basic
Peer_1:basic INFO 1001.734975588438: Received message <Pong:> from Peer_8:basic
Peer_1:basic INFO 1001.8262397729384: Received message <Pong:> from Peer_5:basic
Peer_1:basic INFO 1002.1292347535509: Received message <Pong:> from Peer_2:basic
Peer_1:basic INFO 1002.531062404313: Received message <Pong:> from Peer_6:basic
Peer_1:basic INFO 1004.0282871467191: Received message <Ping:> from Peer_3:basic
Peer_1:basic INFO 1004.0282871467191: Sending message <Pong:> to Peer_3:basic
Peer_1:basic INFO 1012.142740249824: Received message <Pong:> from Peer_3:basic
Peer_1:basic INFO 2000: Sending message <Ping:> to Peer_6:basic
Peer_1:basic INFO 2000: Sending message <Ping:> to Peer_8:basic
Peer_1:basic INFO 2000: Sending message <Ping:> to Peer_2:basic
Peer_1:basic INFO 2000: Sending message <Ping:> to Peer_5:basic
Peer_1:basic INFO 2000: Sending message <Ping:> to Peer_3:basic
Peer_1:basic INFO 2000.9700949091275: Received message <Ping:> from Peer_2:basic
Peer_1:basic INFO 2000.9700949091275: Sending message <Pong:> to Peer_2:basic
Peer_1:basic INFO 2001.0595013612922: Received message <Ping:> from Peer_6:basic
Peer_1:basic INFO 2001.0595013612922: Sending message <Pong:> to Peer_6:basic
Peer_1:basic INFO 2001.0959891604061: Received message <Ping:> from Peer_8:basic
Peer_1:basic INFO 2001.0959891604061: Sending message <Pong:> to Peer_8:basic
Peer_1:basic INFO 2001.4599758125912: Received message <Pong:> from Peer_8:basic
Peer_1:basic INFO 2001.4700063754683: Received message <Ping:> from Peer_5:basic
Peer_1:basic INFO 2001.4700063754683: Sending message <Pong:> to Peer_5:basic
Peer_1:basic INFO 2001.8071264140933: Received message <Pong:> from Peer_5:basic
Peer_1:basic INFO 2002.0646320536625: Received message <Pong:> from Peer_2:basic
Peer_1:basic INFO 2002.144060481427: Received message <Pong:> from Peer_6:basic
Peer_1:basic INFO 2003.0874189878525: Received message <Ping:> from Peer_3:basic
Peer_1:basic INFO 2003.0874189878525: Sending message <Pong:> to Peer_3:basic
Peer_1:basic INFO 2012.2564659989448: Received message <Pong:> from Peer_3:basic
Peer_1:basic INFO 3000: Sending message <Ping:> to Peer_6:basic
Peer_1:basic INFO 3000: Sending message <Ping:> to Peer_8:basic
Peer_1:basic INFO 3000: Sending message <Ping:> to Peer_2:basic
Peer_1:basic INFO 3000: Sending message <Ping:> to Peer_5:basic
Peer_1:basic INFO 3000: Sending message <Ping:> to Peer_3:basic
Peer_1:basic INFO 3000.6388489808915: Received message <Ping:> from Peer_5:basic
Peer_1:basic INFO 3000.6388489808915: Sending message <Pong:> to Peer_5:basic
Peer_1:basic INFO 3000.679599502086: Received message <Ping:> from Peer_2:basic
Peer_1:basic INFO 3000.679599502086: Sending message <Pong:> to Peer_2:basic
Peer_1:basic INFO 3000.96008337973: Received message <Ping:> from Peer_8:basic
Peer_1:basic INFO 3000.96008337973: Sending message <Pong:> to Peer_8:basic
Peer_1:basic INFO 3001.269787106083: Received message <Pong:> from Peer_8:basic
Peer_1:basic INFO 3001.3749248758186: Received message <Ping:> from Peer_6:basic
Peer_1:basic INFO 3001.3749248758186: Sending message <Pong:> to Peer_6:basic
Peer_1:basic INFO 3001.681119460315: Received message <Pong:> from Peer_5:basic
Peer_1:basic INFO 3001.766021925816: Received message <Pong:> from Peer_2:basic
Peer_1:basic INFO 3001.9002238876724: Received message <Pong:> from Peer_6:basic
Peer_1:basic INFO 3007.1049687082514: Received message <Ping:> from Peer_3:basic
Peer_1:basic INFO 3007.1049687082514: Sending message <Pong:> to Peer_3:basic
Peer_1:basic INFO 3012.291637149385: Received message <Pong:> from Peer_3:basic
Peer_1:basic INFO 4000: Sending message <Ping:> to Peer_6:basic
Peer_1:basic INFO 4000: Sending message <Ping:> to Peer_8:basic
Peer_1:basic INFO 4000: Sending message <Ping:> to Peer_2:basic
Peer_1:basic INFO 4000: Sending message <Ping:> to Peer_5:basic
Peer_1:basic INFO 4000: Sending message <Ping:> to Peer_3:basic
Peer_1:basic INFO 4000.7523237730334: Received message <Ping:> from Peer_5:basic
Peer_1:basic INFO 4000.7523237730334: Sending message <Pong:> to Peer_5:basic
Peer_1:basic INFO 4000.7724953127445: Received message <Ping:> from Peer_8:basic
Peer_1:basic INFO 4000.7724953127445: Sending message <Pong:> to Peer_8:basic
Peer_1:basic INFO 4000.8999127190336: Received message <Ping:> from Peer_2:basic
Peer_1:basic INFO 4000.8999127190336: Sending message <Pong:> to Peer_2:basic
Peer_1:basic INFO 4001.317674533631: Received message <Ping:> from Peer_6:basic
Peer_1:basic INFO 4001.317674533631: Sending message <Pong:> to Peer_6:basic
Peer_1:basic INFO 4001.953621198404: Received message <Pong:> from Peer_5:basic
Peer_1:basic INFO 4002.212842200778: Received message <Pong:> from Peer_8:basic
Peer_1:basic INFO 4002.2202154647384: Received message <Pong:> from Peer_6:basic
Peer_1:basic INFO 4002.9435212113754: Received message <Pong:> from Peer_2:basic
Peer_1:basic INFO 4004.936086809016: Received message <Ping:> from Peer_3:basic
Peer_1:basic INFO 4004.936086809016: Sending message <Pong:> to Peer_3:basic
Peer_1:basic INFO 4010.8391242371404: Received message <Pong:> from Peer_3:basic
