Peer_2:basic INFO 0.5093087595715987: Connecting to Peer_6:basic
Peer_2:basic INFO 0.6253868500765758: Received message <Hello:> from Peer_3:basic
Peer_2:basic INFO 0.6253868500765758: Connecting to Peer_3:basic
Peer_2:basic INFO 0.6253868500765758: Sending message <Hello:> to Peer_3:basic
Peer_2:basic INFO 0.7200886089447246: Received message <Hello:> from Peer_5:basic
Peer_2:basic INFO 0.7200886089447246: Connecting to Peer_5:basic
Peer_2:basic INFO 0.7200886089447246: Sending message <Hello:> to Peer_5:basic
Peer_2:basic INFO 0.7266131806965075: Received message <Hello:> from Peer_7:basic
Peer_2:basic INFO 0.7266131806965075: Connecting to Peer_7:basic
Peer_2:basic INFO 0.7266131806965075: Sending message <Hello:> to Peer_7:basic
Peer_2:basic INFO 0.8481237933419403: Connecting to Peer_8:basic
Peer_2:basic INFO 0.9317594630288792: Received message <Hello:> from Peer_7:basic
Peer_2:basic INFO 0.9317594630288792: Connecting to Peer_7:basic
Peer_2:basic INFO 0.9317594630288792: Sending message <Hello:> to Peer_7:basic
Peer_2:basic INFO 0.9721800515819446: Received message <Hello:> from Peer_6:basic
Peer_2:basic INFO 0.9805074376186212: Received message <Hello:> from Peer_8:basic
Peer_2:basic INFO 0.9805074376186212: Connecting to Peer_8:basic
Peer_2:basic INFO 0.9805074376186212: Sending message <Hello:> to Peer_8:basic
Peer_2:basic INFO 1.3067286183308202: Received message <Hello:> from Peer_6:basic
Peer_2:basic INFO 1.3228264061633086: Received message <Hello:> from Peer_9:basic
Peer_2:basic INFO 1.3228264061633086: Connecting to Peer_9:basic
Peer_2:basic INFO 1.3228264061633086: Sending message <Hello:> to Peer_9:basic
Peer_2:basic INFO 1.3651114221836804: Received message <Hello:> from Peer_8:basic
Peer_2:basic INFO 1.8442047525012093: Received message <Hello:> from Peer_9:basic
Peer_2:basic INFO 1.8442047525012093: Connecting to Peer_9:basic
Peer_2:basic INFO 1.8442047525012093: Sending message <Hello:> to Peer_9:basic
Peer_2:basic INFO 2.68764220125521: Received message <Hello:> from Peer_8:basic
Peer_2:basic INFO 1000: Sending message <Ping:> to Peer_6:basic
Peer_2:basic INFO 1000: Sending message <Ping:> to Peer_3:basic
Peer_2:basic INFO 1000: Sending message <Ping:> to Peer_5:basic
Peer_2:basic INFO 1000: Sending message <Ping:> to Peer_7:basic
Peer_2:basic INFO 1000: Sending message <Ping:> to Peer_8:basic
Peer_2:basic INFO 1000: Sending message <Ping:> to Peer_9:basic
Peer_2:basic INFO 1000: Sending message <Ping:> to Peer_8:basic
Peer_2:basic INFO 1000: Sending message <Ping:> to Peer_7:basic
Peer_2:basic INFO 1000: Sending message <Ping:> to Peer_9:basic
Peer_2:basic INFO 1000.6543488083372: Received message <Ping:> from Peer_7:basic
Peer_2:basic INFO 1000.6543488083372: Sending message <Pong:> to Peer_7:basic
Peer_2:basic INFO 1000.6851478336343: Received message <Ping:> from Peer_3:basic
Peer_2:basic INFO 1000.6851478336343: Sending message <Pong:> to Peer_3:basic
Peer_2:basic INFO 1000.7277233234942: Received message <Ping:> from Peer_7:basic
Peer_2:basic INFO 1000.7277233234942: Sending message <Pong:> to Peer_7:basic
Peer_2:basic INFO 1000.8252912702692: Received message <Ping:> from Peer_5:basic
Peer_2:basic INFO 1000.8252912702692: Sending message <Pong:> to Peer_5:basic
Peer_2:basic INFO 1000.8616995337798: Received message <Ping:> from Peer_6:basic
Peer_2:basic INFO 1000.8616995337798: Sending message <Pong:> to Peer_6:basic
Peer_2:basic INFO 1001.0985474125017: Received message <Pong:> from Peer_3:basic
Peer_2:basic INFO 1001.4694694985536: Received message <Pong:> from Peer_6:basic
Peer_2:basic INFO 1001.5322823659569: Received message <Ping:> from Peer_9:basic
Peer_2:basic INFO 1001.5322823659569: Sending message <Pong:> to Peer_9:basic
Peer_2:basic INFO 1001.5613850051799: Received message <Pong:> from Peer_5:basic
Peer_2:basic INFO 1001.600696459251: Received message <Pong:> from Peer_7:basic
Peer_2:basic INFO 1001.6917108716033: Received message <Ping:> from Peer_9:basic
Peer_2:basic INFO 1001.6917108716033: Sending message <Pong:> to Peer_9:basic
Peer_2:basic INFO 1001.7243383036074: Received message <Pong:> from Peer_7:basic
Peer_2:basic INFO 1001.7835434536928: Received message <Ping:> from Peer_8:basic
Peer_2:basic INFO 1001.7835434536928: Sending message <Pong:> to Peer_8:basic
Peer_2:basic INFO 1001.7994807589872: Received message <Ping:> from Peer_8:basic
Peer_2:basic INFO 1001.7994807589872: Sending message <Pong:> to Peer_8:basic
Peer_2:basic INFO 1002.447113297901: Received message <Pong:> from Peer_8:basic
Peer_2:basic INFO 1003.2662714389996: Received message <Pong:> from Peer_9:basic
Peer_2:basic INFO 1003.4764126950708: Received message <Pong:> from Peer_8:basic
Peer_2:basic INFO 1003.9200530996785: Received message <Pong:> from Peer_9:basic
Peer_2:basic INFO 2000: Sending message <Ping:> to Peer_6:basic
Peer_2:basic INFO 2000: Sending message <Ping:> to Peer_3:basic
Peer_2:basic INFO 2000: Sending message <Ping:> to Peer_5:basic
Peer_2:basic INFO 2000: Sending message <Ping:> to Peer_7:basic
Peer_2:basic INFO 2000: Sending message <Ping:> to Peer_8:basic
Peer_2:basic INFO 2000: Sending message <Ping:> to Peer_9:basic
Peer_2:basic INFO 2000: Sending message <Ping:> to Peer_8:basic
Peer_2:basic INFO 2000: Sending message <Ping:> to Peer_7:basic
Peer_2:basic INFO 2000: Sending message <Ping:> to Peer_9:basic
Peer_2:basic INFO 2000.549237546753: Received message <Ping:> from Peer_7:basic
Peer_2:basic INFO 2000.549237546753: Sending message <Pong:> to Peer_7:basic
Peer_2:basic INFO 2000.6721805367483: Received message <Ping:> from Peer_5:basic
Peer_2:basic INFO 2000.6721805367483: Sending message <Pong:> to Peer_5:basic
Peer_2:basic INFO 2000.839177598473: Received message <Ping:> from Peer_7:basic
Peer_2:basic INFO 2000.839177598473: Sending message <Pong:> to Peer_7:basic
Peer_2:basic INFO 2000.853432147002: Received message <Ping:> from Peer_6:basic
Peer_2:basic INFO 2000.853432147002: Sending message <Pong:> to Peer_6:basic
Peer_2:basic INFO 2001.2302193620671: Received message <Ping:> from Peer_3:basic
Peer_2:basic INFO 2001.2302193620671: Sending message <Pong:> to Peer_3:basic
Peer_2:basic INFO 2001.263118340837: Received message <Pong:> from Peer_3:basic
Peer_2:basic INFO 2001.2665149392178: Received message <Pong:> from Peer_6:basic
Peer_2:basic INFO 2001.3023063846372: Received message <Pong:> from Peer_7:basic
Peer_2:basic INFO 2001.303741098061: Received message <Ping:> from Peer_9:basic
Peer_2:basic INFO 2001.303741098061: Sending message <Pong:> to Peer_9:basic
Peer_2:basic INFO 2001.3743241476311: Received message <Ping:> from Peer_8:basic
Peer_2:basic INFO 2001.3743241476311: Sending message <Pong:> to Peer_8:basic
Peer_2:basic INFO 2001.4179187949915: Received message <Pong:> from Peer_7:basic
Peer_2:basic INFO 2001.5104829158122: Received message <Ping:> from Peer_8:basic
Peer_2:basic INFO 2001.5104829158122: Sending message <Pong:> to Peer_8:basic
Peer_2:basic INFO 2001.6931766990504: Received message <Ping:> from Peer_9:basic
Peer_2:basic INFO 2001.6931766990504: Sending message <Pong:> to Peer_9:basic
Peer_2:basic INFO 2002.0051130531374: Received message <Pong:> from Peer_5:basic
Peer_2:basic INFO 2002.3022792437068: Received message <Pong:> from Peer_8:basic
Peer_2:basic INFO 2002.9920155494497: Received message <Pong:> from Peer_9:basic
Peer_2:basic INFO 2003.1501662406263: Received message <Pong:> from Peer_9:basic
Peer_2:basic INFO 2003.6723388541243: Received message <Pong:> from Peer_8:basic
Peer_2:basic INFO 3000: Sending message <Ping:> to Peer_6:basic
Peer_2:basic INFO 3000: Sending message <Ping:> to Peer_3:basic
Peer_2:basic INFO 3000: Sending message <Ping:> to Peer_5:basic
Peer_2:basic INFO 3000: Sending message <Ping:> to Peer_7:basic
Peer_2:basic INFO 3000: Sending message <Ping:> to Peer_8:basic
Peer_2:basic INFO 3000: Sending message <Ping:> to Peer_9:basic
Peer_2:basic INFO 3000: Sending message <Ping:> to Peer_8:basic
Peer_2:basic INFO 3000: Sending message <Ping:> to Peer_7:basic
Peer_2:basic INFO 3000: Sending message <Ping:> to Peer_9:basic
Peer_2:basic INFO 3000.546145388784: Received message <Ping:> from Peer_7:basic
Peer_2:basic INFO 3000.546145388784: Sending message <Pong:> to Peer_7:basic
Peer_2:basic INFO 3000.6860739732865: Received message <Ping:> from Peer_6:basic
Peer_2:basic INFO 3000.6860739732865: Sending message <Pong:> to Peer_6:basic
Peer_2:basic INFO 3000.8014605253125: Received message <Ping:> from Peer_5:basic
Peer_2:basic INFO 3000.8014605253125: Sending message <Pong:> to Peer_5:basic
Peer_2:basic INFO 3000.938539451054: Received message <Ping:> from Peer_7:basic
Peer_2:basic INFO 3000.938539451054: Sending message <Pong:> to Peer_7:basic
Peer_2:basic INFO 3000.9930714644374: Received message <Ping:> from Peer_3:basic
Peer_2:basic INFO 3000.9930714644374: Sending message <Pong:> to Peer_3:basic
Peer_2:basic INFO 3001.246765806045: Received message <Pong:> from Peer_3:basic
Peer_2:basic INFO 3001.2766028191436: Received message <Ping:> from Peer_8:basic
Peer_2:basic INFO 3001.2766028191436: Sending message <Pong:> to Peer_8:basic
Peer_2:basic INFO 3001.4043580359066: Received message <Ping:> from Peer_9:basic
Peer_2:basic INFO 3001.4043580359066: Sending message <Pong:> to Peer_9:basic
Peer_2:basic INFO 3001.468090103593: Received message <Ping:> from Peer_8:basic
Peer_2:basic INFO 3001.468090103593: Sending message <Pong:> to Peer_8:basic
Peer_2:basic INFO 3001.5274098652176: Received message <Pong:> from Peer_5:basic
Peer_2:basic INFO 3001.7369057749784: Received message <Pong:> from Peer_7:basic
Peer_2:basic INFO 3001.7412955039495: Received message <Pong:> from Peer_7:basic
Peer_2:basic INFO 3001.942070801003: Received message <Pong:> from Peer_6:basic
Peer_2:basic INFO 3002.018131677373: Received message <Ping:> from Peer_9:basic
Peer_2:basic INFO 3002.018131677373: Sending message <Pong:> to Peer_9:basic
Peer_2:basic INFO 3003.08163264404: Received message <Pong:> from Peer_8:basic
Peer_2:basic INFO 3003.2013788258937: Received message <Pong:> from Peer_8:basic
Peer_2:basic INFO 3003.2558087178245: Received message <Pong:> from Peer_9:basic
Peer_2:basic INFO 3003.3418784149044: Received message <Pong:> from Peer_9:basic
Peer_2:basic INFO 4000: Sending message <Ping:> to Peer_6:basic
Peer_2:basic INFO 4000: Sending message <Ping:> to Peer_3:basic
Peer_2:basic INFO 4000: Sending message <Ping:> to Peer_5:basic
Peer_2:basic INFO 4000: Sending message <Ping:> to Peer_7:basic
Peer_2:basic INFO 4000: Sending message <Ping:> to Peer_8:basic
Peer_2:basic INFO 4000: Sending message <Ping:> to Peer_9:basic
Peer_2:basic INFO 4000: Sending message <Ping:> to Peer_8:basic
Peer_2:basic INFO 4000: Sending message <Ping:> to Peer_7:basic
Peer_2:basic INFO 4000: Sending message <Ping:> to Peer_9:basic
Peer_2:basic INFO 4000.5041741391565: Received message <Ping:> from Peer_7:basic
Peer_2:basic INFO 4000.5041741391565: Sending message <Pong:> to Peer_7:basic
Peer_2:basic INFO 4000.5099743201336: Received message <Ping:> from Peer_7:basic
Peer_2:basic INFO 4000.5099743201336: Sending message <Pong:> to Peer_7:basic
Peer_2:basic INFO 4000.6930183965105: Received message <Ping:> from Peer_5:basic
Peer_2:basic INFO 4000.6930183965105: Sending message <Pong:> to Peer_5:basic
Peer_2:basic INFO 4000.7467520710366: Received message <Ping:> from Peer_6:basic
Peer_2:basic INFO 4000.7467520710366: Sending message <Pong:> to Peer_6:basic
Peer_2:basic INFO 4000.7717546445756: Received message <Ping:> from Peer_3:basic
Peer_2:basic INFO 4000.7717546445756: Sending message <Pong:> to Peer_3:basic
Peer_2:basic INFO 4001.1968204377326: Received message <Pong:> from Peer_3:basic
Peer_2:basic INFO 4001.2687000104142: Received message <Pong:> from Peer_6:basic
Peer_2:basic INFO 4001.2883954638874: Received message <Pong:> from Peer_7:basic
Peer_2:basic INFO 4001.3592230746735: Received message <Pong:> from Peer_7:basic
Peer_2:basic INFO 4001.475404987613: Received message <Ping:> from Peer_9:basic
Peer_2:basic INFO 4001.475404987613: Sending message <Pong:> to Peer_9:basic
Peer_2:basic INFO 4001.5896700091675: Received message <Ping:> from Peer_8:basic
Peer_2:basic INFO 4001.5896700091675: Sending message <Pong:> to Peer_8:basic
Peer_2:basic INFO 4001.6828441168254: Received message <Ping:> from Peer_9:basic
Peer_2:basic INFO 4001.6828441168254: Sending message <Pong:> to Peer_9:basic
Peer_2:basic INFO 4001.8492331406887: Received message <Pong:> from Peer_5:basic
Peer_2:basic INFO 4002.022147447173: Received message <Ping:> from Peer_8:basic
Peer_2:basic INFO 4002.022147447173: Sending message <Pong:> to Peer_8:basic
Peer_2:basic INFO 4002.7844912553724: Received message <Pong:> from Peer_9:basic
Peer_2:basic INFO 4002.8885044424887: Received message <Pong:> from Peer_8:basic
Peer_2:basic INFO 4003.150891130072: Received message <Pong:> from Peer_8:basic
Peer_2:basic INFO 4003.3361900540854: Received message <Pong:> from Peer_9:basic
Peer_2:basic INFO 5000: Sending message <Ping:> to Peer_6:basic
Peer_2:basic INFO 5000: Sending message <Ping:> to Peer_3:basic
Peer_2:basic INFO 5000: Sending message <Ping:> to Peer_5:basic
Peer_2:basic INFO 5000: Sending message <Ping:> to Peer_7:basic
Peer_2:basic INFO 5000: Sending message <Ping:> to Peer_8:basic
Peer_2:basic INFO 5000: Sending message <Ping:> to Peer_9:basic
Peer_2:basic INFO 5000: Sending message <Ping:> to Peer_8:basic
Peer_2:basic INFO 5000: Sending message <Ping:> to Peer_7:basic
Peer_2:basic INFO 5000: Sending message <Ping:> to Peer_9:basic
Peer_2:basic INFO 5000.524567205374: Received message <Ping:> from Peer_7:basic
Peer_2:basic INFO 5000.524567205374: Sending message <Pong:> to Peer_7:basic
Peer_2:basic INFO 5000.604484884023: Received message <Ping:> from Peer_7:basic
Peer_2:basic INFO 5000.604484884023: Sending message <Pong:> to Peer_7:basic
Peer_2:basic INFO 5000.642365640181: Received message <Ping:> from Peer_6:basic
Peer_2:basic INFO 5000.642365640181: Sending message <Pong:> to Peer_6:basic
Peer_2:basic INFO 5000.654551464331: Received message <Ping:> from Peer_3:basic
Peer_2:basic INFO 5000.654551464331: Sending message <Pong:> to Peer_3:basic
Peer_2:basic INFO 5000.929469083808: Received message <Ping:> from Peer_5:basic
Peer_2:basic INFO 5000.929469083808: Sending message <Pong:> to Peer_5:basic
Peer_2:basic INFO 5001.147631440071: Received message <Pong:> from Peer_3:basic
Peer_2:basic INFO 5001.232711449517: Received message <Pong:> from Peer_7:basic
Peer_2:basic INFO 5001.25090849444: Received message <Pong:> from Peer_7:basic
Peer_2:basic INFO 5001.4127646423885: Received message <Pong:> from Peer_6:basic
Peer_2:basic INFO 5001.429641659014: Received message <Pong:> from Peer_5:basic
Peer_2:basic INFO 5001.505081052389: Received message <Ping:> from Peer_8:basic
Peer_2:basic INFO 5001.505081052389: Sending message <Pong:> to Peer_8:basic
Peer_2:basic INFO 5001.620763095282: Received message <Ping:> from Peer_9:basic
Peer_2:basic INFO 5001.620763095282: Sending message <Pong:> to Peer_9:basic
Peer_2:basic INFO 5001.678667717426: Received message <Ping:> from Peer_8:basic
Peer_2:basic INFO 5001.678667717426: Sending message <Pong:> to Peer_8:basic
Peer_2:basic INFO 5001.859507583006: Received message <Ping:> from Peer_9:basic
Peer_2:basic INFO 5001.859507583006: Sending message <Pong:> to Peer_9:basic
Peer_2:basic INFO 5002.7477169596805: Received message <Pong:> from Peer_8:basic
Peer_2:basic INFO 5002.8122254580885: Received message <Pong:> from Peer_9:basic
Peer_2:basic INFO 5002.823214818559: Received message <Pong:> from Peer_8:basic
Peer_2:basic INFO 5002.9826114224325: Received message <Pong:> from Peer_9:basic
Peer_2:basic INFO 6000: Sending message <Ping:> to Peer_6:basic
Peer_2:basic INFO 6000: Sending message <Ping:> to Peer_3:basic
Peer_2:basic INFO 6000: Sending message <Ping:> to Peer_5:basic
Peer_2:basic INFO 6000: Sending message <Ping:> to Peer_7:basic
Peer_2:basic INFO 6000: Sending message <Ping:> to Peer_8:basic
Peer_2:basic INFO 6000: Sending message <Ping:> to Peer_9:basic
Peer_2:basic INFO 6000: Sending message <Ping:> to Peer_8:basic
Peer_2:basic INFO 6000: Sending message <Ping:> to Peer_7:basic
Peer_2:basic INFO 6000: Sending message <Ping:> to Peer_9:basic
Peer_2:basic INFO 6000.678830134463: Received message <Ping:> from Peer_7:basic
Peer_2:basic INFO 6000.678830134463: Sending message <Pong:> to Peer_7:basic
Peer_2:basic INFO 6000.716821705822: Received message <Ping:> from Peer_5:basic
Peer_2:basic INFO 6000.716821705822: Sending message <Pong:> to Peer_5:basic
Peer_2:basic INFO 6000.729838828282: Received message <Ping:> from Peer_6:basic
Peer_2:basic INFO 6000.729838828282: Sending message <Pong:> to Peer_6:basic
Peer_2:basic INFO 6000.870888275642: Received message <Ping:> from Peer_9:basic
Peer_2:basic INFO 6000.870888275642: Sending message <Pong:> to Peer_9:basic
Peer_2:basic INFO 6000.955058129431: Received message <Ping:> from Peer_3:basic
Peer_2:basic INFO 6000.955058129431: Sending message <Pong:> to Peer_3:basic
Peer_2:basic INFO 6000.974094338398: Received message <Ping:> from Peer_7:basic
Peer_2:basic INFO 6000.974094338398: Sending message <Pong:> to Peer_7:basic
Peer_2:basic INFO 6001.0922276608535: Received message <Ping:> from Peer_8:basic
Peer_2:basic INFO 6001.0922276608535: Sending message <Pong:> to Peer_8:basic
Peer_2:basic INFO 6001.26905570884: Received message <Pong:> from Peer_6:basic
Peer_2:basic INFO 6001.287697393812: Received message <Pong:> from Peer_5:basic
Peer_2:basic INFO 6001.411418640865: Received message <Pong:> from Peer_7:basic
Peer_2:basic INFO 6001.44989504467: Received message <Ping:> from Peer_9:basic
Peer_2:basic INFO 6001.44989504467: Sending message <Pong:> to Peer_9:basic
Peer_2:basic INFO 6001.459081010423: Received message <Ping:> from Peer_8:basic
Peer_2:basic INFO 6001.459081010423: Sending message <Pong:> to Peer_8:basic
Peer_2:basic INFO 6001.492214585574: Received message <Pong:> from Peer_3:basic
Peer_2:basic INFO 6001.563230359816: Received message <Pong:> from Peer_7:basic
Peer_2:basic INFO 6002.864828051483: Received message <Pong:> from Peer_9:basic
Peer_2:basic INFO 6002.90702668051: Received message <Pong:> from Peer_8:basic
Peer_2:basic INFO 6002.961599637725: Received message <Pong:> from Peer_8:basic
Peer_2:basic INFO 6003.229850427493: Received message <Pong:> from Peer_9:basic
Peer_2:basic INFO 7000: Sending message <Ping:> to Peer_6:basic
Peer_2:basic INFO 7000: Sending message <Ping:> to Peer_3:basic
Peer_2:basic INFO 7000: Sending message <Ping:> to Peer_5:basic
Peer_2:basic INFO 7000: Sending message <Ping:> to Peer_7:basic
Peer_2:basic INFO 7000: Sending message <Ping:> to Peer_8:basic
Peer_2:basic INFO 7000: Sending message <Ping:> to Peer_9:basic
Peer_2:basic INFO 7000: Sending message <Ping:> to Peer_8:basic
Peer_2:basic INFO 7000: Sending message <Ping:> to Peer_7:basic
Peer_2:basic INFO 7000: Sending message <Ping:> to Peer_9:basic
Peer_2:basic INFO 7000.5192654126695: Received message <Ping:> from Peer_6:basic
Peer_2:basic INFO 7000.5192654126695: Sending message <Pong:> to Peer_6:basic
Peer_2:basic INFO 7000.593876725491: Received message <Ping:> from Peer_7:basic
Peer_2:basic INFO 7000.593876725491: Sending message <Pong:> to Peer_7:basic
Peer_2:basic INFO 7000.626665263861: Received message <Ping:> from Peer_3:basic
Peer_2:basic INFO 7000.626665263861: Sending message <Pong:> to Peer_3:basic
Peer_2:basic INFO 7000.62894425711: Received message <Ping:> from Peer_7:basic
Peer_2:basic INFO 7000.62894425711: Sending message <Pong:> to Peer_7:basic
Peer_2:basic INFO 7000.892277578275: Received message <Ping:> from Peer_5:basic
Peer_2:basic INFO 7000.892277578275: Sending message <Pong:> to Peer_5:basic
Peer_2:basic INFO 7001.207422782808: Received message <Pong:> from Peer_7:basic
Peer_2:basic INFO 7001.209794418098: Received message <Pong:> from Peer_5:basic
Peer_2:basic INFO 7001.304792355302: Received message <Pong:> from Peer_7:basic
Peer_2:basic INFO 7001.316674234436: Received message <Pong:> from Peer_3:basic
Peer_2:basic INFO 7001.463724231113: Received message <Ping:> from Peer_9:basic
Peer_2:basic INFO 7001.463724231113: Sending message <Pong:> to Peer_9:basic
Peer_2:basic INFO 7001.786737088606: Received message <Ping:> from Peer_9:basic
Peer_2:basic INFO 7001.786737088606: Sending message <Pong:> to Peer_9:basic
Peer_2:basic INFO 7001.847546384411: Received message <Pong:> from Peer_6:basic
Peer_2:basic INFO 7001.9867596180065: Received message <Ping:> from Peer_8:basic
Peer_2:basic INFO 7001.9867596180065: Sending message <Pong:> to Peer_8:basic
Peer_2:basic INFO 7002.088282555106: Received message <Ping:> from Peer_8:basic
Peer_2:basic INFO 7002.088282555106: Sending message <Pong:> to Peer_8:basic
Peer_2:basic INFO 7002.580743992336: Received message <Pong:> from Peer_8:basic
Peer_2:basic INFO 7002.768835032999: Received message <Pong:> from Peer_8:basic
Peer_2:basic INFO 7003.001675261787: Received message <Pong:> from Peer_9:basic
Peer_2:basic INFO 7003.6542341528475: Received message <Pong:> from Peer_9:basic
Peer_2:basic INFO 8000: Sending message <Ping:> to Peer_6:basic
Peer_2:basic INFO 8000: Sending message <Ping:> to Peer_3:basic
Peer_2:basic INFO 8000: Sending message <Ping:> to Peer_5:basic
Peer_2:basic INFO 8000: Sending message <Ping:> to Peer_7:basic
Peer_2:basic INFO 8000: Sending message <Ping:> to Peer_8:basic
Peer_2:basic INFO 8000: Sending message <Ping:> to Peer_9:basic
Peer_2:basic INFO 8000: Sending message <Ping:> to Peer_8:basic
Peer_2:basic INFO 8000: Sending message <Ping:> to Peer_7:basic
Peer_2:basic INFO 8000: Sending message <Ping:> to Peer_9:basic
Peer_2:basic INFO 8000.610080553291: Received message <Ping:> from Peer_7:basic
Peer_2:basic INFO 8000.610080553291: Sending message <Pong:> to Peer_7:basic
Peer_2:basic INFO 8000.702655867128: Received message <Ping:> from Peer_7:basic
Peer_2:basic INFO 8000.702655867128: Sending message <Pong:> to Peer_7:basic
Peer_2:basic INFO 8000.8438615528885: Received message <Ping:> from Peer_3:basic
Peer_2:basic INFO 8000.8438615528885: Sending message <Pong:> to Peer_3:basic
Peer_2:basic INFO 8000.913837763986: Received message <Ping:> from Peer_5:basic
Peer_2:basic INFO 8000.913837763986: Sending message <Pong:> to Peer_5:basic
Peer_2:basic INFO 8000.928777437766: Received message <Ping:> from Peer_6:basic
Peer_2:basic INFO 8000.928777437766: Sending message <Pong:> to Peer_6:basic
Peer_2:basic INFO 8001.032351995695: Received message <Ping:> from Peer_9:basic
Peer_2:basic INFO 8001.032351995695: Sending message <Pong:> to Peer_9:basic
Peer_2:basic INFO 8001.250650919156: Received message <Pong:> from Peer_5:basic
Peer_2:basic INFO 8001.458577903737: Received message <Ping:> from Peer_9:basic
Peer_2:basic INFO 8001.458577903737: Sending message <Pong:> to Peer_9:basic
Peer_2:basic INFO 8001.470708779647: Received message <Pong:> from Peer_7:basic
Peer_2:basic INFO 8001.478420915939: Received message <Pong:> from Peer_6:basic
Peer_2:basic INFO 8001.508009361739: Received message <Pong:> from Peer_7:basic
Peer_2:basic INFO 8001.567874131831: Received message <Ping:> from Peer_8:basic
Peer_2:basic INFO 8001.567874131831: Sending message <Pong:> to Peer_8:basic
Peer_2:basic INFO 8001.629358835332: Received message <Pong:> from Peer_3:basic
Peer_2:basic INFO 8001.999290277414: Received message <Ping:> from Peer_8:basic
Peer_2:basic INFO 8001.999290277414: Sending message <Pong:> to Peer_8:basic
Peer_2:basic INFO 8002.800291999734: Received message <Pong:> from Peer_8:basic
Peer_2:basic INFO 8002.848884347989: Received message <Pong:> from Peer_9:basic
Peer_2:basic INFO 8003.040638855554: Received message <Pong:> from Peer_8:basic
Peer_2:basic INFO 8003.1204489673455: Received message <Pong:> from Peer_9:basic
Peer_2:basic INFO 9000: Sending message <Ping:> to Peer_6:basic
Peer_2:basic INFO 9000: Sending message <Ping:> to Peer_3:basic
Peer_2:basic INFO 9000: Sending message <Ping:> to Peer_5:basic
Peer_2:basic INFO 9000: Sending message <Ping:> to Peer_7:basic
Peer_2:basic INFO 9000: Sending message <Ping:> to Peer_8:basic
Peer_2:basic INFO 9000: Sending message <Ping:> to Peer_9:basic
Peer_2:basic INFO 9000: Sending message <Ping:> to Peer_8:basic
Peer_2:basic INFO 9000: Sending message <Ping:> to Peer_7:basic
Peer_2:basic INFO 9000: Sending message <Ping:> to Peer_9:basic
Peer_2:basic INFO 9000.63278042625: Received message <Ping:> from Peer_3:basic
Peer_2:basic INFO 9000.63278042625: Sending message <Pong:> to Peer_3:basic
Peer_2:basic INFO 9000.69406831412: Received message <Ping:> from Peer_7:basic
Peer_2:basic INFO 9000.69406831412: Sending message <Pong:> to Peer_7:basic
Peer_2:basic INFO 9000.769362262741: Received message <Ping:> from Peer_7:basic
Peer_2:basic INFO 9000.769362262741: Sending message <Pong:> to Peer_7:basic
Peer_2:basic INFO 9000.905005915205: Received message <Ping:> from Peer_5:basic
Peer_2:basic INFO 9000.905005915205: Sending message <Pong:> to Peer_5:basic
Peer_2:basic INFO 9000.96578301378: Received message <Ping:> from Peer_6:basic
Peer_2:basic INFO 9000.96578301378: Sending message <Pong:> to Peer_6:basic
Peer_2:basic INFO 9001.06747539337: Received message <Pong:> from Peer_5:basic
Peer_2:basic INFO 9001.085807460035: Received message <Ping:> from Peer_9:basic
Peer_2:basic INFO 9001.085807460035: Sending message <Pong:> to Peer_9:basic
Peer_2:basic INFO 9001.167282300583: Received message <Pong:> from Peer_3:basic
Peer_2:basic INFO 9001.181393192466: Received message <Pong:> from Peer_7:basic
Peer_2:basic INFO 9001.322224527745: Received message <Pong:> from Peer_7:basic
Peer_2:basic INFO 9001.358322771906: Received message <Pong:> from Peer_6:basic
Peer_2:basic INFO 9001.379130340662: Received message <Ping:> from Peer_8:basic
Peer_2:basic INFO 9001.379130340662: Sending message <Pong:> to Peer_8:basic
Peer_2:basic INFO 9001.608136374987: Received message <Ping:> from Peer_8:basic
Peer_2:basic INFO 9001.608136374987: Sending message <Pong:> to Peer_8:basic
Peer_2:basic INFO 9001.871190992455: Received message <Ping:> from Peer_9:basic
Peer_2:basic INFO 9001.871190992455: Sending message <Pong:> to Peer_9:basic
Peer_2:basic INFO 9002.994161925864: Received message <Pong:> from Peer_9:basic
Peer_2:basic INFO 9003.06503517745: Received message <Pong:> from Peer_8:basic
Peer_2:basic INFO 9003.233239288244: Received message <Pong:> from Peer_9:basic
Peer_2:basic INFO 9003.255826937206: Received message <Pong:> from Peer_8:basic
Peer_2:basic INFO 10000: Sending message <Ping:> to Peer_6:basic
Peer_2:basic INFO 10000: Sending message <Ping:> to Peer_3:basic
Peer_2:basic INFO 10000: Sending message <Ping:> to Peer_5:basic
Peer_2:basic INFO 10000: Sending message <Ping:> to Peer_7:basic
Peer_2:basic INFO 10000: Sending message <Ping:> to Peer_8:basic
Peer_2:basic INFO 10000: Sending message <Ping:> to Peer_9:basic
Peer_2:basic INFO 10000: Sending message <Ping:> to Peer_8:basic
Peer_2:basic INFO 10000: Sending message <Ping:> to Peer_7:basic
Peer_2:basic INFO 10000: Sending message <Ping:> to Peer_9:basic
Peer_2:basic INFO 10000.50866744596: Received message <Ping:> from Peer_3:basic
Peer_2:basic INFO 10000.50866744596: Sending message <Pong:> to Peer_3:basic
Peer_2:basic INFO 10000.533394537426: Received message <Ping:> from Peer_5:basic
Peer_2:basic INFO 10000.533394537426: Sending message <Pong:> to Peer_5:basic
Peer_2:basic INFO 10000.636543191966: Received message <Ping:> from Peer_7:basic
Peer_2:basic INFO 10000.636543191966: Sending message <Pong:> to Peer_7:basic
Peer_2:basic INFO 10000.721733972165: Received message <Ping:> from Peer_6:basic
Peer_2:basic INFO 10000.721733972165: Sending message <Pong:> to Peer_6:basic
Peer_2:basic INFO 10000.78683204502: Received message <Ping:> from Peer_7:basic
Peer_2:basic INFO 10000.78683204502: Sending message <Pong:> to Peer_7:basic
Peer_2:basic INFO 10001.056223828731: Received message <Ping:> from Peer_8:basic
Peer_2:basic INFO 10001.056223828731: Sending message <Pong:> to Peer_8:basic
Peer_2:basic INFO 10001.144092516812: Received message <Pong:> from Peer_5:basic
Peer_2:basic INFO 10001.15239432359: Received message <Pong:> from Peer_3:basic
Peer_2:basic INFO 10001.274030567529: Received message <Pong:> from Peer_6:basic
Peer_2:basic INFO 10001.403161097287: Received message <Pong:> from Peer_7:basic
Peer_2:basic INFO 10001.426624862257: Received message <Pong:> from Peer_7:basic
Peer_2:basic INFO 10001.591413496299: Received message <Ping:> from Peer_8:basic
Peer_2:basic INFO 10001.591413496299: Sending message <Pong:> to Peer_8:basic
Peer_2:basic INFO 10001.715722540506: Received message <Ping:> from Peer_9:basic
Peer_2:basic INFO 10001.715722540506: Sending message <Pong:> to Peer_9:basic
Peer_2:basic INFO 10001.719628535693: Received message <Ping:> from Peer_9:basic
Peer_2:basic INFO 10001.719628535693: Sending message <Pong:> to Peer_9:basic
Peer_2:basic INFO 10002.564730891903: Received message <Pong:> from Peer_8:basic
Peer_2:basic INFO 10002.61871305547: Received message <Pong:> from Peer_9:basic
Peer_2:basic INFO 10002.975363975442: Received message <Pong:> from Peer_9:basic
Peer_2:basic INFO 10003.473367004939: Received message <Pong:> from Peer_8:basic
Peer_2:basic INFO 11000: Sending message <Ping:> to Peer_6:basic
Peer_2:basic INFO 11000: Sending message <Ping:> to Peer_3:basic
Peer_2:basic INFO 11000: Sending message <Ping:> to Peer_5:basic
Peer_2:basic INFO 11000: Sending message <Ping:> to Peer_7:basic
Peer_2:basic INFO 11000: Sending message <Ping:> to Peer_8:basic
Peer_2:basic INFO 11000: Sending message <Ping:> to Peer_9:basic
Peer_2:basic INFO 11000: Sending message <Ping:> to Peer_8:basic
Peer_2:basic INFO 11000: Sending message <Ping:> to Peer_7:basic
Peer_2:basic INFO 11000: Sending message <Ping:> to Peer_9:basic
Peer_2:basic INFO 11000.512918625716: Received message <Ping:> from Peer_7:basic
Peer_2:basic INFO 11000.512918625716: Sending message <Pong:> to Peer_7:basic
Peer_2:basic INFO 11000.567956137244: Received message <Ping:> from Peer_3:basic
Peer_2:basic INFO 11000.567956137244: Sending message <Pong:> to Peer_3:basic
Peer_2:basic INFO 11000.580198566873: Received message <Ping:> from Peer_6:basic
Peer_2:basic INFO 11000.580198566873: Sending message <Pong:> to Peer_6:basic
Peer_2:basic INFO 11000.638206369398: Received message <Ping:> from Peer_7:basic
Peer_2:basic INFO 11000.638206369398: Sending message <Pong:> to Peer_7:basic
Peer_2:basic INFO 11000.770115512505: Received message <Ping:> from Peer_5:basic
Peer_2:basic INFO 11000.770115512505: Sending message <Pong:> to Peer_5:basic
Peer_2:basic INFO 11001.207855294277: Received message <Pong:> from Peer_3:basic
Peer_2:basic INFO 11001.209060842977: Received message <Pong:> from Peer_7:basic
Peer_2:basic INFO 11001.407116265638: Received message <Ping:> from Peer_8:basic
Peer_2:basic INFO 11001.407116265638: Sending message <Pong:> to Peer_8:basic
Peer_2:basic INFO 11001.422709052425: Received message <Pong:> from Peer_7:basic
Peer_2:basic INFO 11001.434946540474: Received message <Ping:> from Peer_9:basic
Peer_2:basic INFO 11001.434946540474: Sending message <Pong:> to Peer_9:basic
Peer_2:basic INFO 11001.59362002633: Received message <Ping:> from Peer_8:basic
Peer_2:basic INFO 11001.59362002633: Sending message <Pong:> to Peer_8:basic
Peer_2:basic INFO 11001.632554333679: Received message <Ping:> from Peer_9:basic
Peer_2:basic INFO 11001.632554333679: Sending message <Pong:> to Peer_9:basic
Peer_2:basic INFO 11001.637529022248: Received message <Pong:> from Peer_6:basic
Peer_2:basic INFO 11001.787624072811: Received message <Pong:> from Peer_5:basic
Peer_2:basic INFO 11002.99486961531: Received message <Pong:> from Peer_8:basic
Peer_2:basic INFO 11003.005026638726: Received message <Pong:> from Peer_8:basic
Peer_2:basic INFO 11003.480024468758: Received message <Pong:> from Peer_9:basic
Peer_2:basic INFO 11003.594410395479: Received message <Pong:> from Peer_9:basic
Peer_2:basic INFO 12000: Sending message <Ping:> to Peer_6:basic
Peer_2:basic INFO 12000: Sending message <Ping:> to Peer_3:basic
Peer_2:basic INFO 12000: Sending message <Ping:> to Peer_5:basic
Peer_2:basic INFO 12000: Sending message <Ping:> to Peer_7:basic
Peer_2:basic INFO 12000: Sending message <Ping:> to Peer_8:basic
Peer_2:basic INFO 12000: Sending message <Ping:> to Peer_9:basic
Peer_2:basic INFO 12000: Sending message <Ping:> to Peer_8:basic
Peer_2:basic INFO 12000: Sending message <Ping:> to Peer_7:basic
Peer_2:basic INFO 12000: Sending message <Ping:> to Peer_9:basic
Peer_2:basic INFO 12000.573530621728: Received message <Ping:> from Peer_7:basic
Peer_2:basic INFO 12000.573530621728: Sending message <Pong:> to Peer_7:basic
Peer_2:basic INFO 12000.665968300173: Received message <Ping:> from Peer_6:basic
Peer_2:basic INFO 12000.665968300173: Sending message <Pong:> to Peer_6:basic
Peer_2:basic INFO 12000.781189144907: Received message <Ping:> from Peer_3:basic
Peer_2:basic INFO 12000.781189144907: Sending message <Pong:> to Peer_3:basic
Peer_2:basic INFO 12000.848349931654: Received message <Ping:> from Peer_7:basic
Peer_2:basic INFO 12000.848349931654: Sending message <Pong:> to Peer_7:basic
Peer_2:basic INFO 12001.046067396213: Received message <Ping:> from Peer_5:basic
Peer_2:basic INFO 12001.046067396213: Sending message <Pong:> to Peer_5:basic
Peer_2:basic INFO 12001.304598373128: Received message <Pong:> from Peer_7:basic
Peer_2:basic INFO 12001.34121762723: Received message <Pong:> from Peer_3:basic
Peer_2:basic INFO 12001.546508588464: Received message <Pong:> from Peer_5:basic
Peer_2:basic INFO 12001.54782650695: Received message <Pong:> from Peer_7:basic
Peer_2:basic INFO 12001.594957527579: Received message <Pong:> from Peer_6:basic
Peer_2:basic INFO 12001.609497560388: Received message <Ping:> from Peer_9:basic
Peer_2:basic INFO 12001.609497560388: Sending message <Pong:> to Peer_9:basic
Peer_2:basic INFO 12001.688967646485: Received message <Ping:> from Peer_8:basic
Peer_2:basic INFO 12001.688967646485: Sending message <Pong:> to Peer_8:basic
Peer_2:basic INFO 12001.715320586132: Received message <Ping:> from Peer_8:basic
Peer_2:basic INFO 12001.715320586132: Sending message <Pong:> to Peer_8:basic
Peer_2:basic INFO 12001.73758046691: Received message <Ping:> from Peer_9:basic
Peer_2:basic INFO 12001.73758046691: Sending message <Pong:> to Peer_9:basic
Peer_2:basic INFO 12002.898267800769: Received message <Pong:> from Peer_9:basic
Peer_2:basic INFO 12003.062730099069: Received message <Pong:> from Peer_8:basic
Peer_2:basic INFO 12003.343530047596: Received message <Pong:> from Peer_9:basic
Peer_2:basic INFO 12003.37716142105: Received message <Pong:> from Peer_8:basic
Peer_2:basic INFO 13000: Sending message <Ping:> to Peer_6:basic
Peer_2:basic INFO 13000: Sending message <Ping:> to Peer_3:basic
Peer_2:basic INFO 13000: Sending message <Ping:> to Peer_5:basic
Peer_2:basic INFO 13000: Sending message <Ping:> to Peer_7:basic
Peer_2:basic INFO 13000: Sending message <Ping:> to Peer_8:basic
Peer_2:basic INFO 13000: Sending message <Ping:> to Peer_9:basic
Peer_2:basic INFO 13000: Sending message <Ping:> to Peer_8:basic
Peer_2:basic INFO 13000: Sending message <Ping:> to Peer_7:basic
Peer_2:basic INFO 13000: Sending message <Ping:> to Peer_9:basic
Peer_2:basic INFO 13000.672435929177: Received message <Ping:> from Peer_7:basic
Peer_2:basic INFO 13000.672435929177: Sending message <Pong:> to Peer_7:basic
Peer_2:basic INFO 13000.697251578267: Received message <Ping:> from Peer_6:basic
Peer_2:basic INFO 13000.697251578267: Sending message <Pong:> to Peer_6:basic
Peer_2:basic INFO 13000.777895624784: Received message <Ping:> from Peer_5:basic
Peer_2:basic INFO 13000.777895624784: Sending message <Pong:> to Peer_5:basic
Peer_2:basic INFO 13000.79100179346: Received message <Ping:> from Peer_3:basic
Peer_2:basic INFO 13000.79100179346: Sending message <Pong:> to Peer_3:basic
Peer_2:basic INFO 13000.93669230573: Received message <Ping:> from Peer_7:basic
Peer_2:basic INFO 13000.93669230573: Sending message <Pong:> to Peer_7:basic
Peer_2:basic INFO 13001.078324390457: Received message <Pong:> from Peer_6:basic
Peer_2:basic INFO 13001.122167521022: Received message <Pong:> from Peer_7:basic
Peer_2:basic INFO 13001.39285860883: Received message <Pong:> from Peer_7:basic
Peer_2:basic INFO 13001.450828275008: Received message <Ping:> from Peer_8:basic
Peer_2:basic INFO 13001.450828275008: Sending message <Pong:> to Peer_8:basic
Peer_2:basic INFO 13001.455881277912: Received message <Pong:> from Peer_3:basic
Peer_2:basic INFO 13001.489265416792: Received message <Pong:> from Peer_5:basic
Peer_2:basic INFO 13001.556649808286: Received message <Ping:> from Peer_9:basic
Peer_2:basic INFO 13001.556649808286: Sending message <Pong:> to Peer_9:basic
Peer_2:basic INFO 13001.756942081756: Received message <Ping:> from Peer_8:basic
Peer_2:basic INFO 13001.756942081756: Sending message <Pong:> to Peer_8:basic
Peer_2:basic INFO 13001.896216796646: Received message <Ping:> from Peer_9:basic
Peer_2:basic INFO 13001.896216796646: Sending message <Pong:> to Peer_9:basic
Peer_2:basic INFO 13002.748873580478: Received message <Pong:> from Peer_9:basic
Peer_2:basic INFO 13002.83284242273: Received message <Pong:> from Peer_8:basic
Peer_2:basic INFO 13003.174524244392: Received message <Pong:> from Peer_8:basic
Peer_2:basic INFO 13003.187613110369: Received message <Pong:> from Peer_9:basic
Peer_2:basic INFO 14000: Sending message <Ping:> to Peer_6:basic
Peer_2:basic INFO 14000: Sending message <Ping:> to Peer_3:basic
Peer_2:basic INFO 14000: Sending message <Ping:> to Peer_5:basic
Peer_2:basic INFO 14000: Sending message <Ping:> to Peer_7:basic
Peer_2:basic INFO 14000: Sending message <Ping:> to Peer_8:basic
Peer_2:basic INFO 14000: Sending message <Ping:> to Peer_9:basic
Peer_2:basic INFO 14000: Sending message <Ping:> to Peer_8:basic
Peer_2:basic INFO 14000: Sending message <Ping:> to Peer_7:basic
Peer_2:basic INFO 14000: Sending message <Ping:> to Peer_9:basic
Peer_2:basic INFO 14000.553636820892: Received message <Ping:> from Peer_5:basic
Peer_2:basic INFO 14000.553636820892: Sending message <Pong:> to Peer_5:basic
Peer_2:basic INFO 14000.578265011261: Received message <Ping:> from Peer_7:basic
Peer_2:basic INFO 14000.578265011261: Sending message <Pong:> to Peer_7:basic
Peer_2:basic INFO 14000.667101728091: Received message <Ping:> from Peer_6:basic
Peer_2:basic INFO 14000.667101728091: Sending message <Pong:> to Peer_6:basic
Peer_2:basic INFO 14000.819089940083: Received message <Ping:> from Peer_7:basic
Peer_2:basic INFO 14000.819089940083: Sending message <Pong:> to Peer_7:basic
Peer_2:basic INFO 14000.828490627799: Received message <Ping:> from Peer_3:basic
Peer_2:basic INFO 14000.828490627799: Sending message <Pong:> to Peer_3:basic
Peer_2:basic INFO 14001.070679147748: Received message <Ping:> from Peer_9:basic
Peer_2:basic INFO 14001.070679147748: Sending message <Pong:> to Peer_9:basic
Peer_2:basic INFO 14001.109860436181: Received message <Pong:> from Peer_7:basic
Peer_2:basic INFO 14001.165315454296: Received message <Pong:> from Peer_3:basic
Peer_2:basic INFO 14001.376160747444: Received message <Pong:> from Peer_5:basic
Peer_2:basic INFO 14001.494465842205: Received message <Pong:> from Peer_7:basic
Peer_2:basic INFO 14001.625544832199: Received message <Ping:> from Peer_8:basic
Peer_2:basic INFO 14001.625544832199: Sending message <Pong:> to Peer_8:basic
Peer_2:basic INFO 14001.645336398098: Received message <Pong:> from Peer_6:basic
Peer_2:basic INFO 14001.64594814443: Received message <Ping:> from Peer_9:basic
Peer_2:basic INFO 14001.64594814443: Sending message <Pong:> to Peer_9:basic
Peer_2:basic INFO 14001.7462895669: Received message <Ping:> from Peer_8:basic
Peer_2:basic INFO 14001.7462895669: Sending message <Pong:> to Peer_8:basic
Peer_2:basic INFO 14002.045595211941: Received message <Pong:> from Peer_8:basic
Peer_2:basic INFO 14002.978018704376: Received message <Pong:> from Peer_9:basic
Peer_2:basic INFO 14003.315632189238: Received message <Pong:> from Peer_9:basic
Peer_2:basic INFO 14003.418952705297: Received message <Pong:> from Peer_8:basic
Peer_2:basic INFO 15000: Sending message <Ping:> to Peer_6:basic
Peer_2:basic INFO 15000: Sending message <Ping:> to Peer_3:basic
Peer_2:basic INFO 15000: Sending message <Ping:> to Peer_5:basic
Peer_2:basic INFO 15000: Sending message <Ping:> to Peer_7:basic
Peer_2:basic INFO 15000: Sending message <Ping:> to Peer_8:basic
Peer_2:basic INFO 15000: Sending message <Ping:> to Peer_9:basic
Peer_2:basic INFO 15000: Sending message <Ping:> to Peer_8:basic
Peer_2:basic INFO 15000: Sending message <Ping:> to Peer_7:basic
Peer_2:basic INFO 15000: Sending message <Ping:> to Peer_9:basic
Peer_2:basic INFO 15000.507404105345: Received message <Ping:> from Peer_3:basic
Peer_2:basic INFO 15000.507404105345: Sending message <Pong:> to Peer_3:basic
Peer_2:basic INFO 15000.572611872632: Received message <Ping:> from Peer_5:basic
Peer_2:basic INFO 15000.572611872632: Sending message <Pong:> to Peer_5:basic
Peer_2:basic INFO 15000.689611322656: Received message <Ping:> from Peer_7:basic
Peer_2:basic INFO 15000.689611322656: Sending message <Pong:> to Peer_7:basic
Peer_2:basic INFO 15000.850155065882: Received message <Ping:> from Peer_7:basic
Peer_2:basic INFO 15000.850155065882: Sending message <Pong:> to Peer_7:basic
Peer_2:basic INFO 15000.902464267294: Received message <Ping:> from Peer_6:basic
Peer_2:basic INFO 15000.902464267294: Sending message <Pong:> to Peer_6:basic
Peer_2:basic INFO 15001.028987147349: Received message <Pong:> from Peer_7:basic
Peer_2:basic INFO 15001.245672421595: Received message <Pong:> from Peer_6:basic
Peer_2:basic INFO 15001.302468356113: Received message <Ping:> from Peer_9:basic
Peer_2:basic INFO 15001.302468356113: Sending message <Pong:> to Peer_9:basic
Peer_2:basic INFO 15001.317227640666: Received message <Pong:> from Peer_3:basic
Peer_2:basic INFO 15001.36193418739: Received message <Pong:> from Peer_5:basic
Peer_2:basic INFO 15001.4281821677: Received message <Ping:> from Peer_8:basic
Peer_2:basic INFO 15001.4281821677: Sending message <Pong:> to Peer_8:basic
Peer_2:basic INFO 15001.485900058591: Received message <Ping:> from Peer_8:basic
Peer_2:basic INFO 15001.485900058591: Sending message <Pong:> to Peer_8:basic
Peer_2:basic INFO 15001.650287483499: Received message <Pong:> from Peer_7:basic
Peer_2:basic INFO 15001.700436694753: Received message <Ping:> from Peer_9:basic
Peer_2:basic INFO 15001.700436694753: Sending message <Pong:> to Peer_9:basic
Peer_2:basic INFO 15002.1744115661: Received message <Pong:> from Peer_9:basic
Peer_2:basic INFO 15002.303517452503: Received message <Pong:> from Peer_8:basic
Peer_2:basic INFO 15002.621759316036: Received message <Pong:> from Peer_9:basic
Peer_2:basic INFO 15002.896306067772: Received message <Pong:> from Peer_8:basic
Peer_2:basic INFO 16000: Sending message <Ping:> to Peer_6:basic
Peer_2:basic INFO 16000: Sending message <Ping:> to Peer_3:basic
Peer_2:basic INFO 16000: Sending message <Ping:> to Peer_5:basic
Peer_2:basic INFO 16000: Sending message <Ping:> to Peer_7:basic
Peer_2:basic INFO 16000: Sending message <Ping:> to Peer_8:basic
Peer_2:basic INFO 16000: Sending message <Ping:> to Peer_9:basic
Peer_2:basic INFO 16000: Sending message <Ping:> to Peer_8:basic
Peer_2:basic INFO 16000: Sending message <Ping:> to Peer_7:basic
Peer_2:basic INFO 16000: Sending message <Ping:> to Peer_9:basic
Peer_2:basic INFO 16000.502903003435: Received message <Ping:> from Peer_6:basic
Peer_2:basic INFO 16000.502903003435: Sending message <Pong:> to Peer_6:basic
Peer_2:basic INFO 16000.534997401906: Received message <Ping:> from Peer_5:basic
Peer_2:basic INFO 16000.534997401906: Sending message <Pong:> to Peer_5:basic
Peer_2:basic INFO 16000.54080935284: Received message <Ping:> from Peer_7:basic
Peer_2:basic INFO 16000.54080935284: Sending message <Pong:> to Peer_7:basic
Peer_2:basic INFO 16000.683380380313: Received message <Ping:> from Peer_3:basic
Peer_2:basic INFO 16000.683380380313: Sending message <Pong:> to Peer_3:basic
Peer_2:basic INFO 16000.834400633456: Received message <Ping:> from Peer_9:basic
Peer_2:basic INFO 16000.834400633456: Sending message <Pong:> to Peer_9:basic
Peer_2:basic INFO 16000.988522748961: Received message <Ping:> from Peer_7:basic
Peer_2:basic INFO 16000.988522748961: Sending message <Pong:> to Peer_7:basic
Peer_2:basic INFO 16001.204983384765: Received message <Pong:> from Peer_7:basic
Peer_2:basic INFO 16001.223273018615: Received message <Pong:> from Peer_6:basic
Peer_2:basic INFO 16001.275059149111: Received message <Pong:> from Peer_5:basic
Peer_2:basic INFO 16001.310965829729: Received message <Ping:> from Peer_8:basic
Peer_2:basic INFO 16001.310965829729: Sending message <Pong:> to Peer_8:basic
Peer_2:basic INFO 16001.587623609357: Received message <Ping:> from Peer_9:basic
Peer_2:basic INFO 16001.587623609357: Sending message <Pong:> to Peer_9:basic
Peer_2:basic INFO 16001.62416715613: Received message <Pong:> from Peer_3:basic
Peer_2:basic INFO 16001.716097066077: Received message <Pong:> from Peer_7:basic
Peer_2:basic INFO 16001.733627241236: Received message <Ping:> from Peer_8:basic
Peer_2:basic INFO 16001.733627241236: Sending message <Pong:> to Peer_8:basic
Peer_2:basic INFO 16002.363469614715: Received message <Pong:> from Peer_9:basic
Peer_2:basic INFO 16002.872274645768: Received message <Pong:> from Peer_9:basic
Peer_2:basic INFO 16002.997379067334: Received message <Pong:> from Peer_8:basic
Peer_2:basic INFO 16003.208300671768: Received message <Pong:> from Peer_8:basic
Peer_2:basic INFO 17000: Sending message <Ping:> to Peer_6:basic
Peer_2:basic INFO 17000: Sending message <Ping:> to Peer_3:basic
Peer_2:basic INFO 17000: Sending message <Ping:> to Peer_5:basic
Peer_2:basic INFO 17000: Sending message <Ping:> to Peer_7:basic
Peer_2:basic INFO 17000: Sending message <Ping:> to Peer_8:basic
Peer_2:basic INFO 17000: Sending message <Ping:> to Peer_9:basic
Peer_2:basic INFO 17000: Sending message <Ping:> to Peer_8:basic
Peer_2:basic INFO 17000: Sending message <Ping:> to Peer_7:basic
Peer_2:basic INFO 17000: Sending message <Ping:> to Peer_9:basic
Peer_2:basic INFO 17000.647892690875: Received message <Ping:> from Peer_6:basic
Peer_2:basic INFO 17000.647892690875: Sending message <Pong:> to Peer_6:basic
Peer_2:basic INFO 17000.70808008042: Received message <Ping:> from Peer_3:basic
Peer_2:basic INFO 17000.70808008042: Sending message <Pong:> to Peer_3:basic
Peer_2:basic INFO 17000.757047065414: Received message <Ping:> from Peer_7:basic
Peer_2:basic INFO 17000.757047065414: Sending message <Pong:> to Peer_7:basic
Peer_2:basic INFO 17000.80731463678: Received message <Ping:> from Peer_7:basic
Peer_2:basic INFO 17000.80731463678: Sending message <Pong:> to Peer_7:basic
Peer_2:basic INFO 17000.9755228721: Received message <Ping:> from Peer_5:basic
Peer_2:basic INFO 17000.9755228721: Sending message <Pong:> to Peer_5:basic
Peer_2:basic INFO 17000.990061508695: Received message <Ping:> from Peer_9:basic
Peer_2:basic INFO 17000.990061508695: Sending message <Pong:> to Peer_9:basic
Peer_2:basic INFO 17001.240929885727: Received message <Ping:> from Peer_9:basic
Peer_2:basic INFO 17001.240929885727: Sending message <Pong:> to Peer_9:basic
Peer_2:basic INFO 17001.272845949876: Received message <Pong:> from Peer_7:basic
Peer_2:basic INFO 17001.334078875276: Received message <Pong:> from Peer_7:basic
Peer_2:basic INFO 17001.3657146218: Received message <Pong:> from Peer_3:basic
Peer_2:basic INFO 17001.368246310423: Received message <Pong:> from Peer_6:basic
Peer_2:basic INFO 17001.45420036067: Received message <Pong:> from Peer_5:basic
Peer_2:basic INFO 17001.478886042023: Received message <Ping:> from Peer_8:basic
Peer_2:basic INFO 17001.478886042023: Sending message <Pong:> to Peer_8:basic
Peer_2:basic INFO 17001.793845505603: Received message <Ping:> from Peer_8:basic
Peer_2:basic INFO 17001.793845505603: Sending message <Pong:> to Peer_8:basic
Peer_2:basic INFO 17002.99447359314: Received message <Pong:> from Peer_8:basic
Peer_2:basic INFO 17003.031847018123: Received message <Pong:> from Peer_9:basic
Peer_2:basic INFO 17003.131247139045: Received message <Pong:> from Peer_8:basic
Peer_2:basic INFO 17003.248116916388: Received message <Pong:> from Peer_9:basic
Peer_2:basic INFO 18000: Sending message <Ping:> to Peer_6:basic
Peer_2:basic INFO 18000: Sending message <Ping:> to Peer_3:basic
Peer_2:basic INFO 18000: Sending message <Ping:> to Peer_5:basic
Peer_2:basic INFO 18000: Sending message <Ping:> to Peer_7:basic
Peer_2:basic INFO 18000: Sending message <Ping:> to Peer_8:basic
Peer_2:basic INFO 18000: Sending message <Ping:> to Peer_9:basic
Peer_2:basic INFO 18000: Sending message <Ping:> to Peer_8:basic
Peer_2:basic INFO 18000: Sending message <Ping:> to Peer_7:basic
Peer_2:basic INFO 18000: Sending message <Ping:> to Peer_9:basic
Peer_2:basic INFO 18000.539796634956: Received message <Ping:> from Peer_6:basic
Peer_2:basic INFO 18000.539796634956: Sending message <Pong:> to Peer_6:basic
Peer_2:basic INFO 18000.615638607127: Received message <Ping:> from Peer_3:basic
Peer_2:basic INFO 18000.615638607127: Sending message <Pong:> to Peer_3:basic
Peer_2:basic INFO 18000.62079192371: Received message <Ping:> from Peer_7:basic
Peer_2:basic INFO 18000.62079192371: Sending message <Pong:> to Peer_7:basic
Peer_2:basic INFO 18000.736393600317: Received message <Ping:> from Peer_7:basic
Peer_2:basic INFO 18000.736393600317: Sending message <Pong:> to Peer_7:basic
Peer_2:basic INFO 18000.77074394653: Received message <Ping:> from Peer_5:basic
Peer_2:basic INFO 18000.77074394653: Sending message <Pong:> to Peer_5:basic
Peer_2:basic INFO 18000.972774013913: Received message <Ping:> from Peer_9:basic
Peer_2:basic INFO 18000.972774013913: Sending message <Pong:> to Peer_9:basic
Peer_2:basic INFO 18001.08010882643: Received message <Pong:> from Peer_7:basic
Peer_2:basic INFO 18001.12797578047: Received message <Ping:> from Peer_8:basic
Peer_2:basic INFO 18001.12797578047: Sending message <Pong:> to Peer_8:basic
Peer_2:basic INFO 18001.354810402914: Received message <Pong:> from Peer_6:basic
Peer_2:basic INFO 18001.390333297233: Received message <Pong:> from Peer_7:basic
Peer_2:basic INFO 18001.442839001367: Received message <Ping:> from Peer_9:basic
Peer_2:basic INFO 18001.442839001367: Sending message <Pong:> to Peer_9:basic
Peer_2:basic INFO 18001.500613667686: Received message <Pong:> from Peer_5:basic
Peer_2:basic INFO 18001.609532890172: Received message <Pong:> from Peer_3:basic
Peer_2:basic INFO 18001.627300611664: Received message <Ping:> from Peer_8:basic
Peer_2:basic INFO 18001.627300611664: Sending message <Pong:> to Peer_8:basic
Peer_2:basic INFO 18002.520760008025: Received message <Pong:> from Peer_8:basic
Peer_2:basic INFO 18002.873318854996: Received message <Pong:> from Peer_8:basic
Peer_2:basic INFO 18002.92602372895: Received message <Pong:> from Peer_9:basic
Peer_2:basic INFO 18003.369267567214: Received message <Pong:> from Peer_9:basic
Peer_2:basic INFO 19000: Sending message <Ping:> to Peer_6:basic
Peer_2:basic INFO 19000: Sending message <Ping:> to Peer_3:basic
Peer_2:basic INFO 19000: Sending message <Ping:> to Peer_5:basic
Peer_2:basic INFO 19000: Sending message <Ping:> to Peer_7:basic
Peer_2:basic INFO 19000: Sending message <Ping:> to Peer_8:basic
Peer_2:basic INFO 19000: Sending message <Ping:> to Peer_9:basic
Peer_2:basic INFO 19000: Sending message <Ping:> to Peer_8:basic
Peer_2:basic INFO 19000: Sending message <Ping:> to Peer_7:basic
Peer_2:basic INFO 19000: Sending message <Ping:> to Peer_9:basic
Peer_2:basic INFO 19000.51241250089: Received message <Ping:> from Peer_5:basic
Peer_2:basic INFO 19000.51241250089: Sending message <Pong:> to Peer_5:basic
Peer_2:basic INFO 19000.53875374461: Received message <Ping:> from Peer_7:basic
Peer_2:basic INFO 19000.53875374461: Sending message <Pong:> to Peer_7:basic
Peer_2:basic INFO 19000.567315322463: Received message <Ping:> from Peer_7:basic
Peer_2:basic INFO 19000.567315322463: Sending message <Pong:> to Peer_7:basic
Peer_2:basic INFO 19000.6280914757: Received message <Ping:> from Peer_3:basic
Peer_2:basic INFO 19000.6280914757: Sending message <Pong:> to Peer_3:basic
Peer_2:basic INFO 19000.751323265747: Received message <Ping:> from Peer_6:basic
Peer_2:basic INFO 19000.751323265747: Sending message <Pong:> to Peer_6:basic
Peer_2:basic INFO 19000.974535131878: Received message <Ping:> from Peer_8:basic
Peer_2:basic INFO 19000.974535131878: Sending message <Pong:> to Peer_8:basic
Peer_2:basic INFO 19001.190754080406: Received message <Pong:> from Peer_3:basic
Peer_2:basic INFO 19001.21451368558: Received message <Pong:> from Peer_5:basic
Peer_2:basic INFO 19001.22421505773: Received message <Pong:> from Peer_6:basic
Peer_2:basic INFO 19001.406386609637: Received message <Pong:> from Peer_7:basic
Peer_2:basic INFO 19001.420182620273: Received message <Ping:> from Peer_8:basic
Peer_2:basic INFO 19001.420182620273: Sending message <Pong:> to Peer_8:basic
Peer_2:basic INFO 19001.438883182036: Received message <Pong:> from Peer_7:basic
Peer_2:basic INFO 19001.497537613697: Received message <Ping:> from Peer_9:basic
Peer_2:basic INFO 19001.497537613697: Sending message <Pong:> to Peer_9:basic
Peer_2:basic INFO 19001.854156139972: Received message <Ping:> from Peer_9:basic
Peer_2:basic INFO 19001.854156139972: Sending message <Pong:> to Peer_9:basic
Peer_2:basic INFO 19002.49615588882: Received message <Pong:> from Peer_9:basic
Peer_2:basic INFO 19002.749641945375: Received message <Pong:> from Peer_8:basic
Peer_2:basic INFO 19002.78597243023: Received message <Pong:> from Peer_9:basic
Peer_2:basic INFO 19003.89695181515: Received message <Pong:> from Peer_8:basic
