Peer_1:basic INFO 0.607837807797474: Received message <Hello:> from Peer_8:basic
Peer_1:basic INFO 0.607837807797474: Connecting to Peer_8:basic
Peer_1:basic INFO 0.607837807797474: Sending message <Hello:> to Peer_8:basic
Peer_1:basic INFO 6.691063895116612: Connecting to Peer_3:basic
Peer_1:basic INFO 6.857280341343603: Received message <Hello:> from Peer_6:basic
Peer_1:basic INFO 6.857280341343603: Connecting to Peer_6:basic
Peer_1:basic INFO 6.857280341343603: Sending message <Hello:> to Peer_6:basic
Peer_1:basic INFO 7.015446198344209: Received message <Hello:> from Peer_7:basic
Peer_1:basic INFO 7.015446198344209: Connecting to Peer_7:basic
Peer_1:basic INFO 7.015446198344209: Sending message <Hello:> to Peer_7:basic
Peer_1:basic INFO 11.309948284869446: Received message <Hello:> from Peer_3:basic
Peer_1:basic INFO 13.180240744447381: Received message <Hello:> from Peer_3:basic
Peer_1:basic INFO 1000: Sending message <Ping:> to Peer_8:basic
Peer_1:basic INFO 1000: Sending message <Ping:> to Peer_3:basic
Peer_1:basic INFO 1000: Sending message <Ping:> to Peer_6:basic
Peer_1:basic INFO 1000: Sending message <Ping:> to Peer_7:basic
Peer_1:basic INFO 1000.5346257954516: Received message <Ping:> from Peer_8:basic
Peer_1:basic INFO 1000.5346257954516: Sending message <Pong:> to Peer_8:basic
Peer_1:basic INFO 1002.1988641765771: Received message <Pong:> from Peer_8:basic
Peer_1:basic INFO 1006.3299960596713: Received message <Ping:> from Peer_3:basic
Peer_1:basic INFO 1006.3299960596713: Sending message <Pong:> to Peer_3:basic
Peer_1:basic INFO 1006.4458835580215: Received message <Ping:> from Peer_7:basic
Peer_1:basic INFO 1006.4458835580215: Sending message <Pong:> to Peer_7:basic
Peer_1:basic INFO 1006.8371029805915: Received message <Ping:> from Peer_6:basic
Peer_1:basic INFO 1006.8371029805915: Sending message <Pong:> to Peer_6:basic
Peer_1:basic INFO 1012.6683235743271: Received message <Pong:> from Peer_6:basic
Peer_1:basic INFO 1013.0072796528501: Received message <Pong:> from Peer_7:basic
Peer_1:basic INFO 1018.0377222841757: Received message <Pong:> from Peer_3:basic
Peer_1:basic INFO 2000: Sending message <Ping:> to Peer_8:basic
Peer_1:basic INFO 2000: Sending message <Ping:> to Peer_3:basic
Peer_1:basic INFO 2000: Sending message <Ping:> to Peer_6:basic
Peer_1:basic INFO 2000: Sending message <Ping:> to Peer_7:basic
Peer_1:basic INFO 2000.6664086829553: Received message <Ping:> from Peer_8:basic
Peer_1:basic INFO 2000.6664086829553: Sending message <Pong:> to Peer_8:basic
Peer_1:basic INFO 2001.421197136817: Received message <Pong:> from Peer_8:basic
Peer_1:basic INFO 2006.1891851715218: Received message <Ping:> from Peer_7:basic
Peer_1:basic INFO 2006.1891851715218: Sending message <Pong:> to Peer_7:basic
Peer_1:basic INFO 2006.2173737999985: Received message <Ping:> from Peer_6:basic
Peer_1:basic INFO 2006.2173737999985: Sending message <Pong:> to Peer_6:basic
Peer_1:basic INFO 2006.5647031284313: Received message <Ping:> from Peer_3:basic
Peer_1:basic INFO 2006.5647031284313: Sending message <Pong:> to Peer_3:basic
Peer_1:basic INFO 2013.2442124055465: Received message <Pong:> from Peer_6:basic
Peer_1:basic INFO 2013.3009117606257: Received message <Pong:> from Peer_3:basic
Peer_1:basic INFO 2014.4344971989844: Received message <Pong:> from Peer_7:basic
Peer_1:basic INFO 3000: Sending message <Ping:> to Peer_8:basic
Peer_1:basic INFO 3000: Sending message <Ping:> to Peer_3:basic
Peer_1:basic INFO 3000: Sending message <Ping:> to Peer_6:basic
Peer_1:basic INFO 3000: Sending message <Ping:> to Peer_7:basic
Peer_1:basic INFO 3000.8401623987365: Received message <Ping:> from Peer_8:basic
Peer_1:basic INFO 3000.8401623987365: Sending message <Pong:> to Peer_8:basic
Peer_1:basic INFO 3002.484902218004: Received message <Pong:> from Peer_8:basic
Peer_1:basic INFO 3006.187724442836: Received message <Ping:> from Peer_7:basic
Peer_1:basic INFO 3006.187724442836: Sending message <Pong:> to Peer_7:basic
Peer_1:basic INFO 3006.930246337138: Received message <Ping:> from Peer_3:basic
Peer_1:basic INFO 3006.930246337138: Sending message <Pong:> to Peer_3:basic
Peer_1:basic INFO 3007.031943144813: Received message <Ping:> from Peer_6:basic
Peer_1:basic INFO 3007.031943144813: Sending message <Pong:> to Peer_6:basic
Peer_1:basic INFO 3013.9220896237402: Received message <Pong:> from Peer_3:basic
Peer_1:basic INFO 3014.776258957308: Received message <Pong:> from Peer_7:basic
Peer_1:basic INFO 3017.10749532063: Received message <Pong:> from Peer_6:basic
Peer_1:basic INFO 4000: Sending message <Ping:> to Peer_8:basic
Peer_1:basic INFO 4000: Sending message <Ping:> to Peer_3:basic
Peer_1:basic INFO 4000: Sending message <Ping:> to Peer_6:basic
Peer_1:basic INFO 4000: Sending message <Ping:> to Peer_7:basic
Peer_1:basic INFO 4000.8845756744718: Received message <Ping:> from Peer_8:basic
Peer_1:basic INFO 4000.8845756744718: Sending message <Pong:> to Peer_8:basic
Peer_1:basic INFO 4002.039763548226: Received message <Pong:> from Peer_8:basic
Peer_1:basic INFO 4006.2794438843916: Received message <Ping:> from Peer_6:basic
Peer_1:basic INFO 4006.2794438843916: Sending message <Pong:> to Peer_6:basic
Peer_1:basic INFO 4007.2845598050194: Received message <Ping:> from Peer_7:basic
Peer_1:basic INFO 4007.2845598050194: Sending message <Pong:> to Peer_7:basic
Peer_1:basic INFO 4009.4444412347893: Received message <Ping:> from Peer_3:basic
Peer_1:basic INFO 4009.4444412347893: Sending message <Pong:> to Peer_3:basic
Peer_1:basic INFO 4013.0430856784033: Received message <Pong:> from Peer_3:basic
Peer_1:basic INFO 4013.526895808332: Received message <Pong:> from Peer_6:basic
Peer_1:basic INFO 4024.7811058577436: Received message <Pong:> from Peer_7:basic
