Peer_2:basic INFO 0.548124512764362: Received message <Hello:> from Peer_8:basic
Peer_2:basic INFO 0.548124512764362: Connecting to Peer_8:basic
Peer_2:basic INFO 0.548124512764362: Sending message <Hello:> to Peer_8:basic
Peer_2:basic INFO 0.5660059681012943: Connecting to Peer_6:basic
Peer_2:basic INFO 0.6813914702811777: Received message <Hello:> from Peer_8:basic
Peer_2:basic INFO 0.6813914702811777: Connecting to Peer_8:basic
Peer_2:basic INFO 0.6813914702811777: Sending message <Hello:> to Peer_8:basic
Peer_2:basic INFO 0.7197396061934599: Connecting to Peer_9:basic
Peer_2:basic INFO 0.8986408226097785: Received message <Hello:> from Peer_9:basic
Peer_2:basic INFO 0.9999943420560151: Connecting to Peer_4:basic
Peer_2:basic INFO 1.3025586689404143: Received message <Hello:> from Peer_6:basic
Peer_2:basic INFO 1.6703474250867016: Received message <Hello:> from Peer_9:basic
Peer_2:basic INFO 1.6999975210032698: Received message <Hello:> from Peer_6:basic
Peer_2:basic INFO 1.947637572820357: Received message <Hello:> from Peer_4:basic
Peer_2:basic INFO 3.6686393313485146: Received message <Hello:> from Peer_4:basic
Peer_2:basic INFO 5.0957546520654144: Connecting to Peer_1:basic
Peer_2:basic INFO 5.690429909102831: Received message <Hello:> from Peer_5:basic
Peer_2:basic INFO 5.690429909102831: Connecting to Peer_5:basic
Peer_2:basic INFO 5.690429909102831: Sending message <Hello:> to Peer_5:basic
Peer_2:basic INFO 6.144093630237872: Connecting to Peer_5:basic
Peer_2:basic INFO 6.572715328417119: Received message <Hello:> from Peer_5:basic
Peer_2:basic INFO 6.78408531129117: Received message <Hello:> from Peer_1:basic
Peer_2:basic INFO 11.499626463516718: Received message <Hello:> from Peer_1:basic
Peer_2:basic INFO 13.167026992362517: Received message <Hello:> from Peer_5:basic
Peer_2:basic INFO 1000: Sending message <Ping:> to Peer_8:basic
Peer_2:basic INFO 1000: Sending message <Ping:> to Peer_9:basic
Peer_2:basic INFO 1000: Sending message <Ping:> to Peer_4:basic
Peer_2:basic INFO 1000: Sending message <Ping:> to Peer_5:basic
Peer_2:basic INFO 1000: Sending message <Ping:> to Peer_6:basic
Peer_2:basic INFO 1000: Sending message <Ping:> to Peer_8:basic
Peer_2:basic INFO 1000: Sending message <Ping:> to Peer_1:basic
Peer_2:basic INFO 1000: Sending message <Ping:> to Peer_5:basic
Peer_2:basic INFO 1000.593039583156: Received message <Ping:> from Peer_4:basic
Peer_2:basic INFO 1000.593039583156: Sending message <Pong:> to Peer_4:basic
Peer_2:basic INFO 1000.6563144681625: Received message <Ping:> from Peer_8:basic
Peer_2:basic INFO 1000.6563144681625: Sending message <Pong:> to Peer_8:basic
Peer_2:basic INFO 1001.2595449695435: Received message <Ping:> from Peer_6:basic
Peer_2:basic INFO 1001.2595449695435: Sending message <Pong:> to Peer_6:basic
Peer_2:basic INFO 1001.266502521895: Received message <Ping:> from Peer_8:basic
Peer_2:basic INFO 1001.266502521895: Sending message <Pong:> to Peer_8:basic
Peer_2:basic INFO 1001.4231854137741: Received message <Pong:> from Peer_9:basic
Peer_2:basic INFO 1001.4322020482311: Received message <Pong:> from Peer_4:basic
Peer_2:basic INFO 1001.5550406735009: Received message <Ping:> from Peer_9:basic
Peer_2:basic INFO 1001.5550406735009: Sending message <Pong:> to Peer_9:basic
Peer_2:basic INFO 1001.7103464073509: Received message <Pong:> from Peer_8:basic
Peer_2:basic INFO 1001.9402140987527: Received message <Pong:> from Peer_8:basic
Peer_2:basic INFO 1001.9812424612904: Received message <Pong:> from Peer_6:basic
Peer_2:basic INFO 1003.8649560143039: Received message <Ping:> from Peer_5:basic
Peer_2:basic INFO 1003.8649560143039: Sending message <Pong:> to Peer_5:basic
Peer_2:basic INFO 1004.7042280863965: Received message <Ping:> from Peer_1:basic
Peer_2:basic INFO 1004.7042280863965: Sending message <Pong:> to Peer_1:basic
Peer_2:basic INFO 1005.983325750124: Received message <Ping:> from Peer_5:basic
Peer_2:basic INFO 1005.983325750124: Sending message <Pong:> to Peer_5:basic
Peer_2:basic INFO 1010.4584067315536: Received message <Pong:> from Peer_5:basic
Peer_2:basic INFO 1011.9704946584516: Received message <Pong:> from Peer_1:basic
Peer_2:basic INFO 1014.276198945294: Received message <Pong:> from Peer_5:basic
Peer_2:basic INFO 2000: Sending message <Ping:> to Peer_8:basic
Peer_2:basic INFO 2000: Sending message <Ping:> to Peer_9:basic
Peer_2:basic INFO 2000: Sending message <Ping:> to Peer_4:basic
Peer_2:basic INFO 2000: Sending message <Ping:> to Peer_5:basic
Peer_2:basic INFO 2000: Sending message <Ping:> to Peer_6:basic
Peer_2:basic INFO 2000: Sending message <Ping:> to Peer_8:basic
Peer_2:basic INFO 2000: Sending message <Ping:> to Peer_1:basic
Peer_2:basic INFO 2000: Sending message <Ping:> to Peer_5:basic
Peer_2:basic INFO 2000.5107740169492: Received message <Ping:> from Peer_4:basic
Peer_2:basic INFO 2000.5107740169492: Sending message <Pong:> to Peer_4:basic
Peer_2:basic INFO 2000.7579720771255: Received message <Ping:> from Peer_8:basic
Peer_2:basic INFO 2000.7579720771255: Sending message <Pong:> to Peer_8:basic
Peer_2:basic INFO 2000.7946834072964: Received message <Ping:> from Peer_9:basic
Peer_2:basic INFO 2000.7946834072964: Sending message <Pong:> to Peer_9:basic
Peer_2:basic INFO 2000.8060930046015: Received message <Ping:> from Peer_6:basic
Peer_2:basic INFO 2000.8060930046015: Sending message <Pong:> to Peer_6:basic
Peer_2:basic INFO 2000.8180257148954: Received message <Ping:> from Peer_8:basic
Peer_2:basic INFO 2000.8180257148954: Sending message <Pong:> to Peer_8:basic
Peer_2:basic INFO 2001.2671013443912: Received message <Pong:> from Peer_6:basic
Peer_2:basic INFO 2001.7770060309463: Received message <Pong:> from Peer_8:basic
Peer_2:basic INFO 2002.2018380064442: Received message <Pong:> from Peer_8:basic
Peer_2:basic INFO 2002.8642112088437: Received message <Pong:> from Peer_4:basic
Peer_2:basic INFO 2003.6724008987517: Received message <Pong:> from Peer_9:basic
Peer_2:basic INFO 2005.3550813489392: Received message <Ping:> from Peer_5:basic
Peer_2:basic INFO 2005.3550813489392: Sending message <Pong:> to Peer_5:basic
Peer_2:basic INFO 2006.4701963811835: Received message <Ping:> from Peer_5:basic
Peer_2:basic INFO 2006.4701963811835: Sending message <Pong:> to Peer_5:basic
Peer_2:basic INFO 2006.6045701286644: Received message <Ping:> from Peer_1:basic
Peer_2:basic INFO 2006.6045701286644: Sending message <Pong:> to Peer_1:basic
Peer_2:basic INFO 2010.3429367329989: Received message <Pong:> from Peer_1:basic
Peer_2:basic INFO 2012.194200375786: Received message <Pong:> from Peer_5:basic
Peer_2:basic INFO 2014.1884853439742: Received message <Pong:> from Peer_5:basic
Peer_2:basic INFO 3000: Sending message <Ping:> to Peer_8:basic
Peer_2:basic INFO 3000: Sending message <Ping:> to Peer_9:basic
Peer_2:basic INFO 3000: Sending message <Ping:> to Peer_4:basic
Peer_2:basic INFO 3000: Sending message <Ping:> to Peer_5:basic
Peer_2:basic INFO 3000: Sending message <Ping:> to Peer_6:basic
Peer_2:basic INFO 3000: Sending message <Ping:> to Peer_8:basic
Peer_2:basic INFO 3000: Sending message <Ping:> to Peer_1:basic
Peer_2:basic INFO 3000: Sending message <Ping:> to Peer_5:basic
Peer_2:basic INFO 3000.523954030978: Received message <Ping:> from Peer_4:basic
Peer_2:basic INFO 3000.523954030978: Sending message <Pong:> to Peer_4:basic
Peer_2:basic INFO 3000.675239427062: Received message <Ping:> from Peer_9:basic
Peer_2:basic INFO 3000.675239427062: Sending message <Pong:> to Peer_9:basic
Peer_2:basic INFO 3000.7628406499034: Received message <Ping:> from Peer_8:basic
Peer_2:basic INFO 3000.7628406499034: Sending message <Pong:> to Peer_8:basic
Peer_2:basic INFO 3000.7700137680126: Received message <Ping:> from Peer_8:basic
Peer_2:basic INFO 3000.7700137680126: Sending message <Pong:> to Peer_8:basic
Peer_2:basic INFO 3001.084861217011: Received message <Ping:> from Peer_6:basic
Peer_2:basic INFO 3001.084861217011: Sending message <Pong:> to Peer_6:basic
Peer_2:basic INFO 3001.1053356998223: Received message <Pong:> from Peer_4:basic
Peer_2:basic INFO 3001.69583085987: Received message <Pong:> from Peer_8:basic
Peer_2:basic INFO 3002.086146070049: Received message <Pong:> from Peer_9:basic
Peer_2:basic INFO 3002.5590806996643: Received message <Pong:> from Peer_6:basic
Peer_2:basic INFO 3002.820753655245: Received message <Pong:> from Peer_8:basic
Peer_2:basic INFO 3004.9459488281473: Received message <Ping:> from Peer_5:basic
Peer_2:basic INFO 3004.9459488281473: Sending message <Pong:> to Peer_5:basic
Peer_2:basic INFO 3005.63307300248: Received message <Ping:> from Peer_5:basic
Peer_2:basic INFO 3005.63307300248: Sending message <Pong:> to Peer_5:basic
Peer_2:basic INFO 3006.4635009256085: Received message <Ping:> from Peer_1:basic
Peer_2:basic INFO 3006.4635009256085: Sending message <Pong:> to Peer_1:basic
Peer_2:basic INFO 3010.653298841717: Received message <Pong:> from Peer_1:basic
Peer_2:basic INFO 3011.5798138466116: Received message <Pong:> from Peer_5:basic
Peer_2:basic INFO 3013.5424943422577: Received message <Pong:> from Peer_5:basic
Peer_2:basic INFO 4000: Sending message <Ping:> to Peer_8:basic
Peer_2:basic INFO 4000: Sending message <Ping:> to Peer_9:basic
Peer_2:basic INFO 4000: Sending message <Ping:> to Peer_4:basic
Peer_2:basic INFO 4000: Sending message <Ping:> to Peer_5:basic
Peer_2:basic INFO 4000: Sending message <Ping:> to Peer_6:basic
Peer_2:basic INFO 4000: Sending message <Ping:> to Peer_8:basic
Peer_2:basic INFO 4000: Sending message <Ping:> to Peer_1:basic
Peer_2:basic INFO 4000: Sending message <Ping:> to Peer_5:basic
Peer_2:basic INFO 4000.56618903563: Received message <Ping:> from Peer_4:basic
Peer_2:basic INFO 4000.56618903563: Sending message <Pong:> to Peer_4:basic
Peer_2:basic INFO 4000.6754861588656: Received message <Ping:> from Peer_8:basic
Peer_2:basic INFO 4000.6754861588656: Sending message <Pong:> to Peer_8:basic
Peer_2:basic INFO 4000.845153450411: Received message <Ping:> from Peer_6:basic
Peer_2:basic INFO 4000.845153450411: Sending message <Pong:> to Peer_6:basic
Peer_2:basic INFO 4000.9488760816675: Received message <Ping:> from Peer_9:basic
Peer_2:basic INFO 4000.9488760816675: Sending message <Pong:> to Peer_9:basic
Peer_2:basic INFO 4001.4244360815364: Received message <Pong:> from Peer_8:basic
Peer_2:basic INFO 4001.4518303798586: Received message <Pong:> from Peer_8:basic
Peer_2:basic INFO 4001.76457832945: Received message <Pong:> from Peer_6:basic
Peer_2:basic INFO 4001.868277051346: Received message <Pong:> from Peer_4:basic
Peer_2:basic INFO 4002.0192096760366: Received message <Ping:> from Peer_8:basic
Peer_2:basic INFO 4002.0192096760366: Sending message <Pong:> to Peer_8:basic
Peer_2:basic INFO 4002.131238175754: Received message <Pong:> from Peer_9:basic
Peer_2:basic INFO 4004.2303922495034: Received message <Ping:> from Peer_5:basic
Peer_2:basic INFO 4004.2303922495034: Sending message <Pong:> to Peer_5:basic
Peer_2:basic INFO 4004.6056385746833: Received message <Ping:> from Peer_1:basic
Peer_2:basic INFO 4004.6056385746833: Sending message <Pong:> to Peer_1:basic
Peer_2:basic INFO 4006.8492203203214: Received message <Ping:> from Peer_5:basic
Peer_2:basic INFO 4006.8492203203214: Sending message <Pong:> to Peer_5:basic
Peer_2:basic INFO 4011.4968242059845: Received message <Pong:> from Peer_1:basic
Peer_2:basic INFO 4012.0076722686626: Received message <Pong:> from Peer_5:basic
Peer_2:basic INFO 4013.456464361138: Received message <Pong:> from Peer_5:basic
