Peer_8:basic INFO 0.548124512764362: Connecting to Peer_2:basic
Peer_8:basic INFO 0.6440605370102181: Received message <Hello:> from Peer_2:basic
Peer_8:basic INFO 0.6813914702811777: Connecting to Peer_2:basic
Peer_8:basic INFO 0.910378827707197: Received message <Hello:> from Peer_2:basic
Peer_8:basic INFO 1.8305121936396362: Received message <Hello:> from Peer_2:basic
Peer_8:basic INFO 2.254885390895178: Received message <Hello:> from Peer_2:basic
Peer_8:basic INFO 4.025382737551435: Connecting to Peer_1:basic
Peer_8:basic INFO 4.5931766589953344: Received message <Hello:> from Peer_1:basic
Peer_8:basic INFO 9.667911385624128: Received message <Hello:> from Peer_1:basic
Peer_8:basic INFO 1000: Sending message <Ping:> to Peer_2:basic
Peer_8:basic INFO 1000: Sending message <Ping:> to Peer_2:basic
Peer_8:basic INFO 1000: Sending message <Ping:> to Peer_1:basic
Peer_8:basic INFO 1000.7125045064766: Received message <Ping:> from Peer_2:basic
Peer_8:basic INFO 1000.7125045064766: Sending message <Pong:> to Peer_2:basic
Peer_8:basic INFO 1001.2116787861469: Received message <Ping:> from Peer_2:basic
Peer_8:basic INFO 1001.2116787861469: Sending message <Pong:> to Peer_2:basic
Peer_8:basic INFO 1001.610626229885: Received message <Pong:> from Peer_2:basic
Peer_8:basic INFO 1002.3169319464074: Received message <Pong:> from Peer_2:basic
Peer_8:basic INFO 1006.9507763219323: Received message <Ping:> from Peer_1:basic
Peer_8:basic INFO 1006.9507763219323: Sending message <Pong:> to Peer_1:basic
Peer_8:basic INFO 1010.1616950065469: Received message <Pong:> from Peer_1:basic
Peer_8:basic INFO 2000: Sending message <Ping:> to Peer_2:basic
Peer_8:basic INFO 2000: Sending message <Ping:> to Peer_2:basic
Peer_8:basic INFO 2000: Sending message <Ping:> to Peer_1:basic
Peer_8:basic INFO 2001.224401286152: Received message <Ping:> from Peer_2:basic
Peer_8:basic INFO 2001.224401286152: Sending message <Pong:> to Peer_2:basic
Peer_8:basic INFO 2001.4015766260916: Received message <Pong:> from Peer_2:basic
Peer_8:basic INFO 2001.694818097508: Received message <Ping:> from Peer_2:basic
Peer_8:basic INFO 2001.694818097508: Sending message <Pong:> to Peer_2:basic
Peer_8:basic INFO 2001.8195530704834: Received message <Pong:> from Peer_2:basic
Peer_8:basic INFO 2004.254151515719: Received message <Ping:> from Peer_1:basic
Peer_8:basic INFO 2004.254151515719: Sending message <Pong:> to Peer_1:basic
Peer_8:basic INFO 2009.8704701711424: Received message <Pong:> from Peer_1:basic
Peer_8:basic INFO 3000: Sending message <Ping:> to Peer_2:basic
Peer_8:basic INFO 3000: Sending message <Ping:> to Peer_2:basic
Peer_8:basic INFO 3000: Sending message <Ping:> to Peer_1:basic
Peer_8:basic INFO 3000.785330491316: Received message <Ping:> from Peer_2:basic
Peer_8:basic INFO 3000.785330491316: Sending message <Pong:> to Peer_2:basic
Peer_8:basic INFO 3001.0950155081537: Received message <Ping:> from Peer_2:basic
Peer_8:basic INFO 3001.0950155081537: Sending message <Pong:> to Peer_2:basic
Peer_8:basic INFO 3001.744328365079: Received message <Pong:> from Peer_2:basic
Peer_8:basic INFO 3001.8082104126565: Received message <Pong:> from Peer_2:basic
Peer_8:basic INFO 3006.582246496007: Received message <Ping:> from Peer_1:basic
Peer_8:basic INFO 3006.582246496007: Sending message <Pong:> to Peer_1:basic
Peer_8:basic INFO 3012.2943088570187: Received message <Pong:> from Peer_1:basic
Peer_8:basic INFO 4000: Sending message <Ping:> to Peer_2:basic
Peer_8:basic INFO 4000: Sending message <Ping:> to Peer_2:basic
Peer_8:basic INFO 4000: Sending message <Ping:> to Peer_1:basic
Peer_8:basic INFO 4000.6370444171766: Received message <Ping:> from Peer_2:basic
Peer_8:basic INFO 4000.6370444171766: Sending message <Pong:> to Peer_2:basic
Peer_8:basic INFO 4000.8252427290618: Received message <Ping:> from Peer_2:basic
Peer_8:basic INFO 4000.8252427290618: Sending message <Pong:> to Peer_2:basic
Peer_8:basic INFO 4001.3286721626428: Received message <Pong:> from Peer_2:basic
Peer_8:basic INFO 4002.972684579253: Received message <Pong:> from Peer_2:basic
Peer_8:basic INFO 4007.4293603398814: Received message <Ping:> from Peer_1:basic
Peer_8:basic INFO 4007.4293603398814: Sending message <Pong:> to Peer_1:basic
Peer_8:basic INFO 4011.914342522552: Received message <Pong:> from Peer_1:basic
