Peer_7:basic INFO 4.587896495642149: Connecting to Peer_4:basic
Peer_7:basic INFO 4.675340812843909: Received message <Hello:> from Peer_9:basic
Peer_7:basic INFO 4.675340812843909: Connecting to Peer_9:basic
Peer_7:basic INFO 4.675340812843909: Sending message <Hello:> to Peer_9:basic
Peer_7:basic INFO 5.063794176700742: Connecting to Peer_3:basic
Peer_7:basic INFO 5.784833835508086: Received message <Hello:> from Peer_3:basic
Peer_7:basic INFO 6.6437301472456705: Received message <Hello:> from Peer_4:basic
Peer_7:basic INFO 10.567067766957253: Received message <Hello:> from Peer_4:basic
Peer_7:basic INFO 10.722355796051374: Received message <Hello:> from Peer_3:basic
Peer_7:basic INFO 1000: Sending message <Ping:> to Peer_4:basic
Peer_7:basic INFO 1000: Sending message <Ping:> to Peer_9:basic
Peer_7:basic INFO 1000: Sending message <Ping:> to Peer_3:basic
Peer_7:basic INFO 1005.4846795996103: Received message <Ping:> from Peer_4:basic
Peer_7:basic INFO 1005.4846795996103: Sending message <Pong:> to Peer_4:basic
Peer_7:basic INFO 1006.7569751506475: Received message <Ping:> from Peer_9:basic
Peer_7:basic INFO 1006.7569751506475: Sending message <Pong:> to Peer_9:basic
Peer_7:basic INFO 1006.7864458889526: Received message <Ping:> from Peer_3:basic
Peer_7:basic INFO 1006.7864458889526: Sending message <Pong:> to Peer_3:basic
Peer_7:basic INFO 1011.032093659793: Received message <Pong:> from Peer_3:basic
Peer_7:basic INFO 1011.3920974675395: Received message <Pong:> from Peer_4:basic
Peer_7:basic INFO 1013.9669948385894: Received message <Pong:> from Peer_9:basic
Peer_7:basic INFO 2000: Sending message <Ping:> to Peer_4:basic
Peer_7:basic INFO 2000: Sending message <Ping:> to Peer_9:basic
Peer_7:basic INFO 2000: Sending message <Ping:> to Peer_3:basic
Peer_7:basic INFO 2005.2706633031232: Received message <Ping:> from Peer_3:basic
Peer_7:basic INFO 2005.2706633031232: Sending message <Pong:> to Peer_3:basic
Peer_7:basic INFO 2005.7483052133325: Received message <Ping:> from Peer_4:basic
Peer_7:basic INFO 2005.7483052133325: Sending message <Pong:> to Peer_4:basic
Peer_7:basic INFO 2005.9161516217478: Received message <Ping:> from Peer_9:basic
Peer_7:basic INFO 2005.9161516217478: Sending message <Pong:> to Peer_9:basic
Peer_7:basic INFO 2012.7337358014943: Received message <Pong:> from Peer_3:basic
Peer_7:basic INFO 2012.7434116740735: Received message <Pong:> from Peer_4:basic
Peer_7:basic INFO 2014.0376327721501: Received message <Pong:> from Peer_9:basic
Peer_7:basic INFO 3000: Sending message <Ping:> to Peer_4:basic
Peer_7:basic INFO 3000: Sending message <Ping:> to Peer_9:basic
Peer_7:basic INFO 3000: Sending message <Ping:> to Peer_3:basic
Peer_7:basic INFO 3004.345373591772: Received message <Ping:> from Peer_9:basic
Peer_7:basic INFO 3004.345373591772: Sending message <Pong:> to Peer_9:basic
Peer_7:basic INFO 3006.2313567640253: Received message <Ping:> from Peer_3:basic
Peer_7:basic INFO 3006.2313567640253: Sending message <Pong:> to Peer_3:basic
Peer_7:basic INFO 3006.3171980458574: Received message <Ping:> from Peer_4:basic
Peer_7:basic INFO 3006.3171980458574: Sending message <Pong:> to Peer_4:basic
Peer_7:basic INFO 3009.9043160694946: Received message <Pong:> from Peer_9:basic
Peer_7:basic INFO 3011.325126178669: Received message <Pong:> from Peer_3:basic
Peer_7:basic INFO 3014.1214160068207: Received message <Pong:> from Peer_4:basic
Peer_7:basic INFO 4000: Sending message <Ping:> to Peer_4:basic
Peer_7:basic INFO 4000: Sending message <Ping:> to Peer_9:basic
Peer_7:basic INFO 4000: Sending message <Ping:> to Peer_3:basic
Peer_7:basic INFO 4003.7964148077103: Received message <Ping:> from Peer_4:basic
Peer_7:basic INFO 4003.7964148077103: Sending message <Pong:> to Peer_4:basic
Peer_7:basic INFO 4004.8301301040415: Received message <Ping:> from Peer_9:basic
Peer_7:basic INFO 4004.8301301040415: Sending message <Pong:> to Peer_9:basic
Peer_7:basic INFO 4007.40628207078: Received message <Ping:> from Peer_3:basic
Peer_7:basic INFO 4007.40628207078: Sending message <Pong:> to Peer_3:basic
Peer_7:basic INFO 4011.7159029514464: Received message <Pong:> from Peer_3:basic
Peer_7:basic INFO 4012.808145690829: Received message <Pong:> from Peer_9:basic
Peer_7:basic INFO 4013.880355483247: Received message <Pong:> from Peer_4:basic
