Peer_4:basic INFO 0.9999943420560151: Received message <Hello:> from Peer_2:basic
Peer_4:basic INFO 0.9999943420560151: Connecting to Peer_2:basic
Peer_4:basic INFO 0.9999943420560151: Sending message <Hello:> to Peer_2:basic
Peer_4:basic INFO 1.1512118681843164: Connecting to Peer_6:basic
Peer_4:basic INFO 1.3343901646865113: Received message <Hello:> from Peer_6:basic
Peer_4:basic INFO 1.9074515993881422: Received message <Hello:> from Peer_6:basic
Peer_4:basic INFO 4.308863978404257: Connecting to Peer_5:basic
Peer_4:basic INFO 4.587896495642149: Received message <Hello:> from Peer_7:basic
Peer_4:basic INFO 4.587896495642149: Connecting to Peer_7:basic
Peer_4:basic INFO 4.587896495642149: Sending message <Hello:> to Peer_7:basic
Peer_4:basic INFO 5.236712057554725: Connecting to Peer_1:basic
Peer_4:basic INFO 5.6465613675319455: Received message <Hello:> from Peer_5:basic
Peer_4:basic INFO 5.945351549302681: Received message <Hello:> from Peer_1:basic
Peer_4:basic INFO 10.173037460692663: Received message <Hello:> from Peer_5:basic
Peer_4:basic INFO 10.776710216450297: Received message <Hello:> from Peer_1:basic
Peer_4:basic INFO 1000: Sending message <Ping:> to Peer_2:basic
Peer_4:basic INFO 1000: Sending message <Ping:> to Peer_6:basic
Peer_4:basic INFO 1000: Sending message <Ping:> to Peer_5:basic
Peer_4:basic INFO 1000: Sending message <Ping:> to Peer_7:basic
Peer_4:basic INFO 1000: Sending message <Ping:> to Peer_1:basic
Peer_4:basic INFO 1000.675657448194: Received message <Ping:> from Peer_2:basic
Peer_4:basic INFO 1000.675657448194: Sending message <Pong:> to Peer_2:basic
Peer_4:basic INFO 1000.8800721534666: Received message <Ping:> from Peer_6:basic
Peer_4:basic INFO 1000.8800721534666: Sending message <Pong:> to Peer_6:basic
Peer_4:basic INFO 1001.1752792539082: Received message <Pong:> from Peer_2:basic
Peer_4:basic INFO 1001.823349945098: Received message <Pong:> from Peer_6:basic
Peer_4:basic INFO 1004.5927914128422: Received message <Ping:> from Peer_1:basic
Peer_4:basic INFO 1004.5927914128422: Sending message <Pong:> to Peer_1:basic
Peer_4:basic INFO 1005.038482823918: Received message <Ping:> from Peer_7:basic
Peer_4:basic INFO 1005.038482823918: Sending message <Pong:> to Peer_7:basic
Peer_4:basic INFO 1006.7869604138501: Received message <Ping:> from Peer_5:basic
Peer_4:basic INFO 1006.7869604138501: Sending message <Pong:> to Peer_5:basic
Peer_4:basic INFO 1009.2259503470777: Received message <Pong:> from Peer_5:basic
Peer_4:basic INFO 1010.3262083853089: Received message <Pong:> from Peer_7:basic
Peer_4:basic INFO 1010.8411691421983: Received message <Pong:> from Peer_1:basic
Peer_4:basic INFO 2000: Sending message <Ping:> to Peer_2:basic
Peer_4:basic INFO 2000: Sending message <Ping:> to Peer_6:basic
Peer_4:basic INFO 2000: Sending message <Ping:> to Peer_5:basic
Peer_4:basic INFO 2000: Sending message <Ping:> to Peer_7:basic
Peer_4:basic INFO 2000: Sending message <Ping:> to Peer_1:basic
Peer_4:basic INFO 2001.349878276062: Received message <Pong:> from Peer_2:basic
Peer_4:basic INFO 2002.1553199957414: Received message <Ping:> from Peer_2:basic
Peer_4:basic INFO 2002.1553199957414: Sending message <Pong:> to Peer_2:basic
Peer_4:basic INFO 2002.2974706460357: Received message <Pong:> from Peer_6:basic
Peer_4:basic INFO 2003.4128763653114: Received message <Ping:> from Peer_6:basic
Peer_4:basic INFO 2003.4128763653114: Sending message <Pong:> to Peer_6:basic
Peer_4:basic INFO 2005.100418688049: Received message <Ping:> from Peer_5:basic
Peer_4:basic INFO 2005.100418688049: Sending message <Pong:> to Peer_5:basic
Peer_4:basic INFO 2005.3874045648668: Received message <Ping:> from Peer_7:basic
Peer_4:basic INFO 2005.3874045648668: Sending message <Pong:> to Peer_7:basic
Peer_4:basic INFO 2006.8587391625833: Received message <Ping:> from Peer_1:basic
Peer_4:basic INFO 2006.8587391625833: Sending message <Pong:> to Peer_1:basic
Peer_4:basic INFO 2010.1670710311766: Received message <Pong:> from Peer_1:basic
Peer_4:basic INFO 2010.5140422607906: Received message <Pong:> from Peer_7:basic
Peer_4:basic INFO 2012.5854561696626: Received message <Pong:> from Peer_5:basic
Peer_4:basic INFO 3000: Sending message <Ping:> to Peer_2:basic
Peer_4:basic INFO 3000: Sending message <Ping:> to Peer_6:basic
Peer_4:basic INFO 3000: Sending message <Ping:> to Peer_5:basic
Peer_4:basic INFO 3000: Sending message <Ping:> to Peer_7:basic
Peer_4:basic INFO 3000: Sending message <Ping:> to Peer_1:basic
Peer_4:basic INFO 3000.560369795674: Received message <Ping:> from Peer_2:basic
Peer_4:basic INFO 3000.560369795674: Sending message <Pong:> to Peer_2:basic
Peer_4:basic INFO 3001.066572691137: Received message <Pong:> from Peer_2:basic
Peer_4:basic INFO 3002.3133701005886: Received message <Pong:> from Peer_6:basic
Peer_4:basic INFO 3002.9243743898414: Received message <Ping:> from Peer_6:basic
Peer_4:basic INFO 3002.9243743898414: Sending message <Pong:> to Peer_6:basic
Peer_4:basic INFO 3005.580866540843: Received message <Ping:> from Peer_1:basic
Peer_4:basic INFO 3005.580866540843: Sending message <Pong:> to Peer_1:basic
Peer_4:basic INFO 3006.5963904676714: Received message <Ping:> from Peer_5:basic
Peer_4:basic INFO 3006.5963904676714: Sending message <Pong:> to Peer_5:basic
Peer_4:basic INFO 3007.7725762631235: Received message <Ping:> from Peer_7:basic
Peer_4:basic INFO 3007.7725762631235: Sending message <Pong:> to Peer_7:basic
Peer_4:basic INFO 3011.6707951488083: Received message <Pong:> from Peer_5:basic
Peer_4:basic INFO 3011.734920968787: Received message <Pong:> from Peer_1:basic
Peer_4:basic INFO 3013.4510759150303: Received message <Pong:> from Peer_7:basic
Peer_4:basic INFO 4000: Sending message <Ping:> to Peer_2:basic
Peer_4:basic INFO 4000: Sending message <Ping:> to Peer_6:basic
Peer_4:basic INFO 4000: Sending message <Ping:> to Peer_5:basic
Peer_4:basic INFO 4000: Sending message <Ping:> to Peer_7:basic
Peer_4:basic INFO 4000: Sending message <Ping:> to Peer_1:basic
Peer_4:basic INFO 4000.549414827632: Received message <Ping:> from Peer_2:basic
Peer_4:basic INFO 4000.549414827632: Sending message <Pong:> to Peer_2:basic
Peer_4:basic INFO 4000.8144139543892: Received message <Ping:> from Peer_6:basic
Peer_4:basic INFO 4000.8144139543892: Sending message <Pong:> to Peer_6:basic
Peer_4:basic INFO 4001.44118476341: Received message <Pong:> from Peer_2:basic
Peer_4:basic INFO 4002.4823547891247: Received message <Pong:> from Peer_6:basic
Peer_4:basic INFO 4004.417376271698: Received message <Ping:> from Peer_5:basic
Peer_4:basic INFO 4004.417376271698: Sending message <Pong:> to Peer_5:basic
Peer_4:basic INFO 4005.6838300008767: Received message <Ping:> from Peer_1:basic
Peer_4:basic INFO 4005.6838300008767: Sending message <Pong:> to Peer_1:basic
Peer_4:basic INFO 4007.185078345494: Received message <Ping:> from Peer_7:basic
Peer_4:basic INFO 4007.185078345494: Sending message <Pong:> to Peer_7:basic
Peer_4:basic INFO 4008.237614834087: Received message <Pong:> from Peer_5:basic
Peer_4:basic INFO 4008.39639094404: Received message <Pong:> from Peer_7:basic
Peer_4:basic INFO 4012.67625500383: Received message <Pong:> from Peer_1:basic
