Peer_5:basic INFO 1.0483424077629524: Received message <Hello:> from Peer_1:basic
Peer_5:basic INFO 1.0483424077629524: Connecting to Peer_1:basic
Peer_5:basic INFO 1.0483424077629524: Sending message <Hello:> to Peer_1:basic
Peer_5:basic INFO 4.308863978404257: Received message <Hello:> from Peer_4:basic
Peer_5:basic INFO 4.308863978404257: Connecting to Peer_4:basic
Peer_5:basic INFO 4.308863978404257: Sending message <Hello:> to Peer_4:basic
Peer_5:basic INFO 5.38902355566885: Received message <Hello:> from Peer_3:basic
Peer_5:basic INFO 5.38902355566885: Connecting to Peer_3:basic
Peer_5:basic INFO 5.38902355566885: Sending message <Hello:> to Peer_3:basic
Peer_5:basic INFO 5.690429909102831: Connecting to Peer_2:basic
Peer_5:basic INFO 6.092809172260121: Received message <Hello:> from Peer_2:basic
Peer_5:basic INFO 6.144093630237872: Received message <Hello:> from Peer_2:basic
Peer_5:basic INFO 6.144093630237872: Connecting to Peer_2:basic
Peer_5:basic INFO 6.144093630237872: Sending message <Hello:> to Peer_2:basic
Peer_5:basic INFO 13.25256461105261: Received message <Hello:> from Peer_2:basic
Peer_5:basic INFO 1000: Sending message <Ping:> to Peer_1:basic
Peer_5:basic INFO 1000: Sending message <Ping:> to Peer_4:basic
Peer_5:basic INFO 1000: Sending message <Ping:> to Peer_3:basic
Peer_5:basic INFO 1000: Sending message <Ping:> to Peer_2:basic
Peer_5:basic INFO 1000: Sending message <Ping:> to Peer_2:basic
Peer_5:basic INFO 1000.8622844245688: Received message <Ping:> from Peer_1:basic
Peer_5:basic INFO 1000.8622844245688: Sending message <Pong:> to Peer_1:basic
Peer_5:basic INFO 1002.0983196291697: Received message <Pong:> from Peer_1:basic
Peer_5:basic INFO 1003.6439873549297: Received message <Ping:> from Peer_4:basic
Peer_5:basic INFO 1003.6439873549297: Sending message <Pong:> to Peer_4:basic
Peer_5:basic INFO 1005.6756349093529: Received message <Ping:> from Peer_2:basic
Peer_5:basic INFO 1005.6756349093529: Sending message <Pong:> to Peer_2:basic
Peer_5:basic INFO 1006.4470402775238: Received message <Ping:> from Peer_2:basic
Peer_5:basic INFO 1006.4470402775238: Sending message <Pong:> to Peer_2:basic
Peer_5:basic INFO 1006.8729080192552: Received message <Ping:> from Peer_3:basic
Peer_5:basic INFO 1006.8729080192552: Sending message <Pong:> to Peer_3:basic
Peer_5:basic INFO 1008.974288786614: Received message <Pong:> from Peer_2:basic
Peer_5:basic INFO 1011.4338499684054: Received message <Pong:> from Peer_2:basic
Peer_5:basic INFO 1012.2148385809176: Received message <Pong:> from Peer_4:basic
Peer_5:basic INFO 1014.6256741454166: Received message <Pong:> from Peer_3:basic
Peer_5:basic INFO 2000: Sending message <Ping:> to Peer_1:basic
Peer_5:basic INFO 2000: Sending message <Ping:> to Peer_4:basic
Peer_5:basic INFO 2000: Sending message <Ping:> to Peer_3:basic
Peer_5:basic INFO 2000: Sending message <Ping:> to Peer_2:basic
Peer_5:basic INFO 2000: Sending message <Ping:> to Peer_2:basic
Peer_5:basic INFO 2001.3180575144358: Received message <Ping:> from Peer_1:basic
Peer_5:basic INFO 2001.3180575144358: Sending message <Pong:> to Peer_1:basic
Peer_5:basic INFO 2001.784310904971: Received message <Pong:> from Peer_1:basic
Peer_5:basic INFO 2004.1409130759198: Received message <Ping:> from Peer_3:basic
Peer_5:basic INFO 2004.1409130759198: Sending message <Pong:> to Peer_3:basic
Peer_5:basic INFO 2005.1812015301243: Received message <Ping:> from Peer_2:basic
Peer_5:basic INFO 2005.1812015301243: Sending message <Pong:> to Peer_2:basic
Peer_5:basic INFO 2005.5288427428013: Received message <Ping:> from Peer_4:basic
Peer_5:basic INFO 2005.5288427428013: Sending message <Pong:> to Peer_4:basic
Peer_5:basic INFO 2007.0634680652852: Received message <Ping:> from Peer_2:basic
Peer_5:basic INFO 2007.0634680652852: Sending message <Pong:> to Peer_2:basic
Peer_5:basic INFO 2010.8115693931313: Received message <Pong:> from Peer_4:basic
Peer_5:basic INFO 2011.162525932095: Received message <Pong:> from Peer_2:basic
Peer_5:basic INFO 2011.984551593867: Received message <Pong:> from Peer_3:basic
Peer_5:basic INFO 2012.5327935682055: Received message <Pong:> from Peer_2:basic
Peer_5:basic INFO 3000: Sending message <Ping:> to Peer_1:basic
Peer_5:basic INFO 3000: Sending message <Ping:> to Peer_4:basic
Peer_5:basic INFO 3000: Sending message <Ping:> to Peer_3:basic
Peer_5:basic INFO 3000: Sending message <Ping:> to Peer_2:basic
Peer_5:basic INFO 3000: Sending message <Ping:> to Peer_2:basic
Peer_5:basic INFO 3000.613018434593: Received message <Ping:> from Peer_1:basic
Peer_5:basic INFO 3000.613018434593: Sending message <Pong:> to Peer_1:basic
Peer_5:basic INFO 3001.8289668031116: Received message <Pong:> from Peer_1:basic
Peer_5:basic INFO 3005.1305343739514: Received message <Ping:> from Peer_4:basic
Peer_5:basic INFO 3005.1305343739514: Sending message <Pong:> to Peer_4:basic
Peer_5:basic INFO 3005.696116497688: Received message <Ping:> from Peer_3:basic
Peer_5:basic INFO 3005.696116497688: Sending message <Pong:> to Peer_3:basic
Peer_5:basic INFO 3005.989786773175: Received message <Ping:> from Peer_2:basic
Peer_5:basic INFO 3005.989786773175: Sending message <Pong:> to Peer_2:basic
Peer_5:basic INFO 3006.243843861441: Received message <Ping:> from Peer_2:basic
Peer_5:basic INFO 3006.243843861441: Sending message <Pong:> to Peer_2:basic
Peer_5:basic INFO 3008.670286016923: Received message <Pong:> from Peer_2:basic
Peer_5:basic INFO 3012.136183151931: Received message <Pong:> from Peer_3:basic
Peer_5:basic INFO 3013.586751662842: Received message <Pong:> from Peer_2:basic
Peer_5:basic INFO 3014.3231166989844: Received message <Pong:> from Peer_4:basic
Peer_5:basic INFO 4000: Sending message <Ping:> to Peer_1:basic
Peer_5:basic INFO 4000: Sending message <Ping:> to Peer_4:basic
Peer_5:basic INFO 4000: Sending message <Ping:> to Peer_3:basic
Peer_5:basic INFO 4000: Sending message <Ping:> to Peer_2:basic
Peer_5:basic INFO 4000: Sending message <Ping:> to Peer_2:basic
Peer_5:basic INFO 4000.857484205645: Received message <Ping:> from Peer_1:basic
Peer_5:basic INFO 4000.857484205645: Sending message <Pong:> to Peer_1:basic
Peer_5:basic INFO 4001.221323755393: Received message <Pong:> from Peer_1:basic
Peer_5:basic INFO 4003.134096355943: Received message <Ping:> from Peer_4:basic
Peer_5:basic INFO 4003.134096355943: Sending message <Pong:> to Peer_4:basic
Peer_5:basic INFO 4006.001935842925: Received message <Ping:> from Peer_2:basic
Peer_5:basic INFO 4006.001935842925: Sending message <Pong:> to Peer_2:basic
Peer_5:basic INFO 4006.506692336595: Received message <Ping:> from Peer_2:basic
Peer_5:basic INFO 4006.506692336595: Sending message <Pong:> to Peer_2:basic
Peer_5:basic INFO 4006.753697764898: Received message <Ping:> from Peer_3:basic
Peer_5:basic INFO 4006.753697764898: Sending message <Pong:> to Peer_3:basic
Peer_5:basic INFO 4008.2110327704863: Received message <Pong:> from Peer_2:basic
Peer_5:basic INFO 4010.1635906409347: Received message <Pong:> from Peer_4:basic
Peer_5:basic INFO 4012.8128813475564: Received message <Pong:> from Peer_2:basic
Peer_5:basic INFO 4012.9684265574533: Received message <Pong:> from Peer_3:basic
