Peer_1:basic INFO 1.0483424077629524: Connecting to Peer_5:basic
Peer_1:basic INFO 1.2724131860386643: Received message <Hello:> from Peer_5:basic
Peer_1:basic INFO 2.1556465281791835: Received message <Hello:> from Peer_5:basic
Peer_1:basic INFO 4.025382737551435: Received message <Hello:> from Peer_8:basic
Peer_1:basic INFO 4.025382737551435: Connecting to Peer_8:basic
Peer_1:basic INFO 4.025382737551435: Sending message <Hello:> to Peer_8:basic
Peer_1:basic INFO 5.0957546520654144: Received message <Hello:> from Peer_2:basic
Peer_1:basic INFO 5.0957546520654144: Connecting to Peer_2:basic
Peer_1:basic INFO 5.0957546520654144: Sending message <Hello:> to Peer_2:basic
Peer_1:basic INFO 5.236712057554725: Received message <Hello:> from Peer_4:basic
Peer_1:basic INFO 5.236712057554725: Connecting to Peer_4:basic
Peer_1:basic INFO 5.236712057554725: Sending message <Hello:> to Peer_4:basic
Peer_1:basic INFO 6.938156174393213: Received message <Hello:> from Peer_9:basic
Peer_1:basic INFO 6.938156174393213: Connecting to Peer_9:basic
Peer_1:basic INFO 6.938156174393213: Sending message <Hello:> to Peer_9:basic
Peer_1:basic INFO 1000: Sending message <Ping:> to Peer_5:basic
Peer_1:basic INFO 1000: Sending message <Ping:> to Peer_8:basic
Peer_1:basic INFO 1000: Sending message <Ping:> to Peer_2:basic
Peer_1:basic INFO 1000: Sending message <Ping:> to Peer_4:basic
Peer_1:basic INFO 1000: Sending message <Ping:> to Peer_9:basic
Peer_1:basic INFO 1001.0780525002893: Received message <Ping:> from Peer_5:basic
Peer_1:basic INFO 1001.0780525002893: Sending message <Pong:> to Peer_5:basic
Peer_1:basic INFO 1001.842994547124: Received message <Pong:> from Peer_5:basic
Peer_1:basic INFO 1004.7120036385681: Received message <Ping:> from Peer_4:basic
Peer_1:basic INFO 1004.7120036385681: Sending message <Pong:> to Peer_4:basic
Peer_1:basic INFO 1005.9470149513035: Received message <Ping:> from Peer_8:basic
Peer_1:basic INFO 1005.9470149513035: Sending message <Pong:> to Peer_8:basic
Peer_1:basic INFO 1006.2532259667853: Received message <Ping:> from Peer_2:basic
Peer_1:basic INFO 1006.2532259667853: Sending message <Pong:> to Peer_2:basic
Peer_1:basic INFO 1009.3505524278925: Received message <Ping:> from Peer_9:basic
Peer_1:basic INFO 1009.3505524278925: Sending message <Pong:> to Peer_9:basic
Peer_1:basic INFO 1009.6536198396774: Received message <Pong:> from Peer_2:basic
Peer_1:basic INFO 1010.9999899380712: Received message <Pong:> from Peer_4:basic
Peer_1:basic INFO 1011.2992762877655: Received message <Pong:> from Peer_9:basic
Peer_1:basic INFO 1011.4299354695739: Received message <Pong:> from Peer_8:basic
Peer_1:basic INFO 2000: Sending message <Ping:> to Peer_5:basic
Peer_1:basic INFO 2000: Sending message <Ping:> to Peer_8:basic
Peer_1:basic INFO 2000: Sending message <Ping:> to Peer_2:basic
Peer_1:basic INFO 2000: Sending message <Ping:> to Peer_4:basic
Peer_1:basic INFO 2000: Sending message <Ping:> to Peer_9:basic
Peer_1:basic INFO 2001.2077838012735: Received message <Ping:> from Peer_5:basic
Peer_1:basic INFO 2001.2077838012735: Sending message <Pong:> to Peer_5:basic
Peer_1:basic INFO 2002.3218156374799: Received message <Pong:> from Peer_5:basic
Peer_1:basic INFO 2004.3560964354947: Received message <Ping:> from Peer_2:basic
Peer_1:basic INFO 2004.3560964354947: Sending message <Pong:> to Peer_2:basic
Peer_1:basic INFO 2004.7870581700288: Received message <Ping:> from Peer_8:basic
Peer_1:basic INFO 2004.7870581700288: Sending message <Pong:> to Peer_8:basic
Peer_1:basic INFO 2005.2475478242225: Received message <Ping:> from Peer_4:basic
Peer_1:basic INFO 2005.2475478242225: Sending message <Pong:> to Peer_4:basic
Peer_1:basic INFO 2006.4329206772848: Received message <Ping:> from Peer_9:basic
Peer_1:basic INFO 2006.4329206772848: Sending message <Pong:> to Peer_9:basic
Peer_1:basic INFO 2011.9568902290086: Received message <Pong:> from Peer_8:basic
Peer_1:basic INFO 2012.3324126005455: Received message <Pong:> from Peer_9:basic
Peer_1:basic INFO 2013.0726445325483: Received message <Pong:> from Peer_2:basic
Peer_1:basic INFO 2013.6875895202663: Received message <Pong:> from Peer_4:basic
Peer_1:basic INFO 3000: Sending message <Ping:> to Peer_5:basic
Peer_1:basic INFO 3000: Sending message <Ping:> to Peer_8:basic
Peer_1:basic INFO 3000: Sending message <Ping:> to Peer_2:basic
Peer_1:basic INFO 3000: Sending message <Ping:> to Peer_4:basic
Peer_1:basic INFO 3000: Sending message <Ping:> to Peer_9:basic
Peer_1:basic INFO 3001.099326477779: Received message <Ping:> from Peer_5:basic
Peer_1:basic INFO 3001.099326477779: Sending message <Pong:> to Peer_5:basic
Peer_1:basic INFO 3001.89074699599: Received message <Pong:> from Peer_5:basic
Peer_1:basic INFO 3005.291594882643: Received message <Ping:> from Peer_8:basic
Peer_1:basic INFO 3005.291594882643: Sending message <Pong:> to Peer_8:basic
Peer_1:basic INFO 3005.6358687701922: Received message <Ping:> from Peer_2:basic
Peer_1:basic INFO 3005.6358687701922: Sending message <Pong:> to Peer_2:basic
Peer_1:basic INFO 3006.1072251798073: Received message <Ping:> from Peer_4:basic
Peer_1:basic INFO 3006.1072251798073: Sending message <Pong:> to Peer_4:basic
Peer_1:basic INFO 3007.3899748898584: Received message <Ping:> from Peer_9:basic
Peer_1:basic INFO 3007.3899748898584: Sending message <Pong:> to Peer_9:basic
Peer_1:basic INFO 3009.7028317464224: Received message <Pong:> from Peer_4:basic
Peer_1:basic INFO 3010.99248414999: Received message <Pong:> from Peer_2:basic
Peer_1:basic INFO 3011.111613718155: Received message <Pong:> from Peer_8:basic
Peer_1:basic INFO 3013.7535992730227: Received message <Pong:> from Peer_9:basic
Peer_1:basic INFO 4000: Sending message <Ping:> to Peer_5:basic
Peer_1:basic INFO 4000: Sending message <Ping:> to Peer_8:basic
Peer_1:basic INFO 4000: Sending message <Ping:> to Peer_2:basic
Peer_1:basic INFO 4000: Sending message <Ping:> to Peer_4:basic
Peer_1:basic INFO 4000: Sending message <Ping:> to Peer_9:basic
Peer_1:basic INFO 4000.5905320754878: Received message <Ping:> from Peer_5:basic
Peer_1:basic INFO 4000.5905320754878: Sending message <Pong:> to Peer_5:basic
Peer_1:basic INFO 4002.1363492048868: Received message <Pong:> from Peer_5:basic
Peer_1:basic INFO 4004.700109784702: Received message <Ping:> from Peer_2:basic
Peer_1:basic INFO 4004.700109784702: Sending message <Pong:> to Peer_2:basic
Peer_1:basic INFO 4006.1238748423602: Received message <Ping:> from Peer_9:basic
Peer_1:basic INFO 4006.1238748423602: Sending message <Pong:> to Peer_9:basic
Peer_1:basic INFO 4006.5600084851335: Received message <Ping:> from Peer_8:basic
Peer_1:basic INFO 4006.5600084851335: Sending message <Pong:> to Peer_8:basic
Peer_1:basic INFO 4007.398826187245: Received message <Ping:> from Peer_4:basic
Peer_1:basic INFO 4007.398826187245: Sending message <Pong:> to Peer_4:basic
Peer_1:basic INFO 4010.641613408862: Received message <Pong:> from Peer_4:basic
Peer_1:basic INFO 4010.7026992072038: Received message <Pong:> from Peer_9:basic
Peer_1:basic INFO 4010.859275258115: Received message <Pong:> from Peer_2:basic
Peer_1:basic INFO 4012.1279083505883: Received message <Pong:> from Peer_8:basic
