Peer_6:basic INFO 0.5660059681012943: Received message <Hello:> from Peer_2:basic
Peer_6:basic INFO 0.5660059681012943: Connecting to Peer_2:basic
Peer_6:basic INFO 0.5660059681012943: Sending message <Hello:> to Peer_2:basic
Peer_6:basic INFO 0.7344817836100838: Connecting to Peer_9:basic
Peer_6:basic INFO 0.8601785037769394: Received message <Hello:> from Peer_9:basic
Peer_6:basic INFO 1.1512118681843164: Received message <Hello:> from Peer_4:basic
Peer_6:basic INFO 1.1512118681843164: Connecting to Peer_4:basic
Peer_6:basic INFO 1.1512118681843164: Sending message <Hello:> to Peer_4:basic
Peer_6:basic INFO 1.9886557063996368: Received message <Hello:> from Peer_9:basic
Peer_6:basic INFO 1000: Sending message <Ping:> to Peer_2:basic
Peer_6:basic INFO 1000: Sending message <Ping:> to Peer_9:basic
Peer_6:basic INFO 1000: Sending message <Ping:> to Peer_4:basic
Peer_6:basic INFO 1000.8987876057034: Received message <Ping:> from Peer_2:basic
Peer_6:basic INFO 1000.8987876057034: Sending message <Pong:> to Peer_2:basic
Peer_6:basic INFO 1001.1281597407899: Received message <Ping:> from Peer_9:basic
Peer_6:basic INFO 1001.1281597407899: Sending message <Pong:> to Peer_9:basic
Peer_6:basic INFO 1001.1838421588343: Received message <Ping:> from Peer_4:basic
Peer_6:basic INFO 1001.1838421588343: Sending message <Pong:> to Peer_4:basic
Peer_6:basic INFO 1001.4611925102315: Received message <Pong:> from Peer_4:basic
Peer_6:basic INFO 1002.0994140321626: Received message <Pong:> from Peer_9:basic
Peer_6:basic INFO 1002.7136818846025: Received message <Pong:> from Peer_2:basic
Peer_6:basic INFO 2000: Sending message <Ping:> to Peer_2:basic
Peer_6:basic INFO 2000: Sending message <Ping:> to Peer_9:basic
Peer_6:basic INFO 2000: Sending message <Ping:> to Peer_4:basic
Peer_6:basic INFO 2000.7117170705408: Received message <Ping:> from Peer_2:basic
Peer_6:basic INFO 2000.7117170705408: Sending message <Pong:> to Peer_2:basic
Peer_6:basic INFO 2001.158877805008: Received message <Ping:> from Peer_9:basic
Peer_6:basic INFO 2001.158877805008: Sending message <Pong:> to Peer_9:basic
Peer_6:basic INFO 2001.439992561528: Received message <Ping:> from Peer_4:basic
Peer_6:basic INFO 2001.439992561528: Sending message <Pong:> to Peer_4:basic
Peer_6:basic INFO 2001.5119790149013: Received message <Pong:> from Peer_2:basic
Peer_6:basic INFO 2002.2339997784745: Received message <Pong:> from Peer_9:basic
Peer_6:basic INFO 2004.0566712396173: Received message <Pong:> from Peer_4:basic
Peer_6:basic INFO 3000: Sending message <Ping:> to Peer_2:basic
Peer_6:basic INFO 3000: Sending message <Ping:> to Peer_9:basic
Peer_6:basic INFO 3000: Sending message <Ping:> to Peer_4:basic
Peer_6:basic INFO 3000.816153512807: Received message <Ping:> from Peer_2:basic
Peer_6:basic INFO 3000.816153512807: Sending message <Pong:> to Peer_2:basic
Peer_6:basic INFO 3000.8396348357837: Received message <Ping:> from Peer_9:basic
Peer_6:basic INFO 3000.8396348357837: Sending message <Pong:> to Peer_9:basic
Peer_6:basic INFO 3001.314688120671: Received message <Pong:> from Peer_9:basic
Peer_6:basic INFO 3001.75387989458: Received message <Ping:> from Peer_4:basic
Peer_6:basic INFO 3001.75387989458: Sending message <Pong:> to Peer_4:basic
Peer_6:basic INFO 3001.8437078387487: Received message <Pong:> from Peer_2:basic
Peer_6:basic INFO 3004.4725628773585: Received message <Pong:> from Peer_4:basic
Peer_6:basic INFO 4000: Sending message <Ping:> to Peer_2:basic
Peer_6:basic INFO 4000: Sending message <Ping:> to Peer_9:basic
Peer_6:basic INFO 4000: Sending message <Ping:> to Peer_4:basic
Peer_6:basic INFO 4000.644407325429: Received message <Ping:> from Peer_4:basic
Peer_6:basic INFO 4000.644407325429: Sending message <Pong:> to Peer_4:basic
Peer_6:basic INFO 4000.8480828579545: Received message <Ping:> from Peer_2:basic
Peer_6:basic INFO 4000.8480828579545: Sending message <Pong:> to Peer_2:basic
Peer_6:basic INFO 4000.9653610860887: Received message <Ping:> from Peer_9:basic
Peer_6:basic INFO 4000.9653610860887: Sending message <Pong:> to Peer_9:basic
Peer_6:basic INFO 4001.096376537299: Received message <Pong:> from Peer_9:basic
Peer_6:basic INFO 4001.614145778584: Received message <Pong:> from Peer_2:basic
Peer_6:basic INFO 4001.9329723390993: Received message <Pong:> from Peer_4:basic
