Peer_9:basic INFO 0.5278876331042542: Received message <Hello:> from Peer_3:basic
Peer_9:basic INFO 0.5278876331042542: Connecting to Peer_3:basic
Peer_9:basic INFO 0.5278876331042542: Sending message <Hello:> to Peer_3:basic
Peer_9:basic INFO 0.7197396061934599: Received message <Hello:> from Peer_2:basic
Peer_9:basic INFO 0.7197396061934599: Connecting to Peer_2:basic
Peer_9:basic INFO 0.7197396061934599: Sending message <Hello:> to Peer_2:basic
Peer_9:basic INFO 0.7344817836100838: Received message <Hello:> from Peer_6:basic
Peer_9:basic INFO 0.7344817836100838: Connecting to Peer_6:basic
Peer_9:basic INFO 0.7344817836100838: Sending message <Hello:> to Peer_6:basic
Peer_9:basic INFO 4.675340812843909: Connecting to Peer_7:basic
Peer_9:basic INFO 6.634682092812928: Received message <Hello:> from Peer_7:basic
Peer_9:basic INFO 6.938156174393213: Connecting to Peer_1:basic
Peer_9:basic INFO 7.301762636782982: Received message <Hello:> from Peer_1:basic
Peer_9:basic INFO 11.088061260768157: Received message <Hello:> from Peer_7:basic
Peer_9:basic INFO 14.188586990987877: Received message <Hello:> from Peer_1:basic
Peer_9:basic INFO 1000: Sending message <Ping:> to Peer_3:basic
Peer_9:basic INFO 1000: Sending message <Ping:> to Peer_2:basic
Peer_9:basic INFO 1000: Sending message <Ping:> to Peer_6:basic
Peer_9:basic INFO 1000: Sending message <Ping:> to Peer_7:basic
Peer_9:basic INFO 1000: Sending message <Ping:> to Peer_1:basic
Peer_9:basic INFO 1000.5361814955265: Received message <Ping:> from Peer_2:basic
Peer_9:basic INFO 1000.5361814955265: Sending message <Pong:> to Peer_2:basic
Peer_9:basic INFO 1001.0943138449277: Received message <Ping:> from Peer_6:basic
Peer_9:basic INFO 1001.0943138449277: Sending message <Pong:> to Peer_6:basic
Peer_9:basic INFO 1001.3731604009113: Received message <Ping:> from Peer_3:basic
Peer_9:basic INFO 1001.3731604009113: Sending message <Pong:> to Peer_3:basic
Peer_9:basic INFO 1001.5971367566669: Received message <Pong:> from Peer_3:basic
Peer_9:basic INFO 1002.0337299576511: Received message <Pong:> from Peer_6:basic
Peer_9:basic INFO 1002.1391716118093: Received message <Pong:> from Peer_2:basic
Peer_9:basic INFO 1005.9571145424234: Received message <Ping:> from Peer_1:basic
Peer_9:basic INFO 1005.9571145424234: Sending message <Pong:> to Peer_1:basic
Peer_9:basic INFO 1006.9639346464598: Received message <Ping:> from Peer_7:basic
Peer_9:basic INFO 1006.9639346464598: Sending message <Pong:> to Peer_7:basic
Peer_9:basic INFO 1014.1717150185779: Received message <Pong:> from Peer_7:basic
Peer_9:basic INFO 1015.548232921548: Received message <Pong:> from Peer_1:basic
Peer_9:basic INFO 2000: Sending message <Ping:> to Peer_3:basic
Peer_9:basic INFO 2000: Sending message <Ping:> to Peer_2:basic
Peer_9:basic INFO 2000: Sending message <Ping:> to Peer_6:basic
Peer_9:basic INFO 2000: Sending message <Ping:> to Peer_7:basic
Peer_9:basic INFO 2000: Sending message <Ping:> to Peer_1:basic
Peer_9:basic INFO 2000.5736756886893: Received message <Ping:> from Peer_3:basic
Peer_9:basic INFO 2000.5736756886893: Sending message <Pong:> to Peer_3:basic
Peer_9:basic INFO 2001.6065983526519: Received message <Ping:> from Peer_6:basic
Peer_9:basic INFO 2001.6065983526519: Sending message <Pong:> to Peer_6:basic
Peer_9:basic INFO 2001.8109307296595: Received message <Pong:> from Peer_6:basic
Peer_9:basic INFO 2002.004654206954: Received message <Pong:> from Peer_3:basic
Peer_9:basic INFO 2002.3525105147983: Received message <Pong:> from Peer_2:basic
Peer_9:basic INFO 2002.9569995181882: Received message <Ping:> from Peer_2:basic
Peer_9:basic INFO 2002.9569995181882: Sending message <Pong:> to Peer_2:basic
Peer_9:basic INFO 2005.808653665925: Received message <Ping:> from Peer_1:basic
Peer_9:basic INFO 2005.808653665925: Sending message <Pong:> to Peer_1:basic
Peer_9:basic INFO 2006.1646192740939: Received message <Ping:> from Peer_7:basic
Peer_9:basic INFO 2006.1646192740939: Sending message <Pong:> to Peer_7:basic
Peer_9:basic INFO 2012.6454251269747: Received message <Pong:> from Peer_1:basic
Peer_9:basic INFO 2014.155061604575: Received message <Pong:> from Peer_7:basic
Peer_9:basic INFO 3000: Sending message <Ping:> to Peer_3:basic
Peer_9:basic INFO 3000: Sending message <Ping:> to Peer_2:basic
Peer_9:basic INFO 3000: Sending message <Ping:> to Peer_6:basic
Peer_9:basic INFO 3000: Sending message <Ping:> to Peer_7:basic
Peer_9:basic INFO 3000: Sending message <Ping:> to Peer_1:basic
Peer_9:basic INFO 3000.7549687353453: Received message <Ping:> from Peer_6:basic
Peer_9:basic INFO 3000.7549687353453: Sending message <Pong:> to Peer_6:basic
Peer_9:basic INFO 3000.9676051434317: Received message <Ping:> from Peer_3:basic
Peer_9:basic INFO 3000.9676051434317: Sending message <Pong:> to Peer_3:basic
Peer_9:basic INFO 3001.204225682894: Received message <Ping:> from Peer_2:basic
Peer_9:basic INFO 3001.204225682894: Sending message <Pong:> to Peer_2:basic
Peer_9:basic INFO 3001.352886350346: Received message <Pong:> from Peer_2:basic
Peer_9:basic INFO 3001.5494784438843: Received message <Pong:> from Peer_3:basic
Peer_9:basic INFO 3003.573186706446: Received message <Pong:> from Peer_6:basic
Peer_9:basic INFO 3004.061168062368: Received message <Ping:> from Peer_7:basic
Peer_9:basic INFO 3004.061168062368: Sending message <Pong:> to Peer_7:basic
Peer_9:basic INFO 3008.117892671429: Received message <Ping:> from Peer_1:basic
Peer_9:basic INFO 3008.117892671429: Sending message <Pong:> to Peer_1:basic
Peer_9:basic INFO 3010.305429808976: Received message <Pong:> from Peer_7:basic
Peer_9:basic INFO 3013.819116298881: Received message <Pong:> from Peer_1:basic
Peer_9:basic INFO 4000: Sending message <Ping:> to Peer_3:basic
Peer_9:basic INFO 4000: Sending message <Ping:> to Peer_2:basic
Peer_9:basic INFO 4000: Sending message <Ping:> to Peer_6:basic
Peer_9:basic INFO 4000: Sending message <Ping:> to Peer_7:basic
Peer_9:basic INFO 4000: Sending message <Ping:> to Peer_1:basic
Peer_9:basic INFO 4000.5341613496803: Received message <Ping:> from Peer_6:basic
Peer_9:basic INFO 4000.5341613496803: Sending message <Pong:> to Peer_6:basic
Peer_9:basic INFO 4000.5343327687297: Received message <Ping:> from Peer_3:basic
Peer_9:basic INFO 4000.5343327687297: Sending message <Pong:> to Peer_3:basic
Peer_9:basic INFO 4000.750808171489: Received message <Ping:> from Peer_2:basic
Peer_9:basic INFO 4000.750808171489: Sending message <Pong:> to Peer_2:basic
Peer_9:basic INFO 4001.5568631954493: Received message <Pong:> from Peer_6:basic
Peer_9:basic INFO 4001.580705937456: Received message <Pong:> from Peer_2:basic
Peer_9:basic INFO 4002.278635709121: Received message <Pong:> from Peer_3:basic
Peer_9:basic INFO 4005.1032435833376: Received message <Ping:> from Peer_1:basic
Peer_9:basic INFO 4005.1032435833376: Sending message <Pong:> to Peer_1:basic
Peer_9:basic INFO 4007.682119507298: Received message <Ping:> from Peer_7:basic
Peer_9:basic INFO 4007.682119507298: Sending message <Pong:> to Peer_7:basic
Peer_9:basic INFO 4008.6391154406374: Received message <Pong:> from Peer_7:basic
Peer_9:basic INFO 4010.28363223643: Received message <Pong:> from Peer_1:basic
