Peer_3:basic INFO 0.5278876331042542: Connecting to Peer_9:basic
Peer_3:basic INFO 1.351384257756444: Received message <Hello:> from Peer_9:basic
Peer_3:basic INFO 1.3983784696817374: Received message <Hello:> from Peer_9:basic
Peer_3:basic INFO 5.063794176700742: Received message <Hello:> from Peer_7:basic
Peer_3:basic INFO 5.063794176700742: Connecting to Peer_7:basic
Peer_3:basic INFO 5.063794176700742: Sending message <Hello:> to Peer_7:basic
Peer_3:basic INFO 5.38902355566885: Connecting to Peer_5:basic
Peer_3:basic INFO 6.793621297657686: Received message <Hello:> from Peer_5:basic
Peer_3:basic INFO 11.001153082122489: Received message <Hello:> from Peer_5:basic
Peer_3:basic INFO 1000: Sending message <Ping:> to Peer_9:basic
Peer_3:basic INFO 1000: Sending message <Ping:> to Peer_7:basic
Peer_3:basic INFO 1000: Sending message <Ping:> to Peer_5:basic
Peer_3:basic INFO 1000.7092740724576: Received message <Ping:> from Peer_9:basic
Peer_3:basic INFO 1000.7092740724576: Sending message <Pong:> to Peer_9:basic
Peer_3:basic INFO 1001.9455527297941: Received message <Pong:> from Peer_9:basic
Peer_3:basic INFO 1003.9534821473591: Received message <Ping:> from Peer_7:basic
Peer_3:basic INFO 1003.9534821473591: Sending message <Pong:> to Peer_7:basic
Peer_3:basic INFO 1006.4391499320443: Received message <Ping:> from Peer_5:basic
Peer_3:basic INFO 1006.4391499320443: Sending message <Pong:> to Peer_5:basic
Peer_3:basic INFO 1012.8746969573954: Received message <Pong:> from Peer_7:basic
Peer_3:basic INFO 1013.5081580244802: Received message <Pong:> from Peer_5:basic
Peer_3:basic INFO 2000: Sending message <Ping:> to Peer_9:basic
Peer_3:basic INFO 2000: Sending message <Ping:> to Peer_7:basic
Peer_3:basic INFO 2000: Sending message <Ping:> to Peer_5:basic
Peer_3:basic INFO 2000.9569921189081: Received message <Ping:> from Peer_9:basic
Peer_3:basic INFO 2000.9569921189081: Sending message <Pong:> to Peer_9:basic
Peer_3:basic INFO 2001.3633772296823: Received message <Pong:> from Peer_9:basic
Peer_3:basic INFO 2005.7583870960316: Received message <Ping:> from Peer_7:basic
Peer_3:basic INFO 2005.7583870960316: Sending message <Pong:> to Peer_7:basic
Peer_3:basic INFO 2007.7805646621632: Received message <Ping:> from Peer_5:basic
Peer_3:basic INFO 2007.7805646621632: Sending message <Pong:> to Peer_5:basic
Peer_3:basic INFO 2010.5601843973725: Received message <Pong:> from Peer_7:basic
Peer_3:basic INFO 2010.6831985449726: Received message <Pong:> from Peer_5:basic
Peer_3:basic INFO 3000: Sending message <Ping:> to Peer_9:basic
Peer_3:basic INFO 3000: Sending message <Ping:> to Peer_7:basic
Peer_3:basic INFO 3000: Sending message <Ping:> to Peer_5:basic
Peer_3:basic INFO 3000.875082712893: Received message <Ping:> from Peer_9:basic
Peer_3:basic INFO 3000.875082712893: Sending message <Pong:> to Peer_9:basic
Peer_3:basic INFO 3001.7409819055806: Received message <Pong:> from Peer_9:basic
Peer_3:basic INFO 3005.4344928448663: Received message <Ping:> from Peer_7:basic
Peer_3:basic INFO 3005.4344928448663: Sending message <Pong:> to Peer_7:basic
Peer_3:basic INFO 3005.559640199292: Received message <Ping:> from Peer_5:basic
Peer_3:basic INFO 3005.559640199292: Sending message <Pong:> to Peer_5:basic
Peer_3:basic INFO 3011.376829885282: Received message <Pong:> from Peer_5:basic
Peer_3:basic INFO 3013.780480524954: Received message <Pong:> from Peer_7:basic
Peer_3:basic INFO 4000: Sending message <Ping:> to Peer_9:basic
Peer_3:basic INFO 4000: Sending message <Ping:> to Peer_7:basic
Peer_3:basic INFO 4000: Sending message <Ping:> to Peer_5:basic
Peer_3:basic INFO 4000.501781433846: Received message <Ping:> from Peer_9:basic
Peer_3:basic INFO 4000.501781433846: Sending message <Pong:> to Peer_9:basic
Peer_3:basic INFO 4001.2820604508465: Received message <Pong:> from Peer_9:basic
Peer_3:basic INFO 4005.7836280602505: Received message <Ping:> from Peer_7:basic
Peer_3:basic INFO 4005.7836280602505: Sending message <Pong:> to Peer_7:basic
Peer_3:basic INFO 4007.0662663698263: Received message <Ping:> from Peer_5:basic
Peer_3:basic INFO 4007.0662663698263: Sending message <Pong:> to Peer_5:basic
Peer_3:basic INFO 4013.579202016902: Received message <Pong:> from Peer_5:basic
Peer_3:basic INFO 4014.8672229208823: Received message <Pong:> from Peer_7:basic
